<?xml version="1.0" encoding="UTF-8"?>
<testsuite xmlns:xsi="http://www.w3.org/2001/XMLSchema-instance" xsi:noNamespaceSchemaLocation="https://maven.apache.org/surefire/maven-surefire-plugin/xsd/surefire-test-report-3.0.xsd" version="3.0" name="com.lazicode.workflow.expressions.LogicExpressionShortCircuitEnabledTest" time="0.072" tests="47" errors="15" skipped="0" failures="3">
  <properties>
    <property name="java.specification.version" value="17"/>
    <property name="sun.jnu.encoding" value="UTF-8"/>
    <property name="java.class.path" value="/Users/palakorn/projects/lazicode-workflow/target/test-classes:/Users/palakorn/projects/lazicode-workflow/target/classes:/Users/palakorn/.m2/repository/org/slf4j/slf4j-api/1.7.36/slf4j-api-1.7.36.jar:/Users/palakorn/.m2/repository/ch/qos/logback/logback-classic/1.4.11/logback-classic-1.4.11.jar:/Users/palakorn/.m2/repository/ch/qos/logback/logback-core/1.4.11/logback-core-1.4.11.jar:/Users/palakorn/.m2/repository/org/junit/jupiter/junit-jupiter-api/5.9.3/junit-jupiter-api-5.9.3.jar:/Users/palakorn/.m2/repository/org/opentest4j/opentest4j/1.2.0/opentest4j-1.2.0.jar:/Users/palakorn/.m2/repository/org/junit/platform/junit-platform-commons/1.9.3/junit-platform-commons-1.9.3.jar:/Users/palakorn/.m2/repository/org/apiguardian/apiguardian-api/1.1.2/apiguardian-api-1.1.2.jar:/Users/palakorn/.m2/repository/org/junit/jupiter/junit-jupiter-engine/5.9.3/junit-jupiter-engine-5.9.3.jar:/Users/palakorn/.m2/repository/org/junit/platform/junit-platform-engine/1.9.3/junit-platform-engine-1.9.3.jar:/Users/palakorn/.m2/repository/org/json/json/20230618/json-20230618.jar:"/>
    <property name="java.vm.vendor" value="Homebrew"/>
    <property name="sun.arch.data.model" value="64"/>
    <property name="java.vendor.url" value="https://github.com/Homebrew/homebrew-core/issues"/>
    <property name="user.timezone" value="Asia/Bangkok"/>
    <property name="os.name" value="Mac OS X"/>
    <property name="java.vm.specification.version" value="17"/>
    <property name="sun.java.launcher" value="SUN_STANDARD"/>
    <property name="user.country" value="TH"/>
    <property name="sun.boot.library.path" value="/opt/homebrew/Cellar/openjdk@17/17.0.12/libexec/openjdk.jdk/Contents/Home/lib"/>
    <property name="sun.java.command" value="/Users/palakorn/projects/lazicode-workflow/target/surefire/surefirebooter-20241030011044120_3.jar /Users/palakorn/projects/lazicode-workflow/target/surefire 2024-10-30T01-10-43_973-jvmRun1 surefire-20241030011044120_1tmp surefire_0-20241030011044120_2tmp"/>
    <property name="http.nonProxyHosts" value="local|*.local|169.254/16|*.169.254/16"/>
    <property name="jdk.debug" value="release"/>
    <property name="surefire.test.class.path" value="/Users/palakorn/projects/lazicode-workflow/target/test-classes:/Users/palakorn/projects/lazicode-workflow/target/classes:/Users/palakorn/.m2/repository/org/slf4j/slf4j-api/1.7.36/slf4j-api-1.7.36.jar:/Users/palakorn/.m2/repository/ch/qos/logback/logback-classic/1.4.11/logback-classic-1.4.11.jar:/Users/palakorn/.m2/repository/ch/qos/logback/logback-core/1.4.11/logback-core-1.4.11.jar:/Users/palakorn/.m2/repository/org/junit/jupiter/junit-jupiter-api/5.9.3/junit-jupiter-api-5.9.3.jar:/Users/palakorn/.m2/repository/org/opentest4j/opentest4j/1.2.0/opentest4j-1.2.0.jar:/Users/palakorn/.m2/repository/org/junit/platform/junit-platform-commons/1.9.3/junit-platform-commons-1.9.3.jar:/Users/palakorn/.m2/repository/org/apiguardian/apiguardian-api/1.1.2/apiguardian-api-1.1.2.jar:/Users/palakorn/.m2/repository/org/junit/jupiter/junit-jupiter-engine/5.9.3/junit-jupiter-engine-5.9.3.jar:/Users/palakorn/.m2/repository/org/junit/platform/junit-platform-engine/1.9.3/junit-platform-engine-1.9.3.jar:/Users/palakorn/.m2/repository/org/json/json/20230618/json-20230618.jar:"/>
    <property name="sun.cpu.endian" value="little"/>
    <property name="user.home" value="/Users/palakorn"/>
    <property name="user.language" value="en"/>
    <property name="java.specification.vendor" value="Oracle Corporation"/>
    <property name="java.version.date" value="2024-07-16"/>
    <property name="java.home" value="/opt/homebrew/Cellar/openjdk@17/17.0.12/libexec/openjdk.jdk/Contents/Home"/>
    <property name="file.separator" value="/"/>
    <property name="basedir" value="/Users/palakorn/projects/lazicode-workflow"/>
    <property name="java.vm.compressedOopsMode" value="Zero based"/>
    <property name="line.separator" value="&#10;"/>
    <property name="java.vm.specification.vendor" value="Oracle Corporation"/>
    <property name="java.specification.name" value="Java Platform API Specification"/>
    <property name="surefire.real.class.path" value="/Users/palakorn/projects/lazicode-workflow/target/surefire/surefirebooter-20241030011044120_3.jar"/>
    <property name="sun.management.compiler" value="HotSpot 64-Bit Tiered Compilers"/>
    <property name="ftp.nonProxyHosts" value="local|*.local|169.254/16|*.169.254/16"/>
    <property name="java.runtime.version" value="17.0.12+0"/>
    <property name="user.name" value="palakorn"/>
    <property name="path.separator" value=":"/>
    <property name="os.version" value="15.0.1"/>
    <property name="java.runtime.name" value="OpenJDK Runtime Environment"/>
    <property name="file.encoding" value="UTF-8"/>
    <property name="java.vm.name" value="OpenJDK 64-Bit Server VM"/>
    <property name="java.vendor.version" value="Homebrew"/>
    <property name="localRepository" value="/Users/palakorn/.m2/repository"/>
    <property name="java.vendor.url.bug" value="https://github.com/Homebrew/homebrew-core/issues"/>
    <property name="java.io.tmpdir" value="/var/folders/bb/g627jbhd5rbf5q6khfg_qth80000gn/T/"/>
    <property name="java.version" value="17.0.12"/>
    <property name="user.dir" value="/Users/palakorn/projects/lazicode-workflow"/>
    <property name="os.arch" value="aarch64"/>
    <property name="java.vm.specification.name" value="Java Virtual Machine Specification"/>
    <property name="native.encoding" value="UTF-8"/>
    <property name="java.library.path" value="/Users/palakorn/Library/Java/Extensions:/Library/Java/Extensions:/Network/Library/Java/Extensions:/System/Library/Java/Extensions:/usr/lib/java:."/>
    <property name="java.vm.info" value="mixed mode, sharing"/>
    <property name="java.vendor" value="Homebrew"/>
    <property name="java.vm.version" value="17.0.12+0"/>
    <property name="sun.io.unicode.encoding" value="UnicodeBig"/>
    <property name="socksNonProxyHosts" value="local|*.local|169.254/16|*.169.254/16"/>
    <property name="java.class.version" value="61.0"/>
  </properties>
  <testcase name="testInvalidOperatorPlacement" classname="com.lazicode.workflow.expressions.LogicExpressionShortCircuitEnabledTest" time="0.004">
    <system-out><![CDATA[xxxxxxxA B ) AND ( C ORxxxxxxxA ) AND ( OR]]></system-out>
    <system-err><![CDATA[Oct 30, 2024 1:10:44 AM com.lazicode.workflow.expressions.LogicExpression <init>
INFO: Initializing LogicExpression with expression: A AND B OR C | Short-Circuit: true
Oct 30, 2024 1:10:44 AM com.lazicode.workflow.expressions.LogicExpression isValid
INFO: Expression is valid.
Oct 30, 2024 1:10:44 AM com.lazicode.workflow.expressions.LogicExpression <init>
INFO: LogicExpression initialized successfully.
Oct 30, 2024 1:10:44 AM com.lazicode.workflow.expressions.LogicExpression <init>
INFO: Initializing LogicExpression with expression: A AND OR | Short-Circuit: false
Oct 30, 2024 1:10:44 AM com.lazicode.workflow.expressions.LogicExpression isValid
WARNING: Invalid operator placement: OR after AND.
Oct 30, 2024 1:10:44 AM com.lazicode.workflow.expressions.LogicExpression <init>
SEVERE: Invalid logic expression: Invalid operator placement: OR after AND
]]></system-err>
  </testcase>
  <testcase name="testIsInvalidWithConsecutiveOperators" classname="com.lazicode.workflow.expressions.LogicExpressionShortCircuitEnabledTest" time="0.001">
    <system-out><![CDATA[xxxxxxxA B ) AND ( C ORxxxxxxxA ) AND ( B AND]]></system-out>
    <system-err><![CDATA[Oct 30, 2024 1:10:44 AM com.lazicode.workflow.expressions.LogicExpression <init>
INFO: Initializing LogicExpression with expression: A AND B OR C | Short-Circuit: true
Oct 30, 2024 1:10:44 AM com.lazicode.workflow.expressions.LogicExpression isValid
INFO: Expression is valid.
Oct 30, 2024 1:10:44 AM com.lazicode.workflow.expressions.LogicExpression <init>
INFO: LogicExpression initialized successfully.
Oct 30, 2024 1:10:44 AM com.lazicode.workflow.expressions.LogicExpression <init>
INFO: Initializing LogicExpression with expression: A AND AND B | Short-Circuit: false
Oct 30, 2024 1:10:44 AM com.lazicode.workflow.expressions.LogicExpression isValid
WARNING: Invalid operator placement: AND after AND.
Oct 30, 2024 1:10:44 AM com.lazicode.workflow.expressions.LogicExpression <init>
SEVERE: Invalid logic expression: Invalid operator placement: AND after AND
]]></system-err>
  </testcase>
  <testcase name="testLogicalExpressionWithMixedNegationsAndOperators" classname="com.lazicode.workflow.expressions.LogicExpressionShortCircuitEnabledTest" time="0.002">
    <failure message="Expression &apos;A AND NOT ( B OR NOT C )&apos; should evaluate to FALSE ==&gt; expected: &lt;false&gt; but was: &lt;true&gt;" type="org.opentest4j.AssertionFailedError"><![CDATA[org.opentest4j.AssertionFailedError: Expression 'A AND NOT ( B OR NOT C )' should evaluate to FALSE ==> expected: <false> but was: <true>
	at org.junit.jupiter.api.AssertionFailureBuilder.build(AssertionFailureBuilder.java:151)
	at org.junit.jupiter.api.AssertionFailureBuilder.buildAndThrow(AssertionFailureBuilder.java:132)
	at org.junit.jupiter.api.AssertFalse.failNotFalse(AssertFalse.java:63)
	at org.junit.jupiter.api.AssertFalse.assertFalse(AssertFalse.java:36)
	at org.junit.jupiter.api.Assertions.assertFalse(Assertions.java:236)
	at com.lazicode.workflow.expressions.LogicExpressionShortCircuitEnabledTest.testLogicalExpressionWithMixedNegationsAndOperators(LogicExpressionShortCircuitEnabledTest.java:561)
	at java.base/jdk.internal.reflect.NativeMethodAccessorImpl.invoke0(Native Method)
	at java.base/jdk.internal.reflect.NativeMethodAccessorImpl.invoke(NativeMethodAccessorImpl.java:77)
	at java.base/jdk.internal.reflect.DelegatingMethodAccessorImpl.invoke(DelegatingMethodAccessorImpl.java:43)
	at java.base/java.lang.reflect.Method.invoke(Method.java:569)
	at org.junit.platform.commons.util.ReflectionUtils.invokeMethod(ReflectionUtils.java:727)
	at org.junit.jupiter.engine.execution.MethodInvocation.proceed(MethodInvocation.java:60)
	at org.junit.jupiter.engine.execution.InvocationInterceptorChain$ValidatingInvocation.proceed(InvocationInterceptorChain.java:131)
	at org.junit.jupiter.engine.extension.TimeoutExtension.intercept(TimeoutExtension.java:156)
	at org.junit.jupiter.engine.extension.TimeoutExtension.interceptTestableMethod(TimeoutExtension.java:147)
	at org.junit.jupiter.engine.extension.TimeoutExtension.interceptTestMethod(TimeoutExtension.java:86)
	at org.junit.jupiter.engine.execution.InterceptingExecutableInvoker$ReflectiveInterceptorCall.lambda$ofVoidMethod$0(InterceptingExecutableInvoker.java:103)
	at org.junit.jupiter.engine.execution.InterceptingExecutableInvoker.lambda$invoke$0(InterceptingExecutableInvoker.java:93)
	at org.junit.jupiter.engine.execution.InvocationInterceptorChain$InterceptedInvocation.proceed(InvocationInterceptorChain.java:106)
	at org.junit.jupiter.engine.execution.InvocationInterceptorChain.proceed(InvocationInterceptorChain.java:64)
	at org.junit.jupiter.engine.execution.InvocationInterceptorChain.chainAndInvoke(InvocationInterceptorChain.java:45)
	at org.junit.jupiter.engine.execution.InvocationInterceptorChain.invoke(InvocationInterceptorChain.java:37)
	at org.junit.jupiter.engine.execution.InterceptingExecutableInvoker.invoke(InterceptingExecutableInvoker.java:92)
	at org.junit.jupiter.engine.execution.InterceptingExecutableInvoker.invoke(InterceptingExecutableInvoker.java:86)
	at org.junit.jupiter.engine.descriptor.TestMethodTestDescriptor.lambda$invokeTestMethod$7(TestMethodTestDescriptor.java:217)
	at org.junit.platform.engine.support.hierarchical.ThrowableCollector.execute(ThrowableCollector.java:73)
	at org.junit.jupiter.engine.descriptor.TestMethodTestDescriptor.invokeTestMethod(TestMethodTestDescriptor.java:213)
	at org.junit.jupiter.engine.descriptor.TestMethodTestDescriptor.execute(TestMethodTestDescriptor.java:138)
	at org.junit.jupiter.engine.descriptor.TestMethodTestDescriptor.execute(TestMethodTestDescriptor.java:68)
	at org.junit.platform.engine.support.hierarchical.NodeTestTask.lambda$executeRecursively$6(NodeTestTask.java:151)
	at org.junit.platform.engine.support.hierarchical.ThrowableCollector.execute(ThrowableCollector.java:73)
	at org.junit.platform.engine.support.hierarchical.NodeTestTask.lambda$executeRecursively$8(NodeTestTask.java:141)
	at org.junit.platform.engine.support.hierarchical.Node.around(Node.java:137)
	at org.junit.platform.engine.support.hierarchical.NodeTestTask.lambda$executeRecursively$9(NodeTestTask.java:139)
	at org.junit.platform.engine.support.hierarchical.ThrowableCollector.execute(ThrowableCollector.java:73)
	at org.junit.platform.engine.support.hierarchical.NodeTestTask.executeRecursively(NodeTestTask.java:138)
	at org.junit.platform.engine.support.hierarchical.NodeTestTask.execute(NodeTestTask.java:95)
	at java.base/java.util.ArrayList.forEach(ArrayList.java:1511)
	at org.junit.platform.engine.support.hierarchical.SameThreadHierarchicalTestExecutorService.invokeAll(SameThreadHierarchicalTestExecutorService.java:41)
	at org.junit.platform.engine.support.hierarchical.NodeTestTask.lambda$executeRecursively$6(NodeTestTask.java:155)
	at org.junit.platform.engine.support.hierarchical.ThrowableCollector.execute(ThrowableCollector.java:73)
	at org.junit.platform.engine.support.hierarchical.NodeTestTask.lambda$executeRecursively$8(NodeTestTask.java:141)
	at org.junit.platform.engine.support.hierarchical.Node.around(Node.java:137)
	at org.junit.platform.engine.support.hierarchical.NodeTestTask.lambda$executeRecursively$9(NodeTestTask.java:139)
	at org.junit.platform.engine.support.hierarchical.ThrowableCollector.execute(ThrowableCollector.java:73)
	at org.junit.platform.engine.support.hierarchical.NodeTestTask.executeRecursively(NodeTestTask.java:138)
	at org.junit.platform.engine.support.hierarchical.NodeTestTask.execute(NodeTestTask.java:95)
	at java.base/java.util.ArrayList.forEach(ArrayList.java:1511)
	at org.junit.platform.engine.support.hierarchical.SameThreadHierarchicalTestExecutorService.invokeAll(SameThreadHierarchicalTestExecutorService.java:41)
	at org.junit.platform.engine.support.hierarchical.NodeTestTask.lambda$executeRecursively$6(NodeTestTask.java:155)
	at org.junit.platform.engine.support.hierarchical.ThrowableCollector.execute(ThrowableCollector.java:73)
	at org.junit.platform.engine.support.hierarchical.NodeTestTask.lambda$executeRecursively$8(NodeTestTask.java:141)
	at org.junit.platform.engine.support.hierarchical.Node.around(Node.java:137)
	at org.junit.platform.engine.support.hierarchical.NodeTestTask.lambda$executeRecursively$9(NodeTestTask.java:139)
	at org.junit.platform.engine.support.hierarchical.ThrowableCollector.execute(ThrowableCollector.java:73)
	at org.junit.platform.engine.support.hierarchical.NodeTestTask.executeRecursively(NodeTestTask.java:138)
	at org.junit.platform.engine.support.hierarchical.NodeTestTask.execute(NodeTestTask.java:95)
	at org.junit.platform.engine.support.hierarchical.SameThreadHierarchicalTestExecutorService.submit(SameThreadHierarchicalTestExecutorService.java:35)
	at org.junit.platform.engine.support.hierarchical.HierarchicalTestExecutor.execute(HierarchicalTestExecutor.java:57)
	at org.junit.platform.engine.support.hierarchical.HierarchicalTestEngine.execute(HierarchicalTestEngine.java:54)
	at org.junit.platform.launcher.core.EngineExecutionOrchestrator.execute(EngineExecutionOrchestrator.java:147)
	at org.junit.platform.launcher.core.EngineExecutionOrchestrator.execute(EngineExecutionOrchestrator.java:127)
	at org.junit.platform.launcher.core.EngineExecutionOrchestrator.execute(EngineExecutionOrchestrator.java:90)
	at org.junit.platform.launcher.core.EngineExecutionOrchestrator.lambda$execute$0(EngineExecutionOrchestrator.java:55)
	at org.junit.platform.launcher.core.EngineExecutionOrchestrator.withInterceptedStreams(EngineExecutionOrchestrator.java:102)
	at org.junit.platform.launcher.core.EngineExecutionOrchestrator.execute(EngineExecutionOrchestrator.java:54)
	at org.junit.platform.launcher.core.DefaultLauncher.execute(DefaultLauncher.java:114)
	at org.junit.platform.launcher.core.DefaultLauncher.execute(DefaultLauncher.java:86)
	at org.junit.platform.launcher.core.DefaultLauncherSession$DelegatingLauncher.execute(DefaultLauncherSession.java:86)
	at org.apache.maven.surefire.junitplatform.LazyLauncher.execute(LazyLauncher.java:55)
	at org.apache.maven.surefire.junitplatform.JUnitPlatformProvider.execute(JUnitPlatformProvider.java:223)
	at org.apache.maven.surefire.junitplatform.JUnitPlatformProvider.invokeAllTests(JUnitPlatformProvider.java:175)
	at org.apache.maven.surefire.junitplatform.JUnitPlatformProvider.invoke(JUnitPlatformProvider.java:139)
	at org.apache.maven.surefire.booter.ForkedBooter.runSuitesInProcess(ForkedBooter.java:456)
	at org.apache.maven.surefire.booter.ForkedBooter.execute(ForkedBooter.java:169)
	at org.apache.maven.surefire.booter.ForkedBooter.run(ForkedBooter.java:595)
	at org.apache.maven.surefire.booter.ForkedBooter.main(ForkedBooter.java:581)
]]></failure>
    <system-out><![CDATA[xxxxxxxA B ) AND ( C ORxxxxxxxA B C NOT OR NOT AND]]></system-out>
    <system-err><![CDATA[Oct 30, 2024 1:10:44 AM com.lazicode.workflow.expressions.LogicExpression <init>
INFO: Initializing LogicExpression with expression: A AND B OR C | Short-Circuit: true
Oct 30, 2024 1:10:44 AM com.lazicode.workflow.expressions.LogicExpression isValid
INFO: Expression is valid.
Oct 30, 2024 1:10:44 AM com.lazicode.workflow.expressions.LogicExpression <init>
INFO: LogicExpression initialized successfully.
Oct 30, 2024 1:10:44 AM com.lazicode.workflow.expressions.LogicExpression <init>
INFO: Initializing LogicExpression with expression: A AND NOT ( B OR NOT C ) | Short-Circuit: false
Oct 30, 2024 1:10:44 AM com.lazicode.workflow.expressions.LogicExpression isValid
INFO: Expression is valid.
Oct 30, 2024 1:10:44 AM com.lazicode.workflow.expressions.LogicExpression <init>
INFO: LogicExpression initialized successfully.
]]></system-err>
  </testcase>
  <testcase name="testDoubleNegation" classname="com.lazicode.workflow.expressions.LogicExpressionShortCircuitEnabledTest" time="0.001">
    <error message="Mismatched parentheses." type="java.lang.IllegalArgumentException"><![CDATA[java.lang.IllegalArgumentException: Mismatched parentheses.
	at com.lazicode.workflow.expressions.LogicExpression.infixToPostfix(LogicExpression.java:303)
	at com.lazicode.workflow.expressions.LogicExpression.performCalculation(LogicExpression.java:233)
	at com.lazicode.workflow.expressions.Expression.calculate(Expression.java:71)
	at com.lazicode.workflow.expressions.LogicExpressionShortCircuitEnabledTest.testDoubleNegation(LogicExpressionShortCircuitEnabledTest.java:303)
	at java.base/jdk.internal.reflect.NativeMethodAccessorImpl.invoke0(Native Method)
	at java.base/jdk.internal.reflect.NativeMethodAccessorImpl.invoke(NativeMethodAccessorImpl.java:77)
	at java.base/jdk.internal.reflect.DelegatingMethodAccessorImpl.invoke(DelegatingMethodAccessorImpl.java:43)
	at java.base/java.lang.reflect.Method.invoke(Method.java:569)
	at org.junit.platform.commons.util.ReflectionUtils.invokeMethod(ReflectionUtils.java:727)
	at org.junit.jupiter.engine.execution.MethodInvocation.proceed(MethodInvocation.java:60)
	at org.junit.jupiter.engine.execution.InvocationInterceptorChain$ValidatingInvocation.proceed(InvocationInterceptorChain.java:131)
	at org.junit.jupiter.engine.extension.TimeoutExtension.intercept(TimeoutExtension.java:156)
	at org.junit.jupiter.engine.extension.TimeoutExtension.interceptTestableMethod(TimeoutExtension.java:147)
	at org.junit.jupiter.engine.extension.TimeoutExtension.interceptTestMethod(TimeoutExtension.java:86)
	at org.junit.jupiter.engine.execution.InterceptingExecutableInvoker$ReflectiveInterceptorCall.lambda$ofVoidMethod$0(InterceptingExecutableInvoker.java:103)
	at org.junit.jupiter.engine.execution.InterceptingExecutableInvoker.lambda$invoke$0(InterceptingExecutableInvoker.java:93)
	at org.junit.jupiter.engine.execution.InvocationInterceptorChain$InterceptedInvocation.proceed(InvocationInterceptorChain.java:106)
	at org.junit.jupiter.engine.execution.InvocationInterceptorChain.proceed(InvocationInterceptorChain.java:64)
	at org.junit.jupiter.engine.execution.InvocationInterceptorChain.chainAndInvoke(InvocationInterceptorChain.java:45)
	at org.junit.jupiter.engine.execution.InvocationInterceptorChain.invoke(InvocationInterceptorChain.java:37)
	at org.junit.jupiter.engine.execution.InterceptingExecutableInvoker.invoke(InterceptingExecutableInvoker.java:92)
	at org.junit.jupiter.engine.execution.InterceptingExecutableInvoker.invoke(InterceptingExecutableInvoker.java:86)
	at org.junit.jupiter.engine.descriptor.TestMethodTestDescriptor.lambda$invokeTestMethod$7(TestMethodTestDescriptor.java:217)
	at org.junit.platform.engine.support.hierarchical.ThrowableCollector.execute(ThrowableCollector.java:73)
	at org.junit.jupiter.engine.descriptor.TestMethodTestDescriptor.invokeTestMethod(TestMethodTestDescriptor.java:213)
	at org.junit.jupiter.engine.descriptor.TestMethodTestDescriptor.execute(TestMethodTestDescriptor.java:138)
	at org.junit.jupiter.engine.descriptor.TestMethodTestDescriptor.execute(TestMethodTestDescriptor.java:68)
	at org.junit.platform.engine.support.hierarchical.NodeTestTask.lambda$executeRecursively$6(NodeTestTask.java:151)
	at org.junit.platform.engine.support.hierarchical.ThrowableCollector.execute(ThrowableCollector.java:73)
	at org.junit.platform.engine.support.hierarchical.NodeTestTask.lambda$executeRecursively$8(NodeTestTask.java:141)
	at org.junit.platform.engine.support.hierarchical.Node.around(Node.java:137)
	at org.junit.platform.engine.support.hierarchical.NodeTestTask.lambda$executeRecursively$9(NodeTestTask.java:139)
	at org.junit.platform.engine.support.hierarchical.ThrowableCollector.execute(ThrowableCollector.java:73)
	at org.junit.platform.engine.support.hierarchical.NodeTestTask.executeRecursively(NodeTestTask.java:138)
	at org.junit.platform.engine.support.hierarchical.NodeTestTask.execute(NodeTestTask.java:95)
	at java.base/java.util.ArrayList.forEach(ArrayList.java:1511)
	at org.junit.platform.engine.support.hierarchical.SameThreadHierarchicalTestExecutorService.invokeAll(SameThreadHierarchicalTestExecutorService.java:41)
	at org.junit.platform.engine.support.hierarchical.NodeTestTask.lambda$executeRecursively$6(NodeTestTask.java:155)
	at org.junit.platform.engine.support.hierarchical.ThrowableCollector.execute(ThrowableCollector.java:73)
	at org.junit.platform.engine.support.hierarchical.NodeTestTask.lambda$executeRecursively$8(NodeTestTask.java:141)
	at org.junit.platform.engine.support.hierarchical.Node.around(Node.java:137)
	at org.junit.platform.engine.support.hierarchical.NodeTestTask.lambda$executeRecursively$9(NodeTestTask.java:139)
	at org.junit.platform.engine.support.hierarchical.ThrowableCollector.execute(ThrowableCollector.java:73)
	at org.junit.platform.engine.support.hierarchical.NodeTestTask.executeRecursively(NodeTestTask.java:138)
	at org.junit.platform.engine.support.hierarchical.NodeTestTask.execute(NodeTestTask.java:95)
	at java.base/java.util.ArrayList.forEach(ArrayList.java:1511)
	at org.junit.platform.engine.support.hierarchical.SameThreadHierarchicalTestExecutorService.invokeAll(SameThreadHierarchicalTestExecutorService.java:41)
	at org.junit.platform.engine.support.hierarchical.NodeTestTask.lambda$executeRecursively$6(NodeTestTask.java:155)
	at org.junit.platform.engine.support.hierarchical.ThrowableCollector.execute(ThrowableCollector.java:73)
	at org.junit.platform.engine.support.hierarchical.NodeTestTask.lambda$executeRecursively$8(NodeTestTask.java:141)
	at org.junit.platform.engine.support.hierarchical.Node.around(Node.java:137)
	at org.junit.platform.engine.support.hierarchical.NodeTestTask.lambda$executeRecursively$9(NodeTestTask.java:139)
	at org.junit.platform.engine.support.hierarchical.ThrowableCollector.execute(ThrowableCollector.java:73)
	at org.junit.platform.engine.support.hierarchical.NodeTestTask.executeRecursively(NodeTestTask.java:138)
	at org.junit.platform.engine.support.hierarchical.NodeTestTask.execute(NodeTestTask.java:95)
	at org.junit.platform.engine.support.hierarchical.SameThreadHierarchicalTestExecutorService.submit(SameThreadHierarchicalTestExecutorService.java:35)
	at org.junit.platform.engine.support.hierarchical.HierarchicalTestExecutor.execute(HierarchicalTestExecutor.java:57)
	at org.junit.platform.engine.support.hierarchical.HierarchicalTestEngine.execute(HierarchicalTestEngine.java:54)
	at org.junit.platform.launcher.core.EngineExecutionOrchestrator.execute(EngineExecutionOrchestrator.java:147)
	at org.junit.platform.launcher.core.EngineExecutionOrchestrator.execute(EngineExecutionOrchestrator.java:127)
	at org.junit.platform.launcher.core.EngineExecutionOrchestrator.execute(EngineExecutionOrchestrator.java:90)
	at org.junit.platform.launcher.core.EngineExecutionOrchestrator.lambda$execute$0(EngineExecutionOrchestrator.java:55)
	at org.junit.platform.launcher.core.EngineExecutionOrchestrator.withInterceptedStreams(EngineExecutionOrchestrator.java:102)
	at org.junit.platform.launcher.core.EngineExecutionOrchestrator.execute(EngineExecutionOrchestrator.java:54)
	at org.junit.platform.launcher.core.DefaultLauncher.execute(DefaultLauncher.java:114)
	at org.junit.platform.launcher.core.DefaultLauncher.execute(DefaultLauncher.java:86)
	at org.junit.platform.launcher.core.DefaultLauncherSession$DelegatingLauncher.execute(DefaultLauncherSession.java:86)
	at org.apache.maven.surefire.junitplatform.LazyLauncher.execute(LazyLauncher.java:55)
	at org.apache.maven.surefire.junitplatform.JUnitPlatformProvider.execute(JUnitPlatformProvider.java:223)
	at org.apache.maven.surefire.junitplatform.JUnitPlatformProvider.invokeAllTests(JUnitPlatformProvider.java:175)
	at org.apache.maven.surefire.junitplatform.JUnitPlatformProvider.invoke(JUnitPlatformProvider.java:139)
	at org.apache.maven.surefire.booter.ForkedBooter.runSuitesInProcess(ForkedBooter.java:456)
	at org.apache.maven.surefire.booter.ForkedBooter.execute(ForkedBooter.java:169)
	at org.apache.maven.surefire.booter.ForkedBooter.run(ForkedBooter.java:595)
	at org.apache.maven.surefire.booter.ForkedBooter.main(ForkedBooter.java:581)
]]></error>
    <system-out><![CDATA[xxxxxxxA B ) AND ( C ORxxxxxxx) NOT ( TRUE NOT]]></system-out>
    <system-err><![CDATA[Oct 30, 2024 1:10:44 AM com.lazicode.workflow.expressions.LogicExpression <init>
INFO: Initializing LogicExpression with expression: A AND B OR C | Short-Circuit: true
Oct 30, 2024 1:10:44 AM com.lazicode.workflow.expressions.LogicExpression isValid
INFO: Expression is valid.
Oct 30, 2024 1:10:44 AM com.lazicode.workflow.expressions.LogicExpression <init>
INFO: LogicExpression initialized successfully.
Oct 30, 2024 1:10:44 AM com.lazicode.workflow.expressions.LogicExpression <init>
INFO: Initializing LogicExpression with expression: NOT NOT TRUE | Short-Circuit: false
Oct 30, 2024 1:10:44 AM com.lazicode.workflow.expressions.LogicExpression isValid
INFO: Expression is valid.
Oct 30, 2024 1:10:44 AM com.lazicode.workflow.expressions.LogicExpression <init>
INFO: LogicExpression initialized successfully.
]]></system-err>
  </testcase>
  <testcase name="testShortCircuitAnd" classname="com.lazicode.workflow.expressions.LogicExpressionShortCircuitEnabledTest" time="0.001">
    <system-out><![CDATA[xxxxxxxA B ) AND ( C ORxxxxxxxFALSE TRUE ANDxxxxxxxA B AND]]></system-out>
    <system-err><![CDATA[Oct 30, 2024 1:10:44 AM com.lazicode.workflow.expressions.LogicExpression <init>
INFO: Initializing LogicExpression with expression: A AND B OR C | Short-Circuit: true
Oct 30, 2024 1:10:44 AM com.lazicode.workflow.expressions.LogicExpression isValid
INFO: Expression is valid.
Oct 30, 2024 1:10:44 AM com.lazicode.workflow.expressions.LogicExpression <init>
INFO: LogicExpression initialized successfully.
Oct 30, 2024 1:10:44 AM com.lazicode.workflow.expressions.LogicExpression <init>
INFO: Initializing LogicExpression with expression: FALSE AND TRUE | Short-Circuit: true
Oct 30, 2024 1:10:44 AM com.lazicode.workflow.expressions.LogicExpression isValid
INFO: Expression is valid.
Oct 30, 2024 1:10:44 AM com.lazicode.workflow.expressions.LogicExpression <init>
INFO: LogicExpression initialized successfully.
Oct 30, 2024 1:10:44 AM com.lazicode.workflow.expressions.LogicExpression <init>
INFO: Initializing LogicExpression with expression: A AND B | Short-Circuit: true
Oct 30, 2024 1:10:44 AM com.lazicode.workflow.expressions.LogicExpression isValid
INFO: Expression is valid.
Oct 30, 2024 1:10:44 AM com.lazicode.workflow.expressions.LogicExpression <init>
INFO: LogicExpression initialized successfully.
]]></system-err>
  </testcase>
  <testcase name="testNorOperator" classname="com.lazicode.workflow.expressions.LogicExpressionShortCircuitEnabledTest" time="0.001">
    <system-out><![CDATA[xxxxxxxA B ) AND ( C ORxxxxxxxFALSE FALSE NORxxxxxxxTRUE FALSE NOR]]></system-out>
    <system-err><![CDATA[Oct 30, 2024 1:10:44 AM com.lazicode.workflow.expressions.LogicExpression <init>
INFO: Initializing LogicExpression with expression: A AND B OR C | Short-Circuit: true
Oct 30, 2024 1:10:44 AM com.lazicode.workflow.expressions.LogicExpression isValid
INFO: Expression is valid.
Oct 30, 2024 1:10:44 AM com.lazicode.workflow.expressions.LogicExpression <init>
INFO: LogicExpression initialized successfully.
Oct 30, 2024 1:10:44 AM com.lazicode.workflow.expressions.LogicExpression <init>
INFO: Initializing LogicExpression with expression: FALSE NOR FALSE | Short-Circuit: false
Oct 30, 2024 1:10:44 AM com.lazicode.workflow.expressions.LogicExpression isValid
INFO: Expression is valid.
Oct 30, 2024 1:10:44 AM com.lazicode.workflow.expressions.LogicExpression <init>
INFO: LogicExpression initialized successfully.
Oct 30, 2024 1:10:44 AM com.lazicode.workflow.expressions.LogicExpression <init>
INFO: Initializing LogicExpression with expression: TRUE NOR FALSE | Short-Circuit: false
Oct 30, 2024 1:10:44 AM com.lazicode.workflow.expressions.LogicExpression isValid
INFO: Expression is valid.
Oct 30, 2024 1:10:44 AM com.lazicode.workflow.expressions.LogicExpression <init>
INFO: LogicExpression initialized successfully.
]]></system-err>
  </testcase>
  <testcase name="testXnorOperator" classname="com.lazicode.workflow.expressions.LogicExpressionShortCircuitEnabledTest" time="0.002">
    <system-out><![CDATA[xxxxxxxA B ) AND ( C ORxxxxxxxTRUE FALSE XNORxxxxxxxTRUE TRUE XNOR]]></system-out>
    <system-err><![CDATA[Oct 30, 2024 1:10:44 AM com.lazicode.workflow.expressions.LogicExpression <init>
INFO: Initializing LogicExpression with expression: A AND B OR C | Short-Circuit: true
Oct 30, 2024 1:10:44 AM com.lazicode.workflow.expressions.LogicExpression isValid
INFO: Expression is valid.
Oct 30, 2024 1:10:44 AM com.lazicode.workflow.expressions.LogicExpression <init>
INFO: LogicExpression initialized successfully.
Oct 30, 2024 1:10:44 AM com.lazicode.workflow.expressions.LogicExpression <init>
INFO: Initializing LogicExpression with expression: TRUE XNOR FALSE | Short-Circuit: false
Oct 30, 2024 1:10:44 AM com.lazicode.workflow.expressions.LogicExpression isValid
INFO: Expression is valid.
Oct 30, 2024 1:10:44 AM com.lazicode.workflow.expressions.LogicExpression <init>
INFO: LogicExpression initialized successfully.
Oct 30, 2024 1:10:44 AM com.lazicode.workflow.expressions.LogicExpression <init>
INFO: Initializing LogicExpression with expression: TRUE XNOR TRUE | Short-Circuit: false
Oct 30, 2024 1:10:44 AM com.lazicode.workflow.expressions.LogicExpression isValid
INFO: Expression is valid.
Oct 30, 2024 1:10:44 AM com.lazicode.workflow.expressions.LogicExpression <init>
INFO: LogicExpression initialized successfully.
]]></system-err>
  </testcase>
  <testcase name="testNestedExpressionWithParentheses" classname="com.lazicode.workflow.expressions.LogicExpressionShortCircuitEnabledTest" time="0.002">
    <system-out><![CDATA[xxxxxxxA B ) AND ( C ORxxxxxxxTRUE FALSE OR TRUE FALSE TRUE OR AND AND]]></system-out>
    <system-err><![CDATA[Oct 30, 2024 1:10:44 AM com.lazicode.workflow.expressions.LogicExpression <init>
INFO: Initializing LogicExpression with expression: A AND B OR C | Short-Circuit: true
Oct 30, 2024 1:10:44 AM com.lazicode.workflow.expressions.LogicExpression isValid
INFO: Expression is valid.
Oct 30, 2024 1:10:44 AM com.lazicode.workflow.expressions.LogicExpression <init>
INFO: LogicExpression initialized successfully.
Oct 30, 2024 1:10:44 AM com.lazicode.workflow.expressions.LogicExpression <init>
INFO: Initializing LogicExpression with expression: ( TRUE OR FALSE ) AND ( TRUE AND ( FALSE OR TRUE ) ) | Short-Circuit: false
Oct 30, 2024 1:10:44 AM com.lazicode.workflow.expressions.LogicExpression isValid
INFO: Expression is valid.
Oct 30, 2024 1:10:44 AM com.lazicode.workflow.expressions.LogicExpression <init>
INFO: LogicExpression initialized successfully.
]]></system-err>
  </testcase>
  <testcase name="testOrOperator" classname="com.lazicode.workflow.expressions.LogicExpressionShortCircuitEnabledTest" time="0.001">
    <system-out><![CDATA[xxxxxxxA B ) AND ( C ORxxxxxxxFALSE TRUE ORxxxxxxxFALSE FALSE OR]]></system-out>
    <system-err><![CDATA[Oct 30, 2024 1:10:44 AM com.lazicode.workflow.expressions.LogicExpression <init>
INFO: Initializing LogicExpression with expression: A AND B OR C | Short-Circuit: true
Oct 30, 2024 1:10:44 AM com.lazicode.workflow.expressions.LogicExpression isValid
INFO: Expression is valid.
Oct 30, 2024 1:10:44 AM com.lazicode.workflow.expressions.LogicExpression <init>
INFO: LogicExpression initialized successfully.
Oct 30, 2024 1:10:44 AM com.lazicode.workflow.expressions.LogicExpression <init>
INFO: Initializing LogicExpression with expression: FALSE OR TRUE | Short-Circuit: false
Oct 30, 2024 1:10:44 AM com.lazicode.workflow.expressions.LogicExpression isValid
INFO: Expression is valid.
Oct 30, 2024 1:10:44 AM com.lazicode.workflow.expressions.LogicExpression <init>
INFO: LogicExpression initialized successfully.
Oct 30, 2024 1:10:44 AM com.lazicode.workflow.expressions.LogicExpression <init>
INFO: Initializing LogicExpression with expression: FALSE OR FALSE | Short-Circuit: false
Oct 30, 2024 1:10:44 AM com.lazicode.workflow.expressions.LogicExpression isValid
INFO: Expression is valid.
Oct 30, 2024 1:10:44 AM com.lazicode.workflow.expressions.LogicExpression <init>
INFO: LogicExpression initialized successfully.
]]></system-err>
  </testcase>
  <testcase name="testShortCircuitMixedOperators" classname="com.lazicode.workflow.expressions.LogicExpressionShortCircuitEnabledTest" time="0.002">
    <system-out><![CDATA[xxxxxxxA B ) AND ( C ORxxxxxxxA B C OR AND]]></system-out>
    <system-err><![CDATA[Oct 30, 2024 1:10:44 AM com.lazicode.workflow.expressions.LogicExpression <init>
INFO: Initializing LogicExpression with expression: A AND B OR C | Short-Circuit: true
Oct 30, 2024 1:10:44 AM com.lazicode.workflow.expressions.LogicExpression isValid
INFO: Expression is valid.
Oct 30, 2024 1:10:44 AM com.lazicode.workflow.expressions.LogicExpression <init>
INFO: LogicExpression initialized successfully.
Oct 30, 2024 1:10:44 AM com.lazicode.workflow.expressions.LogicExpression <init>
INFO: Initializing LogicExpression with expression: A AND ( B OR C ) | Short-Circuit: true
Oct 30, 2024 1:10:44 AM com.lazicode.workflow.expressions.LogicExpression isValid
INFO: Expression is valid.
Oct 30, 2024 1:10:44 AM com.lazicode.workflow.expressions.LogicExpression <init>
INFO: LogicExpression initialized successfully.
]]></system-err>
  </testcase>
  <testcase name="testNandOperator" classname="com.lazicode.workflow.expressions.LogicExpressionShortCircuitEnabledTest" time="0.002">
    <system-out><![CDATA[xxxxxxxA B ) AND ( C ORxxxxxxxTRUE TRUE NANDxxxxxxxTRUE FALSE NAND]]></system-out>
    <system-err><![CDATA[Oct 30, 2024 1:10:44 AM com.lazicode.workflow.expressions.LogicExpression <init>
INFO: Initializing LogicExpression with expression: A AND B OR C | Short-Circuit: true
Oct 30, 2024 1:10:44 AM com.lazicode.workflow.expressions.LogicExpression isValid
INFO: Expression is valid.
Oct 30, 2024 1:10:44 AM com.lazicode.workflow.expressions.LogicExpression <init>
INFO: LogicExpression initialized successfully.
Oct 30, 2024 1:10:44 AM com.lazicode.workflow.expressions.LogicExpression <init>
INFO: Initializing LogicExpression with expression: TRUE NAND TRUE | Short-Circuit: false
Oct 30, 2024 1:10:44 AM com.lazicode.workflow.expressions.LogicExpression isValid
INFO: Expression is valid.
Oct 30, 2024 1:10:44 AM com.lazicode.workflow.expressions.LogicExpression <init>
INFO: LogicExpression initialized successfully.
Oct 30, 2024 1:10:44 AM com.lazicode.workflow.expressions.LogicExpression <init>
INFO: Initializing LogicExpression with expression: TRUE NAND FALSE | Short-Circuit: false
Oct 30, 2024 1:10:44 AM com.lazicode.workflow.expressions.LogicExpression isValid
INFO: Expression is valid.
Oct 30, 2024 1:10:44 AM com.lazicode.workflow.expressions.LogicExpression <init>
INFO: LogicExpression initialized successfully.
]]></system-err>
  </testcase>
  <testcase name="testRedundantParentheses" classname="com.lazicode.workflow.expressions.LogicExpressionShortCircuitEnabledTest" time="0">
    <system-out><![CDATA[xxxxxxxA B ) AND ( C ORxxxxxxxA B AND C OR]]></system-out>
    <system-err><![CDATA[Oct 30, 2024 1:10:44 AM com.lazicode.workflow.expressions.LogicExpression <init>
INFO: Initializing LogicExpression with expression: A AND B OR C | Short-Circuit: true
Oct 30, 2024 1:10:44 AM com.lazicode.workflow.expressions.LogicExpression isValid
INFO: Expression is valid.
Oct 30, 2024 1:10:44 AM com.lazicode.workflow.expressions.LogicExpression <init>
INFO: LogicExpression initialized successfully.
Oct 30, 2024 1:10:44 AM com.lazicode.workflow.expressions.LogicExpression <init>
INFO: Initializing LogicExpression with expression: ((A AND B)) OR ((C)) | Short-Circuit: false
Oct 30, 2024 1:10:44 AM com.lazicode.workflow.expressions.LogicExpression isValid
INFO: Expression is valid.
Oct 30, 2024 1:10:44 AM com.lazicode.workflow.expressions.LogicExpression <init>
INFO: LogicExpression initialized successfully.
]]></system-err>
  </testcase>
  <testcase name="testRedundantOperators" classname="com.lazicode.workflow.expressions.LogicExpressionShortCircuitEnabledTest" time="0.001">
    <system-out><![CDATA[xxxxxxxA B ) AND ( C ORxxxxxxxA ) AND ( B AND]]></system-out>
    <system-err><![CDATA[Oct 30, 2024 1:10:44 AM com.lazicode.workflow.expressions.LogicExpression <init>
INFO: Initializing LogicExpression with expression: A AND B OR C | Short-Circuit: true
Oct 30, 2024 1:10:44 AM com.lazicode.workflow.expressions.LogicExpression isValid
INFO: Expression is valid.
Oct 30, 2024 1:10:44 AM com.lazicode.workflow.expressions.LogicExpression <init>
INFO: LogicExpression initialized successfully.
Oct 30, 2024 1:10:44 AM com.lazicode.workflow.expressions.LogicExpression <init>
INFO: Initializing LogicExpression with expression: A AND AND B | Short-Circuit: false
Oct 30, 2024 1:10:44 AM com.lazicode.workflow.expressions.LogicExpression isValid
WARNING: Invalid operator placement: AND after AND.
Oct 30, 2024 1:10:44 AM com.lazicode.workflow.expressions.LogicExpression <init>
SEVERE: Invalid logic expression: Invalid operator placement: AND after AND
]]></system-err>
  </testcase>
  <testcase name="testExpressionWithAllVariablesTrue" classname="com.lazicode.workflow.expressions.LogicExpressionShortCircuitEnabledTest" time="0.001">
    <error message="Mismatched parentheses." type="java.lang.IllegalArgumentException"><![CDATA[java.lang.IllegalArgumentException: Mismatched parentheses.
	at com.lazicode.workflow.expressions.LogicExpression.infixToPostfix(LogicExpression.java:303)
	at com.lazicode.workflow.expressions.LogicExpression.performCalculation(LogicExpression.java:233)
	at com.lazicode.workflow.expressions.Expression.calculate(Expression.java:71)
	at com.lazicode.workflow.expressions.LogicExpressionShortCircuitEnabledTest.testExpressionWithAllVariablesTrue(LogicExpressionShortCircuitEnabledTest.java:518)
	at java.base/jdk.internal.reflect.NativeMethodAccessorImpl.invoke0(Native Method)
	at java.base/jdk.internal.reflect.NativeMethodAccessorImpl.invoke(NativeMethodAccessorImpl.java:77)
	at java.base/jdk.internal.reflect.DelegatingMethodAccessorImpl.invoke(DelegatingMethodAccessorImpl.java:43)
	at java.base/java.lang.reflect.Method.invoke(Method.java:569)
	at org.junit.platform.commons.util.ReflectionUtils.invokeMethod(ReflectionUtils.java:727)
	at org.junit.jupiter.engine.execution.MethodInvocation.proceed(MethodInvocation.java:60)
	at org.junit.jupiter.engine.execution.InvocationInterceptorChain$ValidatingInvocation.proceed(InvocationInterceptorChain.java:131)
	at org.junit.jupiter.engine.extension.TimeoutExtension.intercept(TimeoutExtension.java:156)
	at org.junit.jupiter.engine.extension.TimeoutExtension.interceptTestableMethod(TimeoutExtension.java:147)
	at org.junit.jupiter.engine.extension.TimeoutExtension.interceptTestMethod(TimeoutExtension.java:86)
	at org.junit.jupiter.engine.execution.InterceptingExecutableInvoker$ReflectiveInterceptorCall.lambda$ofVoidMethod$0(InterceptingExecutableInvoker.java:103)
	at org.junit.jupiter.engine.execution.InterceptingExecutableInvoker.lambda$invoke$0(InterceptingExecutableInvoker.java:93)
	at org.junit.jupiter.engine.execution.InvocationInterceptorChain$InterceptedInvocation.proceed(InvocationInterceptorChain.java:106)
	at org.junit.jupiter.engine.execution.InvocationInterceptorChain.proceed(InvocationInterceptorChain.java:64)
	at org.junit.jupiter.engine.execution.InvocationInterceptorChain.chainAndInvoke(InvocationInterceptorChain.java:45)
	at org.junit.jupiter.engine.execution.InvocationInterceptorChain.invoke(InvocationInterceptorChain.java:37)
	at org.junit.jupiter.engine.execution.InterceptingExecutableInvoker.invoke(InterceptingExecutableInvoker.java:92)
	at org.junit.jupiter.engine.execution.InterceptingExecutableInvoker.invoke(InterceptingExecutableInvoker.java:86)
	at org.junit.jupiter.engine.descriptor.TestMethodTestDescriptor.lambda$invokeTestMethod$7(TestMethodTestDescriptor.java:217)
	at org.junit.platform.engine.support.hierarchical.ThrowableCollector.execute(ThrowableCollector.java:73)
	at org.junit.jupiter.engine.descriptor.TestMethodTestDescriptor.invokeTestMethod(TestMethodTestDescriptor.java:213)
	at org.junit.jupiter.engine.descriptor.TestMethodTestDescriptor.execute(TestMethodTestDescriptor.java:138)
	at org.junit.jupiter.engine.descriptor.TestMethodTestDescriptor.execute(TestMethodTestDescriptor.java:68)
	at org.junit.platform.engine.support.hierarchical.NodeTestTask.lambda$executeRecursively$6(NodeTestTask.java:151)
	at org.junit.platform.engine.support.hierarchical.ThrowableCollector.execute(ThrowableCollector.java:73)
	at org.junit.platform.engine.support.hierarchical.NodeTestTask.lambda$executeRecursively$8(NodeTestTask.java:141)
	at org.junit.platform.engine.support.hierarchical.Node.around(Node.java:137)
	at org.junit.platform.engine.support.hierarchical.NodeTestTask.lambda$executeRecursively$9(NodeTestTask.java:139)
	at org.junit.platform.engine.support.hierarchical.ThrowableCollector.execute(ThrowableCollector.java:73)
	at org.junit.platform.engine.support.hierarchical.NodeTestTask.executeRecursively(NodeTestTask.java:138)
	at org.junit.platform.engine.support.hierarchical.NodeTestTask.execute(NodeTestTask.java:95)
	at java.base/java.util.ArrayList.forEach(ArrayList.java:1511)
	at org.junit.platform.engine.support.hierarchical.SameThreadHierarchicalTestExecutorService.invokeAll(SameThreadHierarchicalTestExecutorService.java:41)
	at org.junit.platform.engine.support.hierarchical.NodeTestTask.lambda$executeRecursively$6(NodeTestTask.java:155)
	at org.junit.platform.engine.support.hierarchical.ThrowableCollector.execute(ThrowableCollector.java:73)
	at org.junit.platform.engine.support.hierarchical.NodeTestTask.lambda$executeRecursively$8(NodeTestTask.java:141)
	at org.junit.platform.engine.support.hierarchical.Node.around(Node.java:137)
	at org.junit.platform.engine.support.hierarchical.NodeTestTask.lambda$executeRecursively$9(NodeTestTask.java:139)
	at org.junit.platform.engine.support.hierarchical.ThrowableCollector.execute(ThrowableCollector.java:73)
	at org.junit.platform.engine.support.hierarchical.NodeTestTask.executeRecursively(NodeTestTask.java:138)
	at org.junit.platform.engine.support.hierarchical.NodeTestTask.execute(NodeTestTask.java:95)
	at java.base/java.util.ArrayList.forEach(ArrayList.java:1511)
	at org.junit.platform.engine.support.hierarchical.SameThreadHierarchicalTestExecutorService.invokeAll(SameThreadHierarchicalTestExecutorService.java:41)
	at org.junit.platform.engine.support.hierarchical.NodeTestTask.lambda$executeRecursively$6(NodeTestTask.java:155)
	at org.junit.platform.engine.support.hierarchical.ThrowableCollector.execute(ThrowableCollector.java:73)
	at org.junit.platform.engine.support.hierarchical.NodeTestTask.lambda$executeRecursively$8(NodeTestTask.java:141)
	at org.junit.platform.engine.support.hierarchical.Node.around(Node.java:137)
	at org.junit.platform.engine.support.hierarchical.NodeTestTask.lambda$executeRecursively$9(NodeTestTask.java:139)
	at org.junit.platform.engine.support.hierarchical.ThrowableCollector.execute(ThrowableCollector.java:73)
	at org.junit.platform.engine.support.hierarchical.NodeTestTask.executeRecursively(NodeTestTask.java:138)
	at org.junit.platform.engine.support.hierarchical.NodeTestTask.execute(NodeTestTask.java:95)
	at org.junit.platform.engine.support.hierarchical.SameThreadHierarchicalTestExecutorService.submit(SameThreadHierarchicalTestExecutorService.java:35)
	at org.junit.platform.engine.support.hierarchical.HierarchicalTestExecutor.execute(HierarchicalTestExecutor.java:57)
	at org.junit.platform.engine.support.hierarchical.HierarchicalTestEngine.execute(HierarchicalTestEngine.java:54)
	at org.junit.platform.launcher.core.EngineExecutionOrchestrator.execute(EngineExecutionOrchestrator.java:147)
	at org.junit.platform.launcher.core.EngineExecutionOrchestrator.execute(EngineExecutionOrchestrator.java:127)
	at org.junit.platform.launcher.core.EngineExecutionOrchestrator.execute(EngineExecutionOrchestrator.java:90)
	at org.junit.platform.launcher.core.EngineExecutionOrchestrator.lambda$execute$0(EngineExecutionOrchestrator.java:55)
	at org.junit.platform.launcher.core.EngineExecutionOrchestrator.withInterceptedStreams(EngineExecutionOrchestrator.java:102)
	at org.junit.platform.launcher.core.EngineExecutionOrchestrator.execute(EngineExecutionOrchestrator.java:54)
	at org.junit.platform.launcher.core.DefaultLauncher.execute(DefaultLauncher.java:114)
	at org.junit.platform.launcher.core.DefaultLauncher.execute(DefaultLauncher.java:86)
	at org.junit.platform.launcher.core.DefaultLauncherSession$DelegatingLauncher.execute(DefaultLauncherSession.java:86)
	at org.apache.maven.surefire.junitplatform.LazyLauncher.execute(LazyLauncher.java:55)
	at org.apache.maven.surefire.junitplatform.JUnitPlatformProvider.execute(JUnitPlatformProvider.java:223)
	at org.apache.maven.surefire.junitplatform.JUnitPlatformProvider.invokeAllTests(JUnitPlatformProvider.java:175)
	at org.apache.maven.surefire.junitplatform.JUnitPlatformProvider.invoke(JUnitPlatformProvider.java:139)
	at org.apache.maven.surefire.booter.ForkedBooter.runSuitesInProcess(ForkedBooter.java:456)
	at org.apache.maven.surefire.booter.ForkedBooter.execute(ForkedBooter.java:169)
	at org.apache.maven.surefire.booter.ForkedBooter.run(ForkedBooter.java:595)
	at org.apache.maven.surefire.booter.ForkedBooter.main(ForkedBooter.java:581)
]]></error>
    <system-out><![CDATA[xxxxxxxA B ) AND ( C ORxxxxxxxA B ) AND ( C D ) NAND ( ) OR ( E ) NOR ( F XNOR]]></system-out>
    <system-err><![CDATA[Oct 30, 2024 1:10:44 AM com.lazicode.workflow.expressions.LogicExpression <init>
INFO: Initializing LogicExpression with expression: A AND B OR C | Short-Circuit: true
Oct 30, 2024 1:10:44 AM com.lazicode.workflow.expressions.LogicExpression isValid
INFO: Expression is valid.
Oct 30, 2024 1:10:44 AM com.lazicode.workflow.expressions.LogicExpression <init>
INFO: LogicExpression initialized successfully.
Oct 30, 2024 1:10:44 AM com.lazicode.workflow.expressions.LogicExpression <init>
INFO: Initializing LogicExpression with expression: A AND B OR C NAND D NOR E XNOR F | Short-Circuit: false
Oct 30, 2024 1:10:44 AM com.lazicode.workflow.expressions.LogicExpression isValid
INFO: Expression is valid.
Oct 30, 2024 1:10:44 AM com.lazicode.workflow.expressions.LogicExpression <init>
INFO: LogicExpression initialized successfully.
]]></system-err>
  </testcase>
  <testcase name="testComplexNestedExpression" classname="com.lazicode.workflow.expressions.LogicExpressionShortCircuitEnabledTest" time="0.002">
    <system-out><![CDATA[xxxxxxxA B ) AND ( C ORxxxxxxxA B C D E OR AND OR AND]]></system-out>
    <system-err><![CDATA[Oct 30, 2024 1:10:44 AM com.lazicode.workflow.expressions.LogicExpression <init>
INFO: Initializing LogicExpression with expression: A AND B OR C | Short-Circuit: true
Oct 30, 2024 1:10:44 AM com.lazicode.workflow.expressions.LogicExpression isValid
INFO: Expression is valid.
Oct 30, 2024 1:10:44 AM com.lazicode.workflow.expressions.LogicExpression <init>
INFO: LogicExpression initialized successfully.
Oct 30, 2024 1:10:44 AM com.lazicode.workflow.expressions.LogicExpression <init>
INFO: Initializing LogicExpression with expression: A AND ( B OR ( C AND ( D OR E ) ) ) | Short-Circuit: false
Oct 30, 2024 1:10:44 AM com.lazicode.workflow.expressions.LogicExpression isValid
INFO: Expression is valid.
Oct 30, 2024 1:10:44 AM com.lazicode.workflow.expressions.LogicExpression <init>
INFO: LogicExpression initialized successfully.
]]></system-err>
  </testcase>
  <testcase name="testExpressionWithAllVariablesFalse" classname="com.lazicode.workflow.expressions.LogicExpressionShortCircuitEnabledTest" time="0.002">
    <error message="Mismatched parentheses." type="java.lang.IllegalArgumentException"><![CDATA[java.lang.IllegalArgumentException: Mismatched parentheses.
	at com.lazicode.workflow.expressions.LogicExpression.infixToPostfix(LogicExpression.java:303)
	at com.lazicode.workflow.expressions.LogicExpression.performCalculation(LogicExpression.java:233)
	at com.lazicode.workflow.expressions.Expression.calculate(Expression.java:71)
	at com.lazicode.workflow.expressions.LogicExpressionShortCircuitEnabledTest.testExpressionWithAllVariablesFalse(LogicExpressionShortCircuitEnabledTest.java:295)
	at java.base/jdk.internal.reflect.NativeMethodAccessorImpl.invoke0(Native Method)
	at java.base/jdk.internal.reflect.NativeMethodAccessorImpl.invoke(NativeMethodAccessorImpl.java:77)
	at java.base/jdk.internal.reflect.DelegatingMethodAccessorImpl.invoke(DelegatingMethodAccessorImpl.java:43)
	at java.base/java.lang.reflect.Method.invoke(Method.java:569)
	at org.junit.platform.commons.util.ReflectionUtils.invokeMethod(ReflectionUtils.java:727)
	at org.junit.jupiter.engine.execution.MethodInvocation.proceed(MethodInvocation.java:60)
	at org.junit.jupiter.engine.execution.InvocationInterceptorChain$ValidatingInvocation.proceed(InvocationInterceptorChain.java:131)
	at org.junit.jupiter.engine.extension.TimeoutExtension.intercept(TimeoutExtension.java:156)
	at org.junit.jupiter.engine.extension.TimeoutExtension.interceptTestableMethod(TimeoutExtension.java:147)
	at org.junit.jupiter.engine.extension.TimeoutExtension.interceptTestMethod(TimeoutExtension.java:86)
	at org.junit.jupiter.engine.execution.InterceptingExecutableInvoker$ReflectiveInterceptorCall.lambda$ofVoidMethod$0(InterceptingExecutableInvoker.java:103)
	at org.junit.jupiter.engine.execution.InterceptingExecutableInvoker.lambda$invoke$0(InterceptingExecutableInvoker.java:93)
	at org.junit.jupiter.engine.execution.InvocationInterceptorChain$InterceptedInvocation.proceed(InvocationInterceptorChain.java:106)
	at org.junit.jupiter.engine.execution.InvocationInterceptorChain.proceed(InvocationInterceptorChain.java:64)
	at org.junit.jupiter.engine.execution.InvocationInterceptorChain.chainAndInvoke(InvocationInterceptorChain.java:45)
	at org.junit.jupiter.engine.execution.InvocationInterceptorChain.invoke(InvocationInterceptorChain.java:37)
	at org.junit.jupiter.engine.execution.InterceptingExecutableInvoker.invoke(InterceptingExecutableInvoker.java:92)
	at org.junit.jupiter.engine.execution.InterceptingExecutableInvoker.invoke(InterceptingExecutableInvoker.java:86)
	at org.junit.jupiter.engine.descriptor.TestMethodTestDescriptor.lambda$invokeTestMethod$7(TestMethodTestDescriptor.java:217)
	at org.junit.platform.engine.support.hierarchical.ThrowableCollector.execute(ThrowableCollector.java:73)
	at org.junit.jupiter.engine.descriptor.TestMethodTestDescriptor.invokeTestMethod(TestMethodTestDescriptor.java:213)
	at org.junit.jupiter.engine.descriptor.TestMethodTestDescriptor.execute(TestMethodTestDescriptor.java:138)
	at org.junit.jupiter.engine.descriptor.TestMethodTestDescriptor.execute(TestMethodTestDescriptor.java:68)
	at org.junit.platform.engine.support.hierarchical.NodeTestTask.lambda$executeRecursively$6(NodeTestTask.java:151)
	at org.junit.platform.engine.support.hierarchical.ThrowableCollector.execute(ThrowableCollector.java:73)
	at org.junit.platform.engine.support.hierarchical.NodeTestTask.lambda$executeRecursively$8(NodeTestTask.java:141)
	at org.junit.platform.engine.support.hierarchical.Node.around(Node.java:137)
	at org.junit.platform.engine.support.hierarchical.NodeTestTask.lambda$executeRecursively$9(NodeTestTask.java:139)
	at org.junit.platform.engine.support.hierarchical.ThrowableCollector.execute(ThrowableCollector.java:73)
	at org.junit.platform.engine.support.hierarchical.NodeTestTask.executeRecursively(NodeTestTask.java:138)
	at org.junit.platform.engine.support.hierarchical.NodeTestTask.execute(NodeTestTask.java:95)
	at java.base/java.util.ArrayList.forEach(ArrayList.java:1511)
	at org.junit.platform.engine.support.hierarchical.SameThreadHierarchicalTestExecutorService.invokeAll(SameThreadHierarchicalTestExecutorService.java:41)
	at org.junit.platform.engine.support.hierarchical.NodeTestTask.lambda$executeRecursively$6(NodeTestTask.java:155)
	at org.junit.platform.engine.support.hierarchical.ThrowableCollector.execute(ThrowableCollector.java:73)
	at org.junit.platform.engine.support.hierarchical.NodeTestTask.lambda$executeRecursively$8(NodeTestTask.java:141)
	at org.junit.platform.engine.support.hierarchical.Node.around(Node.java:137)
	at org.junit.platform.engine.support.hierarchical.NodeTestTask.lambda$executeRecursively$9(NodeTestTask.java:139)
	at org.junit.platform.engine.support.hierarchical.ThrowableCollector.execute(ThrowableCollector.java:73)
	at org.junit.platform.engine.support.hierarchical.NodeTestTask.executeRecursively(NodeTestTask.java:138)
	at org.junit.platform.engine.support.hierarchical.NodeTestTask.execute(NodeTestTask.java:95)
	at java.base/java.util.ArrayList.forEach(ArrayList.java:1511)
	at org.junit.platform.engine.support.hierarchical.SameThreadHierarchicalTestExecutorService.invokeAll(SameThreadHierarchicalTestExecutorService.java:41)
	at org.junit.platform.engine.support.hierarchical.NodeTestTask.lambda$executeRecursively$6(NodeTestTask.java:155)
	at org.junit.platform.engine.support.hierarchical.ThrowableCollector.execute(ThrowableCollector.java:73)
	at org.junit.platform.engine.support.hierarchical.NodeTestTask.lambda$executeRecursively$8(NodeTestTask.java:141)
	at org.junit.platform.engine.support.hierarchical.Node.around(Node.java:137)
	at org.junit.platform.engine.support.hierarchical.NodeTestTask.lambda$executeRecursively$9(NodeTestTask.java:139)
	at org.junit.platform.engine.support.hierarchical.ThrowableCollector.execute(ThrowableCollector.java:73)
	at org.junit.platform.engine.support.hierarchical.NodeTestTask.executeRecursively(NodeTestTask.java:138)
	at org.junit.platform.engine.support.hierarchical.NodeTestTask.execute(NodeTestTask.java:95)
	at org.junit.platform.engine.support.hierarchical.SameThreadHierarchicalTestExecutorService.submit(SameThreadHierarchicalTestExecutorService.java:35)
	at org.junit.platform.engine.support.hierarchical.HierarchicalTestExecutor.execute(HierarchicalTestExecutor.java:57)
	at org.junit.platform.engine.support.hierarchical.HierarchicalTestEngine.execute(HierarchicalTestEngine.java:54)
	at org.junit.platform.launcher.core.EngineExecutionOrchestrator.execute(EngineExecutionOrchestrator.java:147)
	at org.junit.platform.launcher.core.EngineExecutionOrchestrator.execute(EngineExecutionOrchestrator.java:127)
	at org.junit.platform.launcher.core.EngineExecutionOrchestrator.execute(EngineExecutionOrchestrator.java:90)
	at org.junit.platform.launcher.core.EngineExecutionOrchestrator.lambda$execute$0(EngineExecutionOrchestrator.java:55)
	at org.junit.platform.launcher.core.EngineExecutionOrchestrator.withInterceptedStreams(EngineExecutionOrchestrator.java:102)
	at org.junit.platform.launcher.core.EngineExecutionOrchestrator.execute(EngineExecutionOrchestrator.java:54)
	at org.junit.platform.launcher.core.DefaultLauncher.execute(DefaultLauncher.java:114)
	at org.junit.platform.launcher.core.DefaultLauncher.execute(DefaultLauncher.java:86)
	at org.junit.platform.launcher.core.DefaultLauncherSession$DelegatingLauncher.execute(DefaultLauncherSession.java:86)
	at org.apache.maven.surefire.junitplatform.LazyLauncher.execute(LazyLauncher.java:55)
	at org.apache.maven.surefire.junitplatform.JUnitPlatformProvider.execute(JUnitPlatformProvider.java:223)
	at org.apache.maven.surefire.junitplatform.JUnitPlatformProvider.invokeAllTests(JUnitPlatformProvider.java:175)
	at org.apache.maven.surefire.junitplatform.JUnitPlatformProvider.invoke(JUnitPlatformProvider.java:139)
	at org.apache.maven.surefire.booter.ForkedBooter.runSuitesInProcess(ForkedBooter.java:456)
	at org.apache.maven.surefire.booter.ForkedBooter.execute(ForkedBooter.java:169)
	at org.apache.maven.surefire.booter.ForkedBooter.run(ForkedBooter.java:595)
	at org.apache.maven.surefire.booter.ForkedBooter.main(ForkedBooter.java:581)
]]></error>
    <system-out><![CDATA[xxxxxxxA B ) AND ( C ORxxxxxxxA B ) AND ( C D ) NAND ( ) OR ( E ) NOR ( F XNOR]]></system-out>
    <system-err><![CDATA[Oct 30, 2024 1:10:44 AM com.lazicode.workflow.expressions.LogicExpression <init>
INFO: Initializing LogicExpression with expression: A AND B OR C | Short-Circuit: true
Oct 30, 2024 1:10:44 AM com.lazicode.workflow.expressions.LogicExpression isValid
INFO: Expression is valid.
Oct 30, 2024 1:10:44 AM com.lazicode.workflow.expressions.LogicExpression <init>
INFO: LogicExpression initialized successfully.
Oct 30, 2024 1:10:44 AM com.lazicode.workflow.expressions.LogicExpression <init>
INFO: Initializing LogicExpression with expression: A AND B OR C NAND D NOR E XNOR F | Short-Circuit: false
Oct 30, 2024 1:10:44 AM com.lazicode.workflow.expressions.LogicExpression isValid
INFO: Expression is valid.
Oct 30, 2024 1:10:44 AM com.lazicode.workflow.expressions.LogicExpression <init>
INFO: LogicExpression initialized successfully.
]]></system-err>
  </testcase>
  <testcase name="testExpressionWithUndefinedVariable" classname="com.lazicode.workflow.expressions.LogicExpressionShortCircuitEnabledTest" time="0.001">
    <system-out><![CDATA[xxxxxxxA B ) AND ( C ORxxxxxxxA B AND]]></system-out>
    <system-err><![CDATA[Oct 30, 2024 1:10:44 AM com.lazicode.workflow.expressions.LogicExpression <init>
INFO: Initializing LogicExpression with expression: A AND B OR C | Short-Circuit: true
Oct 30, 2024 1:10:44 AM com.lazicode.workflow.expressions.LogicExpression isValid
INFO: Expression is valid.
Oct 30, 2024 1:10:44 AM com.lazicode.workflow.expressions.LogicExpression <init>
INFO: LogicExpression initialized successfully.
Oct 30, 2024 1:10:44 AM com.lazicode.workflow.expressions.LogicExpression <init>
INFO: Initializing LogicExpression with expression: A AND B | Short-Circuit: false
Oct 30, 2024 1:10:44 AM com.lazicode.workflow.expressions.LogicExpression isValid
INFO: Expression is valid.
Oct 30, 2024 1:10:44 AM com.lazicode.workflow.expressions.LogicExpression <init>
INFO: LogicExpression initialized successfully.
]]></system-err>
  </testcase>
  <testcase name="testNotOperator" classname="com.lazicode.workflow.expressions.LogicExpressionShortCircuitEnabledTest" time="0.003">
    <system-out><![CDATA[xxxxxxxA B ) AND ( C ORxxxxxxxTRUE NOTxxxxxxxFALSE NOT]]></system-out>
    <system-err><![CDATA[Oct 30, 2024 1:10:44 AM com.lazicode.workflow.expressions.LogicExpression <init>
INFO: Initializing LogicExpression with expression: A AND B OR C | Short-Circuit: true
Oct 30, 2024 1:10:44 AM com.lazicode.workflow.expressions.LogicExpression isValid
INFO: Expression is valid.
Oct 30, 2024 1:10:44 AM com.lazicode.workflow.expressions.LogicExpression <init>
INFO: LogicExpression initialized successfully.
Oct 30, 2024 1:10:44 AM com.lazicode.workflow.expressions.LogicExpression <init>
INFO: Initializing LogicExpression with expression: NOT TRUE | Short-Circuit: false
Oct 30, 2024 1:10:44 AM com.lazicode.workflow.expressions.LogicExpression isValid
INFO: Expression is valid.
Oct 30, 2024 1:10:44 AM com.lazicode.workflow.expressions.LogicExpression <init>
INFO: LogicExpression initialized successfully.
Oct 30, 2024 1:10:44 AM com.lazicode.workflow.expressions.LogicExpression <init>
INFO: Initializing LogicExpression with expression: NOT FALSE | Short-Circuit: false
Oct 30, 2024 1:10:44 AM com.lazicode.workflow.expressions.LogicExpression isValid
INFO: Expression is valid.
Oct 30, 2024 1:10:44 AM com.lazicode.workflow.expressions.LogicExpression <init>
INFO: LogicExpression initialized successfully.
]]></system-err>
  </testcase>
  <testcase name="testCalculateWithVariableValues" classname="com.lazicode.workflow.expressions.LogicExpressionShortCircuitEnabledTest" time="0.001">
    <error message="Mismatched parentheses." type="java.lang.IllegalArgumentException"><![CDATA[java.lang.IllegalArgumentException: Mismatched parentheses.
	at com.lazicode.workflow.expressions.LogicExpression.infixToPostfix(LogicExpression.java:303)
	at com.lazicode.workflow.expressions.LogicExpression.performCalculation(LogicExpression.java:233)
	at com.lazicode.workflow.expressions.Expression.calculate(Expression.java:71)
	at com.lazicode.workflow.expressions.LogicExpressionShortCircuitEnabledTest.testCalculateWithVariableValues(LogicExpressionShortCircuitEnabledTest.java:251)
	at java.base/jdk.internal.reflect.NativeMethodAccessorImpl.invoke0(Native Method)
	at java.base/jdk.internal.reflect.NativeMethodAccessorImpl.invoke(NativeMethodAccessorImpl.java:77)
	at java.base/jdk.internal.reflect.DelegatingMethodAccessorImpl.invoke(DelegatingMethodAccessorImpl.java:43)
	at java.base/java.lang.reflect.Method.invoke(Method.java:569)
	at org.junit.platform.commons.util.ReflectionUtils.invokeMethod(ReflectionUtils.java:727)
	at org.junit.jupiter.engine.execution.MethodInvocation.proceed(MethodInvocation.java:60)
	at org.junit.jupiter.engine.execution.InvocationInterceptorChain$ValidatingInvocation.proceed(InvocationInterceptorChain.java:131)
	at org.junit.jupiter.engine.extension.TimeoutExtension.intercept(TimeoutExtension.java:156)
	at org.junit.jupiter.engine.extension.TimeoutExtension.interceptTestableMethod(TimeoutExtension.java:147)
	at org.junit.jupiter.engine.extension.TimeoutExtension.interceptTestMethod(TimeoutExtension.java:86)
	at org.junit.jupiter.engine.execution.InterceptingExecutableInvoker$ReflectiveInterceptorCall.lambda$ofVoidMethod$0(InterceptingExecutableInvoker.java:103)
	at org.junit.jupiter.engine.execution.InterceptingExecutableInvoker.lambda$invoke$0(InterceptingExecutableInvoker.java:93)
	at org.junit.jupiter.engine.execution.InvocationInterceptorChain$InterceptedInvocation.proceed(InvocationInterceptorChain.java:106)
	at org.junit.jupiter.engine.execution.InvocationInterceptorChain.proceed(InvocationInterceptorChain.java:64)
	at org.junit.jupiter.engine.execution.InvocationInterceptorChain.chainAndInvoke(InvocationInterceptorChain.java:45)
	at org.junit.jupiter.engine.execution.InvocationInterceptorChain.invoke(InvocationInterceptorChain.java:37)
	at org.junit.jupiter.engine.execution.InterceptingExecutableInvoker.invoke(InterceptingExecutableInvoker.java:92)
	at org.junit.jupiter.engine.execution.InterceptingExecutableInvoker.invoke(InterceptingExecutableInvoker.java:86)
	at org.junit.jupiter.engine.descriptor.TestMethodTestDescriptor.lambda$invokeTestMethod$7(TestMethodTestDescriptor.java:217)
	at org.junit.platform.engine.support.hierarchical.ThrowableCollector.execute(ThrowableCollector.java:73)
	at org.junit.jupiter.engine.descriptor.TestMethodTestDescriptor.invokeTestMethod(TestMethodTestDescriptor.java:213)
	at org.junit.jupiter.engine.descriptor.TestMethodTestDescriptor.execute(TestMethodTestDescriptor.java:138)
	at org.junit.jupiter.engine.descriptor.TestMethodTestDescriptor.execute(TestMethodTestDescriptor.java:68)
	at org.junit.platform.engine.support.hierarchical.NodeTestTask.lambda$executeRecursively$6(NodeTestTask.java:151)
	at org.junit.platform.engine.support.hierarchical.ThrowableCollector.execute(ThrowableCollector.java:73)
	at org.junit.platform.engine.support.hierarchical.NodeTestTask.lambda$executeRecursively$8(NodeTestTask.java:141)
	at org.junit.platform.engine.support.hierarchical.Node.around(Node.java:137)
	at org.junit.platform.engine.support.hierarchical.NodeTestTask.lambda$executeRecursively$9(NodeTestTask.java:139)
	at org.junit.platform.engine.support.hierarchical.ThrowableCollector.execute(ThrowableCollector.java:73)
	at org.junit.platform.engine.support.hierarchical.NodeTestTask.executeRecursively(NodeTestTask.java:138)
	at org.junit.platform.engine.support.hierarchical.NodeTestTask.execute(NodeTestTask.java:95)
	at java.base/java.util.ArrayList.forEach(ArrayList.java:1511)
	at org.junit.platform.engine.support.hierarchical.SameThreadHierarchicalTestExecutorService.invokeAll(SameThreadHierarchicalTestExecutorService.java:41)
	at org.junit.platform.engine.support.hierarchical.NodeTestTask.lambda$executeRecursively$6(NodeTestTask.java:155)
	at org.junit.platform.engine.support.hierarchical.ThrowableCollector.execute(ThrowableCollector.java:73)
	at org.junit.platform.engine.support.hierarchical.NodeTestTask.lambda$executeRecursively$8(NodeTestTask.java:141)
	at org.junit.platform.engine.support.hierarchical.Node.around(Node.java:137)
	at org.junit.platform.engine.support.hierarchical.NodeTestTask.lambda$executeRecursively$9(NodeTestTask.java:139)
	at org.junit.platform.engine.support.hierarchical.ThrowableCollector.execute(ThrowableCollector.java:73)
	at org.junit.platform.engine.support.hierarchical.NodeTestTask.executeRecursively(NodeTestTask.java:138)
	at org.junit.platform.engine.support.hierarchical.NodeTestTask.execute(NodeTestTask.java:95)
	at java.base/java.util.ArrayList.forEach(ArrayList.java:1511)
	at org.junit.platform.engine.support.hierarchical.SameThreadHierarchicalTestExecutorService.invokeAll(SameThreadHierarchicalTestExecutorService.java:41)
	at org.junit.platform.engine.support.hierarchical.NodeTestTask.lambda$executeRecursively$6(NodeTestTask.java:155)
	at org.junit.platform.engine.support.hierarchical.ThrowableCollector.execute(ThrowableCollector.java:73)
	at org.junit.platform.engine.support.hierarchical.NodeTestTask.lambda$executeRecursively$8(NodeTestTask.java:141)
	at org.junit.platform.engine.support.hierarchical.Node.around(Node.java:137)
	at org.junit.platform.engine.support.hierarchical.NodeTestTask.lambda$executeRecursively$9(NodeTestTask.java:139)
	at org.junit.platform.engine.support.hierarchical.ThrowableCollector.execute(ThrowableCollector.java:73)
	at org.junit.platform.engine.support.hierarchical.NodeTestTask.executeRecursively(NodeTestTask.java:138)
	at org.junit.platform.engine.support.hierarchical.NodeTestTask.execute(NodeTestTask.java:95)
	at org.junit.platform.engine.support.hierarchical.SameThreadHierarchicalTestExecutorService.submit(SameThreadHierarchicalTestExecutorService.java:35)
	at org.junit.platform.engine.support.hierarchical.HierarchicalTestExecutor.execute(HierarchicalTestExecutor.java:57)
	at org.junit.platform.engine.support.hierarchical.HierarchicalTestEngine.execute(HierarchicalTestEngine.java:54)
	at org.junit.platform.launcher.core.EngineExecutionOrchestrator.execute(EngineExecutionOrchestrator.java:147)
	at org.junit.platform.launcher.core.EngineExecutionOrchestrator.execute(EngineExecutionOrchestrator.java:127)
	at org.junit.platform.launcher.core.EngineExecutionOrchestrator.execute(EngineExecutionOrchestrator.java:90)
	at org.junit.platform.launcher.core.EngineExecutionOrchestrator.lambda$execute$0(EngineExecutionOrchestrator.java:55)
	at org.junit.platform.launcher.core.EngineExecutionOrchestrator.withInterceptedStreams(EngineExecutionOrchestrator.java:102)
	at org.junit.platform.launcher.core.EngineExecutionOrchestrator.execute(EngineExecutionOrchestrator.java:54)
	at org.junit.platform.launcher.core.DefaultLauncher.execute(DefaultLauncher.java:114)
	at org.junit.platform.launcher.core.DefaultLauncher.execute(DefaultLauncher.java:86)
	at org.junit.platform.launcher.core.DefaultLauncherSession$DelegatingLauncher.execute(DefaultLauncherSession.java:86)
	at org.apache.maven.surefire.junitplatform.LazyLauncher.execute(LazyLauncher.java:55)
	at org.apache.maven.surefire.junitplatform.JUnitPlatformProvider.execute(JUnitPlatformProvider.java:223)
	at org.apache.maven.surefire.junitplatform.JUnitPlatformProvider.invokeAllTests(JUnitPlatformProvider.java:175)
	at org.apache.maven.surefire.junitplatform.JUnitPlatformProvider.invoke(JUnitPlatformProvider.java:139)
	at org.apache.maven.surefire.booter.ForkedBooter.runSuitesInProcess(ForkedBooter.java:456)
	at org.apache.maven.surefire.booter.ForkedBooter.execute(ForkedBooter.java:169)
	at org.apache.maven.surefire.booter.ForkedBooter.run(ForkedBooter.java:595)
	at org.apache.maven.surefire.booter.ForkedBooter.main(ForkedBooter.java:581)
]]></error>
    <system-out><![CDATA[xxxxxxxA B ) AND ( C ORxxxxxxxA B ) AND ( C OR]]></system-out>
    <system-err><![CDATA[Oct 30, 2024 1:10:44 AM com.lazicode.workflow.expressions.LogicExpression <init>
INFO: Initializing LogicExpression with expression: A AND B OR C | Short-Circuit: true
Oct 30, 2024 1:10:44 AM com.lazicode.workflow.expressions.LogicExpression isValid
INFO: Expression is valid.
Oct 30, 2024 1:10:44 AM com.lazicode.workflow.expressions.LogicExpression <init>
INFO: LogicExpression initialized successfully.
Oct 30, 2024 1:10:44 AM com.lazicode.workflow.expressions.LogicExpression <init>
INFO: Initializing LogicExpression with expression: A AND B OR C | Short-Circuit: false
Oct 30, 2024 1:10:44 AM com.lazicode.workflow.expressions.LogicExpression isValid
INFO: Expression is valid.
Oct 30, 2024 1:10:44 AM com.lazicode.workflow.expressions.LogicExpression <init>
INFO: LogicExpression initialized successfully.
]]></system-err>
  </testcase>
  <testcase name="testEmptyExpression" classname="com.lazicode.workflow.expressions.LogicExpressionShortCircuitEnabledTest" time="0.001">
    <system-out><![CDATA[xxxxxxxA B ) AND ( C ORxxxxxxx]]></system-out>
    <system-err><![CDATA[Oct 30, 2024 1:10:44 AM com.lazicode.workflow.expressions.LogicExpression <init>
INFO: Initializing LogicExpression with expression: A AND B OR C | Short-Circuit: true
Oct 30, 2024 1:10:44 AM com.lazicode.workflow.expressions.LogicExpression isValid
INFO: Expression is valid.
Oct 30, 2024 1:10:44 AM com.lazicode.workflow.expressions.LogicExpression <init>
INFO: LogicExpression initialized successfully.
Oct 30, 2024 1:10:44 AM com.lazicode.workflow.expressions.LogicExpression <init>
INFO: Initializing LogicExpression with expression:  | Short-Circuit: false
Oct 30, 2024 1:10:44 AM com.lazicode.workflow.expressions.LogicExpression isValid
WARNING: Empty expression provided.
Oct 30, 2024 1:10:44 AM com.lazicode.workflow.expressions.LogicExpression <init>
SEVERE: Invalid logic expression: Invalid expression: Expression cannot be empty.
]]></system-err>
  </testcase>
  <testcase name="testCalculateWithDifferentConfigurations" classname="com.lazicode.workflow.expressions.LogicExpressionShortCircuitEnabledTest" time="0.001">
    <failure message="Expression &apos;A AND ( B OR C )&apos; with C=false should evaluate to FALSE ==&gt; expected: &lt;false&gt; but was: &lt;true&gt;" type="org.opentest4j.AssertionFailedError"><![CDATA[org.opentest4j.AssertionFailedError: Expression 'A AND ( B OR C )' with C=false should evaluate to FALSE ==> expected: <false> but was: <true>
	at org.junit.jupiter.api.AssertionFailureBuilder.build(AssertionFailureBuilder.java:151)
	at org.junit.jupiter.api.AssertionFailureBuilder.buildAndThrow(AssertionFailureBuilder.java:132)
	at org.junit.jupiter.api.AssertFalse.failNotFalse(AssertFalse.java:63)
	at org.junit.jupiter.api.AssertFalse.assertFalse(AssertFalse.java:36)
	at org.junit.jupiter.api.Assertions.assertFalse(Assertions.java:236)
	at com.lazicode.workflow.expressions.LogicExpressionShortCircuitEnabledTest.testCalculateWithDifferentConfigurations(LogicExpressionShortCircuitEnabledTest.java:265)
	at java.base/jdk.internal.reflect.NativeMethodAccessorImpl.invoke0(Native Method)
	at java.base/jdk.internal.reflect.NativeMethodAccessorImpl.invoke(NativeMethodAccessorImpl.java:77)
	at java.base/jdk.internal.reflect.DelegatingMethodAccessorImpl.invoke(DelegatingMethodAccessorImpl.java:43)
	at java.base/java.lang.reflect.Method.invoke(Method.java:569)
	at org.junit.platform.commons.util.ReflectionUtils.invokeMethod(ReflectionUtils.java:727)
	at org.junit.jupiter.engine.execution.MethodInvocation.proceed(MethodInvocation.java:60)
	at org.junit.jupiter.engine.execution.InvocationInterceptorChain$ValidatingInvocation.proceed(InvocationInterceptorChain.java:131)
	at org.junit.jupiter.engine.extension.TimeoutExtension.intercept(TimeoutExtension.java:156)
	at org.junit.jupiter.engine.extension.TimeoutExtension.interceptTestableMethod(TimeoutExtension.java:147)
	at org.junit.jupiter.engine.extension.TimeoutExtension.interceptTestMethod(TimeoutExtension.java:86)
	at org.junit.jupiter.engine.execution.InterceptingExecutableInvoker$ReflectiveInterceptorCall.lambda$ofVoidMethod$0(InterceptingExecutableInvoker.java:103)
	at org.junit.jupiter.engine.execution.InterceptingExecutableInvoker.lambda$invoke$0(InterceptingExecutableInvoker.java:93)
	at org.junit.jupiter.engine.execution.InvocationInterceptorChain$InterceptedInvocation.proceed(InvocationInterceptorChain.java:106)
	at org.junit.jupiter.engine.execution.InvocationInterceptorChain.proceed(InvocationInterceptorChain.java:64)
	at org.junit.jupiter.engine.execution.InvocationInterceptorChain.chainAndInvoke(InvocationInterceptorChain.java:45)
	at org.junit.jupiter.engine.execution.InvocationInterceptorChain.invoke(InvocationInterceptorChain.java:37)
	at org.junit.jupiter.engine.execution.InterceptingExecutableInvoker.invoke(InterceptingExecutableInvoker.java:92)
	at org.junit.jupiter.engine.execution.InterceptingExecutableInvoker.invoke(InterceptingExecutableInvoker.java:86)
	at org.junit.jupiter.engine.descriptor.TestMethodTestDescriptor.lambda$invokeTestMethod$7(TestMethodTestDescriptor.java:217)
	at org.junit.platform.engine.support.hierarchical.ThrowableCollector.execute(ThrowableCollector.java:73)
	at org.junit.jupiter.engine.descriptor.TestMethodTestDescriptor.invokeTestMethod(TestMethodTestDescriptor.java:213)
	at org.junit.jupiter.engine.descriptor.TestMethodTestDescriptor.execute(TestMethodTestDescriptor.java:138)
	at org.junit.jupiter.engine.descriptor.TestMethodTestDescriptor.execute(TestMethodTestDescriptor.java:68)
	at org.junit.platform.engine.support.hierarchical.NodeTestTask.lambda$executeRecursively$6(NodeTestTask.java:151)
	at org.junit.platform.engine.support.hierarchical.ThrowableCollector.execute(ThrowableCollector.java:73)
	at org.junit.platform.engine.support.hierarchical.NodeTestTask.lambda$executeRecursively$8(NodeTestTask.java:141)
	at org.junit.platform.engine.support.hierarchical.Node.around(Node.java:137)
	at org.junit.platform.engine.support.hierarchical.NodeTestTask.lambda$executeRecursively$9(NodeTestTask.java:139)
	at org.junit.platform.engine.support.hierarchical.ThrowableCollector.execute(ThrowableCollector.java:73)
	at org.junit.platform.engine.support.hierarchical.NodeTestTask.executeRecursively(NodeTestTask.java:138)
	at org.junit.platform.engine.support.hierarchical.NodeTestTask.execute(NodeTestTask.java:95)
	at java.base/java.util.ArrayList.forEach(ArrayList.java:1511)
	at org.junit.platform.engine.support.hierarchical.SameThreadHierarchicalTestExecutorService.invokeAll(SameThreadHierarchicalTestExecutorService.java:41)
	at org.junit.platform.engine.support.hierarchical.NodeTestTask.lambda$executeRecursively$6(NodeTestTask.java:155)
	at org.junit.platform.engine.support.hierarchical.ThrowableCollector.execute(ThrowableCollector.java:73)
	at org.junit.platform.engine.support.hierarchical.NodeTestTask.lambda$executeRecursively$8(NodeTestTask.java:141)
	at org.junit.platform.engine.support.hierarchical.Node.around(Node.java:137)
	at org.junit.platform.engine.support.hierarchical.NodeTestTask.lambda$executeRecursively$9(NodeTestTask.java:139)
	at org.junit.platform.engine.support.hierarchical.ThrowableCollector.execute(ThrowableCollector.java:73)
	at org.junit.platform.engine.support.hierarchical.NodeTestTask.executeRecursively(NodeTestTask.java:138)
	at org.junit.platform.engine.support.hierarchical.NodeTestTask.execute(NodeTestTask.java:95)
	at java.base/java.util.ArrayList.forEach(ArrayList.java:1511)
	at org.junit.platform.engine.support.hierarchical.SameThreadHierarchicalTestExecutorService.invokeAll(SameThreadHierarchicalTestExecutorService.java:41)
	at org.junit.platform.engine.support.hierarchical.NodeTestTask.lambda$executeRecursively$6(NodeTestTask.java:155)
	at org.junit.platform.engine.support.hierarchical.ThrowableCollector.execute(ThrowableCollector.java:73)
	at org.junit.platform.engine.support.hierarchical.NodeTestTask.lambda$executeRecursively$8(NodeTestTask.java:141)
	at org.junit.platform.engine.support.hierarchical.Node.around(Node.java:137)
	at org.junit.platform.engine.support.hierarchical.NodeTestTask.lambda$executeRecursively$9(NodeTestTask.java:139)
	at org.junit.platform.engine.support.hierarchical.ThrowableCollector.execute(ThrowableCollector.java:73)
	at org.junit.platform.engine.support.hierarchical.NodeTestTask.executeRecursively(NodeTestTask.java:138)
	at org.junit.platform.engine.support.hierarchical.NodeTestTask.execute(NodeTestTask.java:95)
	at org.junit.platform.engine.support.hierarchical.SameThreadHierarchicalTestExecutorService.submit(SameThreadHierarchicalTestExecutorService.java:35)
	at org.junit.platform.engine.support.hierarchical.HierarchicalTestExecutor.execute(HierarchicalTestExecutor.java:57)
	at org.junit.platform.engine.support.hierarchical.HierarchicalTestEngine.execute(HierarchicalTestEngine.java:54)
	at org.junit.platform.launcher.core.EngineExecutionOrchestrator.execute(EngineExecutionOrchestrator.java:147)
	at org.junit.platform.launcher.core.EngineExecutionOrchestrator.execute(EngineExecutionOrchestrator.java:127)
	at org.junit.platform.launcher.core.EngineExecutionOrchestrator.execute(EngineExecutionOrchestrator.java:90)
	at org.junit.platform.launcher.core.EngineExecutionOrchestrator.lambda$execute$0(EngineExecutionOrchestrator.java:55)
	at org.junit.platform.launcher.core.EngineExecutionOrchestrator.withInterceptedStreams(EngineExecutionOrchestrator.java:102)
	at org.junit.platform.launcher.core.EngineExecutionOrchestrator.execute(EngineExecutionOrchestrator.java:54)
	at org.junit.platform.launcher.core.DefaultLauncher.execute(DefaultLauncher.java:114)
	at org.junit.platform.launcher.core.DefaultLauncher.execute(DefaultLauncher.java:86)
	at org.junit.platform.launcher.core.DefaultLauncherSession$DelegatingLauncher.execute(DefaultLauncherSession.java:86)
	at org.apache.maven.surefire.junitplatform.LazyLauncher.execute(LazyLauncher.java:55)
	at org.apache.maven.surefire.junitplatform.JUnitPlatformProvider.execute(JUnitPlatformProvider.java:223)
	at org.apache.maven.surefire.junitplatform.JUnitPlatformProvider.invokeAllTests(JUnitPlatformProvider.java:175)
	at org.apache.maven.surefire.junitplatform.JUnitPlatformProvider.invoke(JUnitPlatformProvider.java:139)
	at org.apache.maven.surefire.booter.ForkedBooter.runSuitesInProcess(ForkedBooter.java:456)
	at org.apache.maven.surefire.booter.ForkedBooter.execute(ForkedBooter.java:169)
	at org.apache.maven.surefire.booter.ForkedBooter.run(ForkedBooter.java:595)
	at org.apache.maven.surefire.booter.ForkedBooter.main(ForkedBooter.java:581)
]]></failure>
    <system-out><![CDATA[xxxxxxxA B ) AND ( C ORxxxxxxxA B C OR AND]]></system-out>
    <system-err><![CDATA[Oct 30, 2024 1:10:44 AM com.lazicode.workflow.expressions.LogicExpression <init>
INFO: Initializing LogicExpression with expression: A AND B OR C | Short-Circuit: true
Oct 30, 2024 1:10:44 AM com.lazicode.workflow.expressions.LogicExpression isValid
INFO: Expression is valid.
Oct 30, 2024 1:10:44 AM com.lazicode.workflow.expressions.LogicExpression <init>
INFO: LogicExpression initialized successfully.
Oct 30, 2024 1:10:44 AM com.lazicode.workflow.expressions.LogicExpression <init>
INFO: Initializing LogicExpression with expression: A AND ( B OR C ) | Short-Circuit: false
Oct 30, 2024 1:10:44 AM com.lazicode.workflow.expressions.LogicExpression isValid
INFO: Expression is valid.
Oct 30, 2024 1:10:44 AM com.lazicode.workflow.expressions.LogicExpression <init>
INFO: LogicExpression initialized successfully.
]]></system-err>
  </testcase>
  <testcase name="testCalculateUsesCachedResult" classname="com.lazicode.workflow.expressions.LogicExpressionShortCircuitEnabledTest" time="0">
    <error message="Mismatched parentheses." type="java.lang.IllegalArgumentException"><![CDATA[java.lang.IllegalArgumentException: Mismatched parentheses.
	at com.lazicode.workflow.expressions.LogicExpression.infixToPostfix(LogicExpression.java:303)
	at com.lazicode.workflow.expressions.LogicExpression.performCalculation(LogicExpression.java:233)
	at com.lazicode.workflow.expressions.Expression.calculate(Expression.java:71)
	at com.lazicode.workflow.expressions.LogicExpressionShortCircuitEnabledTest.testCalculateUsesCachedResult(LogicExpressionShortCircuitEnabledTest.java:430)
	at java.base/jdk.internal.reflect.NativeMethodAccessorImpl.invoke0(Native Method)
	at java.base/jdk.internal.reflect.NativeMethodAccessorImpl.invoke(NativeMethodAccessorImpl.java:77)
	at java.base/jdk.internal.reflect.DelegatingMethodAccessorImpl.invoke(DelegatingMethodAccessorImpl.java:43)
	at java.base/java.lang.reflect.Method.invoke(Method.java:569)
	at org.junit.platform.commons.util.ReflectionUtils.invokeMethod(ReflectionUtils.java:727)
	at org.junit.jupiter.engine.execution.MethodInvocation.proceed(MethodInvocation.java:60)
	at org.junit.jupiter.engine.execution.InvocationInterceptorChain$ValidatingInvocation.proceed(InvocationInterceptorChain.java:131)
	at org.junit.jupiter.engine.extension.TimeoutExtension.intercept(TimeoutExtension.java:156)
	at org.junit.jupiter.engine.extension.TimeoutExtension.interceptTestableMethod(TimeoutExtension.java:147)
	at org.junit.jupiter.engine.extension.TimeoutExtension.interceptTestMethod(TimeoutExtension.java:86)
	at org.junit.jupiter.engine.execution.InterceptingExecutableInvoker$ReflectiveInterceptorCall.lambda$ofVoidMethod$0(InterceptingExecutableInvoker.java:103)
	at org.junit.jupiter.engine.execution.InterceptingExecutableInvoker.lambda$invoke$0(InterceptingExecutableInvoker.java:93)
	at org.junit.jupiter.engine.execution.InvocationInterceptorChain$InterceptedInvocation.proceed(InvocationInterceptorChain.java:106)
	at org.junit.jupiter.engine.execution.InvocationInterceptorChain.proceed(InvocationInterceptorChain.java:64)
	at org.junit.jupiter.engine.execution.InvocationInterceptorChain.chainAndInvoke(InvocationInterceptorChain.java:45)
	at org.junit.jupiter.engine.execution.InvocationInterceptorChain.invoke(InvocationInterceptorChain.java:37)
	at org.junit.jupiter.engine.execution.InterceptingExecutableInvoker.invoke(InterceptingExecutableInvoker.java:92)
	at org.junit.jupiter.engine.execution.InterceptingExecutableInvoker.invoke(InterceptingExecutableInvoker.java:86)
	at org.junit.jupiter.engine.descriptor.TestMethodTestDescriptor.lambda$invokeTestMethod$7(TestMethodTestDescriptor.java:217)
	at org.junit.platform.engine.support.hierarchical.ThrowableCollector.execute(ThrowableCollector.java:73)
	at org.junit.jupiter.engine.descriptor.TestMethodTestDescriptor.invokeTestMethod(TestMethodTestDescriptor.java:213)
	at org.junit.jupiter.engine.descriptor.TestMethodTestDescriptor.execute(TestMethodTestDescriptor.java:138)
	at org.junit.jupiter.engine.descriptor.TestMethodTestDescriptor.execute(TestMethodTestDescriptor.java:68)
	at org.junit.platform.engine.support.hierarchical.NodeTestTask.lambda$executeRecursively$6(NodeTestTask.java:151)
	at org.junit.platform.engine.support.hierarchical.ThrowableCollector.execute(ThrowableCollector.java:73)
	at org.junit.platform.engine.support.hierarchical.NodeTestTask.lambda$executeRecursively$8(NodeTestTask.java:141)
	at org.junit.platform.engine.support.hierarchical.Node.around(Node.java:137)
	at org.junit.platform.engine.support.hierarchical.NodeTestTask.lambda$executeRecursively$9(NodeTestTask.java:139)
	at org.junit.platform.engine.support.hierarchical.ThrowableCollector.execute(ThrowableCollector.java:73)
	at org.junit.platform.engine.support.hierarchical.NodeTestTask.executeRecursively(NodeTestTask.java:138)
	at org.junit.platform.engine.support.hierarchical.NodeTestTask.execute(NodeTestTask.java:95)
	at java.base/java.util.ArrayList.forEach(ArrayList.java:1511)
	at org.junit.platform.engine.support.hierarchical.SameThreadHierarchicalTestExecutorService.invokeAll(SameThreadHierarchicalTestExecutorService.java:41)
	at org.junit.platform.engine.support.hierarchical.NodeTestTask.lambda$executeRecursively$6(NodeTestTask.java:155)
	at org.junit.platform.engine.support.hierarchical.ThrowableCollector.execute(ThrowableCollector.java:73)
	at org.junit.platform.engine.support.hierarchical.NodeTestTask.lambda$executeRecursively$8(NodeTestTask.java:141)
	at org.junit.platform.engine.support.hierarchical.Node.around(Node.java:137)
	at org.junit.platform.engine.support.hierarchical.NodeTestTask.lambda$executeRecursively$9(NodeTestTask.java:139)
	at org.junit.platform.engine.support.hierarchical.ThrowableCollector.execute(ThrowableCollector.java:73)
	at org.junit.platform.engine.support.hierarchical.NodeTestTask.executeRecursively(NodeTestTask.java:138)
	at org.junit.platform.engine.support.hierarchical.NodeTestTask.execute(NodeTestTask.java:95)
	at java.base/java.util.ArrayList.forEach(ArrayList.java:1511)
	at org.junit.platform.engine.support.hierarchical.SameThreadHierarchicalTestExecutorService.invokeAll(SameThreadHierarchicalTestExecutorService.java:41)
	at org.junit.platform.engine.support.hierarchical.NodeTestTask.lambda$executeRecursively$6(NodeTestTask.java:155)
	at org.junit.platform.engine.support.hierarchical.ThrowableCollector.execute(ThrowableCollector.java:73)
	at org.junit.platform.engine.support.hierarchical.NodeTestTask.lambda$executeRecursively$8(NodeTestTask.java:141)
	at org.junit.platform.engine.support.hierarchical.Node.around(Node.java:137)
	at org.junit.platform.engine.support.hierarchical.NodeTestTask.lambda$executeRecursively$9(NodeTestTask.java:139)
	at org.junit.platform.engine.support.hierarchical.ThrowableCollector.execute(ThrowableCollector.java:73)
	at org.junit.platform.engine.support.hierarchical.NodeTestTask.executeRecursively(NodeTestTask.java:138)
	at org.junit.platform.engine.support.hierarchical.NodeTestTask.execute(NodeTestTask.java:95)
	at org.junit.platform.engine.support.hierarchical.SameThreadHierarchicalTestExecutorService.submit(SameThreadHierarchicalTestExecutorService.java:35)
	at org.junit.platform.engine.support.hierarchical.HierarchicalTestExecutor.execute(HierarchicalTestExecutor.java:57)
	at org.junit.platform.engine.support.hierarchical.HierarchicalTestEngine.execute(HierarchicalTestEngine.java:54)
	at org.junit.platform.launcher.core.EngineExecutionOrchestrator.execute(EngineExecutionOrchestrator.java:147)
	at org.junit.platform.launcher.core.EngineExecutionOrchestrator.execute(EngineExecutionOrchestrator.java:127)
	at org.junit.platform.launcher.core.EngineExecutionOrchestrator.execute(EngineExecutionOrchestrator.java:90)
	at org.junit.platform.launcher.core.EngineExecutionOrchestrator.lambda$execute$0(EngineExecutionOrchestrator.java:55)
	at org.junit.platform.launcher.core.EngineExecutionOrchestrator.withInterceptedStreams(EngineExecutionOrchestrator.java:102)
	at org.junit.platform.launcher.core.EngineExecutionOrchestrator.execute(EngineExecutionOrchestrator.java:54)
	at org.junit.platform.launcher.core.DefaultLauncher.execute(DefaultLauncher.java:114)
	at org.junit.platform.launcher.core.DefaultLauncher.execute(DefaultLauncher.java:86)
	at org.junit.platform.launcher.core.DefaultLauncherSession$DelegatingLauncher.execute(DefaultLauncherSession.java:86)
	at org.apache.maven.surefire.junitplatform.LazyLauncher.execute(LazyLauncher.java:55)
	at org.apache.maven.surefire.junitplatform.JUnitPlatformProvider.execute(JUnitPlatformProvider.java:223)
	at org.apache.maven.surefire.junitplatform.JUnitPlatformProvider.invokeAllTests(JUnitPlatformProvider.java:175)
	at org.apache.maven.surefire.junitplatform.JUnitPlatformProvider.invoke(JUnitPlatformProvider.java:139)
	at org.apache.maven.surefire.booter.ForkedBooter.runSuitesInProcess(ForkedBooter.java:456)
	at org.apache.maven.surefire.booter.ForkedBooter.execute(ForkedBooter.java:169)
	at org.apache.maven.surefire.booter.ForkedBooter.run(ForkedBooter.java:595)
	at org.apache.maven.surefire.booter.ForkedBooter.main(ForkedBooter.java:581)
]]></error>
    <system-out><![CDATA[xxxxxxxA B ) AND ( C OR]]></system-out>
    <system-err><![CDATA[Oct 30, 2024 1:10:44 AM com.lazicode.workflow.expressions.LogicExpression <init>
INFO: Initializing LogicExpression with expression: A AND B OR C | Short-Circuit: true
Oct 30, 2024 1:10:44 AM com.lazicode.workflow.expressions.LogicExpression isValid
INFO: Expression is valid.
Oct 30, 2024 1:10:44 AM com.lazicode.workflow.expressions.LogicExpression <init>
INFO: LogicExpression initialized successfully.
]]></system-err>
  </testcase>
  <testcase name="testIsInvalidWithUnbalancedParentheses" classname="com.lazicode.workflow.expressions.LogicExpressionShortCircuitEnabledTest" time="0.001">
    <system-out><![CDATA[xxxxxxxA B ) AND ( C ORxxxxxxxA B ) AND ( C D AND ( OR (]]></system-out>
    <system-err><![CDATA[Oct 30, 2024 1:10:44 AM com.lazicode.workflow.expressions.LogicExpression <init>
INFO: Initializing LogicExpression with expression: A AND B OR C | Short-Circuit: true
Oct 30, 2024 1:10:44 AM com.lazicode.workflow.expressions.LogicExpression isValid
INFO: Expression is valid.
Oct 30, 2024 1:10:44 AM com.lazicode.workflow.expressions.LogicExpression <init>
INFO: LogicExpression initialized successfully.
Oct 30, 2024 1:10:44 AM com.lazicode.workflow.expressions.LogicExpression <init>
INFO: Initializing LogicExpression with expression: ( A AND B OR ( C AND D | Short-Circuit: false
Oct 30, 2024 1:10:44 AM com.lazicode.workflow.expressions.LogicExpression isValid
WARNING: Mismatched parentheses. Open parentheses count: 2
Oct 30, 2024 1:10:44 AM com.lazicode.workflow.expressions.LogicExpression <init>
SEVERE: Invalid logic expression: Mismatched parentheses. Open parentheses count: 2
]]></system-err>
  </testcase>
  <testcase name="testAllVariablesTrue" classname="com.lazicode.workflow.expressions.LogicExpressionShortCircuitEnabledTest" time="0.001">
    <error message="Mismatched parentheses." type="java.lang.IllegalArgumentException"><![CDATA[java.lang.IllegalArgumentException: Mismatched parentheses.
	at com.lazicode.workflow.expressions.LogicExpression.infixToPostfix(LogicExpression.java:303)
	at com.lazicode.workflow.expressions.LogicExpression.performCalculation(LogicExpression.java:233)
	at com.lazicode.workflow.expressions.Expression.calculate(Expression.java:71)
	at com.lazicode.workflow.expressions.LogicExpressionShortCircuitEnabledTest.testAllVariablesTrue(LogicExpressionShortCircuitEnabledTest.java:392)
	at java.base/jdk.internal.reflect.NativeMethodAccessorImpl.invoke0(Native Method)
	at java.base/jdk.internal.reflect.NativeMethodAccessorImpl.invoke(NativeMethodAccessorImpl.java:77)
	at java.base/jdk.internal.reflect.DelegatingMethodAccessorImpl.invoke(DelegatingMethodAccessorImpl.java:43)
	at java.base/java.lang.reflect.Method.invoke(Method.java:569)
	at org.junit.platform.commons.util.ReflectionUtils.invokeMethod(ReflectionUtils.java:727)
	at org.junit.jupiter.engine.execution.MethodInvocation.proceed(MethodInvocation.java:60)
	at org.junit.jupiter.engine.execution.InvocationInterceptorChain$ValidatingInvocation.proceed(InvocationInterceptorChain.java:131)
	at org.junit.jupiter.engine.extension.TimeoutExtension.intercept(TimeoutExtension.java:156)
	at org.junit.jupiter.engine.extension.TimeoutExtension.interceptTestableMethod(TimeoutExtension.java:147)
	at org.junit.jupiter.engine.extension.TimeoutExtension.interceptTestMethod(TimeoutExtension.java:86)
	at org.junit.jupiter.engine.execution.InterceptingExecutableInvoker$ReflectiveInterceptorCall.lambda$ofVoidMethod$0(InterceptingExecutableInvoker.java:103)
	at org.junit.jupiter.engine.execution.InterceptingExecutableInvoker.lambda$invoke$0(InterceptingExecutableInvoker.java:93)
	at org.junit.jupiter.engine.execution.InvocationInterceptorChain$InterceptedInvocation.proceed(InvocationInterceptorChain.java:106)
	at org.junit.jupiter.engine.execution.InvocationInterceptorChain.proceed(InvocationInterceptorChain.java:64)
	at org.junit.jupiter.engine.execution.InvocationInterceptorChain.chainAndInvoke(InvocationInterceptorChain.java:45)
	at org.junit.jupiter.engine.execution.InvocationInterceptorChain.invoke(InvocationInterceptorChain.java:37)
	at org.junit.jupiter.engine.execution.InterceptingExecutableInvoker.invoke(InterceptingExecutableInvoker.java:92)
	at org.junit.jupiter.engine.execution.InterceptingExecutableInvoker.invoke(InterceptingExecutableInvoker.java:86)
	at org.junit.jupiter.engine.descriptor.TestMethodTestDescriptor.lambda$invokeTestMethod$7(TestMethodTestDescriptor.java:217)
	at org.junit.platform.engine.support.hierarchical.ThrowableCollector.execute(ThrowableCollector.java:73)
	at org.junit.jupiter.engine.descriptor.TestMethodTestDescriptor.invokeTestMethod(TestMethodTestDescriptor.java:213)
	at org.junit.jupiter.engine.descriptor.TestMethodTestDescriptor.execute(TestMethodTestDescriptor.java:138)
	at org.junit.jupiter.engine.descriptor.TestMethodTestDescriptor.execute(TestMethodTestDescriptor.java:68)
	at org.junit.platform.engine.support.hierarchical.NodeTestTask.lambda$executeRecursively$6(NodeTestTask.java:151)
	at org.junit.platform.engine.support.hierarchical.ThrowableCollector.execute(ThrowableCollector.java:73)
	at org.junit.platform.engine.support.hierarchical.NodeTestTask.lambda$executeRecursively$8(NodeTestTask.java:141)
	at org.junit.platform.engine.support.hierarchical.Node.around(Node.java:137)
	at org.junit.platform.engine.support.hierarchical.NodeTestTask.lambda$executeRecursively$9(NodeTestTask.java:139)
	at org.junit.platform.engine.support.hierarchical.ThrowableCollector.execute(ThrowableCollector.java:73)
	at org.junit.platform.engine.support.hierarchical.NodeTestTask.executeRecursively(NodeTestTask.java:138)
	at org.junit.platform.engine.support.hierarchical.NodeTestTask.execute(NodeTestTask.java:95)
	at java.base/java.util.ArrayList.forEach(ArrayList.java:1511)
	at org.junit.platform.engine.support.hierarchical.SameThreadHierarchicalTestExecutorService.invokeAll(SameThreadHierarchicalTestExecutorService.java:41)
	at org.junit.platform.engine.support.hierarchical.NodeTestTask.lambda$executeRecursively$6(NodeTestTask.java:155)
	at org.junit.platform.engine.support.hierarchical.ThrowableCollector.execute(ThrowableCollector.java:73)
	at org.junit.platform.engine.support.hierarchical.NodeTestTask.lambda$executeRecursively$8(NodeTestTask.java:141)
	at org.junit.platform.engine.support.hierarchical.Node.around(Node.java:137)
	at org.junit.platform.engine.support.hierarchical.NodeTestTask.lambda$executeRecursively$9(NodeTestTask.java:139)
	at org.junit.platform.engine.support.hierarchical.ThrowableCollector.execute(ThrowableCollector.java:73)
	at org.junit.platform.engine.support.hierarchical.NodeTestTask.executeRecursively(NodeTestTask.java:138)
	at org.junit.platform.engine.support.hierarchical.NodeTestTask.execute(NodeTestTask.java:95)
	at java.base/java.util.ArrayList.forEach(ArrayList.java:1511)
	at org.junit.platform.engine.support.hierarchical.SameThreadHierarchicalTestExecutorService.invokeAll(SameThreadHierarchicalTestExecutorService.java:41)
	at org.junit.platform.engine.support.hierarchical.NodeTestTask.lambda$executeRecursively$6(NodeTestTask.java:155)
	at org.junit.platform.engine.support.hierarchical.ThrowableCollector.execute(ThrowableCollector.java:73)
	at org.junit.platform.engine.support.hierarchical.NodeTestTask.lambda$executeRecursively$8(NodeTestTask.java:141)
	at org.junit.platform.engine.support.hierarchical.Node.around(Node.java:137)
	at org.junit.platform.engine.support.hierarchical.NodeTestTask.lambda$executeRecursively$9(NodeTestTask.java:139)
	at org.junit.platform.engine.support.hierarchical.ThrowableCollector.execute(ThrowableCollector.java:73)
	at org.junit.platform.engine.support.hierarchical.NodeTestTask.executeRecursively(NodeTestTask.java:138)
	at org.junit.platform.engine.support.hierarchical.NodeTestTask.execute(NodeTestTask.java:95)
	at org.junit.platform.engine.support.hierarchical.SameThreadHierarchicalTestExecutorService.submit(SameThreadHierarchicalTestExecutorService.java:35)
	at org.junit.platform.engine.support.hierarchical.HierarchicalTestExecutor.execute(HierarchicalTestExecutor.java:57)
	at org.junit.platform.engine.support.hierarchical.HierarchicalTestEngine.execute(HierarchicalTestEngine.java:54)
	at org.junit.platform.launcher.core.EngineExecutionOrchestrator.execute(EngineExecutionOrchestrator.java:147)
	at org.junit.platform.launcher.core.EngineExecutionOrchestrator.execute(EngineExecutionOrchestrator.java:127)
	at org.junit.platform.launcher.core.EngineExecutionOrchestrator.execute(EngineExecutionOrchestrator.java:90)
	at org.junit.platform.launcher.core.EngineExecutionOrchestrator.lambda$execute$0(EngineExecutionOrchestrator.java:55)
	at org.junit.platform.launcher.core.EngineExecutionOrchestrator.withInterceptedStreams(EngineExecutionOrchestrator.java:102)
	at org.junit.platform.launcher.core.EngineExecutionOrchestrator.execute(EngineExecutionOrchestrator.java:54)
	at org.junit.platform.launcher.core.DefaultLauncher.execute(DefaultLauncher.java:114)
	at org.junit.platform.launcher.core.DefaultLauncher.execute(DefaultLauncher.java:86)
	at org.junit.platform.launcher.core.DefaultLauncherSession$DelegatingLauncher.execute(DefaultLauncherSession.java:86)
	at org.apache.maven.surefire.junitplatform.LazyLauncher.execute(LazyLauncher.java:55)
	at org.apache.maven.surefire.junitplatform.JUnitPlatformProvider.execute(JUnitPlatformProvider.java:223)
	at org.apache.maven.surefire.junitplatform.JUnitPlatformProvider.invokeAllTests(JUnitPlatformProvider.java:175)
	at org.apache.maven.surefire.junitplatform.JUnitPlatformProvider.invoke(JUnitPlatformProvider.java:139)
	at org.apache.maven.surefire.booter.ForkedBooter.runSuitesInProcess(ForkedBooter.java:456)
	at org.apache.maven.surefire.booter.ForkedBooter.execute(ForkedBooter.java:169)
	at org.apache.maven.surefire.booter.ForkedBooter.run(ForkedBooter.java:595)
	at org.apache.maven.surefire.booter.ForkedBooter.main(ForkedBooter.java:581)
]]></error>
    <system-out><![CDATA[xxxxxxxA B ) AND ( C ORxxxxxxxA B ) AND ( C D ) NAND ( ) OR ( E ) NOR ( F XNOR]]></system-out>
    <system-err><![CDATA[Oct 30, 2024 1:10:44 AM com.lazicode.workflow.expressions.LogicExpression <init>
INFO: Initializing LogicExpression with expression: A AND B OR C | Short-Circuit: true
Oct 30, 2024 1:10:44 AM com.lazicode.workflow.expressions.LogicExpression isValid
INFO: Expression is valid.
Oct 30, 2024 1:10:44 AM com.lazicode.workflow.expressions.LogicExpression <init>
INFO: LogicExpression initialized successfully.
Oct 30, 2024 1:10:44 AM com.lazicode.workflow.expressions.LogicExpression <init>
INFO: Initializing LogicExpression with expression: A AND B OR C NAND D NOR E XNOR F | Short-Circuit: false
Oct 30, 2024 1:10:44 AM com.lazicode.workflow.expressions.LogicExpression isValid
INFO: Expression is valid.
Oct 30, 2024 1:10:44 AM com.lazicode.workflow.expressions.LogicExpression <init>
INFO: LogicExpression initialized successfully.
]]></system-err>
  </testcase>
  <testcase name="testInvalidExpressionStartingWithOperator" classname="com.lazicode.workflow.expressions.LogicExpressionShortCircuitEnabledTest" time="0.002">
    <system-out><![CDATA[xxxxxxxA B ) AND ( C ORxxxxxxxA B AND OR]]></system-out>
    <system-err><![CDATA[Oct 30, 2024 1:10:44 AM com.lazicode.workflow.expressions.LogicExpression <init>
INFO: Initializing LogicExpression with expression: A AND B OR C | Short-Circuit: true
Oct 30, 2024 1:10:44 AM com.lazicode.workflow.expressions.LogicExpression isValid
INFO: Expression is valid.
Oct 30, 2024 1:10:44 AM com.lazicode.workflow.expressions.LogicExpression <init>
INFO: LogicExpression initialized successfully.
Oct 30, 2024 1:10:44 AM com.lazicode.workflow.expressions.LogicExpression <init>
INFO: Initializing LogicExpression with expression: OR A AND B | Short-Circuit: false
Oct 30, 2024 1:10:44 AM com.lazicode.workflow.expressions.LogicExpression isValid
WARNING: Invalid operator placement: OR after .
Oct 30, 2024 1:10:44 AM com.lazicode.workflow.expressions.LogicExpression <init>
SEVERE: Invalid logic expression: Invalid operator placement: OR after 
]]></system-err>
  </testcase>
  <testcase name="testCalculateCacheInvalidationOnMultipleVariableUpdates" classname="com.lazicode.workflow.expressions.LogicExpressionShortCircuitEnabledTest" time="0">
    <error message="Mismatched parentheses." type="java.lang.IllegalArgumentException"><![CDATA[java.lang.IllegalArgumentException: Mismatched parentheses.
	at com.lazicode.workflow.expressions.LogicExpression.infixToPostfix(LogicExpression.java:303)
	at com.lazicode.workflow.expressions.LogicExpression.performCalculation(LogicExpression.java:233)
	at com.lazicode.workflow.expressions.Expression.calculate(Expression.java:71)
	at com.lazicode.workflow.expressions.LogicExpressionShortCircuitEnabledTest.testCalculateCacheInvalidationOnMultipleVariableUpdates(LogicExpressionShortCircuitEnabledTest.java:456)
	at java.base/jdk.internal.reflect.NativeMethodAccessorImpl.invoke0(Native Method)
	at java.base/jdk.internal.reflect.NativeMethodAccessorImpl.invoke(NativeMethodAccessorImpl.java:77)
	at java.base/jdk.internal.reflect.DelegatingMethodAccessorImpl.invoke(DelegatingMethodAccessorImpl.java:43)
	at java.base/java.lang.reflect.Method.invoke(Method.java:569)
	at org.junit.platform.commons.util.ReflectionUtils.invokeMethod(ReflectionUtils.java:727)
	at org.junit.jupiter.engine.execution.MethodInvocation.proceed(MethodInvocation.java:60)
	at org.junit.jupiter.engine.execution.InvocationInterceptorChain$ValidatingInvocation.proceed(InvocationInterceptorChain.java:131)
	at org.junit.jupiter.engine.extension.TimeoutExtension.intercept(TimeoutExtension.java:156)
	at org.junit.jupiter.engine.extension.TimeoutExtension.interceptTestableMethod(TimeoutExtension.java:147)
	at org.junit.jupiter.engine.extension.TimeoutExtension.interceptTestMethod(TimeoutExtension.java:86)
	at org.junit.jupiter.engine.execution.InterceptingExecutableInvoker$ReflectiveInterceptorCall.lambda$ofVoidMethod$0(InterceptingExecutableInvoker.java:103)
	at org.junit.jupiter.engine.execution.InterceptingExecutableInvoker.lambda$invoke$0(InterceptingExecutableInvoker.java:93)
	at org.junit.jupiter.engine.execution.InvocationInterceptorChain$InterceptedInvocation.proceed(InvocationInterceptorChain.java:106)
	at org.junit.jupiter.engine.execution.InvocationInterceptorChain.proceed(InvocationInterceptorChain.java:64)
	at org.junit.jupiter.engine.execution.InvocationInterceptorChain.chainAndInvoke(InvocationInterceptorChain.java:45)
	at org.junit.jupiter.engine.execution.InvocationInterceptorChain.invoke(InvocationInterceptorChain.java:37)
	at org.junit.jupiter.engine.execution.InterceptingExecutableInvoker.invoke(InterceptingExecutableInvoker.java:92)
	at org.junit.jupiter.engine.execution.InterceptingExecutableInvoker.invoke(InterceptingExecutableInvoker.java:86)
	at org.junit.jupiter.engine.descriptor.TestMethodTestDescriptor.lambda$invokeTestMethod$7(TestMethodTestDescriptor.java:217)
	at org.junit.platform.engine.support.hierarchical.ThrowableCollector.execute(ThrowableCollector.java:73)
	at org.junit.jupiter.engine.descriptor.TestMethodTestDescriptor.invokeTestMethod(TestMethodTestDescriptor.java:213)
	at org.junit.jupiter.engine.descriptor.TestMethodTestDescriptor.execute(TestMethodTestDescriptor.java:138)
	at org.junit.jupiter.engine.descriptor.TestMethodTestDescriptor.execute(TestMethodTestDescriptor.java:68)
	at org.junit.platform.engine.support.hierarchical.NodeTestTask.lambda$executeRecursively$6(NodeTestTask.java:151)
	at org.junit.platform.engine.support.hierarchical.ThrowableCollector.execute(ThrowableCollector.java:73)
	at org.junit.platform.engine.support.hierarchical.NodeTestTask.lambda$executeRecursively$8(NodeTestTask.java:141)
	at org.junit.platform.engine.support.hierarchical.Node.around(Node.java:137)
	at org.junit.platform.engine.support.hierarchical.NodeTestTask.lambda$executeRecursively$9(NodeTestTask.java:139)
	at org.junit.platform.engine.support.hierarchical.ThrowableCollector.execute(ThrowableCollector.java:73)
	at org.junit.platform.engine.support.hierarchical.NodeTestTask.executeRecursively(NodeTestTask.java:138)
	at org.junit.platform.engine.support.hierarchical.NodeTestTask.execute(NodeTestTask.java:95)
	at java.base/java.util.ArrayList.forEach(ArrayList.java:1511)
	at org.junit.platform.engine.support.hierarchical.SameThreadHierarchicalTestExecutorService.invokeAll(SameThreadHierarchicalTestExecutorService.java:41)
	at org.junit.platform.engine.support.hierarchical.NodeTestTask.lambda$executeRecursively$6(NodeTestTask.java:155)
	at org.junit.platform.engine.support.hierarchical.ThrowableCollector.execute(ThrowableCollector.java:73)
	at org.junit.platform.engine.support.hierarchical.NodeTestTask.lambda$executeRecursively$8(NodeTestTask.java:141)
	at org.junit.platform.engine.support.hierarchical.Node.around(Node.java:137)
	at org.junit.platform.engine.support.hierarchical.NodeTestTask.lambda$executeRecursively$9(NodeTestTask.java:139)
	at org.junit.platform.engine.support.hierarchical.ThrowableCollector.execute(ThrowableCollector.java:73)
	at org.junit.platform.engine.support.hierarchical.NodeTestTask.executeRecursively(NodeTestTask.java:138)
	at org.junit.platform.engine.support.hierarchical.NodeTestTask.execute(NodeTestTask.java:95)
	at java.base/java.util.ArrayList.forEach(ArrayList.java:1511)
	at org.junit.platform.engine.support.hierarchical.SameThreadHierarchicalTestExecutorService.invokeAll(SameThreadHierarchicalTestExecutorService.java:41)
	at org.junit.platform.engine.support.hierarchical.NodeTestTask.lambda$executeRecursively$6(NodeTestTask.java:155)
	at org.junit.platform.engine.support.hierarchical.ThrowableCollector.execute(ThrowableCollector.java:73)
	at org.junit.platform.engine.support.hierarchical.NodeTestTask.lambda$executeRecursively$8(NodeTestTask.java:141)
	at org.junit.platform.engine.support.hierarchical.Node.around(Node.java:137)
	at org.junit.platform.engine.support.hierarchical.NodeTestTask.lambda$executeRecursively$9(NodeTestTask.java:139)
	at org.junit.platform.engine.support.hierarchical.ThrowableCollector.execute(ThrowableCollector.java:73)
	at org.junit.platform.engine.support.hierarchical.NodeTestTask.executeRecursively(NodeTestTask.java:138)
	at org.junit.platform.engine.support.hierarchical.NodeTestTask.execute(NodeTestTask.java:95)
	at org.junit.platform.engine.support.hierarchical.SameThreadHierarchicalTestExecutorService.submit(SameThreadHierarchicalTestExecutorService.java:35)
	at org.junit.platform.engine.support.hierarchical.HierarchicalTestExecutor.execute(HierarchicalTestExecutor.java:57)
	at org.junit.platform.engine.support.hierarchical.HierarchicalTestEngine.execute(HierarchicalTestEngine.java:54)
	at org.junit.platform.launcher.core.EngineExecutionOrchestrator.execute(EngineExecutionOrchestrator.java:147)
	at org.junit.platform.launcher.core.EngineExecutionOrchestrator.execute(EngineExecutionOrchestrator.java:127)
	at org.junit.platform.launcher.core.EngineExecutionOrchestrator.execute(EngineExecutionOrchestrator.java:90)
	at org.junit.platform.launcher.core.EngineExecutionOrchestrator.lambda$execute$0(EngineExecutionOrchestrator.java:55)
	at org.junit.platform.launcher.core.EngineExecutionOrchestrator.withInterceptedStreams(EngineExecutionOrchestrator.java:102)
	at org.junit.platform.launcher.core.EngineExecutionOrchestrator.execute(EngineExecutionOrchestrator.java:54)
	at org.junit.platform.launcher.core.DefaultLauncher.execute(DefaultLauncher.java:114)
	at org.junit.platform.launcher.core.DefaultLauncher.execute(DefaultLauncher.java:86)
	at org.junit.platform.launcher.core.DefaultLauncherSession$DelegatingLauncher.execute(DefaultLauncherSession.java:86)
	at org.apache.maven.surefire.junitplatform.LazyLauncher.execute(LazyLauncher.java:55)
	at org.apache.maven.surefire.junitplatform.JUnitPlatformProvider.execute(JUnitPlatformProvider.java:223)
	at org.apache.maven.surefire.junitplatform.JUnitPlatformProvider.invokeAllTests(JUnitPlatformProvider.java:175)
	at org.apache.maven.surefire.junitplatform.JUnitPlatformProvider.invoke(JUnitPlatformProvider.java:139)
	at org.apache.maven.surefire.booter.ForkedBooter.runSuitesInProcess(ForkedBooter.java:456)
	at org.apache.maven.surefire.booter.ForkedBooter.execute(ForkedBooter.java:169)
	at org.apache.maven.surefire.booter.ForkedBooter.run(ForkedBooter.java:595)
	at org.apache.maven.surefire.booter.ForkedBooter.main(ForkedBooter.java:581)
]]></error>
    <system-out><![CDATA[xxxxxxxA B ) AND ( C OR]]></system-out>
    <system-err><![CDATA[Oct 30, 2024 1:10:44 AM com.lazicode.workflow.expressions.LogicExpression <init>
INFO: Initializing LogicExpression with expression: A AND B OR C | Short-Circuit: true
Oct 30, 2024 1:10:44 AM com.lazicode.workflow.expressions.LogicExpression isValid
INFO: Expression is valid.
Oct 30, 2024 1:10:44 AM com.lazicode.workflow.expressions.LogicExpression <init>
INFO: LogicExpression initialized successfully.
]]></system-err>
  </testcase>
  <testcase name="testCalculateCacheInvalidationOnVariableUpdate" classname="com.lazicode.workflow.expressions.LogicExpressionShortCircuitEnabledTest" time="0">
    <error message="Mismatched parentheses." type="java.lang.IllegalArgumentException"><![CDATA[java.lang.IllegalArgumentException: Mismatched parentheses.
	at com.lazicode.workflow.expressions.LogicExpression.infixToPostfix(LogicExpression.java:303)
	at com.lazicode.workflow.expressions.LogicExpression.performCalculation(LogicExpression.java:233)
	at com.lazicode.workflow.expressions.Expression.calculate(Expression.java:71)
	at com.lazicode.workflow.expressions.LogicExpressionShortCircuitEnabledTest.testCalculateCacheInvalidationOnVariableUpdate(LogicExpressionShortCircuitEnabledTest.java:441)
	at java.base/jdk.internal.reflect.NativeMethodAccessorImpl.invoke0(Native Method)
	at java.base/jdk.internal.reflect.NativeMethodAccessorImpl.invoke(NativeMethodAccessorImpl.java:77)
	at java.base/jdk.internal.reflect.DelegatingMethodAccessorImpl.invoke(DelegatingMethodAccessorImpl.java:43)
	at java.base/java.lang.reflect.Method.invoke(Method.java:569)
	at org.junit.platform.commons.util.ReflectionUtils.invokeMethod(ReflectionUtils.java:727)
	at org.junit.jupiter.engine.execution.MethodInvocation.proceed(MethodInvocation.java:60)
	at org.junit.jupiter.engine.execution.InvocationInterceptorChain$ValidatingInvocation.proceed(InvocationInterceptorChain.java:131)
	at org.junit.jupiter.engine.extension.TimeoutExtension.intercept(TimeoutExtension.java:156)
	at org.junit.jupiter.engine.extension.TimeoutExtension.interceptTestableMethod(TimeoutExtension.java:147)
	at org.junit.jupiter.engine.extension.TimeoutExtension.interceptTestMethod(TimeoutExtension.java:86)
	at org.junit.jupiter.engine.execution.InterceptingExecutableInvoker$ReflectiveInterceptorCall.lambda$ofVoidMethod$0(InterceptingExecutableInvoker.java:103)
	at org.junit.jupiter.engine.execution.InterceptingExecutableInvoker.lambda$invoke$0(InterceptingExecutableInvoker.java:93)
	at org.junit.jupiter.engine.execution.InvocationInterceptorChain$InterceptedInvocation.proceed(InvocationInterceptorChain.java:106)
	at org.junit.jupiter.engine.execution.InvocationInterceptorChain.proceed(InvocationInterceptorChain.java:64)
	at org.junit.jupiter.engine.execution.InvocationInterceptorChain.chainAndInvoke(InvocationInterceptorChain.java:45)
	at org.junit.jupiter.engine.execution.InvocationInterceptorChain.invoke(InvocationInterceptorChain.java:37)
	at org.junit.jupiter.engine.execution.InterceptingExecutableInvoker.invoke(InterceptingExecutableInvoker.java:92)
	at org.junit.jupiter.engine.execution.InterceptingExecutableInvoker.invoke(InterceptingExecutableInvoker.java:86)
	at org.junit.jupiter.engine.descriptor.TestMethodTestDescriptor.lambda$invokeTestMethod$7(TestMethodTestDescriptor.java:217)
	at org.junit.platform.engine.support.hierarchical.ThrowableCollector.execute(ThrowableCollector.java:73)
	at org.junit.jupiter.engine.descriptor.TestMethodTestDescriptor.invokeTestMethod(TestMethodTestDescriptor.java:213)
	at org.junit.jupiter.engine.descriptor.TestMethodTestDescriptor.execute(TestMethodTestDescriptor.java:138)
	at org.junit.jupiter.engine.descriptor.TestMethodTestDescriptor.execute(TestMethodTestDescriptor.java:68)
	at org.junit.platform.engine.support.hierarchical.NodeTestTask.lambda$executeRecursively$6(NodeTestTask.java:151)
	at org.junit.platform.engine.support.hierarchical.ThrowableCollector.execute(ThrowableCollector.java:73)
	at org.junit.platform.engine.support.hierarchical.NodeTestTask.lambda$executeRecursively$8(NodeTestTask.java:141)
	at org.junit.platform.engine.support.hierarchical.Node.around(Node.java:137)
	at org.junit.platform.engine.support.hierarchical.NodeTestTask.lambda$executeRecursively$9(NodeTestTask.java:139)
	at org.junit.platform.engine.support.hierarchical.ThrowableCollector.execute(ThrowableCollector.java:73)
	at org.junit.platform.engine.support.hierarchical.NodeTestTask.executeRecursively(NodeTestTask.java:138)
	at org.junit.platform.engine.support.hierarchical.NodeTestTask.execute(NodeTestTask.java:95)
	at java.base/java.util.ArrayList.forEach(ArrayList.java:1511)
	at org.junit.platform.engine.support.hierarchical.SameThreadHierarchicalTestExecutorService.invokeAll(SameThreadHierarchicalTestExecutorService.java:41)
	at org.junit.platform.engine.support.hierarchical.NodeTestTask.lambda$executeRecursively$6(NodeTestTask.java:155)
	at org.junit.platform.engine.support.hierarchical.ThrowableCollector.execute(ThrowableCollector.java:73)
	at org.junit.platform.engine.support.hierarchical.NodeTestTask.lambda$executeRecursively$8(NodeTestTask.java:141)
	at org.junit.platform.engine.support.hierarchical.Node.around(Node.java:137)
	at org.junit.platform.engine.support.hierarchical.NodeTestTask.lambda$executeRecursively$9(NodeTestTask.java:139)
	at org.junit.platform.engine.support.hierarchical.ThrowableCollector.execute(ThrowableCollector.java:73)
	at org.junit.platform.engine.support.hierarchical.NodeTestTask.executeRecursively(NodeTestTask.java:138)
	at org.junit.platform.engine.support.hierarchical.NodeTestTask.execute(NodeTestTask.java:95)
	at java.base/java.util.ArrayList.forEach(ArrayList.java:1511)
	at org.junit.platform.engine.support.hierarchical.SameThreadHierarchicalTestExecutorService.invokeAll(SameThreadHierarchicalTestExecutorService.java:41)
	at org.junit.platform.engine.support.hierarchical.NodeTestTask.lambda$executeRecursively$6(NodeTestTask.java:155)
	at org.junit.platform.engine.support.hierarchical.ThrowableCollector.execute(ThrowableCollector.java:73)
	at org.junit.platform.engine.support.hierarchical.NodeTestTask.lambda$executeRecursively$8(NodeTestTask.java:141)
	at org.junit.platform.engine.support.hierarchical.Node.around(Node.java:137)
	at org.junit.platform.engine.support.hierarchical.NodeTestTask.lambda$executeRecursively$9(NodeTestTask.java:139)
	at org.junit.platform.engine.support.hierarchical.ThrowableCollector.execute(ThrowableCollector.java:73)
	at org.junit.platform.engine.support.hierarchical.NodeTestTask.executeRecursively(NodeTestTask.java:138)
	at org.junit.platform.engine.support.hierarchical.NodeTestTask.execute(NodeTestTask.java:95)
	at org.junit.platform.engine.support.hierarchical.SameThreadHierarchicalTestExecutorService.submit(SameThreadHierarchicalTestExecutorService.java:35)
	at org.junit.platform.engine.support.hierarchical.HierarchicalTestExecutor.execute(HierarchicalTestExecutor.java:57)
	at org.junit.platform.engine.support.hierarchical.HierarchicalTestEngine.execute(HierarchicalTestEngine.java:54)
	at org.junit.platform.launcher.core.EngineExecutionOrchestrator.execute(EngineExecutionOrchestrator.java:147)
	at org.junit.platform.launcher.core.EngineExecutionOrchestrator.execute(EngineExecutionOrchestrator.java:127)
	at org.junit.platform.launcher.core.EngineExecutionOrchestrator.execute(EngineExecutionOrchestrator.java:90)
	at org.junit.platform.launcher.core.EngineExecutionOrchestrator.lambda$execute$0(EngineExecutionOrchestrator.java:55)
	at org.junit.platform.launcher.core.EngineExecutionOrchestrator.withInterceptedStreams(EngineExecutionOrchestrator.java:102)
	at org.junit.platform.launcher.core.EngineExecutionOrchestrator.execute(EngineExecutionOrchestrator.java:54)
	at org.junit.platform.launcher.core.DefaultLauncher.execute(DefaultLauncher.java:114)
	at org.junit.platform.launcher.core.DefaultLauncher.execute(DefaultLauncher.java:86)
	at org.junit.platform.launcher.core.DefaultLauncherSession$DelegatingLauncher.execute(DefaultLauncherSession.java:86)
	at org.apache.maven.surefire.junitplatform.LazyLauncher.execute(LazyLauncher.java:55)
	at org.apache.maven.surefire.junitplatform.JUnitPlatformProvider.execute(JUnitPlatformProvider.java:223)
	at org.apache.maven.surefire.junitplatform.JUnitPlatformProvider.invokeAllTests(JUnitPlatformProvider.java:175)
	at org.apache.maven.surefire.junitplatform.JUnitPlatformProvider.invoke(JUnitPlatformProvider.java:139)
	at org.apache.maven.surefire.booter.ForkedBooter.runSuitesInProcess(ForkedBooter.java:456)
	at org.apache.maven.surefire.booter.ForkedBooter.execute(ForkedBooter.java:169)
	at org.apache.maven.surefire.booter.ForkedBooter.run(ForkedBooter.java:595)
	at org.apache.maven.surefire.booter.ForkedBooter.main(ForkedBooter.java:581)
]]></error>
    <system-out><![CDATA[xxxxxxxA B ) AND ( C OR]]></system-out>
    <system-err><![CDATA[Oct 30, 2024 1:10:44 AM com.lazicode.workflow.expressions.LogicExpression <init>
INFO: Initializing LogicExpression with expression: A AND B OR C | Short-Circuit: true
Oct 30, 2024 1:10:44 AM com.lazicode.workflow.expressions.LogicExpression isValid
INFO: Expression is valid.
Oct 30, 2024 1:10:44 AM com.lazicode.workflow.expressions.LogicExpression <init>
INFO: LogicExpression initialized successfully.
]]></system-err>
  </testcase>
  <testcase name="testAndOperator" classname="com.lazicode.workflow.expressions.LogicExpressionShortCircuitEnabledTest" time="0">
    <system-out><![CDATA[xxxxxxxA B ) AND ( C ORxxxxxxxTRUE TRUE ANDxxxxxxxTRUE FALSE AND]]></system-out>
    <system-err><![CDATA[Oct 30, 2024 1:10:44 AM com.lazicode.workflow.expressions.LogicExpression <init>
INFO: Initializing LogicExpression with expression: A AND B OR C | Short-Circuit: true
Oct 30, 2024 1:10:44 AM com.lazicode.workflow.expressions.LogicExpression isValid
INFO: Expression is valid.
Oct 30, 2024 1:10:44 AM com.lazicode.workflow.expressions.LogicExpression <init>
INFO: LogicExpression initialized successfully.
Oct 30, 2024 1:10:44 AM com.lazicode.workflow.expressions.LogicExpression <init>
INFO: Initializing LogicExpression with expression: TRUE AND TRUE | Short-Circuit: false
Oct 30, 2024 1:10:44 AM com.lazicode.workflow.expressions.LogicExpression isValid
INFO: Expression is valid.
Oct 30, 2024 1:10:44 AM com.lazicode.workflow.expressions.LogicExpression <init>
INFO: LogicExpression initialized successfully.
Oct 30, 2024 1:10:44 AM com.lazicode.workflow.expressions.LogicExpression <init>
INFO: Initializing LogicExpression with expression: TRUE AND FALSE | Short-Circuit: false
Oct 30, 2024 1:10:44 AM com.lazicode.workflow.expressions.LogicExpression isValid
INFO: Expression is valid.
Oct 30, 2024 1:10:44 AM com.lazicode.workflow.expressions.LogicExpression <init>
INFO: LogicExpression initialized successfully.
]]></system-err>
  </testcase>
  <testcase name="testShortCircuitOr" classname="com.lazicode.workflow.expressions.LogicExpressionShortCircuitEnabledTest" time="0.001">
    <system-out><![CDATA[xxxxxxxA B ) AND ( C ORxxxxxxxTRUE FALSE ORxxxxxxxA B OR]]></system-out>
    <system-err><![CDATA[Oct 30, 2024 1:10:44 AM com.lazicode.workflow.expressions.LogicExpression <init>
INFO: Initializing LogicExpression with expression: A AND B OR C | Short-Circuit: true
Oct 30, 2024 1:10:44 AM com.lazicode.workflow.expressions.LogicExpression isValid
INFO: Expression is valid.
Oct 30, 2024 1:10:44 AM com.lazicode.workflow.expressions.LogicExpression <init>
INFO: LogicExpression initialized successfully.
Oct 30, 2024 1:10:44 AM com.lazicode.workflow.expressions.LogicExpression <init>
INFO: Initializing LogicExpression with expression: TRUE OR FALSE | Short-Circuit: true
Oct 30, 2024 1:10:44 AM com.lazicode.workflow.expressions.LogicExpression isValid
INFO: Expression is valid.
Oct 30, 2024 1:10:44 AM com.lazicode.workflow.expressions.LogicExpression <init>
INFO: LogicExpression initialized successfully.
Oct 30, 2024 1:10:44 AM com.lazicode.workflow.expressions.LogicExpression <init>
INFO: Initializing LogicExpression with expression: A OR B | Short-Circuit: true
Oct 30, 2024 1:10:44 AM com.lazicode.workflow.expressions.LogicExpression isValid
INFO: Expression is valid.
Oct 30, 2024 1:10:44 AM com.lazicode.workflow.expressions.LogicExpression <init>
INFO: LogicExpression initialized successfully.
]]></system-err>
  </testcase>
  <testcase name="testOperatorPrecedenceWithoutParentheses" classname="com.lazicode.workflow.expressions.LogicExpressionShortCircuitEnabledTest" time="0.001">
    <error message="Mismatched parentheses." type="java.lang.IllegalArgumentException"><![CDATA[java.lang.IllegalArgumentException: Mismatched parentheses.
	at com.lazicode.workflow.expressions.LogicExpression.infixToPostfix(LogicExpression.java:303)
	at com.lazicode.workflow.expressions.LogicExpression.performCalculation(LogicExpression.java:233)
	at com.lazicode.workflow.expressions.Expression.calculate(Expression.java:71)
	at com.lazicode.workflow.expressions.LogicExpressionShortCircuitEnabledTest.testOperatorPrecedenceWithoutParentheses(LogicExpressionShortCircuitEnabledTest.java:530)
	at java.base/jdk.internal.reflect.NativeMethodAccessorImpl.invoke0(Native Method)
	at java.base/jdk.internal.reflect.NativeMethodAccessorImpl.invoke(NativeMethodAccessorImpl.java:77)
	at java.base/jdk.internal.reflect.DelegatingMethodAccessorImpl.invoke(DelegatingMethodAccessorImpl.java:43)
	at java.base/java.lang.reflect.Method.invoke(Method.java:569)
	at org.junit.platform.commons.util.ReflectionUtils.invokeMethod(ReflectionUtils.java:727)
	at org.junit.jupiter.engine.execution.MethodInvocation.proceed(MethodInvocation.java:60)
	at org.junit.jupiter.engine.execution.InvocationInterceptorChain$ValidatingInvocation.proceed(InvocationInterceptorChain.java:131)
	at org.junit.jupiter.engine.extension.TimeoutExtension.intercept(TimeoutExtension.java:156)
	at org.junit.jupiter.engine.extension.TimeoutExtension.interceptTestableMethod(TimeoutExtension.java:147)
	at org.junit.jupiter.engine.extension.TimeoutExtension.interceptTestMethod(TimeoutExtension.java:86)
	at org.junit.jupiter.engine.execution.InterceptingExecutableInvoker$ReflectiveInterceptorCall.lambda$ofVoidMethod$0(InterceptingExecutableInvoker.java:103)
	at org.junit.jupiter.engine.execution.InterceptingExecutableInvoker.lambda$invoke$0(InterceptingExecutableInvoker.java:93)
	at org.junit.jupiter.engine.execution.InvocationInterceptorChain$InterceptedInvocation.proceed(InvocationInterceptorChain.java:106)
	at org.junit.jupiter.engine.execution.InvocationInterceptorChain.proceed(InvocationInterceptorChain.java:64)
	at org.junit.jupiter.engine.execution.InvocationInterceptorChain.chainAndInvoke(InvocationInterceptorChain.java:45)
	at org.junit.jupiter.engine.execution.InvocationInterceptorChain.invoke(InvocationInterceptorChain.java:37)
	at org.junit.jupiter.engine.execution.InterceptingExecutableInvoker.invoke(InterceptingExecutableInvoker.java:92)
	at org.junit.jupiter.engine.execution.InterceptingExecutableInvoker.invoke(InterceptingExecutableInvoker.java:86)
	at org.junit.jupiter.engine.descriptor.TestMethodTestDescriptor.lambda$invokeTestMethod$7(TestMethodTestDescriptor.java:217)
	at org.junit.platform.engine.support.hierarchical.ThrowableCollector.execute(ThrowableCollector.java:73)
	at org.junit.jupiter.engine.descriptor.TestMethodTestDescriptor.invokeTestMethod(TestMethodTestDescriptor.java:213)
	at org.junit.jupiter.engine.descriptor.TestMethodTestDescriptor.execute(TestMethodTestDescriptor.java:138)
	at org.junit.jupiter.engine.descriptor.TestMethodTestDescriptor.execute(TestMethodTestDescriptor.java:68)
	at org.junit.platform.engine.support.hierarchical.NodeTestTask.lambda$executeRecursively$6(NodeTestTask.java:151)
	at org.junit.platform.engine.support.hierarchical.ThrowableCollector.execute(ThrowableCollector.java:73)
	at org.junit.platform.engine.support.hierarchical.NodeTestTask.lambda$executeRecursively$8(NodeTestTask.java:141)
	at org.junit.platform.engine.support.hierarchical.Node.around(Node.java:137)
	at org.junit.platform.engine.support.hierarchical.NodeTestTask.lambda$executeRecursively$9(NodeTestTask.java:139)
	at org.junit.platform.engine.support.hierarchical.ThrowableCollector.execute(ThrowableCollector.java:73)
	at org.junit.platform.engine.support.hierarchical.NodeTestTask.executeRecursively(NodeTestTask.java:138)
	at org.junit.platform.engine.support.hierarchical.NodeTestTask.execute(NodeTestTask.java:95)
	at java.base/java.util.ArrayList.forEach(ArrayList.java:1511)
	at org.junit.platform.engine.support.hierarchical.SameThreadHierarchicalTestExecutorService.invokeAll(SameThreadHierarchicalTestExecutorService.java:41)
	at org.junit.platform.engine.support.hierarchical.NodeTestTask.lambda$executeRecursively$6(NodeTestTask.java:155)
	at org.junit.platform.engine.support.hierarchical.ThrowableCollector.execute(ThrowableCollector.java:73)
	at org.junit.platform.engine.support.hierarchical.NodeTestTask.lambda$executeRecursively$8(NodeTestTask.java:141)
	at org.junit.platform.engine.support.hierarchical.Node.around(Node.java:137)
	at org.junit.platform.engine.support.hierarchical.NodeTestTask.lambda$executeRecursively$9(NodeTestTask.java:139)
	at org.junit.platform.engine.support.hierarchical.ThrowableCollector.execute(ThrowableCollector.java:73)
	at org.junit.platform.engine.support.hierarchical.NodeTestTask.executeRecursively(NodeTestTask.java:138)
	at org.junit.platform.engine.support.hierarchical.NodeTestTask.execute(NodeTestTask.java:95)
	at java.base/java.util.ArrayList.forEach(ArrayList.java:1511)
	at org.junit.platform.engine.support.hierarchical.SameThreadHierarchicalTestExecutorService.invokeAll(SameThreadHierarchicalTestExecutorService.java:41)
	at org.junit.platform.engine.support.hierarchical.NodeTestTask.lambda$executeRecursively$6(NodeTestTask.java:155)
	at org.junit.platform.engine.support.hierarchical.ThrowableCollector.execute(ThrowableCollector.java:73)
	at org.junit.platform.engine.support.hierarchical.NodeTestTask.lambda$executeRecursively$8(NodeTestTask.java:141)
	at org.junit.platform.engine.support.hierarchical.Node.around(Node.java:137)
	at org.junit.platform.engine.support.hierarchical.NodeTestTask.lambda$executeRecursively$9(NodeTestTask.java:139)
	at org.junit.platform.engine.support.hierarchical.ThrowableCollector.execute(ThrowableCollector.java:73)
	at org.junit.platform.engine.support.hierarchical.NodeTestTask.executeRecursively(NodeTestTask.java:138)
	at org.junit.platform.engine.support.hierarchical.NodeTestTask.execute(NodeTestTask.java:95)
	at org.junit.platform.engine.support.hierarchical.SameThreadHierarchicalTestExecutorService.submit(SameThreadHierarchicalTestExecutorService.java:35)
	at org.junit.platform.engine.support.hierarchical.HierarchicalTestExecutor.execute(HierarchicalTestExecutor.java:57)
	at org.junit.platform.engine.support.hierarchical.HierarchicalTestEngine.execute(HierarchicalTestEngine.java:54)
	at org.junit.platform.launcher.core.EngineExecutionOrchestrator.execute(EngineExecutionOrchestrator.java:147)
	at org.junit.platform.launcher.core.EngineExecutionOrchestrator.execute(EngineExecutionOrchestrator.java:127)
	at org.junit.platform.launcher.core.EngineExecutionOrchestrator.execute(EngineExecutionOrchestrator.java:90)
	at org.junit.platform.launcher.core.EngineExecutionOrchestrator.lambda$execute$0(EngineExecutionOrchestrator.java:55)
	at org.junit.platform.launcher.core.EngineExecutionOrchestrator.withInterceptedStreams(EngineExecutionOrchestrator.java:102)
	at org.junit.platform.launcher.core.EngineExecutionOrchestrator.execute(EngineExecutionOrchestrator.java:54)
	at org.junit.platform.launcher.core.DefaultLauncher.execute(DefaultLauncher.java:114)
	at org.junit.platform.launcher.core.DefaultLauncher.execute(DefaultLauncher.java:86)
	at org.junit.platform.launcher.core.DefaultLauncherSession$DelegatingLauncher.execute(DefaultLauncherSession.java:86)
	at org.apache.maven.surefire.junitplatform.LazyLauncher.execute(LazyLauncher.java:55)
	at org.apache.maven.surefire.junitplatform.JUnitPlatformProvider.execute(JUnitPlatformProvider.java:223)
	at org.apache.maven.surefire.junitplatform.JUnitPlatformProvider.invokeAllTests(JUnitPlatformProvider.java:175)
	at org.apache.maven.surefire.junitplatform.JUnitPlatformProvider.invoke(JUnitPlatformProvider.java:139)
	at org.apache.maven.surefire.booter.ForkedBooter.runSuitesInProcess(ForkedBooter.java:456)
	at org.apache.maven.surefire.booter.ForkedBooter.execute(ForkedBooter.java:169)
	at org.apache.maven.surefire.booter.ForkedBooter.run(ForkedBooter.java:595)
	at org.apache.maven.surefire.booter.ForkedBooter.main(ForkedBooter.java:581)
]]></error>
    <system-out><![CDATA[xxxxxxxA B ) AND ( C ORxxxxxxxA B ) AND ( C OR]]></system-out>
    <system-err><![CDATA[Oct 30, 2024 1:10:44 AM com.lazicode.workflow.expressions.LogicExpression <init>
INFO: Initializing LogicExpression with expression: A AND B OR C | Short-Circuit: true
Oct 30, 2024 1:10:44 AM com.lazicode.workflow.expressions.LogicExpression isValid
INFO: Expression is valid.
Oct 30, 2024 1:10:44 AM com.lazicode.workflow.expressions.LogicExpression <init>
INFO: LogicExpression initialized successfully.
Oct 30, 2024 1:10:44 AM com.lazicode.workflow.expressions.LogicExpression <init>
INFO: Initializing LogicExpression with expression: A AND B OR C | Short-Circuit: false
Oct 30, 2024 1:10:44 AM com.lazicode.workflow.expressions.LogicExpression isValid
INFO: Expression is valid.
Oct 30, 2024 1:10:44 AM com.lazicode.workflow.expressions.LogicExpression <init>
INFO: LogicExpression initialized successfully.
]]></system-err>
  </testcase>
  <testcase name="testExpressionWithMultipleNotOperators" classname="com.lazicode.workflow.expressions.LogicExpressionShortCircuitEnabledTest" time="0">
    <error message="Mismatched parentheses." type="java.lang.IllegalArgumentException"><![CDATA[java.lang.IllegalArgumentException: Mismatched parentheses.
	at com.lazicode.workflow.expressions.LogicExpression.infixToPostfix(LogicExpression.java:303)
	at com.lazicode.workflow.expressions.LogicExpression.performCalculation(LogicExpression.java:233)
	at com.lazicode.workflow.expressions.Expression.calculate(Expression.java:71)
	at com.lazicode.workflow.expressions.LogicExpressionShortCircuitEnabledTest.testExpressionWithMultipleNotOperators(LogicExpressionShortCircuitEnabledTest.java:491)
	at java.base/jdk.internal.reflect.NativeMethodAccessorImpl.invoke0(Native Method)
	at java.base/jdk.internal.reflect.NativeMethodAccessorImpl.invoke(NativeMethodAccessorImpl.java:77)
	at java.base/jdk.internal.reflect.DelegatingMethodAccessorImpl.invoke(DelegatingMethodAccessorImpl.java:43)
	at java.base/java.lang.reflect.Method.invoke(Method.java:569)
	at org.junit.platform.commons.util.ReflectionUtils.invokeMethod(ReflectionUtils.java:727)
	at org.junit.jupiter.engine.execution.MethodInvocation.proceed(MethodInvocation.java:60)
	at org.junit.jupiter.engine.execution.InvocationInterceptorChain$ValidatingInvocation.proceed(InvocationInterceptorChain.java:131)
	at org.junit.jupiter.engine.extension.TimeoutExtension.intercept(TimeoutExtension.java:156)
	at org.junit.jupiter.engine.extension.TimeoutExtension.interceptTestableMethod(TimeoutExtension.java:147)
	at org.junit.jupiter.engine.extension.TimeoutExtension.interceptTestMethod(TimeoutExtension.java:86)
	at org.junit.jupiter.engine.execution.InterceptingExecutableInvoker$ReflectiveInterceptorCall.lambda$ofVoidMethod$0(InterceptingExecutableInvoker.java:103)
	at org.junit.jupiter.engine.execution.InterceptingExecutableInvoker.lambda$invoke$0(InterceptingExecutableInvoker.java:93)
	at org.junit.jupiter.engine.execution.InvocationInterceptorChain$InterceptedInvocation.proceed(InvocationInterceptorChain.java:106)
	at org.junit.jupiter.engine.execution.InvocationInterceptorChain.proceed(InvocationInterceptorChain.java:64)
	at org.junit.jupiter.engine.execution.InvocationInterceptorChain.chainAndInvoke(InvocationInterceptorChain.java:45)
	at org.junit.jupiter.engine.execution.InvocationInterceptorChain.invoke(InvocationInterceptorChain.java:37)
	at org.junit.jupiter.engine.execution.InterceptingExecutableInvoker.invoke(InterceptingExecutableInvoker.java:92)
	at org.junit.jupiter.engine.execution.InterceptingExecutableInvoker.invoke(InterceptingExecutableInvoker.java:86)
	at org.junit.jupiter.engine.descriptor.TestMethodTestDescriptor.lambda$invokeTestMethod$7(TestMethodTestDescriptor.java:217)
	at org.junit.platform.engine.support.hierarchical.ThrowableCollector.execute(ThrowableCollector.java:73)
	at org.junit.jupiter.engine.descriptor.TestMethodTestDescriptor.invokeTestMethod(TestMethodTestDescriptor.java:213)
	at org.junit.jupiter.engine.descriptor.TestMethodTestDescriptor.execute(TestMethodTestDescriptor.java:138)
	at org.junit.jupiter.engine.descriptor.TestMethodTestDescriptor.execute(TestMethodTestDescriptor.java:68)
	at org.junit.platform.engine.support.hierarchical.NodeTestTask.lambda$executeRecursively$6(NodeTestTask.java:151)
	at org.junit.platform.engine.support.hierarchical.ThrowableCollector.execute(ThrowableCollector.java:73)
	at org.junit.platform.engine.support.hierarchical.NodeTestTask.lambda$executeRecursively$8(NodeTestTask.java:141)
	at org.junit.platform.engine.support.hierarchical.Node.around(Node.java:137)
	at org.junit.platform.engine.support.hierarchical.NodeTestTask.lambda$executeRecursively$9(NodeTestTask.java:139)
	at org.junit.platform.engine.support.hierarchical.ThrowableCollector.execute(ThrowableCollector.java:73)
	at org.junit.platform.engine.support.hierarchical.NodeTestTask.executeRecursively(NodeTestTask.java:138)
	at org.junit.platform.engine.support.hierarchical.NodeTestTask.execute(NodeTestTask.java:95)
	at java.base/java.util.ArrayList.forEach(ArrayList.java:1511)
	at org.junit.platform.engine.support.hierarchical.SameThreadHierarchicalTestExecutorService.invokeAll(SameThreadHierarchicalTestExecutorService.java:41)
	at org.junit.platform.engine.support.hierarchical.NodeTestTask.lambda$executeRecursively$6(NodeTestTask.java:155)
	at org.junit.platform.engine.support.hierarchical.ThrowableCollector.execute(ThrowableCollector.java:73)
	at org.junit.platform.engine.support.hierarchical.NodeTestTask.lambda$executeRecursively$8(NodeTestTask.java:141)
	at org.junit.platform.engine.support.hierarchical.Node.around(Node.java:137)
	at org.junit.platform.engine.support.hierarchical.NodeTestTask.lambda$executeRecursively$9(NodeTestTask.java:139)
	at org.junit.platform.engine.support.hierarchical.ThrowableCollector.execute(ThrowableCollector.java:73)
	at org.junit.platform.engine.support.hierarchical.NodeTestTask.executeRecursively(NodeTestTask.java:138)
	at org.junit.platform.engine.support.hierarchical.NodeTestTask.execute(NodeTestTask.java:95)
	at java.base/java.util.ArrayList.forEach(ArrayList.java:1511)
	at org.junit.platform.engine.support.hierarchical.SameThreadHierarchicalTestExecutorService.invokeAll(SameThreadHierarchicalTestExecutorService.java:41)
	at org.junit.platform.engine.support.hierarchical.NodeTestTask.lambda$executeRecursively$6(NodeTestTask.java:155)
	at org.junit.platform.engine.support.hierarchical.ThrowableCollector.execute(ThrowableCollector.java:73)
	at org.junit.platform.engine.support.hierarchical.NodeTestTask.lambda$executeRecursively$8(NodeTestTask.java:141)
	at org.junit.platform.engine.support.hierarchical.Node.around(Node.java:137)
	at org.junit.platform.engine.support.hierarchical.NodeTestTask.lambda$executeRecursively$9(NodeTestTask.java:139)
	at org.junit.platform.engine.support.hierarchical.ThrowableCollector.execute(ThrowableCollector.java:73)
	at org.junit.platform.engine.support.hierarchical.NodeTestTask.executeRecursively(NodeTestTask.java:138)
	at org.junit.platform.engine.support.hierarchical.NodeTestTask.execute(NodeTestTask.java:95)
	at org.junit.platform.engine.support.hierarchical.SameThreadHierarchicalTestExecutorService.submit(SameThreadHierarchicalTestExecutorService.java:35)
	at org.junit.platform.engine.support.hierarchical.HierarchicalTestExecutor.execute(HierarchicalTestExecutor.java:57)
	at org.junit.platform.engine.support.hierarchical.HierarchicalTestEngine.execute(HierarchicalTestEngine.java:54)
	at org.junit.platform.launcher.core.EngineExecutionOrchestrator.execute(EngineExecutionOrchestrator.java:147)
	at org.junit.platform.launcher.core.EngineExecutionOrchestrator.execute(EngineExecutionOrchestrator.java:127)
	at org.junit.platform.launcher.core.EngineExecutionOrchestrator.execute(EngineExecutionOrchestrator.java:90)
	at org.junit.platform.launcher.core.EngineExecutionOrchestrator.lambda$execute$0(EngineExecutionOrchestrator.java:55)
	at org.junit.platform.launcher.core.EngineExecutionOrchestrator.withInterceptedStreams(EngineExecutionOrchestrator.java:102)
	at org.junit.platform.launcher.core.EngineExecutionOrchestrator.execute(EngineExecutionOrchestrator.java:54)
	at org.junit.platform.launcher.core.DefaultLauncher.execute(DefaultLauncher.java:114)
	at org.junit.platform.launcher.core.DefaultLauncher.execute(DefaultLauncher.java:86)
	at org.junit.platform.launcher.core.DefaultLauncherSession$DelegatingLauncher.execute(DefaultLauncherSession.java:86)
	at org.apache.maven.surefire.junitplatform.LazyLauncher.execute(LazyLauncher.java:55)
	at org.apache.maven.surefire.junitplatform.JUnitPlatformProvider.execute(JUnitPlatformProvider.java:223)
	at org.apache.maven.surefire.junitplatform.JUnitPlatformProvider.invokeAllTests(JUnitPlatformProvider.java:175)
	at org.apache.maven.surefire.junitplatform.JUnitPlatformProvider.invoke(JUnitPlatformProvider.java:139)
	at org.apache.maven.surefire.booter.ForkedBooter.runSuitesInProcess(ForkedBooter.java:456)
	at org.apache.maven.surefire.booter.ForkedBooter.execute(ForkedBooter.java:169)
	at org.apache.maven.surefire.booter.ForkedBooter.run(ForkedBooter.java:595)
	at org.apache.maven.surefire.booter.ForkedBooter.main(ForkedBooter.java:581)
]]></error>
    <system-out><![CDATA[xxxxxxxA B ) AND ( C ORxxxxxxx) NOT ( A NOT]]></system-out>
    <system-err><![CDATA[Oct 30, 2024 1:10:44 AM com.lazicode.workflow.expressions.LogicExpression <init>
INFO: Initializing LogicExpression with expression: A AND B OR C | Short-Circuit: true
Oct 30, 2024 1:10:44 AM com.lazicode.workflow.expressions.LogicExpression isValid
INFO: Expression is valid.
Oct 30, 2024 1:10:44 AM com.lazicode.workflow.expressions.LogicExpression <init>
INFO: LogicExpression initialized successfully.
Oct 30, 2024 1:10:44 AM com.lazicode.workflow.expressions.LogicExpression <init>
INFO: Initializing LogicExpression with expression: NOT NOT A | Short-Circuit: false
Oct 30, 2024 1:10:44 AM com.lazicode.workflow.expressions.LogicExpression isValid
INFO: Expression is valid.
Oct 30, 2024 1:10:44 AM com.lazicode.workflow.expressions.LogicExpression <init>
INFO: LogicExpression initialized successfully.
]]></system-err>
  </testcase>
  <testcase name="testInvalidExpressionEndingWithOperator" classname="com.lazicode.workflow.expressions.LogicExpressionShortCircuitEnabledTest" time="0.002">
    <system-out><![CDATA[xxxxxxxA B ) AND ( C ORxxxxxxxA B ) AND ( OR]]></system-out>
    <system-err><![CDATA[Oct 30, 2024 1:10:44 AM com.lazicode.workflow.expressions.LogicExpression <init>
INFO: Initializing LogicExpression with expression: A AND B OR C | Short-Circuit: true
Oct 30, 2024 1:10:44 AM com.lazicode.workflow.expressions.LogicExpression isValid
INFO: Expression is valid.
Oct 30, 2024 1:10:44 AM com.lazicode.workflow.expressions.LogicExpression <init>
INFO: LogicExpression initialized successfully.
Oct 30, 2024 1:10:44 AM com.lazicode.workflow.expressions.LogicExpression <init>
INFO: Initializing LogicExpression with expression: A AND B OR | Short-Circuit: false
Oct 30, 2024 1:10:44 AM com.lazicode.workflow.expressions.LogicExpression isValid
WARNING: Expression cannot end with an operator.
Oct 30, 2024 1:10:44 AM com.lazicode.workflow.expressions.LogicExpression <init>
SEVERE: Invalid logic expression: Expression cannot end with an operator.
]]></system-err>
  </testcase>
  <testcase name="testOperatorPrecedenceWithParentheses" classname="com.lazicode.workflow.expressions.LogicExpressionShortCircuitEnabledTest" time="0.002">
    <failure message="Expression &apos;A AND ( B OR C )&apos; with C=false should evaluate to FALSE ==&gt; expected: &lt;false&gt; but was: &lt;true&gt;" type="org.opentest4j.AssertionFailedError"><![CDATA[org.opentest4j.AssertionFailedError: Expression 'A AND ( B OR C )' with C=false should evaluate to FALSE ==> expected: <false> but was: <true>
	at org.junit.jupiter.api.AssertionFailureBuilder.build(AssertionFailureBuilder.java:151)
	at org.junit.jupiter.api.AssertionFailureBuilder.buildAndThrow(AssertionFailureBuilder.java:132)
	at org.junit.jupiter.api.AssertFalse.failNotFalse(AssertFalse.java:63)
	at org.junit.jupiter.api.AssertFalse.assertFalse(AssertFalse.java:36)
	at org.junit.jupiter.api.Assertions.assertFalse(Assertions.java:236)
	at com.lazicode.workflow.expressions.LogicExpressionShortCircuitEnabledTest.testOperatorPrecedenceWithParentheses(LogicExpressionShortCircuitEnabledTest.java:549)
	at java.base/jdk.internal.reflect.NativeMethodAccessorImpl.invoke0(Native Method)
	at java.base/jdk.internal.reflect.NativeMethodAccessorImpl.invoke(NativeMethodAccessorImpl.java:77)
	at java.base/jdk.internal.reflect.DelegatingMethodAccessorImpl.invoke(DelegatingMethodAccessorImpl.java:43)
	at java.base/java.lang.reflect.Method.invoke(Method.java:569)
	at org.junit.platform.commons.util.ReflectionUtils.invokeMethod(ReflectionUtils.java:727)
	at org.junit.jupiter.engine.execution.MethodInvocation.proceed(MethodInvocation.java:60)
	at org.junit.jupiter.engine.execution.InvocationInterceptorChain$ValidatingInvocation.proceed(InvocationInterceptorChain.java:131)
	at org.junit.jupiter.engine.extension.TimeoutExtension.intercept(TimeoutExtension.java:156)
	at org.junit.jupiter.engine.extension.TimeoutExtension.interceptTestableMethod(TimeoutExtension.java:147)
	at org.junit.jupiter.engine.extension.TimeoutExtension.interceptTestMethod(TimeoutExtension.java:86)
	at org.junit.jupiter.engine.execution.InterceptingExecutableInvoker$ReflectiveInterceptorCall.lambda$ofVoidMethod$0(InterceptingExecutableInvoker.java:103)
	at org.junit.jupiter.engine.execution.InterceptingExecutableInvoker.lambda$invoke$0(InterceptingExecutableInvoker.java:93)
	at org.junit.jupiter.engine.execution.InvocationInterceptorChain$InterceptedInvocation.proceed(InvocationInterceptorChain.java:106)
	at org.junit.jupiter.engine.execution.InvocationInterceptorChain.proceed(InvocationInterceptorChain.java:64)
	at org.junit.jupiter.engine.execution.InvocationInterceptorChain.chainAndInvoke(InvocationInterceptorChain.java:45)
	at org.junit.jupiter.engine.execution.InvocationInterceptorChain.invoke(InvocationInterceptorChain.java:37)
	at org.junit.jupiter.engine.execution.InterceptingExecutableInvoker.invoke(InterceptingExecutableInvoker.java:92)
	at org.junit.jupiter.engine.execution.InterceptingExecutableInvoker.invoke(InterceptingExecutableInvoker.java:86)
	at org.junit.jupiter.engine.descriptor.TestMethodTestDescriptor.lambda$invokeTestMethod$7(TestMethodTestDescriptor.java:217)
	at org.junit.platform.engine.support.hierarchical.ThrowableCollector.execute(ThrowableCollector.java:73)
	at org.junit.jupiter.engine.descriptor.TestMethodTestDescriptor.invokeTestMethod(TestMethodTestDescriptor.java:213)
	at org.junit.jupiter.engine.descriptor.TestMethodTestDescriptor.execute(TestMethodTestDescriptor.java:138)
	at org.junit.jupiter.engine.descriptor.TestMethodTestDescriptor.execute(TestMethodTestDescriptor.java:68)
	at org.junit.platform.engine.support.hierarchical.NodeTestTask.lambda$executeRecursively$6(NodeTestTask.java:151)
	at org.junit.platform.engine.support.hierarchical.ThrowableCollector.execute(ThrowableCollector.java:73)
	at org.junit.platform.engine.support.hierarchical.NodeTestTask.lambda$executeRecursively$8(NodeTestTask.java:141)
	at org.junit.platform.engine.support.hierarchical.Node.around(Node.java:137)
	at org.junit.platform.engine.support.hierarchical.NodeTestTask.lambda$executeRecursively$9(NodeTestTask.java:139)
	at org.junit.platform.engine.support.hierarchical.ThrowableCollector.execute(ThrowableCollector.java:73)
	at org.junit.platform.engine.support.hierarchical.NodeTestTask.executeRecursively(NodeTestTask.java:138)
	at org.junit.platform.engine.support.hierarchical.NodeTestTask.execute(NodeTestTask.java:95)
	at java.base/java.util.ArrayList.forEach(ArrayList.java:1511)
	at org.junit.platform.engine.support.hierarchical.SameThreadHierarchicalTestExecutorService.invokeAll(SameThreadHierarchicalTestExecutorService.java:41)
	at org.junit.platform.engine.support.hierarchical.NodeTestTask.lambda$executeRecursively$6(NodeTestTask.java:155)
	at org.junit.platform.engine.support.hierarchical.ThrowableCollector.execute(ThrowableCollector.java:73)
	at org.junit.platform.engine.support.hierarchical.NodeTestTask.lambda$executeRecursively$8(NodeTestTask.java:141)
	at org.junit.platform.engine.support.hierarchical.Node.around(Node.java:137)
	at org.junit.platform.engine.support.hierarchical.NodeTestTask.lambda$executeRecursively$9(NodeTestTask.java:139)
	at org.junit.platform.engine.support.hierarchical.ThrowableCollector.execute(ThrowableCollector.java:73)
	at org.junit.platform.engine.support.hierarchical.NodeTestTask.executeRecursively(NodeTestTask.java:138)
	at org.junit.platform.engine.support.hierarchical.NodeTestTask.execute(NodeTestTask.java:95)
	at java.base/java.util.ArrayList.forEach(ArrayList.java:1511)
	at org.junit.platform.engine.support.hierarchical.SameThreadHierarchicalTestExecutorService.invokeAll(SameThreadHierarchicalTestExecutorService.java:41)
	at org.junit.platform.engine.support.hierarchical.NodeTestTask.lambda$executeRecursively$6(NodeTestTask.java:155)
	at org.junit.platform.engine.support.hierarchical.ThrowableCollector.execute(ThrowableCollector.java:73)
	at org.junit.platform.engine.support.hierarchical.NodeTestTask.lambda$executeRecursively$8(NodeTestTask.java:141)
	at org.junit.platform.engine.support.hierarchical.Node.around(Node.java:137)
	at org.junit.platform.engine.support.hierarchical.NodeTestTask.lambda$executeRecursively$9(NodeTestTask.java:139)
	at org.junit.platform.engine.support.hierarchical.ThrowableCollector.execute(ThrowableCollector.java:73)
	at org.junit.platform.engine.support.hierarchical.NodeTestTask.executeRecursively(NodeTestTask.java:138)
	at org.junit.platform.engine.support.hierarchical.NodeTestTask.execute(NodeTestTask.java:95)
	at org.junit.platform.engine.support.hierarchical.SameThreadHierarchicalTestExecutorService.submit(SameThreadHierarchicalTestExecutorService.java:35)
	at org.junit.platform.engine.support.hierarchical.HierarchicalTestExecutor.execute(HierarchicalTestExecutor.java:57)
	at org.junit.platform.engine.support.hierarchical.HierarchicalTestEngine.execute(HierarchicalTestEngine.java:54)
	at org.junit.platform.launcher.core.EngineExecutionOrchestrator.execute(EngineExecutionOrchestrator.java:147)
	at org.junit.platform.launcher.core.EngineExecutionOrchestrator.execute(EngineExecutionOrchestrator.java:127)
	at org.junit.platform.launcher.core.EngineExecutionOrchestrator.execute(EngineExecutionOrchestrator.java:90)
	at org.junit.platform.launcher.core.EngineExecutionOrchestrator.lambda$execute$0(EngineExecutionOrchestrator.java:55)
	at org.junit.platform.launcher.core.EngineExecutionOrchestrator.withInterceptedStreams(EngineExecutionOrchestrator.java:102)
	at org.junit.platform.launcher.core.EngineExecutionOrchestrator.execute(EngineExecutionOrchestrator.java:54)
	at org.junit.platform.launcher.core.DefaultLauncher.execute(DefaultLauncher.java:114)
	at org.junit.platform.launcher.core.DefaultLauncher.execute(DefaultLauncher.java:86)
	at org.junit.platform.launcher.core.DefaultLauncherSession$DelegatingLauncher.execute(DefaultLauncherSession.java:86)
	at org.apache.maven.surefire.junitplatform.LazyLauncher.execute(LazyLauncher.java:55)
	at org.apache.maven.surefire.junitplatform.JUnitPlatformProvider.execute(JUnitPlatformProvider.java:223)
	at org.apache.maven.surefire.junitplatform.JUnitPlatformProvider.invokeAllTests(JUnitPlatformProvider.java:175)
	at org.apache.maven.surefire.junitplatform.JUnitPlatformProvider.invoke(JUnitPlatformProvider.java:139)
	at org.apache.maven.surefire.booter.ForkedBooter.runSuitesInProcess(ForkedBooter.java:456)
	at org.apache.maven.surefire.booter.ForkedBooter.execute(ForkedBooter.java:169)
	at org.apache.maven.surefire.booter.ForkedBooter.run(ForkedBooter.java:595)
	at org.apache.maven.surefire.booter.ForkedBooter.main(ForkedBooter.java:581)
]]></failure>
    <system-out><![CDATA[xxxxxxxA B ) AND ( C ORxxxxxxxA B C OR AND]]></system-out>
    <system-err><![CDATA[Oct 30, 2024 1:10:44 AM com.lazicode.workflow.expressions.LogicExpression <init>
INFO: Initializing LogicExpression with expression: A AND B OR C | Short-Circuit: true
Oct 30, 2024 1:10:44 AM com.lazicode.workflow.expressions.LogicExpression isValid
INFO: Expression is valid.
Oct 30, 2024 1:10:44 AM com.lazicode.workflow.expressions.LogicExpression <init>
INFO: LogicExpression initialized successfully.
Oct 30, 2024 1:10:44 AM com.lazicode.workflow.expressions.LogicExpression <init>
INFO: Initializing LogicExpression with expression: A AND ( B OR C ) | Short-Circuit: false
Oct 30, 2024 1:10:44 AM com.lazicode.workflow.expressions.LogicExpression isValid
INFO: Expression is valid.
Oct 30, 2024 1:10:44 AM com.lazicode.workflow.expressions.LogicExpression <init>
INFO: LogicExpression initialized successfully.
]]></system-err>
  </testcase>
  <testcase name="testEmptyParentheses" classname="com.lazicode.workflow.expressions.LogicExpressionShortCircuitEnabledTest" time="0.001">
    <system-out><![CDATA[xxxxxxxA B ) AND ( C ORxxxxxxxA ) AND ( B OR]]></system-out>
    <system-err><![CDATA[Oct 30, 2024 1:10:44 AM com.lazicode.workflow.expressions.LogicExpression <init>
INFO: Initializing LogicExpression with expression: A AND B OR C | Short-Circuit: true
Oct 30, 2024 1:10:44 AM com.lazicode.workflow.expressions.LogicExpression isValid
INFO: Expression is valid.
Oct 30, 2024 1:10:44 AM com.lazicode.workflow.expressions.LogicExpression <init>
INFO: LogicExpression initialized successfully.
Oct 30, 2024 1:10:44 AM com.lazicode.workflow.expressions.LogicExpression <init>
INFO: Initializing LogicExpression with expression: A AND ( ) OR B | Short-Circuit: false
Oct 30, 2024 1:10:44 AM com.lazicode.workflow.expressions.LogicExpression isValid
WARNING: Empty parentheses detected.
Oct 30, 2024 1:10:44 AM com.lazicode.workflow.expressions.LogicExpression <init>
SEVERE: Invalid logic expression: Empty parentheses detected.
]]></system-err>
  </testcase>
  <testcase name="testSimpleTrueFalseEvaluation" classname="com.lazicode.workflow.expressions.LogicExpressionShortCircuitEnabledTest" time="0.001">
    <system-out><![CDATA[xxxxxxxA B ) AND ( C ORxxxxxxxTRUE FALSE ANDxxxxxxxTRUE FALSE OR]]></system-out>
    <system-err><![CDATA[Oct 30, 2024 1:10:44 AM com.lazicode.workflow.expressions.LogicExpression <init>
INFO: Initializing LogicExpression with expression: A AND B OR C | Short-Circuit: true
Oct 30, 2024 1:10:44 AM com.lazicode.workflow.expressions.LogicExpression isValid
INFO: Expression is valid.
Oct 30, 2024 1:10:44 AM com.lazicode.workflow.expressions.LogicExpression <init>
INFO: LogicExpression initialized successfully.
Oct 30, 2024 1:10:44 AM com.lazicode.workflow.expressions.LogicExpression <init>
INFO: Initializing LogicExpression with expression: TRUE AND FALSE | Short-Circuit: false
Oct 30, 2024 1:10:44 AM com.lazicode.workflow.expressions.LogicExpression isValid
INFO: Expression is valid.
Oct 30, 2024 1:10:44 AM com.lazicode.workflow.expressions.LogicExpression <init>
INFO: LogicExpression initialized successfully.
Oct 30, 2024 1:10:44 AM com.lazicode.workflow.expressions.LogicExpression <init>
INFO: Initializing LogicExpression with expression: TRUE OR FALSE | Short-Circuit: false
Oct 30, 2024 1:10:44 AM com.lazicode.workflow.expressions.LogicExpression isValid
INFO: Expression is valid.
Oct 30, 2024 1:10:44 AM com.lazicode.workflow.expressions.LogicExpression <init>
INFO: LogicExpression initialized successfully.
]]></system-err>
  </testcase>
  <testcase name="testExpressionWithOnlyOperators" classname="com.lazicode.workflow.expressions.LogicExpressionShortCircuitEnabledTest" time="0.001">
    <system-out><![CDATA[xxxxxxxA B ) AND ( C ORxxxxxxx) AND ( NOT OR]]></system-out>
    <system-err><![CDATA[Oct 30, 2024 1:10:44 AM com.lazicode.workflow.expressions.LogicExpression <init>
INFO: Initializing LogicExpression with expression: A AND B OR C | Short-Circuit: true
Oct 30, 2024 1:10:44 AM com.lazicode.workflow.expressions.LogicExpression isValid
INFO: Expression is valid.
Oct 30, 2024 1:10:44 AM com.lazicode.workflow.expressions.LogicExpression <init>
INFO: LogicExpression initialized successfully.
Oct 30, 2024 1:10:44 AM com.lazicode.workflow.expressions.LogicExpression <init>
INFO: Initializing LogicExpression with expression: AND OR NOT | Short-Circuit: false
Oct 30, 2024 1:10:44 AM com.lazicode.workflow.expressions.LogicExpression isValid
WARNING: Invalid operator placement: AND after .
Oct 30, 2024 1:10:44 AM com.lazicode.workflow.expressions.LogicExpression <init>
SEVERE: Invalid logic expression: Invalid operator placement: AND after 
]]></system-err>
  </testcase>
  <testcase name="testAllOperatorsInOneExpression" classname="com.lazicode.workflow.expressions.LogicExpressionShortCircuitEnabledTest" time="0.001">
    <error message="Mismatched parentheses." type="java.lang.IllegalArgumentException"><![CDATA[java.lang.IllegalArgumentException: Mismatched parentheses.
	at com.lazicode.workflow.expressions.LogicExpression.infixToPostfix(LogicExpression.java:303)
	at com.lazicode.workflow.expressions.LogicExpression.performCalculation(LogicExpression.java:233)
	at com.lazicode.workflow.expressions.Expression.calculate(Expression.java:71)
	at com.lazicode.workflow.expressions.LogicExpressionShortCircuitEnabledTest.testAllOperatorsInOneExpression(LogicExpressionShortCircuitEnabledTest.java:338)
	at java.base/jdk.internal.reflect.NativeMethodAccessorImpl.invoke0(Native Method)
	at java.base/jdk.internal.reflect.NativeMethodAccessorImpl.invoke(NativeMethodAccessorImpl.java:77)
	at java.base/jdk.internal.reflect.DelegatingMethodAccessorImpl.invoke(DelegatingMethodAccessorImpl.java:43)
	at java.base/java.lang.reflect.Method.invoke(Method.java:569)
	at org.junit.platform.commons.util.ReflectionUtils.invokeMethod(ReflectionUtils.java:727)
	at org.junit.jupiter.engine.execution.MethodInvocation.proceed(MethodInvocation.java:60)
	at org.junit.jupiter.engine.execution.InvocationInterceptorChain$ValidatingInvocation.proceed(InvocationInterceptorChain.java:131)
	at org.junit.jupiter.engine.extension.TimeoutExtension.intercept(TimeoutExtension.java:156)
	at org.junit.jupiter.engine.extension.TimeoutExtension.interceptTestableMethod(TimeoutExtension.java:147)
	at org.junit.jupiter.engine.extension.TimeoutExtension.interceptTestMethod(TimeoutExtension.java:86)
	at org.junit.jupiter.engine.execution.InterceptingExecutableInvoker$ReflectiveInterceptorCall.lambda$ofVoidMethod$0(InterceptingExecutableInvoker.java:103)
	at org.junit.jupiter.engine.execution.InterceptingExecutableInvoker.lambda$invoke$0(InterceptingExecutableInvoker.java:93)
	at org.junit.jupiter.engine.execution.InvocationInterceptorChain$InterceptedInvocation.proceed(InvocationInterceptorChain.java:106)
	at org.junit.jupiter.engine.execution.InvocationInterceptorChain.proceed(InvocationInterceptorChain.java:64)
	at org.junit.jupiter.engine.execution.InvocationInterceptorChain.chainAndInvoke(InvocationInterceptorChain.java:45)
	at org.junit.jupiter.engine.execution.InvocationInterceptorChain.invoke(InvocationInterceptorChain.java:37)
	at org.junit.jupiter.engine.execution.InterceptingExecutableInvoker.invoke(InterceptingExecutableInvoker.java:92)
	at org.junit.jupiter.engine.execution.InterceptingExecutableInvoker.invoke(InterceptingExecutableInvoker.java:86)
	at org.junit.jupiter.engine.descriptor.TestMethodTestDescriptor.lambda$invokeTestMethod$7(TestMethodTestDescriptor.java:217)
	at org.junit.platform.engine.support.hierarchical.ThrowableCollector.execute(ThrowableCollector.java:73)
	at org.junit.jupiter.engine.descriptor.TestMethodTestDescriptor.invokeTestMethod(TestMethodTestDescriptor.java:213)
	at org.junit.jupiter.engine.descriptor.TestMethodTestDescriptor.execute(TestMethodTestDescriptor.java:138)
	at org.junit.jupiter.engine.descriptor.TestMethodTestDescriptor.execute(TestMethodTestDescriptor.java:68)
	at org.junit.platform.engine.support.hierarchical.NodeTestTask.lambda$executeRecursively$6(NodeTestTask.java:151)
	at org.junit.platform.engine.support.hierarchical.ThrowableCollector.execute(ThrowableCollector.java:73)
	at org.junit.platform.engine.support.hierarchical.NodeTestTask.lambda$executeRecursively$8(NodeTestTask.java:141)
	at org.junit.platform.engine.support.hierarchical.Node.around(Node.java:137)
	at org.junit.platform.engine.support.hierarchical.NodeTestTask.lambda$executeRecursively$9(NodeTestTask.java:139)
	at org.junit.platform.engine.support.hierarchical.ThrowableCollector.execute(ThrowableCollector.java:73)
	at org.junit.platform.engine.support.hierarchical.NodeTestTask.executeRecursively(NodeTestTask.java:138)
	at org.junit.platform.engine.support.hierarchical.NodeTestTask.execute(NodeTestTask.java:95)
	at java.base/java.util.ArrayList.forEach(ArrayList.java:1511)
	at org.junit.platform.engine.support.hierarchical.SameThreadHierarchicalTestExecutorService.invokeAll(SameThreadHierarchicalTestExecutorService.java:41)
	at org.junit.platform.engine.support.hierarchical.NodeTestTask.lambda$executeRecursively$6(NodeTestTask.java:155)
	at org.junit.platform.engine.support.hierarchical.ThrowableCollector.execute(ThrowableCollector.java:73)
	at org.junit.platform.engine.support.hierarchical.NodeTestTask.lambda$executeRecursively$8(NodeTestTask.java:141)
	at org.junit.platform.engine.support.hierarchical.Node.around(Node.java:137)
	at org.junit.platform.engine.support.hierarchical.NodeTestTask.lambda$executeRecursively$9(NodeTestTask.java:139)
	at org.junit.platform.engine.support.hierarchical.ThrowableCollector.execute(ThrowableCollector.java:73)
	at org.junit.platform.engine.support.hierarchical.NodeTestTask.executeRecursively(NodeTestTask.java:138)
	at org.junit.platform.engine.support.hierarchical.NodeTestTask.execute(NodeTestTask.java:95)
	at java.base/java.util.ArrayList.forEach(ArrayList.java:1511)
	at org.junit.platform.engine.support.hierarchical.SameThreadHierarchicalTestExecutorService.invokeAll(SameThreadHierarchicalTestExecutorService.java:41)
	at org.junit.platform.engine.support.hierarchical.NodeTestTask.lambda$executeRecursively$6(NodeTestTask.java:155)
	at org.junit.platform.engine.support.hierarchical.ThrowableCollector.execute(ThrowableCollector.java:73)
	at org.junit.platform.engine.support.hierarchical.NodeTestTask.lambda$executeRecursively$8(NodeTestTask.java:141)
	at org.junit.platform.engine.support.hierarchical.Node.around(Node.java:137)
	at org.junit.platform.engine.support.hierarchical.NodeTestTask.lambda$executeRecursively$9(NodeTestTask.java:139)
	at org.junit.platform.engine.support.hierarchical.ThrowableCollector.execute(ThrowableCollector.java:73)
	at org.junit.platform.engine.support.hierarchical.NodeTestTask.executeRecursively(NodeTestTask.java:138)
	at org.junit.platform.engine.support.hierarchical.NodeTestTask.execute(NodeTestTask.java:95)
	at org.junit.platform.engine.support.hierarchical.SameThreadHierarchicalTestExecutorService.submit(SameThreadHierarchicalTestExecutorService.java:35)
	at org.junit.platform.engine.support.hierarchical.HierarchicalTestExecutor.execute(HierarchicalTestExecutor.java:57)
	at org.junit.platform.engine.support.hierarchical.HierarchicalTestEngine.execute(HierarchicalTestEngine.java:54)
	at org.junit.platform.launcher.core.EngineExecutionOrchestrator.execute(EngineExecutionOrchestrator.java:147)
	at org.junit.platform.launcher.core.EngineExecutionOrchestrator.execute(EngineExecutionOrchestrator.java:127)
	at org.junit.platform.launcher.core.EngineExecutionOrchestrator.execute(EngineExecutionOrchestrator.java:90)
	at org.junit.platform.launcher.core.EngineExecutionOrchestrator.lambda$execute$0(EngineExecutionOrchestrator.java:55)
	at org.junit.platform.launcher.core.EngineExecutionOrchestrator.withInterceptedStreams(EngineExecutionOrchestrator.java:102)
	at org.junit.platform.launcher.core.EngineExecutionOrchestrator.execute(EngineExecutionOrchestrator.java:54)
	at org.junit.platform.launcher.core.DefaultLauncher.execute(DefaultLauncher.java:114)
	at org.junit.platform.launcher.core.DefaultLauncher.execute(DefaultLauncher.java:86)
	at org.junit.platform.launcher.core.DefaultLauncherSession$DelegatingLauncher.execute(DefaultLauncherSession.java:86)
	at org.apache.maven.surefire.junitplatform.LazyLauncher.execute(LazyLauncher.java:55)
	at org.apache.maven.surefire.junitplatform.JUnitPlatformProvider.execute(JUnitPlatformProvider.java:223)
	at org.apache.maven.surefire.junitplatform.JUnitPlatformProvider.invokeAllTests(JUnitPlatformProvider.java:175)
	at org.apache.maven.surefire.junitplatform.JUnitPlatformProvider.invoke(JUnitPlatformProvider.java:139)
	at org.apache.maven.surefire.booter.ForkedBooter.runSuitesInProcess(ForkedBooter.java:456)
	at org.apache.maven.surefire.booter.ForkedBooter.execute(ForkedBooter.java:169)
	at org.apache.maven.surefire.booter.ForkedBooter.run(ForkedBooter.java:595)
	at org.apache.maven.surefire.booter.ForkedBooter.main(ForkedBooter.java:581)
]]></error>
    <system-out><![CDATA[xxxxxxxA B ) AND ( C ORxxxxxxxA B ) NOT ( ) AND ( C ) OR ( D ) XOR ( E F ) NAND ( ) XNOR ( G NOR]]></system-out>
    <system-err><![CDATA[Oct 30, 2024 1:10:44 AM com.lazicode.workflow.expressions.LogicExpression <init>
INFO: Initializing LogicExpression with expression: A AND B OR C | Short-Circuit: true
Oct 30, 2024 1:10:44 AM com.lazicode.workflow.expressions.LogicExpression isValid
INFO: Expression is valid.
Oct 30, 2024 1:10:44 AM com.lazicode.workflow.expressions.LogicExpression <init>
INFO: LogicExpression initialized successfully.
Oct 30, 2024 1:10:44 AM com.lazicode.workflow.expressions.LogicExpression <init>
INFO: Initializing LogicExpression with expression: A AND NOT B OR C XOR D XNOR E NAND F NOR G | Short-Circuit: false
Oct 30, 2024 1:10:44 AM com.lazicode.workflow.expressions.LogicExpression isValid
INFO: Expression is valid.
Oct 30, 2024 1:10:44 AM com.lazicode.workflow.expressions.LogicExpression <init>
INFO: LogicExpression initialized successfully.
]]></system-err>
  </testcase>
  <testcase name="testUnaryNotOperator" classname="com.lazicode.workflow.expressions.LogicExpressionShortCircuitEnabledTest" time="0.001">
    <error message="Mismatched parentheses." type="java.lang.IllegalArgumentException"><![CDATA[java.lang.IllegalArgumentException: Mismatched parentheses.
	at com.lazicode.workflow.expressions.LogicExpression.infixToPostfix(LogicExpression.java:303)
	at com.lazicode.workflow.expressions.LogicExpression.performCalculation(LogicExpression.java:233)
	at com.lazicode.workflow.expressions.Expression.calculate(Expression.java:71)
	at com.lazicode.workflow.expressions.LogicExpressionShortCircuitEnabledTest.testUnaryNotOperator(LogicExpressionShortCircuitEnabledTest.java:356)
	at java.base/jdk.internal.reflect.NativeMethodAccessorImpl.invoke0(Native Method)
	at java.base/jdk.internal.reflect.NativeMethodAccessorImpl.invoke(NativeMethodAccessorImpl.java:77)
	at java.base/jdk.internal.reflect.DelegatingMethodAccessorImpl.invoke(DelegatingMethodAccessorImpl.java:43)
	at java.base/java.lang.reflect.Method.invoke(Method.java:569)
	at org.junit.platform.commons.util.ReflectionUtils.invokeMethod(ReflectionUtils.java:727)
	at org.junit.jupiter.engine.execution.MethodInvocation.proceed(MethodInvocation.java:60)
	at org.junit.jupiter.engine.execution.InvocationInterceptorChain$ValidatingInvocation.proceed(InvocationInterceptorChain.java:131)
	at org.junit.jupiter.engine.extension.TimeoutExtension.intercept(TimeoutExtension.java:156)
	at org.junit.jupiter.engine.extension.TimeoutExtension.interceptTestableMethod(TimeoutExtension.java:147)
	at org.junit.jupiter.engine.extension.TimeoutExtension.interceptTestMethod(TimeoutExtension.java:86)
	at org.junit.jupiter.engine.execution.InterceptingExecutableInvoker$ReflectiveInterceptorCall.lambda$ofVoidMethod$0(InterceptingExecutableInvoker.java:103)
	at org.junit.jupiter.engine.execution.InterceptingExecutableInvoker.lambda$invoke$0(InterceptingExecutableInvoker.java:93)
	at org.junit.jupiter.engine.execution.InvocationInterceptorChain$InterceptedInvocation.proceed(InvocationInterceptorChain.java:106)
	at org.junit.jupiter.engine.execution.InvocationInterceptorChain.proceed(InvocationInterceptorChain.java:64)
	at org.junit.jupiter.engine.execution.InvocationInterceptorChain.chainAndInvoke(InvocationInterceptorChain.java:45)
	at org.junit.jupiter.engine.execution.InvocationInterceptorChain.invoke(InvocationInterceptorChain.java:37)
	at org.junit.jupiter.engine.execution.InterceptingExecutableInvoker.invoke(InterceptingExecutableInvoker.java:92)
	at org.junit.jupiter.engine.execution.InterceptingExecutableInvoker.invoke(InterceptingExecutableInvoker.java:86)
	at org.junit.jupiter.engine.descriptor.TestMethodTestDescriptor.lambda$invokeTestMethod$7(TestMethodTestDescriptor.java:217)
	at org.junit.platform.engine.support.hierarchical.ThrowableCollector.execute(ThrowableCollector.java:73)
	at org.junit.jupiter.engine.descriptor.TestMethodTestDescriptor.invokeTestMethod(TestMethodTestDescriptor.java:213)
	at org.junit.jupiter.engine.descriptor.TestMethodTestDescriptor.execute(TestMethodTestDescriptor.java:138)
	at org.junit.jupiter.engine.descriptor.TestMethodTestDescriptor.execute(TestMethodTestDescriptor.java:68)
	at org.junit.platform.engine.support.hierarchical.NodeTestTask.lambda$executeRecursively$6(NodeTestTask.java:151)
	at org.junit.platform.engine.support.hierarchical.ThrowableCollector.execute(ThrowableCollector.java:73)
	at org.junit.platform.engine.support.hierarchical.NodeTestTask.lambda$executeRecursively$8(NodeTestTask.java:141)
	at org.junit.platform.engine.support.hierarchical.Node.around(Node.java:137)
	at org.junit.platform.engine.support.hierarchical.NodeTestTask.lambda$executeRecursively$9(NodeTestTask.java:139)
	at org.junit.platform.engine.support.hierarchical.ThrowableCollector.execute(ThrowableCollector.java:73)
	at org.junit.platform.engine.support.hierarchical.NodeTestTask.executeRecursively(NodeTestTask.java:138)
	at org.junit.platform.engine.support.hierarchical.NodeTestTask.execute(NodeTestTask.java:95)
	at java.base/java.util.ArrayList.forEach(ArrayList.java:1511)
	at org.junit.platform.engine.support.hierarchical.SameThreadHierarchicalTestExecutorService.invokeAll(SameThreadHierarchicalTestExecutorService.java:41)
	at org.junit.platform.engine.support.hierarchical.NodeTestTask.lambda$executeRecursively$6(NodeTestTask.java:155)
	at org.junit.platform.engine.support.hierarchical.ThrowableCollector.execute(ThrowableCollector.java:73)
	at org.junit.platform.engine.support.hierarchical.NodeTestTask.lambda$executeRecursively$8(NodeTestTask.java:141)
	at org.junit.platform.engine.support.hierarchical.Node.around(Node.java:137)
	at org.junit.platform.engine.support.hierarchical.NodeTestTask.lambda$executeRecursively$9(NodeTestTask.java:139)
	at org.junit.platform.engine.support.hierarchical.ThrowableCollector.execute(ThrowableCollector.java:73)
	at org.junit.platform.engine.support.hierarchical.NodeTestTask.executeRecursively(NodeTestTask.java:138)
	at org.junit.platform.engine.support.hierarchical.NodeTestTask.execute(NodeTestTask.java:95)
	at java.base/java.util.ArrayList.forEach(ArrayList.java:1511)
	at org.junit.platform.engine.support.hierarchical.SameThreadHierarchicalTestExecutorService.invokeAll(SameThreadHierarchicalTestExecutorService.java:41)
	at org.junit.platform.engine.support.hierarchical.NodeTestTask.lambda$executeRecursively$6(NodeTestTask.java:155)
	at org.junit.platform.engine.support.hierarchical.ThrowableCollector.execute(ThrowableCollector.java:73)
	at org.junit.platform.engine.support.hierarchical.NodeTestTask.lambda$executeRecursively$8(NodeTestTask.java:141)
	at org.junit.platform.engine.support.hierarchical.Node.around(Node.java:137)
	at org.junit.platform.engine.support.hierarchical.NodeTestTask.lambda$executeRecursively$9(NodeTestTask.java:139)
	at org.junit.platform.engine.support.hierarchical.ThrowableCollector.execute(ThrowableCollector.java:73)
	at org.junit.platform.engine.support.hierarchical.NodeTestTask.executeRecursively(NodeTestTask.java:138)
	at org.junit.platform.engine.support.hierarchical.NodeTestTask.execute(NodeTestTask.java:95)
	at org.junit.platform.engine.support.hierarchical.SameThreadHierarchicalTestExecutorService.submit(SameThreadHierarchicalTestExecutorService.java:35)
	at org.junit.platform.engine.support.hierarchical.HierarchicalTestExecutor.execute(HierarchicalTestExecutor.java:57)
	at org.junit.platform.engine.support.hierarchical.HierarchicalTestEngine.execute(HierarchicalTestEngine.java:54)
	at org.junit.platform.launcher.core.EngineExecutionOrchestrator.execute(EngineExecutionOrchestrator.java:147)
	at org.junit.platform.launcher.core.EngineExecutionOrchestrator.execute(EngineExecutionOrchestrator.java:127)
	at org.junit.platform.launcher.core.EngineExecutionOrchestrator.execute(EngineExecutionOrchestrator.java:90)
	at org.junit.platform.launcher.core.EngineExecutionOrchestrator.lambda$execute$0(EngineExecutionOrchestrator.java:55)
	at org.junit.platform.launcher.core.EngineExecutionOrchestrator.withInterceptedStreams(EngineExecutionOrchestrator.java:102)
	at org.junit.platform.launcher.core.EngineExecutionOrchestrator.execute(EngineExecutionOrchestrator.java:54)
	at org.junit.platform.launcher.core.DefaultLauncher.execute(DefaultLauncher.java:114)
	at org.junit.platform.launcher.core.DefaultLauncher.execute(DefaultLauncher.java:86)
	at org.junit.platform.launcher.core.DefaultLauncherSession$DelegatingLauncher.execute(DefaultLauncherSession.java:86)
	at org.apache.maven.surefire.junitplatform.LazyLauncher.execute(LazyLauncher.java:55)
	at org.apache.maven.surefire.junitplatform.JUnitPlatformProvider.execute(JUnitPlatformProvider.java:223)
	at org.apache.maven.surefire.junitplatform.JUnitPlatformProvider.invokeAllTests(JUnitPlatformProvider.java:175)
	at org.apache.maven.surefire.junitplatform.JUnitPlatformProvider.invoke(JUnitPlatformProvider.java:139)
	at org.apache.maven.surefire.booter.ForkedBooter.runSuitesInProcess(ForkedBooter.java:456)
	at org.apache.maven.surefire.booter.ForkedBooter.execute(ForkedBooter.java:169)
	at org.apache.maven.surefire.booter.ForkedBooter.run(ForkedBooter.java:595)
	at org.apache.maven.surefire.booter.ForkedBooter.main(ForkedBooter.java:581)
]]></error>
    <system-out><![CDATA[xxxxxxxA B ) AND ( C ORxxxxxxxA ) NOT ( B AND]]></system-out>
    <system-err><![CDATA[Oct 30, 2024 1:10:44 AM com.lazicode.workflow.expressions.LogicExpression <init>
INFO: Initializing LogicExpression with expression: A AND B OR C | Short-Circuit: true
Oct 30, 2024 1:10:44 AM com.lazicode.workflow.expressions.LogicExpression isValid
INFO: Expression is valid.
Oct 30, 2024 1:10:44 AM com.lazicode.workflow.expressions.LogicExpression <init>
INFO: LogicExpression initialized successfully.
Oct 30, 2024 1:10:44 AM com.lazicode.workflow.expressions.LogicExpression <init>
INFO: Initializing LogicExpression with expression: NOT A AND B | Short-Circuit: false
Oct 30, 2024 1:10:44 AM com.lazicode.workflow.expressions.LogicExpression isValid
INFO: Expression is valid.
Oct 30, 2024 1:10:44 AM com.lazicode.workflow.expressions.LogicExpression <init>
INFO: LogicExpression initialized successfully.
]]></system-err>
  </testcase>
  <testcase name="testSetNullVariableValue" classname="com.lazicode.workflow.expressions.LogicExpressionShortCircuitEnabledTest" time="0.001">
    <system-out><![CDATA[xxxxxxxA B ) AND ( C OR]]></system-out>
    <system-err><![CDATA[Oct 30, 2024 1:10:44 AM com.lazicode.workflow.expressions.LogicExpression <init>
INFO: Initializing LogicExpression with expression: A AND B OR C | Short-Circuit: true
Oct 30, 2024 1:10:44 AM com.lazicode.workflow.expressions.LogicExpression isValid
INFO: Expression is valid.
Oct 30, 2024 1:10:44 AM com.lazicode.workflow.expressions.LogicExpression <init>
INFO: LogicExpression initialized successfully.
Oct 30, 2024 1:10:44 AM com.lazicode.workflow.expressions.LogicExpression setVariable
WARNING: Invalid variable value type for variable 'A'. Expected Boolean.
]]></system-err>
  </testcase>
  <testcase name="testNestedEmptyParentheses" classname="com.lazicode.workflow.expressions.LogicExpressionShortCircuitEnabledTest" time="0.001">
    <system-out><![CDATA[xxxxxxxA B ) AND ( C ORxxxxxxxA ) AND ( B OR]]></system-out>
    <system-err><![CDATA[Oct 30, 2024 1:10:44 AM com.lazicode.workflow.expressions.LogicExpression <init>
INFO: Initializing LogicExpression with expression: A AND B OR C | Short-Circuit: true
Oct 30, 2024 1:10:44 AM com.lazicode.workflow.expressions.LogicExpression isValid
INFO: Expression is valid.
Oct 30, 2024 1:10:44 AM com.lazicode.workflow.expressions.LogicExpression <init>
INFO: LogicExpression initialized successfully.
Oct 30, 2024 1:10:44 AM com.lazicode.workflow.expressions.LogicExpression <init>
INFO: Initializing LogicExpression with expression: A AND ( ( ) ) OR B | Short-Circuit: false
Oct 30, 2024 1:10:44 AM com.lazicode.workflow.expressions.LogicExpression isValid
WARNING: Empty parentheses detected.
Oct 30, 2024 1:10:44 AM com.lazicode.workflow.expressions.LogicExpression <init>
SEVERE: Invalid logic expression: Empty parentheses detected.
]]></system-err>
  </testcase>
  <testcase name="testMixedOperators" classname="com.lazicode.workflow.expressions.LogicExpressionShortCircuitEnabledTest" time="0.001">
    <error message="Mismatched parentheses." type="java.lang.IllegalArgumentException"><![CDATA[java.lang.IllegalArgumentException: Mismatched parentheses.
	at com.lazicode.workflow.expressions.LogicExpression.infixToPostfix(LogicExpression.java:303)
	at com.lazicode.workflow.expressions.LogicExpression.performCalculation(LogicExpression.java:233)
	at com.lazicode.workflow.expressions.Expression.calculate(Expression.java:71)
	at com.lazicode.workflow.expressions.LogicExpressionShortCircuitEnabledTest.testMixedOperators(LogicExpressionShortCircuitEnabledTest.java:312)
	at java.base/jdk.internal.reflect.NativeMethodAccessorImpl.invoke0(Native Method)
	at java.base/jdk.internal.reflect.NativeMethodAccessorImpl.invoke(NativeMethodAccessorImpl.java:77)
	at java.base/jdk.internal.reflect.DelegatingMethodAccessorImpl.invoke(DelegatingMethodAccessorImpl.java:43)
	at java.base/java.lang.reflect.Method.invoke(Method.java:569)
	at org.junit.platform.commons.util.ReflectionUtils.invokeMethod(ReflectionUtils.java:727)
	at org.junit.jupiter.engine.execution.MethodInvocation.proceed(MethodInvocation.java:60)
	at org.junit.jupiter.engine.execution.InvocationInterceptorChain$ValidatingInvocation.proceed(InvocationInterceptorChain.java:131)
	at org.junit.jupiter.engine.extension.TimeoutExtension.intercept(TimeoutExtension.java:156)
	at org.junit.jupiter.engine.extension.TimeoutExtension.interceptTestableMethod(TimeoutExtension.java:147)
	at org.junit.jupiter.engine.extension.TimeoutExtension.interceptTestMethod(TimeoutExtension.java:86)
	at org.junit.jupiter.engine.execution.InterceptingExecutableInvoker$ReflectiveInterceptorCall.lambda$ofVoidMethod$0(InterceptingExecutableInvoker.java:103)
	at org.junit.jupiter.engine.execution.InterceptingExecutableInvoker.lambda$invoke$0(InterceptingExecutableInvoker.java:93)
	at org.junit.jupiter.engine.execution.InvocationInterceptorChain$InterceptedInvocation.proceed(InvocationInterceptorChain.java:106)
	at org.junit.jupiter.engine.execution.InvocationInterceptorChain.proceed(InvocationInterceptorChain.java:64)
	at org.junit.jupiter.engine.execution.InvocationInterceptorChain.chainAndInvoke(InvocationInterceptorChain.java:45)
	at org.junit.jupiter.engine.execution.InvocationInterceptorChain.invoke(InvocationInterceptorChain.java:37)
	at org.junit.jupiter.engine.execution.InterceptingExecutableInvoker.invoke(InterceptingExecutableInvoker.java:92)
	at org.junit.jupiter.engine.execution.InterceptingExecutableInvoker.invoke(InterceptingExecutableInvoker.java:86)
	at org.junit.jupiter.engine.descriptor.TestMethodTestDescriptor.lambda$invokeTestMethod$7(TestMethodTestDescriptor.java:217)
	at org.junit.platform.engine.support.hierarchical.ThrowableCollector.execute(ThrowableCollector.java:73)
	at org.junit.jupiter.engine.descriptor.TestMethodTestDescriptor.invokeTestMethod(TestMethodTestDescriptor.java:213)
	at org.junit.jupiter.engine.descriptor.TestMethodTestDescriptor.execute(TestMethodTestDescriptor.java:138)
	at org.junit.jupiter.engine.descriptor.TestMethodTestDescriptor.execute(TestMethodTestDescriptor.java:68)
	at org.junit.platform.engine.support.hierarchical.NodeTestTask.lambda$executeRecursively$6(NodeTestTask.java:151)
	at org.junit.platform.engine.support.hierarchical.ThrowableCollector.execute(ThrowableCollector.java:73)
	at org.junit.platform.engine.support.hierarchical.NodeTestTask.lambda$executeRecursively$8(NodeTestTask.java:141)
	at org.junit.platform.engine.support.hierarchical.Node.around(Node.java:137)
	at org.junit.platform.engine.support.hierarchical.NodeTestTask.lambda$executeRecursively$9(NodeTestTask.java:139)
	at org.junit.platform.engine.support.hierarchical.ThrowableCollector.execute(ThrowableCollector.java:73)
	at org.junit.platform.engine.support.hierarchical.NodeTestTask.executeRecursively(NodeTestTask.java:138)
	at org.junit.platform.engine.support.hierarchical.NodeTestTask.execute(NodeTestTask.java:95)
	at java.base/java.util.ArrayList.forEach(ArrayList.java:1511)
	at org.junit.platform.engine.support.hierarchical.SameThreadHierarchicalTestExecutorService.invokeAll(SameThreadHierarchicalTestExecutorService.java:41)
	at org.junit.platform.engine.support.hierarchical.NodeTestTask.lambda$executeRecursively$6(NodeTestTask.java:155)
	at org.junit.platform.engine.support.hierarchical.ThrowableCollector.execute(ThrowableCollector.java:73)
	at org.junit.platform.engine.support.hierarchical.NodeTestTask.lambda$executeRecursively$8(NodeTestTask.java:141)
	at org.junit.platform.engine.support.hierarchical.Node.around(Node.java:137)
	at org.junit.platform.engine.support.hierarchical.NodeTestTask.lambda$executeRecursively$9(NodeTestTask.java:139)
	at org.junit.platform.engine.support.hierarchical.ThrowableCollector.execute(ThrowableCollector.java:73)
	at org.junit.platform.engine.support.hierarchical.NodeTestTask.executeRecursively(NodeTestTask.java:138)
	at org.junit.platform.engine.support.hierarchical.NodeTestTask.execute(NodeTestTask.java:95)
	at java.base/java.util.ArrayList.forEach(ArrayList.java:1511)
	at org.junit.platform.engine.support.hierarchical.SameThreadHierarchicalTestExecutorService.invokeAll(SameThreadHierarchicalTestExecutorService.java:41)
	at org.junit.platform.engine.support.hierarchical.NodeTestTask.lambda$executeRecursively$6(NodeTestTask.java:155)
	at org.junit.platform.engine.support.hierarchical.ThrowableCollector.execute(ThrowableCollector.java:73)
	at org.junit.platform.engine.support.hierarchical.NodeTestTask.lambda$executeRecursively$8(NodeTestTask.java:141)
	at org.junit.platform.engine.support.hierarchical.Node.around(Node.java:137)
	at org.junit.platform.engine.support.hierarchical.NodeTestTask.lambda$executeRecursively$9(NodeTestTask.java:139)
	at org.junit.platform.engine.support.hierarchical.ThrowableCollector.execute(ThrowableCollector.java:73)
	at org.junit.platform.engine.support.hierarchical.NodeTestTask.executeRecursively(NodeTestTask.java:138)
	at org.junit.platform.engine.support.hierarchical.NodeTestTask.execute(NodeTestTask.java:95)
	at org.junit.platform.engine.support.hierarchical.SameThreadHierarchicalTestExecutorService.submit(SameThreadHierarchicalTestExecutorService.java:35)
	at org.junit.platform.engine.support.hierarchical.HierarchicalTestExecutor.execute(HierarchicalTestExecutor.java:57)
	at org.junit.platform.engine.support.hierarchical.HierarchicalTestEngine.execute(HierarchicalTestEngine.java:54)
	at org.junit.platform.launcher.core.EngineExecutionOrchestrator.execute(EngineExecutionOrchestrator.java:147)
	at org.junit.platform.launcher.core.EngineExecutionOrchestrator.execute(EngineExecutionOrchestrator.java:127)
	at org.junit.platform.launcher.core.EngineExecutionOrchestrator.execute(EngineExecutionOrchestrator.java:90)
	at org.junit.platform.launcher.core.EngineExecutionOrchestrator.lambda$execute$0(EngineExecutionOrchestrator.java:55)
	at org.junit.platform.launcher.core.EngineExecutionOrchestrator.withInterceptedStreams(EngineExecutionOrchestrator.java:102)
	at org.junit.platform.launcher.core.EngineExecutionOrchestrator.execute(EngineExecutionOrchestrator.java:54)
	at org.junit.platform.launcher.core.DefaultLauncher.execute(DefaultLauncher.java:114)
	at org.junit.platform.launcher.core.DefaultLauncher.execute(DefaultLauncher.java:86)
	at org.junit.platform.launcher.core.DefaultLauncherSession$DelegatingLauncher.execute(DefaultLauncherSession.java:86)
	at org.apache.maven.surefire.junitplatform.LazyLauncher.execute(LazyLauncher.java:55)
	at org.apache.maven.surefire.junitplatform.JUnitPlatformProvider.execute(JUnitPlatformProvider.java:223)
	at org.apache.maven.surefire.junitplatform.JUnitPlatformProvider.invokeAllTests(JUnitPlatformProvider.java:175)
	at org.apache.maven.surefire.junitplatform.JUnitPlatformProvider.invoke(JUnitPlatformProvider.java:139)
	at org.apache.maven.surefire.booter.ForkedBooter.runSuitesInProcess(ForkedBooter.java:456)
	at org.apache.maven.surefire.booter.ForkedBooter.execute(ForkedBooter.java:169)
	at org.apache.maven.surefire.booter.ForkedBooter.run(ForkedBooter.java:595)
	at org.apache.maven.surefire.booter.ForkedBooter.main(ForkedBooter.java:581)
]]></error>
    <system-out><![CDATA[xxxxxxxA B ) AND ( C ORxxxxxxxA B ) NOT ( C AND OR]]></system-out>
    <system-err><![CDATA[Oct 30, 2024 1:10:44 AM com.lazicode.workflow.expressions.LogicExpression <init>
INFO: Initializing LogicExpression with expression: A AND B OR C | Short-Circuit: true
Oct 30, 2024 1:10:44 AM com.lazicode.workflow.expressions.LogicExpression isValid
INFO: Expression is valid.
Oct 30, 2024 1:10:44 AM com.lazicode.workflow.expressions.LogicExpression <init>
INFO: LogicExpression initialized successfully.
Oct 30, 2024 1:10:44 AM com.lazicode.workflow.expressions.LogicExpression <init>
INFO: Initializing LogicExpression with expression: A OR ( NOT B AND C ) | Short-Circuit: false
Oct 30, 2024 1:10:44 AM com.lazicode.workflow.expressions.LogicExpression isValid
INFO: Expression is valid.
Oct 30, 2024 1:10:44 AM com.lazicode.workflow.expressions.LogicExpression <init>
INFO: LogicExpression initialized successfully.
]]></system-err>
  </testcase>
  <testcase name="testExpressionWithOnlyNotOperator" classname="com.lazicode.workflow.expressions.LogicExpressionShortCircuitEnabledTest" time="0.001">
    <error message="Expression cannot end with an operator." type="java.lang.IllegalArgumentException"><![CDATA[java.lang.IllegalArgumentException: Expression cannot end with an operator.
	at com.lazicode.workflow.expressions.LogicExpression.isValid(LogicExpression.java:179)
	at com.lazicode.workflow.expressions.LogicExpression.<init>(LogicExpression.java:54)
	at com.lazicode.workflow.expressions.LogicExpressionShortCircuitEnabledTest.testExpressionWithOnlyNotOperator(LogicExpressionShortCircuitEnabledTest.java:479)
	at java.base/jdk.internal.reflect.NativeMethodAccessorImpl.invoke0(Native Method)
	at java.base/jdk.internal.reflect.NativeMethodAccessorImpl.invoke(NativeMethodAccessorImpl.java:77)
	at java.base/jdk.internal.reflect.DelegatingMethodAccessorImpl.invoke(DelegatingMethodAccessorImpl.java:43)
	at java.base/java.lang.reflect.Method.invoke(Method.java:569)
	at org.junit.platform.commons.util.ReflectionUtils.invokeMethod(ReflectionUtils.java:727)
	at org.junit.jupiter.engine.execution.MethodInvocation.proceed(MethodInvocation.java:60)
	at org.junit.jupiter.engine.execution.InvocationInterceptorChain$ValidatingInvocation.proceed(InvocationInterceptorChain.java:131)
	at org.junit.jupiter.engine.extension.TimeoutExtension.intercept(TimeoutExtension.java:156)
	at org.junit.jupiter.engine.extension.TimeoutExtension.interceptTestableMethod(TimeoutExtension.java:147)
	at org.junit.jupiter.engine.extension.TimeoutExtension.interceptTestMethod(TimeoutExtension.java:86)
	at org.junit.jupiter.engine.execution.InterceptingExecutableInvoker$ReflectiveInterceptorCall.lambda$ofVoidMethod$0(InterceptingExecutableInvoker.java:103)
	at org.junit.jupiter.engine.execution.InterceptingExecutableInvoker.lambda$invoke$0(InterceptingExecutableInvoker.java:93)
	at org.junit.jupiter.engine.execution.InvocationInterceptorChain$InterceptedInvocation.proceed(InvocationInterceptorChain.java:106)
	at org.junit.jupiter.engine.execution.InvocationInterceptorChain.proceed(InvocationInterceptorChain.java:64)
	at org.junit.jupiter.engine.execution.InvocationInterceptorChain.chainAndInvoke(InvocationInterceptorChain.java:45)
	at org.junit.jupiter.engine.execution.InvocationInterceptorChain.invoke(InvocationInterceptorChain.java:37)
	at org.junit.jupiter.engine.execution.InterceptingExecutableInvoker.invoke(InterceptingExecutableInvoker.java:92)
	at org.junit.jupiter.engine.execution.InterceptingExecutableInvoker.invoke(InterceptingExecutableInvoker.java:86)
	at org.junit.jupiter.engine.descriptor.TestMethodTestDescriptor.lambda$invokeTestMethod$7(TestMethodTestDescriptor.java:217)
	at org.junit.platform.engine.support.hierarchical.ThrowableCollector.execute(ThrowableCollector.java:73)
	at org.junit.jupiter.engine.descriptor.TestMethodTestDescriptor.invokeTestMethod(TestMethodTestDescriptor.java:213)
	at org.junit.jupiter.engine.descriptor.TestMethodTestDescriptor.execute(TestMethodTestDescriptor.java:138)
	at org.junit.jupiter.engine.descriptor.TestMethodTestDescriptor.execute(TestMethodTestDescriptor.java:68)
	at org.junit.platform.engine.support.hierarchical.NodeTestTask.lambda$executeRecursively$6(NodeTestTask.java:151)
	at org.junit.platform.engine.support.hierarchical.ThrowableCollector.execute(ThrowableCollector.java:73)
	at org.junit.platform.engine.support.hierarchical.NodeTestTask.lambda$executeRecursively$8(NodeTestTask.java:141)
	at org.junit.platform.engine.support.hierarchical.Node.around(Node.java:137)
	at org.junit.platform.engine.support.hierarchical.NodeTestTask.lambda$executeRecursively$9(NodeTestTask.java:139)
	at org.junit.platform.engine.support.hierarchical.ThrowableCollector.execute(ThrowableCollector.java:73)
	at org.junit.platform.engine.support.hierarchical.NodeTestTask.executeRecursively(NodeTestTask.java:138)
	at org.junit.platform.engine.support.hierarchical.NodeTestTask.execute(NodeTestTask.java:95)
	at java.base/java.util.ArrayList.forEach(ArrayList.java:1511)
	at org.junit.platform.engine.support.hierarchical.SameThreadHierarchicalTestExecutorService.invokeAll(SameThreadHierarchicalTestExecutorService.java:41)
	at org.junit.platform.engine.support.hierarchical.NodeTestTask.lambda$executeRecursively$6(NodeTestTask.java:155)
	at org.junit.platform.engine.support.hierarchical.ThrowableCollector.execute(ThrowableCollector.java:73)
	at org.junit.platform.engine.support.hierarchical.NodeTestTask.lambda$executeRecursively$8(NodeTestTask.java:141)
	at org.junit.platform.engine.support.hierarchical.Node.around(Node.java:137)
	at org.junit.platform.engine.support.hierarchical.NodeTestTask.lambda$executeRecursively$9(NodeTestTask.java:139)
	at org.junit.platform.engine.support.hierarchical.ThrowableCollector.execute(ThrowableCollector.java:73)
	at org.junit.platform.engine.support.hierarchical.NodeTestTask.executeRecursively(NodeTestTask.java:138)
	at org.junit.platform.engine.support.hierarchical.NodeTestTask.execute(NodeTestTask.java:95)
	at java.base/java.util.ArrayList.forEach(ArrayList.java:1511)
	at org.junit.platform.engine.support.hierarchical.SameThreadHierarchicalTestExecutorService.invokeAll(SameThreadHierarchicalTestExecutorService.java:41)
	at org.junit.platform.engine.support.hierarchical.NodeTestTask.lambda$executeRecursively$6(NodeTestTask.java:155)
	at org.junit.platform.engine.support.hierarchical.ThrowableCollector.execute(ThrowableCollector.java:73)
	at org.junit.platform.engine.support.hierarchical.NodeTestTask.lambda$executeRecursively$8(NodeTestTask.java:141)
	at org.junit.platform.engine.support.hierarchical.Node.around(Node.java:137)
	at org.junit.platform.engine.support.hierarchical.NodeTestTask.lambda$executeRecursively$9(NodeTestTask.java:139)
	at org.junit.platform.engine.support.hierarchical.ThrowableCollector.execute(ThrowableCollector.java:73)
	at org.junit.platform.engine.support.hierarchical.NodeTestTask.executeRecursively(NodeTestTask.java:138)
	at org.junit.platform.engine.support.hierarchical.NodeTestTask.execute(NodeTestTask.java:95)
	at org.junit.platform.engine.support.hierarchical.SameThreadHierarchicalTestExecutorService.submit(SameThreadHierarchicalTestExecutorService.java:35)
	at org.junit.platform.engine.support.hierarchical.HierarchicalTestExecutor.execute(HierarchicalTestExecutor.java:57)
	at org.junit.platform.engine.support.hierarchical.HierarchicalTestEngine.execute(HierarchicalTestEngine.java:54)
	at org.junit.platform.launcher.core.EngineExecutionOrchestrator.execute(EngineExecutionOrchestrator.java:147)
	at org.junit.platform.launcher.core.EngineExecutionOrchestrator.execute(EngineExecutionOrchestrator.java:127)
	at org.junit.platform.launcher.core.EngineExecutionOrchestrator.execute(EngineExecutionOrchestrator.java:90)
	at org.junit.platform.launcher.core.EngineExecutionOrchestrator.lambda$execute$0(EngineExecutionOrchestrator.java:55)
	at org.junit.platform.launcher.core.EngineExecutionOrchestrator.withInterceptedStreams(EngineExecutionOrchestrator.java:102)
	at org.junit.platform.launcher.core.EngineExecutionOrchestrator.execute(EngineExecutionOrchestrator.java:54)
	at org.junit.platform.launcher.core.DefaultLauncher.execute(DefaultLauncher.java:114)
	at org.junit.platform.launcher.core.DefaultLauncher.execute(DefaultLauncher.java:86)
	at org.junit.platform.launcher.core.DefaultLauncherSession$DelegatingLauncher.execute(DefaultLauncherSession.java:86)
	at org.apache.maven.surefire.junitplatform.LazyLauncher.execute(LazyLauncher.java:55)
	at org.apache.maven.surefire.junitplatform.JUnitPlatformProvider.execute(JUnitPlatformProvider.java:223)
	at org.apache.maven.surefire.junitplatform.JUnitPlatformProvider.invokeAllTests(JUnitPlatformProvider.java:175)
	at org.apache.maven.surefire.junitplatform.JUnitPlatformProvider.invoke(JUnitPlatformProvider.java:139)
	at org.apache.maven.surefire.booter.ForkedBooter.runSuitesInProcess(ForkedBooter.java:456)
	at org.apache.maven.surefire.booter.ForkedBooter.execute(ForkedBooter.java:169)
	at org.apache.maven.surefire.booter.ForkedBooter.run(ForkedBooter.java:595)
	at org.apache.maven.surefire.booter.ForkedBooter.main(ForkedBooter.java:581)
]]></error>
    <system-out><![CDATA[xxxxxxxA B ) AND ( C ORxxxxxxxNOT]]></system-out>
    <system-err><![CDATA[Oct 30, 2024 1:10:44 AM com.lazicode.workflow.expressions.LogicExpression <init>
INFO: Initializing LogicExpression with expression: A AND B OR C | Short-Circuit: true
Oct 30, 2024 1:10:44 AM com.lazicode.workflow.expressions.LogicExpression isValid
INFO: Expression is valid.
Oct 30, 2024 1:10:44 AM com.lazicode.workflow.expressions.LogicExpression <init>
INFO: LogicExpression initialized successfully.
Oct 30, 2024 1:10:44 AM com.lazicode.workflow.expressions.LogicExpression <init>
INFO: Initializing LogicExpression with expression: NOT | Short-Circuit: false
Oct 30, 2024 1:10:44 AM com.lazicode.workflow.expressions.LogicExpression isValid
WARNING: Expression cannot end with an operator.
Oct 30, 2024 1:10:44 AM com.lazicode.workflow.expressions.LogicExpression <init>
SEVERE: Invalid logic expression: Expression cannot end with an operator.
]]></system-err>
  </testcase>
  <testcase name="testMultipleNotOperators" classname="com.lazicode.workflow.expressions.LogicExpressionShortCircuitEnabledTest" time="0.001">
    <error message="Mismatched parentheses." type="java.lang.IllegalArgumentException"><![CDATA[java.lang.IllegalArgumentException: Mismatched parentheses.
	at com.lazicode.workflow.expressions.LogicExpression.infixToPostfix(LogicExpression.java:303)
	at com.lazicode.workflow.expressions.LogicExpression.performCalculation(LogicExpression.java:233)
	at com.lazicode.workflow.expressions.Expression.calculate(Expression.java:71)
	at com.lazicode.workflow.expressions.LogicExpressionShortCircuitEnabledTest.testMultipleNotOperators(LogicExpressionShortCircuitEnabledTest.java:364)
	at java.base/jdk.internal.reflect.NativeMethodAccessorImpl.invoke0(Native Method)
	at java.base/jdk.internal.reflect.NativeMethodAccessorImpl.invoke(NativeMethodAccessorImpl.java:77)
	at java.base/jdk.internal.reflect.DelegatingMethodAccessorImpl.invoke(DelegatingMethodAccessorImpl.java:43)
	at java.base/java.lang.reflect.Method.invoke(Method.java:569)
	at org.junit.platform.commons.util.ReflectionUtils.invokeMethod(ReflectionUtils.java:727)
	at org.junit.jupiter.engine.execution.MethodInvocation.proceed(MethodInvocation.java:60)
	at org.junit.jupiter.engine.execution.InvocationInterceptorChain$ValidatingInvocation.proceed(InvocationInterceptorChain.java:131)
	at org.junit.jupiter.engine.extension.TimeoutExtension.intercept(TimeoutExtension.java:156)
	at org.junit.jupiter.engine.extension.TimeoutExtension.interceptTestableMethod(TimeoutExtension.java:147)
	at org.junit.jupiter.engine.extension.TimeoutExtension.interceptTestMethod(TimeoutExtension.java:86)
	at org.junit.jupiter.engine.execution.InterceptingExecutableInvoker$ReflectiveInterceptorCall.lambda$ofVoidMethod$0(InterceptingExecutableInvoker.java:103)
	at org.junit.jupiter.engine.execution.InterceptingExecutableInvoker.lambda$invoke$0(InterceptingExecutableInvoker.java:93)
	at org.junit.jupiter.engine.execution.InvocationInterceptorChain$InterceptedInvocation.proceed(InvocationInterceptorChain.java:106)
	at org.junit.jupiter.engine.execution.InvocationInterceptorChain.proceed(InvocationInterceptorChain.java:64)
	at org.junit.jupiter.engine.execution.InvocationInterceptorChain.chainAndInvoke(InvocationInterceptorChain.java:45)
	at org.junit.jupiter.engine.execution.InvocationInterceptorChain.invoke(InvocationInterceptorChain.java:37)
	at org.junit.jupiter.engine.execution.InterceptingExecutableInvoker.invoke(InterceptingExecutableInvoker.java:92)
	at org.junit.jupiter.engine.execution.InterceptingExecutableInvoker.invoke(InterceptingExecutableInvoker.java:86)
	at org.junit.jupiter.engine.descriptor.TestMethodTestDescriptor.lambda$invokeTestMethod$7(TestMethodTestDescriptor.java:217)
	at org.junit.platform.engine.support.hierarchical.ThrowableCollector.execute(ThrowableCollector.java:73)
	at org.junit.jupiter.engine.descriptor.TestMethodTestDescriptor.invokeTestMethod(TestMethodTestDescriptor.java:213)
	at org.junit.jupiter.engine.descriptor.TestMethodTestDescriptor.execute(TestMethodTestDescriptor.java:138)
	at org.junit.jupiter.engine.descriptor.TestMethodTestDescriptor.execute(TestMethodTestDescriptor.java:68)
	at org.junit.platform.engine.support.hierarchical.NodeTestTask.lambda$executeRecursively$6(NodeTestTask.java:151)
	at org.junit.platform.engine.support.hierarchical.ThrowableCollector.execute(ThrowableCollector.java:73)
	at org.junit.platform.engine.support.hierarchical.NodeTestTask.lambda$executeRecursively$8(NodeTestTask.java:141)
	at org.junit.platform.engine.support.hierarchical.Node.around(Node.java:137)
	at org.junit.platform.engine.support.hierarchical.NodeTestTask.lambda$executeRecursively$9(NodeTestTask.java:139)
	at org.junit.platform.engine.support.hierarchical.ThrowableCollector.execute(ThrowableCollector.java:73)
	at org.junit.platform.engine.support.hierarchical.NodeTestTask.executeRecursively(NodeTestTask.java:138)
	at org.junit.platform.engine.support.hierarchical.NodeTestTask.execute(NodeTestTask.java:95)
	at java.base/java.util.ArrayList.forEach(ArrayList.java:1511)
	at org.junit.platform.engine.support.hierarchical.SameThreadHierarchicalTestExecutorService.invokeAll(SameThreadHierarchicalTestExecutorService.java:41)
	at org.junit.platform.engine.support.hierarchical.NodeTestTask.lambda$executeRecursively$6(NodeTestTask.java:155)
	at org.junit.platform.engine.support.hierarchical.ThrowableCollector.execute(ThrowableCollector.java:73)
	at org.junit.platform.engine.support.hierarchical.NodeTestTask.lambda$executeRecursively$8(NodeTestTask.java:141)
	at org.junit.platform.engine.support.hierarchical.Node.around(Node.java:137)
	at org.junit.platform.engine.support.hierarchical.NodeTestTask.lambda$executeRecursively$9(NodeTestTask.java:139)
	at org.junit.platform.engine.support.hierarchical.ThrowableCollector.execute(ThrowableCollector.java:73)
	at org.junit.platform.engine.support.hierarchical.NodeTestTask.executeRecursively(NodeTestTask.java:138)
	at org.junit.platform.engine.support.hierarchical.NodeTestTask.execute(NodeTestTask.java:95)
	at java.base/java.util.ArrayList.forEach(ArrayList.java:1511)
	at org.junit.platform.engine.support.hierarchical.SameThreadHierarchicalTestExecutorService.invokeAll(SameThreadHierarchicalTestExecutorService.java:41)
	at org.junit.platform.engine.support.hierarchical.NodeTestTask.lambda$executeRecursively$6(NodeTestTask.java:155)
	at org.junit.platform.engine.support.hierarchical.ThrowableCollector.execute(ThrowableCollector.java:73)
	at org.junit.platform.engine.support.hierarchical.NodeTestTask.lambda$executeRecursively$8(NodeTestTask.java:141)
	at org.junit.platform.engine.support.hierarchical.Node.around(Node.java:137)
	at org.junit.platform.engine.support.hierarchical.NodeTestTask.lambda$executeRecursively$9(NodeTestTask.java:139)
	at org.junit.platform.engine.support.hierarchical.ThrowableCollector.execute(ThrowableCollector.java:73)
	at org.junit.platform.engine.support.hierarchical.NodeTestTask.executeRecursively(NodeTestTask.java:138)
	at org.junit.platform.engine.support.hierarchical.NodeTestTask.execute(NodeTestTask.java:95)
	at org.junit.platform.engine.support.hierarchical.SameThreadHierarchicalTestExecutorService.submit(SameThreadHierarchicalTestExecutorService.java:35)
	at org.junit.platform.engine.support.hierarchical.HierarchicalTestExecutor.execute(HierarchicalTestExecutor.java:57)
	at org.junit.platform.engine.support.hierarchical.HierarchicalTestEngine.execute(HierarchicalTestEngine.java:54)
	at org.junit.platform.launcher.core.EngineExecutionOrchestrator.execute(EngineExecutionOrchestrator.java:147)
	at org.junit.platform.launcher.core.EngineExecutionOrchestrator.execute(EngineExecutionOrchestrator.java:127)
	at org.junit.platform.launcher.core.EngineExecutionOrchestrator.execute(EngineExecutionOrchestrator.java:90)
	at org.junit.platform.launcher.core.EngineExecutionOrchestrator.lambda$execute$0(EngineExecutionOrchestrator.java:55)
	at org.junit.platform.launcher.core.EngineExecutionOrchestrator.withInterceptedStreams(EngineExecutionOrchestrator.java:102)
	at org.junit.platform.launcher.core.EngineExecutionOrchestrator.execute(EngineExecutionOrchestrator.java:54)
	at org.junit.platform.launcher.core.DefaultLauncher.execute(DefaultLauncher.java:114)
	at org.junit.platform.launcher.core.DefaultLauncher.execute(DefaultLauncher.java:86)
	at org.junit.platform.launcher.core.DefaultLauncherSession$DelegatingLauncher.execute(DefaultLauncherSession.java:86)
	at org.apache.maven.surefire.junitplatform.LazyLauncher.execute(LazyLauncher.java:55)
	at org.apache.maven.surefire.junitplatform.JUnitPlatformProvider.execute(JUnitPlatformProvider.java:223)
	at org.apache.maven.surefire.junitplatform.JUnitPlatformProvider.invokeAllTests(JUnitPlatformProvider.java:175)
	at org.apache.maven.surefire.junitplatform.JUnitPlatformProvider.invoke(JUnitPlatformProvider.java:139)
	at org.apache.maven.surefire.booter.ForkedBooter.runSuitesInProcess(ForkedBooter.java:456)
	at org.apache.maven.surefire.booter.ForkedBooter.execute(ForkedBooter.java:169)
	at org.apache.maven.surefire.booter.ForkedBooter.run(ForkedBooter.java:595)
	at org.apache.maven.surefire.booter.ForkedBooter.main(ForkedBooter.java:581)
]]></error>
    <system-out><![CDATA[xxxxxxxA B ) AND ( C ORxxxxxxx) NOT ( A NOT]]></system-out>
    <system-err><![CDATA[Oct 30, 2024 1:10:44 AM com.lazicode.workflow.expressions.LogicExpression <init>
INFO: Initializing LogicExpression with expression: A AND B OR C | Short-Circuit: true
Oct 30, 2024 1:10:44 AM com.lazicode.workflow.expressions.LogicExpression isValid
INFO: Expression is valid.
Oct 30, 2024 1:10:44 AM com.lazicode.workflow.expressions.LogicExpression <init>
INFO: LogicExpression initialized successfully.
Oct 30, 2024 1:10:44 AM com.lazicode.workflow.expressions.LogicExpression <init>
INFO: Initializing LogicExpression with expression: NOT NOT A | Short-Circuit: false
Oct 30, 2024 1:10:44 AM com.lazicode.workflow.expressions.LogicExpression isValid
INFO: Expression is valid.
Oct 30, 2024 1:10:44 AM com.lazicode.workflow.expressions.LogicExpression <init>
INFO: LogicExpression initialized successfully.
]]></system-err>
  </testcase>
  <testcase name="testSetInvalidVariableValue" classname="com.lazicode.workflow.expressions.LogicExpressionShortCircuitEnabledTest" time="0.001">
    <system-out><![CDATA[xxxxxxxA B ) AND ( C OR]]></system-out>
    <system-err><![CDATA[Oct 30, 2024 1:10:44 AM com.lazicode.workflow.expressions.LogicExpression <init>
INFO: Initializing LogicExpression with expression: A AND B OR C | Short-Circuit: true
Oct 30, 2024 1:10:44 AM com.lazicode.workflow.expressions.LogicExpression isValid
INFO: Expression is valid.
Oct 30, 2024 1:10:44 AM com.lazicode.workflow.expressions.LogicExpression <init>
INFO: LogicExpression initialized successfully.
Oct 30, 2024 1:10:44 AM com.lazicode.workflow.expressions.LogicExpression setVariable
WARNING: Invalid variable value type for variable 'A'. Expected Boolean.
]]></system-err>
  </testcase>
  <testcase name="testXorOperator" classname="com.lazicode.workflow.expressions.LogicExpressionShortCircuitEnabledTest" time="0.001">
    <system-out><![CDATA[xxxxxxxA B ) AND ( C ORxxxxxxxTRUE FALSE XORxxxxxxxTRUE TRUE XOR]]></system-out>
    <system-err><![CDATA[Oct 30, 2024 1:10:44 AM com.lazicode.workflow.expressions.LogicExpression <init>
INFO: Initializing LogicExpression with expression: A AND B OR C | Short-Circuit: true
Oct 30, 2024 1:10:44 AM com.lazicode.workflow.expressions.LogicExpression isValid
INFO: Expression is valid.
Oct 30, 2024 1:10:44 AM com.lazicode.workflow.expressions.LogicExpression <init>
INFO: LogicExpression initialized successfully.
Oct 30, 2024 1:10:44 AM com.lazicode.workflow.expressions.LogicExpression <init>
INFO: Initializing LogicExpression with expression: TRUE XOR FALSE | Short-Circuit: false
Oct 30, 2024 1:10:44 AM com.lazicode.workflow.expressions.LogicExpression isValid
INFO: Expression is valid.
Oct 30, 2024 1:10:44 AM com.lazicode.workflow.expressions.LogicExpression <init>
INFO: LogicExpression initialized successfully.
Oct 30, 2024 1:10:44 AM com.lazicode.workflow.expressions.LogicExpression <init>
INFO: Initializing LogicExpression with expression: TRUE XOR TRUE | Short-Circuit: false
Oct 30, 2024 1:10:44 AM com.lazicode.workflow.expressions.LogicExpression isValid
INFO: Expression is valid.
Oct 30, 2024 1:10:44 AM com.lazicode.workflow.expressions.LogicExpression <init>
INFO: LogicExpression initialized successfully.
]]></system-err>
  </testcase>
  <testcase name="testExpressionWithRedundantParentheses" classname="com.lazicode.workflow.expressions.LogicExpressionShortCircuitEnabledTest" time="0.001">
    <system-out><![CDATA[xxxxxxxA B ) AND ( C ORxxxxxxxA B AND C OR]]></system-out>
    <system-err><![CDATA[Oct 30, 2024 1:10:44 AM com.lazicode.workflow.expressions.LogicExpression <init>
INFO: Initializing LogicExpression with expression: A AND B OR C | Short-Circuit: true
Oct 30, 2024 1:10:44 AM com.lazicode.workflow.expressions.LogicExpression isValid
INFO: Expression is valid.
Oct 30, 2024 1:10:44 AM com.lazicode.workflow.expressions.LogicExpression <init>
INFO: LogicExpression initialized successfully.
Oct 30, 2024 1:10:44 AM com.lazicode.workflow.expressions.LogicExpression <init>
INFO: Initializing LogicExpression with expression: ((A AND B)) OR ((C)) | Short-Circuit: false
Oct 30, 2024 1:10:44 AM com.lazicode.workflow.expressions.LogicExpression isValid
INFO: Expression is valid.
Oct 30, 2024 1:10:44 AM com.lazicode.workflow.expressions.LogicExpression <init>
INFO: LogicExpression initialized successfully.
]]></system-err>
  </testcase>
  <testcase name="testInvalidTokenInExpression" classname="com.lazicode.workflow.expressions.LogicExpressionShortCircuitEnabledTest" time="0.001">
    <system-out><![CDATA[xxxxxxxA B ) AND ( C ORxxxxxxxA B ) AND ( C OR]]></system-out>
    <system-err><![CDATA[Oct 30, 2024 1:10:44 AM com.lazicode.workflow.expressions.LogicExpression <init>
INFO: Initializing LogicExpression with expression: A AND B OR C | Short-Circuit: true
Oct 30, 2024 1:10:44 AM com.lazicode.workflow.expressions.LogicExpression isValid
INFO: Expression is valid.
Oct 30, 2024 1:10:44 AM com.lazicode.workflow.expressions.LogicExpression <init>
INFO: LogicExpression initialized successfully.
Oct 30, 2024 1:10:44 AM com.lazicode.workflow.expressions.LogicExpression <init>
INFO: Initializing LogicExpression with expression: A AND B OR XORR C | Short-Circuit: true
Oct 30, 2024 1:10:44 AM com.lazicode.workflow.expressions.LogicExpression isValid
WARNING: Invalid token detected: XORR
Oct 30, 2024 1:10:44 AM com.lazicode.workflow.expressions.LogicExpression <init>
SEVERE: Invalid logic expression: Invalid token detected: XORR
]]></system-err>
  </testcase>
</testsuite>