<?xml version="1.0" encoding="UTF-8"?>
<testsuite xmlns:xsi="http://www.w3.org/2001/XMLSchema-instance" xsi:noNamespaceSchemaLocation="https://maven.apache.org/surefire/maven-surefire-plugin/xsd/surefire-test-report-3.0.xsd" version="3.0" name="com.lazicode.workflow.expressions.LogicExpressionShortCircuitEnabledTest" time="0.072" tests="47" errors="15" skipped="0" failures="3">
  <properties>
[...]
</properties>
  <testcase name="testInvalidOperatorPlacement" classname="com.lazicode.workflow.expressions.LogicExpressionShortCircuitEnabledTest" time="0.004">
    <system-out><![CDATA[xxxxxxxA B ) AND ( C ORxxxxxxxA ) AND ( OR]]></system-out>
    <system-err><![CDATA[Oct 30, 2024 1:10:44 AM com.lazicode.workflow.expressions.LogicExpression <init>
INFO: Initializing LogicExpression with expression: A AND B OR C | Short-Circuit: true
Oct 30, 2024 1:10:44 AM com.lazicode.workflow.expressions.LogicExpression isValid
INFO: Expression is valid.
Oct 30, 2024 1:10:44 AM com.lazicode.workflow.expressions.LogicExpression <init>
INFO: LogicExpression initialized successfully.
Oct 30, 2024 1:10:44 AM com.lazicode.workflow.expressions.LogicExpression <init>
INFO: Initializing LogicExpression with expression: A AND OR | Short-Circuit: false
Oct 30, 2024 1:10:44 AM com.lazicode.workflow.expressions.LogicExpression isValid
WARNING: Invalid operator placement: OR after AND.
Oct 30, 2024 1:10:44 AM com.lazicode.workflow.expressions.LogicExpression <init>
SEVERE: Invalid logic expression: Invalid operator placement: OR after AND
]]></system-err>
  </testcase>
  <testcase name="testIsInvalidWithConsecutiveOperators" classname="com.lazicode.workflow.expressions.LogicExpressionShortCircuitEnabledTest" time="0.001">
    <system-out><![CDATA[xxxxxxxA B ) AND ( C ORxxxxxxxA ) AND ( B AND]]></system-out>
    <system-err><![CDATA[Oct 30, 2024 1:10:44 AM com.lazicode.workflow.expressions.LogicExpression <init>
INFO: Initializing LogicExpression with expression: A AND B OR C | Short-Circuit: true
Oct 30, 2024 1:10:44 AM com.lazicode.workflow.expressions.LogicExpression isValid
INFO: Expression is valid.
Oct 30, 2024 1:10:44 AM com.lazicode.workflow.expressions.LogicExpression <init>
INFO: LogicExpression initialized successfully.
Oct 30, 2024 1:10:44 AM com.lazicode.workflow.expressions.LogicExpression <init>
INFO: Initializing LogicExpression with expression: A AND AND B | Short-Circuit: false
Oct 30, 2024 1:10:44 AM com.lazicode.workflow.expressions.LogicExpression isValid
WARNING: Invalid operator placement: AND after AND.
Oct 30, 2024 1:10:44 AM com.lazicode.workflow.expressions.LogicExpression <init>
SEVERE: Invalid logic expression: Invalid operator placement: AND after AND
]]></system-err>
  </testcase>
  <testcase name="testLogicalExpressionWithMixedNegationsAndOperators" classname="com.lazicode.workflow.expressions.LogicExpressionShortCircuitEnabledTest" time="0.002">
    <failure message="Expression &apos;A AND NOT ( B OR NOT C )&apos; should evaluate to FALSE ==&gt; expected: &lt;false&gt; but was: &lt;true&gt;" type="org.opentest4j.AssertionFailedError"><![CDATA[org.opentest4j.AssertionFailedError: Expression 'A AND NOT ( B OR NOT C )' should evaluate to FALSE ==> expected: <false> but was: <true>
	at org.junit.jupiter.api.AssertionFailureBuilder.build(AssertionFailureBuilder.java:151)
	at org.junit.jupiter.api.AssertionFailureBuilder.buildAndThrow(AssertionFailureBuilder.java:132)
	at org.junit.jupiter.api.AssertFalse.failNotFalse(AssertFalse.java:63)
	at org.junit.jupiter.api.AssertFalse.assertFalse(AssertFalse.java:36)
	at org.junit.jupiter.api.Assertions.assertFalse(Assertions.java:236)
	at com.lazicode.workflow.expressions.LogicExpressionShortCircuitEnabledTest.testLogicalExpressionWithMixedNegationsAndOperators(LogicExpressionShortCircuitEnabledTest.java:561)
	at java.base/jdk.internal.reflect.NativeMethodAccessorImpl.invoke0(Native Method)
	at java.base/jdk.internal.reflect.NativeMethodAccessorImpl.invoke(NativeMethodAccessorImpl.java:77)
	at java.base/jdk.internal.reflect.DelegatingMethodAccessorImpl.invoke(DelegatingMethodAccessorImpl.java:43)
	at java.base/java.lang.reflect.Method.invoke(Method.java:569)
	at org.junit.platform.commons.util.ReflectionUtils.invokeMethod(ReflectionUtils.java:727)
	at org.junit.jupiter.engine.execution.MethodInvocation.proceed(MethodInvocation.java:60)
	at org.junit.jupiter.engine.execution.InvocationInterceptorChain$ValidatingInvocation.proceed(InvocationInterceptorChain.java:131)
	at org.junit.jupiter.engine.extension.TimeoutExtension.intercept(TimeoutExtension.java:156)
	at org.junit.jupiter.engine.extension.TimeoutExtension.interceptTestableMethod(TimeoutExtension.java:147)
	at org.junit.jupiter.engine.extension.TimeoutExtension.interceptTestMethod(TimeoutExtension.java:86)
	at org.junit.jupiter.engine.execution.InterceptingExecutableInvoker$ReflectiveInterceptorCall.lambda$ofVoidMethod$0(InterceptingExecutableInvoker.java:103)
	at org.junit.jupiter.engine.execution.InterceptingExecutableInvoker.lambda$invoke$0(InterceptingExecutableInvoker.java:93)
	at org.junit.jupiter.engine.execution.InvocationInterceptorChain$InterceptedInvocation.proceed(InvocationInterceptorChain.java:106)
	at org.junit.jupiter.engine.execution.InvocationInterceptorChain.proceed(InvocationInterceptorChain.java:64)
	at org.junit.jupiter.engine.execution.InvocationInterceptorChain.chainAndInvoke(InvocationInterceptorChain.java:45)
	at org.junit.jupiter.engine.execution.InvocationInterceptorChain.invoke(InvocationInterceptorChain.java:37)
	at org.junit.jupiter.engine.execution.InterceptingExecutableInvoker.invoke(InterceptingExecutableInvoker.java:92)
	at org.junit.jupiter.engine.execution.InterceptingExecutableInvoker.invoke(InterceptingExecutableInvoker.java:86)
	at org.junit.jupiter.engine.descriptor.TestMethodTestDescriptor.lambda$invokeTestMethod$7(TestMethodTestDescriptor.java:217)
	at org.junit.platform.engine.support.hierarchical.ThrowableCollector.execute(ThrowableCollector.java:73)
	at org.junit.jupiter.engine.descriptor.TestMethodTestDescriptor.invokeTestMethod(TestMethodTestDescriptor.java:213)
	at org.junit.jupiter.engine.descriptor.TestMethodTestDescriptor.execute(TestMethodTestDescriptor.java:138)
	at org.junit.jupiter.engine.descriptor.TestMethodTestDescriptor.execute(TestMethodTestDescriptor.java:68)
	at org.junit.platform.engine.support.hierarchical.NodeTestTask.lambda$executeRecursively$6(NodeTestTask.java:151)
	at org.junit.platform.engine.support.hierarchical.ThrowableCollector.execute(ThrowableCollector.java:73)
	at org.junit.platform.engine.support.hierarchical.NodeTestTask.lambda$executeRecursively$8(NodeTestTask.java:141)
	at org.junit.platform.engine.support.hierarchical.Node.around(Node.java:137)
	at org.junit.platform.engine.support.hierarchical.NodeTestTask.lambda$executeRecursively$9(NodeTestTask.java:139)
	at org.junit.platform.engine.support.hierarchical.ThrowableCollector.execute(ThrowableCollector.java:73)
	at org.junit.platform.engine.support.hierarchical.NodeTestTask.executeRecursively(NodeTestTask.java:138)
	at org.junit.platform.engine.support.hierarchical.NodeTestTask.execute(NodeTestTask.java:95)
	at java.base/java.util.ArrayList.forEach(ArrayList.java:1511)
	at org.junit.platform.engine.support.hierarchical.SameThreadHierarchicalTestExecutorService.invokeAll(SameThreadHierarchicalTestExecutorService.java:41)
	at org.junit.platform.engine.support.hierarchical.NodeTestTask.lambda$executeRecursively$6(NodeTestTask.java:155)
	at org.junit.platform.engine.support.hierarchical.ThrowableCollector.execute(ThrowableCollector.java:73)
	at org.junit.platform.engine.support.hierarchical.NodeTestTask.lambda$executeRecursively$8(NodeTestTask.java:141)
	at org.junit.platform.engine.support.hierarchical.Node.around(Node.java:137)
	at org.junit.platform.engine.support.hierarchical.NodeTestTask.lambda$executeRecursively$9(NodeTestTask.java:139)
	at org.junit.platform.engine.support.hierarchical.ThrowableCollector.execute(ThrowableCollector.java:73)
	at org.junit.platform.engine.support.hierarchical.NodeTestTask.executeRecursively(NodeTestTask.java:138)
	at org.junit.platform.engine.support.hierarchical.NodeTestTask.execute(NodeTestTask.java:95)
	at java.base/java.util.ArrayList.forEach(ArrayList.java:1511)
	at org.junit.platform.engine.support.hierarchical.SameThreadHierarchicalTestExecutorService.invokeAll(SameThreadHierarchicalTestExecutorService.java:41)
	at org.junit.platform.engine.support.hierarchical.NodeTestTask.lambda$executeRecursively$6(NodeTestTask.java:155)
	at org.junit.platform.engine.support.hierarchical.ThrowableCollector.execute(ThrowableCollector.java:73)
	at org.junit.platform.engine.support.hierarchical.NodeTestTask.lambda$executeRecursively$8(NodeTestTask.java:141)
	at org.junit.platform.engine.support.hierarchical.Node.around(Node.java:137)
	at org.junit.platform.engine.support.hierarchical.NodeTestTask.lambda$executeRecursively$9(NodeTestTask.java:139)
	at org.junit.platform.engine.support.hierarchical.ThrowableCollector.execute(ThrowableCollector.java:73)
	at org.junit.platform.engine.support.hierarchical.NodeTestTask.executeRecursively(NodeTestTask.java:138)
	at org.junit.platform.engine.support.hierarchical.NodeTestTask.execute(NodeTestTask.java:95)
	at org.junit.platform.engine.support.hierarchical.SameThreadHierarchicalTestExecutorService.submit(SameThreadHierarchicalTestExecutorService.java:35)
	at org.junit.platform.engine.support.hierarchical.HierarchicalTestExecutor.execute(HierarchicalTestExecutor.java:57)
	at org.junit.platform.engine.support.hierarchical.HierarchicalTestEngine.execute(HierarchicalTestEngine.java:54)
	at org.junit.platform.launcher.core.EngineExecutionOrchestrator.execute(EngineExecutionOrchestrator.java:147)
	at org.junit.platform.launcher.core.EngineExecutionOrchestrator.execute(EngineExecutionOrchestrator.java:127)
	at org.junit.platform.launcher.core.EngineExecutionOrchestrator.execute(EngineExecutionOrchestrator.java:90)
	at org.junit.platform.launcher.core.EngineExecutionOrchestrator.lambda$execute$0(EngineExecutionOrchestrator.java:55)
	at org.junit.platform.launcher.core.EngineExecutionOrchestrator.withInterceptedStreams(EngineExecutionOrchestrator.java:102)
	at org.junit.platform.launcher.core.EngineExecutionOrchestrator.execute(EngineExecutionOrchestrator.java:54)
	at org.junit.platform.launcher.core.DefaultLauncher.execute(DefaultLauncher.java:114)
	at org.junit.platform.launcher.core.DefaultLauncher.execute(DefaultLauncher.java:86)
	at org.junit.platform.launcher.core.DefaultLauncherSession$DelegatingLauncher.execute(DefaultLauncherSession.java:86)
	at org.apache.maven.surefire.junitplatform.LazyLauncher.execute(LazyLauncher.java:55)
	at org.apache.maven.surefire.junitplatform.JUnitPlatformProvider.execute(JUnitPlatformProvider.java:223)
	at org.apache.maven.surefire.junitplatform.JUnitPlatformProvider.invokeAllTests(JUnitPlatformProvider.java:175)
	at org.apache.maven.surefire.junitplatform.JUnitPlatformProvider.invoke(JUnitPlatformProvider.java:139)
	at org.apache.maven.surefire.booter.ForkedBooter.runSuitesInProcess(ForkedBooter.java:456)
	at org.apache.maven.surefire.booter.ForkedBooter.execute(ForkedBooter.java:169)
	at org.apache.maven.surefire.booter.ForkedBooter.run(ForkedBooter.java:595)
	at org.apache.maven.surefire.booter.ForkedBooter.main(ForkedBooter.java:581)
]]></failure>
    <system-out><![CDATA[xxxxxxxA B ) AND ( C ORxxxxxxxA B C NOT OR NOT AND]]></system-out>
    <system-err><![CDATA[Oct 30, 2024 1:10:44 AM com.lazicode.workflow.expressions.LogicExpression <init>
INFO: Initializing LogicExpression with expression: A AND B OR C | Short-Circuit: true
Oct 30, 2024 1:10:44 AM com.lazicode.workflow.expressions.LogicExpression isValid
INFO: Expression is valid.
Oct 30, 2024 1:10:44 AM com.lazicode.workflow.expressions.LogicExpression <init>
INFO: LogicExpression initialized successfully.
Oct 30, 2024 1:10:44 AM com.lazicode.workflow.expressions.LogicExpression <init>
INFO: Initializing LogicExpression with expression: A AND NOT ( B OR NOT C ) | Short-Circuit: false
Oct 30, 2024 1:10:44 AM com.lazicode.workflow.expressions.LogicExpression isValid
INFO: Expression is valid.
Oct 30, 2024 1:10:44 AM com.lazicode.workflow.expressions.LogicExpression <init>
INFO: LogicExpression initialized successfully.
]]></system-err>
  </testcase>
  <testcase name="testDoubleNegation" classname="com.lazicode.workflow.expressions.LogicExpressionShortCircuitEnabledTest" time="0.001">
    <error message="Mismatched parentheses." type="java.lang.IllegalArgumentException"><![CDATA[java.lang.IllegalArgumentException: Mismatched parentheses.
	at com.lazicode.workflow.expressions.LogicExpression.infixToPostfix(LogicExpression.java:303)
	at com.lazicode.workflow.expressions.LogicExpression.performCalculation(LogicExpression.java:233)
	at com.lazicode.workflow.expressions.Expression.calculate(Expression.java:71)
	at com.lazicode.workflow.expressions.LogicExpressionShortCircuitEnabledTest.testDoubleNegation(LogicExpressionShortCircuitEnabledTest.java:303)
	at java.base/jdk.internal.reflect.NativeMethodAccessorImpl.invoke0(Native Method)
	at java.base/jdk.internal.reflect.NativeMethodAccessorImpl.invoke(NativeMethodAccessorImpl.java:77)
	at java.base/jdk.internal.reflect.DelegatingMethodAccessorImpl.invoke(DelegatingMethodAccessorImpl.java:43)
	at java.base/java.lang.reflect.Method.invoke(Method.java:569)
	at org.junit.platform.commons.util.ReflectionUtils.invokeMethod(ReflectionUtils.java:727)
	at org.junit.jupiter.engine.execution.MethodInvocation.proceed(MethodInvocation.java:60)
	at org.junit.jupiter.engine.execution.InvocationInterceptorChain$ValidatingInvocation.proceed(InvocationInterceptorChain.java:131)
	at org.junit.jupiter.engine.extension.TimeoutExtension.intercept(TimeoutExtension.java:156)
	at org.junit.jupiter.engine.extension.TimeoutExtension.interceptTestableMethod(TimeoutExtension.java:147)
	at org.junit.jupiter.engine.extension.TimeoutExtension.interceptTestMethod(TimeoutExtension.java:86)
	at org.junit.jupiter.engine.execution.InterceptingExecutableInvoker$ReflectiveInterceptorCall.lambda$ofVoidMethod$0(InterceptingExecutableInvoker.java:103)
	at org.junit.jupiter.engine.execution.InterceptingExecutableInvoker.lambda$invoke$0(InterceptingExecutableInvoker.java:93)
	at org.junit.jupiter.engine.execution.InvocationInterceptorChain$InterceptedInvocation.proceed(InvocationInterceptorChain.java:106)
	at org.junit.jupiter.engine.execution.InvocationInterceptorChain.proceed(InvocationInterceptorChain.java:64)
	at org.junit.jupiter.engine.execution.InvocationInterceptorChain.chainAndInvoke(InvocationInterceptorChain.java:45)
	at org.junit.jupiter.engine.execution.InvocationInterceptorChain.invoke(InvocationInterceptorChain.java:37)
	at org.junit.jupiter.engine.execution.InterceptingExecutableInvoker.invoke(InterceptingExecutableInvoker.java:92)
	at org.junit.jupiter.engine.execution.InterceptingExecutableInvoker.invoke(InterceptingExecutableInvoker.java:86)
	at org.junit.jupiter.engine.descriptor.TestMethodTestDescriptor.lambda$invokeTestMethod$7(TestMethodTestDescriptor.java:217)
	at org.junit.platform.engine.support.hierarchical.ThrowableCollector.execute(ThrowableCollector.java:73)
	at org.junit.jupiter.engine.descriptor.TestMethodTestDescriptor.invokeTestMethod(TestMethodTestDescriptor.java:213)
	at org.junit.jupiter.engine.descriptor.TestMethodTestDescriptor.execute(TestMethodTestDescriptor.java:138)
	at org.junit.jupiter.engine.descriptor.TestMethodTestDescriptor.execute(TestMethodTestDescriptor.java:68)
	at org.junit.platform.engine.support.hierarchical.NodeTestTask.lambda$executeRecursively$6(NodeTestTask.java:151)
	at org.junit.platform.engine.support.hierarchical.ThrowableCollector.execute(ThrowableCollector.java:73)
	at org.junit.platform.engine.support.hierarchical.NodeTestTask.lambda$executeRecursively$8(NodeTestTask.java:141)
	at org.junit.platform.engine.support.hierarchical.Node.around(Node.java:137)
	at org.junit.platform.engine.support.hierarchical.NodeTestTask.lambda$executeRecursively$9(NodeTestTask.java:139)
	at org.junit.platform.engine.support.hierarchical.ThrowableCollector.execute(ThrowableCollector.java:73)
	at org.junit.platform.engine.support.hierarchical.NodeTestTask.executeRecursively(NodeTestTask.java:138)
	at org.junit.platform.engine.support.hierarchical.NodeTestTask.execute(NodeTestTask.java:95)
	at java.base/java.util.ArrayList.forEach(ArrayList.java:1511)
	at org.junit.platform.engine.support.hierarchical.SameThreadHierarchicalTestExecutorService.invokeAll(SameThreadHierarchicalTestExecutorService.java:41)
	at org.junit.platform.engine.support.hierarchical.NodeTestTask.lambda$executeRecursively$6(NodeTestTask.java:155)
	at org.junit.platform.engine.support.hierarchical.ThrowableCollector.execute(ThrowableCollector.java:73)
	at org.junit.platform.engine.support.hierarchical.NodeTestTask.lambda$executeRecursively$8(NodeTestTask.java:141)
	at org.junit.platform.engine.support.hierarchical.Node.around(Node.java:137)
	at org.junit.platform.engine.support.hierarchical.NodeTestTask.lambda$executeRecursively$9(NodeTestTask.java:139)
	at org.junit.platform.engine.support.hierarchical.ThrowableCollector.execute(ThrowableCollector.java:73)
	at org.junit.platform.engine.support.hierarchical.NodeTestTask.executeRecursively(NodeTestTask.java:138)
	at org.junit.platform.engine.support.hierarchical.NodeTestTask.execute(NodeTestTask.java:95)
	at java.base/java.util.ArrayList.forEach(ArrayList.java:1511)
	at org.junit.platform.engine.support.hierarchical.SameThreadHierarchicalTestExecutorService.invokeAll(SameThreadHierarchicalTestExecutorService.java:41)
	at org.junit.platform.engine.support.hierarchical.NodeTestTask.lambda$executeRecursively$6(NodeTestTask.java:155)
	at org.junit.platform.engine.support.hierarchical.ThrowableCollector.execute(ThrowableCollector.java:73)
	at org.junit.platform.engine.support.hierarchical.NodeTestTask.lambda$executeRecursively$8(NodeTestTask.java:141)
	at org.junit.platform.engine.support.hierarchical.Node.around(Node.java:137)
	at org.junit.platform.engine.support.hierarchical.NodeTestTask.lambda$executeRecursively$9(NodeTestTask.java:139)
	at org.junit.platform.engine.support.hierarchical.ThrowableCollector.execute(ThrowableCollector.java:73)
	at org.junit.platform.engine.support.hierarchical.NodeTestTask.executeRecursively(NodeTestTask.java:138)
	at org.junit.platform.engine.support.hierarchical.NodeTestTask.execute(NodeTestTask.java:95)
	at org.junit.platform.engine.support.hierarchical.SameThreadHierarchicalTestExecutorService.submit(SameThreadHierarchicalTestExecutorService.java:35)
	at org.junit.platform.engine.support.hierarchical.HierarchicalTestExecutor.execute(HierarchicalTestExecutor.java:57)
	at org.junit.platform.engine.support.hierarchical.HierarchicalTestEngine.execute(HierarchicalTestEngine.java:54)
	at org.junit.platform.launcher.core.EngineExecutionOrchestrator.execute(EngineExecutionOrchestrator.java:147)
	at org.junit.platform.launcher.core.EngineExecutionOrchestrator.execute(EngineExecutionOrchestrator.java:127)
	at org.junit.platform.launcher.core.EngineExecutionOrchestrator.execute(EngineExecutionOrchestrator.java:90)
	at org.junit.platform.launcher.core.EngineExecutionOrchestrator.lambda$execute$0(EngineExecutionOrchestrator.java:55)
	at org.junit.platform.launcher.core.EngineExecutionOrchestrator.withInterceptedStreams(EngineExecutionOrchestrator.java:102)
	at org.junit.platform.launcher.core.EngineExecutionOrchestrator.execute(EngineExecutionOrchestrator.java:54)
	at org.junit.platform.launcher.core.DefaultLauncher.execute(DefaultLauncher.java:114)
	at org.junit.platform.launcher.core.DefaultLauncher.execute(DefaultLauncher.java:86)
	at org.junit.platform.launcher.core.DefaultLauncherSession$DelegatingLauncher.execute(DefaultLauncherSession.java:86)
	at org.apache.maven.surefire.junitplatform.LazyLauncher.execute(LazyLauncher.java:55)
	at org.apache.maven.surefire.junitplatform.JUnitPlatformProvider.execute(JUnitPlatformProvider.java:223)
	at org.apache.maven.surefire.junitplatform.JUnitPlatformProvider.invokeAllTests(JUnitPlatformProvider.java:175)
	at org.apache.maven.surefire.junitplatform.JUnitPlatformProvider.invoke(JUnitPlatformProvider.java:139)
	at org.apache.maven.surefire.booter.ForkedBooter.runSuitesInProcess(ForkedBooter.java:456)
	at org.apache.maven.surefire.booter.ForkedBooter.execute(ForkedBooter.java:169)
	at org.apache.maven.surefire.booter.ForkedBooter.run(ForkedBooter.java:595)
	at org.apache.maven.surefire.booter.ForkedBooter.main(ForkedBooter.java:581)
]]></error>
    <system-out><![CDATA[xxxxxxxA B ) AND ( C ORxxxxxxx) NOT ( TRUE NOT]]></system-out>
    <system-err><![CDATA[Oct 30, 2024 1:10:44 AM com.lazicode.workflow.expressions.LogicExpression <init>
INFO: Initializing LogicExpression with expression: A AND B OR C | Short-Circuit: true
Oct 30, 2024 1:10:44 AM com.lazicode.workflow.expressions.LogicExpression isValid
INFO: Expression is valid.
Oct 30, 2024 1:10:44 AM com.lazicode.workflow.expressions.LogicExpression <init>
INFO: LogicExpression initialized successfully.
Oct 30, 2024 1:10:44 AM com.lazicode.workflow.expressions.LogicExpression <init>
INFO: Initializing LogicExpression with expression: NOT NOT TRUE | Short-Circuit: false
Oct 30, 2024 1:10:44 AM com.lazicode.workflow.expressions.LogicExpression isValid
INFO: Expression is valid.
Oct 30, 2024 1:10:44 AM com.lazicode.workflow.expressions.LogicExpression <init>
INFO: LogicExpression initialized successfully.
]]></system-err>
  </testcase>
  <testcase name="testShortCircuitAnd" classname="com.lazicode.workflow.expressions.LogicExpressionShortCircuitEnabledTest" time="0.001">
    <system-out><![CDATA[xxxxxxxA B ) AND ( C ORxxxxxxxFALSE TRUE ANDxxxxxxxA B AND]]></system-out>
    <system-err><![CDATA[Oct 30, 2024 1:10:44 AM com.lazicode.workflow.expressions.LogicExpression <init>
INFO: Initializing LogicExpression with expression: A AND B OR C | Short-Circuit: true
Oct 30, 2024 1:10:44 AM com.lazicode.workflow.expressions.LogicExpression isValid
INFO: Expression is valid.
Oct 30, 2024 1:10:44 AM com.lazicode.workflow.expressions.LogicExpression <init>
INFO: LogicExpression initialized successfully.
Oct 30, 2024 1:10:44 AM com.lazicode.workflow.expressions.LogicExpression <init>
INFO: Initializing LogicExpression with expression: FALSE AND TRUE | Short-Circuit: true
Oct 30, 2024 1:10:44 AM com.lazicode.workflow.expressions.LogicExpression isValid
INFO: Expression is valid.
Oct 30, 2024 1:10:44 AM com.lazicode.workflow.expressions.LogicExpression <init>
INFO: LogicExpression initialized successfully.
Oct 30, 2024 1:10:44 AM com.lazicode.workflow.expressions.LogicExpression <init>
INFO: Initializing LogicExpression with expression: A AND B | Short-Circuit: true
Oct 30, 2024 1:10:44 AM com.lazicode.workflow.expressions.LogicExpression isValid
INFO: Expression is valid.
Oct 30, 2024 1:10:44 AM com.lazicode.workflow.expressions.LogicExpression <init>
INFO: LogicExpression initialized successfully.
]]></system-err>
  </testcase>
  <testcase name="testNorOperator" classname="com.lazicode.workflow.expressions.LogicExpressionShortCircuitEnabledTest" time="0.001">
    <system-out><![CDATA[xxxxxxxA B ) AND ( C ORxxxxxxxFALSE FALSE NORxxxxxxxTRUE FALSE NOR]]></system-out>
    <system-err><![CDATA[Oct 30, 2024 1:10:44 AM com.lazicode.workflow.expressions.LogicExpression <init>
INFO: Initializing LogicExpression with expression: A AND B OR C | Short-Circuit: true
Oct 30, 2024 1:10:44 AM com.lazicode.workflow.expressions.LogicExpression isValid
INFO: Expression is valid.
Oct 30, 2024 1:10:44 AM com.lazicode.workflow.expressions.LogicExpression <init>
INFO: LogicExpression initialized successfully.
Oct 30, 2024 1:10:44 AM com.lazicode.workflow.expressions.LogicExpression <init>
INFO: Initializing LogicExpression with expression: FALSE NOR FALSE | Short-Circuit: false
Oct 30, 2024 1:10:44 AM com.lazicode.workflow.expressions.LogicExpression isValid
INFO: Expression is valid.
Oct 30, 2024 1:10:44 AM com.lazicode.workflow.expressions.LogicExpression <init>
INFO: LogicExpression initialized successfully.
Oct 30, 2024 1:10:44 AM com.lazicode.workflow.expressions.LogicExpression <init>
INFO: Initializing LogicExpression with expression: TRUE NOR FALSE | Short-Circuit: false
Oct 30, 2024 1:10:44 AM com.lazicode.workflow.expressions.LogicExpression isValid
INFO: Expression is valid.
Oct 30, 2024 1:10:44 AM com.lazicode.workflow.expressions.LogicExpression <init>
INFO: LogicExpression initialized successfully.
]]></system-err>
  </testcase>
  <testcase name="testXnorOperator" classname="com.lazicode.workflow.expressions.LogicExpressionShortCircuitEnabledTest" time="0.002">
    <system-out><![CDATA[xxxxxxxA B ) AND ( C ORxxxxxxxTRUE FALSE XNORxxxxxxxTRUE TRUE XNOR]]></system-out>
    <system-err><![CDATA[Oct 30, 2024 1:10:44 AM com.lazicode.workflow.expressions.LogicExpression <init>
INFO: Initializing LogicExpression with expression: A AND B OR C | Short-Circuit: true
Oct 30, 2024 1:10:44 AM com.lazicode.workflow.expressions.LogicExpression isValid
INFO: Expression is valid.
Oct 30, 2024 1:10:44 AM com.lazicode.workflow.expressions.LogicExpression <init>
INFO: LogicExpression initialized successfully.
Oct 30, 2024 1:10:44 AM com.lazicode.workflow.expressions.LogicExpression <init>
INFO: Initializing LogicExpression with expression: TRUE XNOR FALSE | Short-Circuit: false
Oct 30, 2024 1:10:44 AM com.lazicode.workflow.expressions.LogicExpression isValid
INFO: Expression is valid.
Oct 30, 2024 1:10:44 AM com.lazicode.workflow.expressions.LogicExpression <init>
INFO: LogicExpression initialized successfully.
Oct 30, 2024 1:10:44 AM com.lazicode.workflow.expressions.LogicExpression <init>
INFO: Initializing LogicExpression with expression: TRUE XNOR TRUE | Short-Circuit: false
Oct 30, 2024 1:10:44 AM com.lazicode.workflow.expressions.LogicExpression isValid
INFO: Expression is valid.
Oct 30, 2024 1:10:44 AM com.lazicode.workflow.expressions.LogicExpression <init>
INFO: LogicExpression initialized successfully.
]]></system-err>
  </testcase>
  <testcase name="testNestedExpressionWithParentheses" classname="com.lazicode.workflow.expressions.LogicExpressionShortCircuitEnabledTest" time="0.002">
    <system-out><![CDATA[xxxxxxxA B ) AND ( C ORxxxxxxxTRUE FALSE OR TRUE FALSE TRUE OR AND AND]]></system-out>
    <system-err><![CDATA[Oct 30, 2024 1:10:44 AM com.lazicode.workflow.expressions.LogicExpression <init>
INFO: Initializing LogicExpression with expression: A AND B OR C | Short-Circuit: true
Oct 30, 2024 1:10:44 AM com.lazicode.workflow.expressions.LogicExpression isValid
INFO: Expression is valid.
Oct 30, 2024 1:10:44 AM com.lazicode.workflow.expressions.LogicExpression <init>
INFO: LogicExpression initialized successfully.
Oct 30, 2024 1:10:44 AM com.lazicode.workflow.expressions.LogicExpression <init>
INFO: Initializing LogicExpression with expression: ( TRUE OR FALSE ) AND ( TRUE AND ( FALSE OR TRUE ) ) | Short-Circuit: false
Oct 30, 2024 1:10:44 AM com.lazicode.workflow.expressions.LogicExpression isValid
INFO: Expression is valid.
Oct 30, 2024 1:10:44 AM com.lazicode.workflow.expressions.LogicExpression <init>
INFO: LogicExpression initialized successfully.
]]></system-err>
  </testcase>
  <testcase name="testOrOperator" classname="com.lazicode.workflow.expressions.LogicExpressionShortCircuitEnabledTest" time="0.001">
    <system-out><![CDATA[xxxxxxxA B ) AND ( C ORxxxxxxxFALSE TRUE ORxxxxxxxFALSE FALSE OR]]></system-out>
    <system-err><![CDATA[Oct 30, 2024 1:10:44 AM com.lazicode.workflow.expressions.LogicExpression <init>
INFO: Initializing LogicExpression with expression: A AND B OR C | Short-Circuit: true
Oct 30, 2024 1:10:44 AM com.lazicode.workflow.expressions.LogicExpression isValid
INFO: Expression is valid.
Oct 30, 2024 1:10:44 AM com.lazicode.workflow.expressions.LogicExpression <init>
INFO: LogicExpression initialized successfully.
Oct 30, 2024 1:10:44 AM com.lazicode.workflow.expressions.LogicExpression <init>
INFO: Initializing LogicExpression with expression: FALSE OR TRUE | Short-Circuit: false
Oct 30, 2024 1:10:44 AM com.lazicode.workflow.expressions.LogicExpression isValid
INFO: Expression is valid.
Oct 30, 2024 1:10:44 AM com.lazicode.workflow.expressions.LogicExpression <init>
INFO: LogicExpression initialized successfully.
Oct 30, 2024 1:10:44 AM com.lazicode.workflow.expressions.LogicExpression <init>
INFO: Initializing LogicExpression with expression: FALSE OR FALSE | Short-Circuit: false
Oct 30, 2024 1:10:44 AM com.lazicode.workflow.expressions.LogicExpression isValid
INFO: Expression is valid.
Oct 30, 2024 1:10:44 AM com.lazicode.workflow.expressions.LogicExpression <init>
INFO: LogicExpression initialized successfully.
]]></system-err>
  </testcase>
  <testcase name="testShortCircuitMixedOperators" classname="com.lazicode.workflow.expressions.LogicExpressionShortCircuitEnabledTest" time="0.002">
    <system-out><![CDATA[xxxxxxxA B ) AND ( C ORxxxxxxxA B C OR AND]]></system-out>
    <system-err><![CDATA[Oct 30, 2024 1:10:44 AM com.lazicode.workflow.expressions.LogicExpression <init>
INFO: Initializing LogicExpression with expression: A AND B OR C | Short-Circuit: true
Oct 30, 2024 1:10:44 AM com.lazicode.workflow.expressions.LogicExpression isValid
INFO: Expression is valid.
Oct 30, 2024 1:10:44 AM com.lazicode.workflow.expressions.LogicExpression <init>
INFO: LogicExpression initialized successfully.
Oct 30, 2024 1:10:44 AM com.lazicode.workflow.expressions.LogicExpression <init>
INFO: Initializing LogicExpression with expression: A AND ( B OR C ) | Short-Circuit: true
Oct 30, 2024 1:10:44 AM com.lazicode.workflow.expressions.LogicExpression isValid
INFO: Expression is valid.
Oct 30, 2024 1:10:44 AM com.lazicode.workflow.expressions.LogicExpression <init>
INFO: LogicExpression initialized successfully.
]]></system-err>
  </testcase>
  <testcase name="testNandOperator" classname="com.lazicode.workflow.expressions.LogicExpressionShortCircuitEnabledTest" time="0.002">
    <system-out><![CDATA[xxxxxxxA B ) AND ( C ORxxxxxxxTRUE TRUE NANDxxxxxxxTRUE FALSE NAND]]></system-out>
    <system-err><![CDATA[Oct 30, 2024 1:10:44 AM com.lazicode.workflow.expressions.LogicExpression <init>
INFO: Initializing LogicExpression with expression: A AND B OR C | Short-Circuit: true
Oct 30, 2024 1:10:44 AM com.lazicode.workflow.expressions.LogicExpression isValid
INFO: Expression is valid.
Oct 30, 2024 1:10:44 AM com.lazicode.workflow.expressions.LogicExpression <init>
INFO: LogicExpression initialized successfully.
Oct 30, 2024 1:10:44 AM com.lazicode.workflow.expressions.LogicExpression <init>
INFO: Initializing LogicExpression with expression: TRUE NAND TRUE | Short-Circuit: false
Oct 30, 2024 1:10:44 AM com.lazicode.workflow.expressions.LogicExpression isValid
INFO: Expression is valid.
Oct 30, 2024 1:10:44 AM com.lazicode.workflow.expressions.LogicExpression <init>
INFO: LogicExpression initialized successfully.
Oct 30, 2024 1:10:44 AM com.lazicode.workflow.expressions.LogicExpression <init>
INFO: Initializing LogicExpression with expression: TRUE NAND FALSE | Short-Circuit: false
Oct 30, 2024 1:10:44 AM com.lazicode.workflow.expressions.LogicExpression isValid
INFO: Expression is valid.
Oct 30, 2024 1:10:44 AM com.lazicode.workflow.expressions.LogicExpression <init>
INFO: LogicExpression initialized successfully.
]]></system-err>
  </testcase>
  <testcase name="testRedundantParentheses" classname="com.lazicode.workflow.expressions.LogicExpressionShortCircuitEnabledTest" time="0">
    <system-out><![CDATA[xxxxxxxA B ) AND ( C ORxxxxxxxA B AND C OR]]></system-out>
    <system-err><![CDATA[Oct 30, 2024 1:10:44 AM com.lazicode.workflow.expressions.LogicExpression <init>
INFO: Initializing LogicExpression with expression: A AND B OR C | Short-Circuit: true
Oct 30, 2024 1:10:44 AM com.lazicode.workflow.expressions.LogicExpression isValid
INFO: Expression is valid.
Oct 30, 2024 1:10:44 AM com.lazicode.workflow.expressions.LogicExpression <init>
INFO: LogicExpression initialized successfully.
Oct 30, 2024 1:10:44 AM com.lazicode.workflow.expressions.LogicExpression <init>
INFO: Initializing LogicExpression with expression: ((A AND B)) OR ((C)) | Short-Circuit: false
Oct 30, 2024 1:10:44 AM com.lazicode.workflow.expressions.LogicExpression isValid
INFO: Expression is valid.
Oct 30, 2024 1:10:44 AM com.lazicode.workflow.expressions.LogicExpression <init>
INFO: LogicExpression initialized successfully.
]]></system-err>
  </testcase>
  <testcase name="testRedundantOperators" classname="com.lazicode.workflow.expressions.LogicExpressionShortCircuitEnabledTest" time="0.001">
    <system-out><![CDATA[xxxxxxxA B ) AND ( C ORxxxxxxxA ) AND ( B AND]]></system-out>
    <system-err><![CDATA[Oct 30, 2024 1:10:44 AM com.lazicode.workflow.expressions.LogicExpression <init>
INFO: Initializing LogicExpression with expression: A AND B OR C | Short-Circuit: true
Oct 30, 2024 1:10:44 AM com.lazicode.workflow.expressions.LogicExpression isValid
INFO: Expression is valid.
Oct 30, 2024 1:10:44 AM com.lazicode.workflow.expressions.LogicExpression <init>
INFO: LogicExpression initialized successfully.
Oct 30, 2024 1:10:44 AM com.lazicode.workflow.expressions.LogicExpression <init>
INFO: Initializing LogicExpression with expression: A AND AND B | Short-Circuit: false
Oct 30, 2024 1:10:44 AM com.lazicode.workflow.expressions.LogicExpression isValid
WARNING: Invalid operator placement: AND after AND.
Oct 30, 2024 1:10:44 AM com.lazicode.workflow.expressions.LogicExpression <init>
SEVERE: Invalid logic expression: Invalid operator placement: AND after AND
]]></system-err>
  </testcase>
  <testcase name="testExpressionWithAllVariablesTrue" classname="com.lazicode.workflow.expressions.LogicExpressionShortCircuitEnabledTest" time="0.001">
    <error message="Mismatched parentheses." type="java.lang.IllegalArgumentException"><![CDATA[java.lang.IllegalArgumentException: Mismatched parentheses.
	at com.lazicode.workflow.expressions.LogicExpression.infixToPostfix(LogicExpression.java:303)
	at com.lazicode.workflow.expressions.LogicExpression.performCalculation(LogicExpression.java:233)
	at com.lazicode.workflow.expressions.Expression.calculate(Expression.java:71)
	at com.lazicode.workflow.expressions.LogicExpressionShortCircuitEnabledTest.testExpressionWithAllVariablesTrue(LogicExpressionShortCircuitEnabledTest.java:518)
	at java.base/jdk.internal.reflect.NativeMethodAccessorImpl.invoke0(Native Method)
	at java.base/jdk.internal.reflect.NativeMethodAccessorImpl.invoke(NativeMethodAccessorImpl.java:77)
	at java.base/jdk.internal.reflect.DelegatingMethodAccessorImpl.invoke(DelegatingMethodAccessorImpl.java:43)
	at java.base/java.lang.reflect.Method.invoke(Method.java:569)
	at org.junit.platform.commons.util.ReflectionUtils.invokeMethod(ReflectionUtils.java:727)
	at org.junit.jupiter.engine.execution.MethodInvocation.proceed(MethodInvocation.java:60)
	at org.junit.jupiter.engine.execution.InvocationInterceptorChain$ValidatingInvocation.proceed(InvocationInterceptorChain.java:131)
	at org.junit.jupiter.engine.extension.TimeoutExtension.intercept(TimeoutExtension.java:156)
	at org.junit.jupiter.engine.extension.TimeoutExtension.interceptTestableMethod(TimeoutExtension.java:147)
	at org.junit.jupiter.engine.extension.TimeoutExtension.interceptTestMethod(TimeoutExtension.java:86)
	at org.junit.jupiter.engine.execution.InterceptingExecutableInvoker$ReflectiveInterceptorCall.lambda$ofVoidMethod$0(InterceptingExecutableInvoker.java:103)
	at org.junit.jupiter.engine.execution.InterceptingExecutableInvoker.lambda$invoke$0(InterceptingExecutableInvoker.java:93)
	at org.junit.jupiter.engine.execution.InvocationInterceptorChain$InterceptedInvocation.proceed(InvocationInterceptorChain.java:106)
	at org.junit.jupiter.engine.execution.InvocationInterceptorChain.proceed(InvocationInterceptorChain.java:64)
	at org.junit.jupiter.engine.execution.InvocationInterceptorChain.chainAndInvoke(InvocationInterceptorChain.java:45)
	at org.junit.jupiter.engine.execution.InvocationInterceptorChain.invoke(InvocationInterceptorChain.java:37)
	at org.junit.jupiter.engine.execution.InterceptingExecutableInvoker.invoke(InterceptingExecutableInvoker.java:92)
	at org.junit.jupiter.engine.execution.InterceptingExecutableInvoker.invoke(InterceptingExecutableInvoker.java:86)
	at org.junit.jupiter.engine.descriptor.TestMethodTestDescriptor.lambda$invokeTestMethod$7(TestMethodTestDescriptor.java:217)
	at org.junit.platform.engine.support.hierarchical.ThrowableCollector.execute(ThrowableCollector.java:73)
	at org.junit.jupiter.engine.descriptor.TestMethodTestDescriptor.invokeTestMethod(TestMethodTestDescriptor.java:213)
	at org.junit.jupiter.engine.descriptor.TestMethodTestDescriptor.execute(TestMethodTestDescriptor.java:138)
	at org.junit.jupiter.engine.descriptor.TestMethodTestDescriptor.execute(TestMethodTestDescriptor.java:68)
	at org.junit.platform.engine.support.hierarchical.NodeTestTask.lambda$executeRecursively$6(NodeTestTask.java:151)
	at org.junit.platform.engine.support.hierarchical.ThrowableCollector.execute(ThrowableCollector.java:73)
	at org.junit.platform.engine.support.hierarchical.NodeTestTask.lambda$executeRecursively$8(NodeTestTask.java:141)
	at org.junit.platform.engine.support.hierarchical.Node.around(Node.java:137)
	at org.junit.platform.engine.support.hierarchical.NodeTestTask.lambda$executeRecursively$9(NodeTestTask.java:139)
	at org.junit.platform.engine.support.hierarchical.ThrowableCollector.execute(ThrowableCollector.java:73)
	at org.junit.platform.engine.support.hierarchical.NodeTestTask.executeRecursively(NodeTestTask.java:138)
	at org.junit.platform.engine.support.hierarchical.NodeTestTask.execute(NodeTestTask.java:95)
	at java.base/java.util.ArrayList.forEach(ArrayList.java:1511)
	at org.junit.platform.engine.support.hierarchical.SameThreadHierarchicalTestExecutorService.invokeAll(SameThreadHierarchicalTestExecutorService.java:41)
	at org.junit.platform.engine.support.hierarchical.NodeTestTask.lambda$executeRecursively$6(NodeTestTask.java:155)
	at org.junit.platform.engine.support.hierarchical.ThrowableCollector.execute(ThrowableCollector.java:73)
	at org.junit.platform.engine.support.hierarchical.NodeTestTask.lambda$executeRecursively$8(NodeTestTask.java:141)
	at org.junit.platform.engine.support.hierarchical.Node.around(Node.java:137)
	at org.junit.platform.engine.support.hierarchical.NodeTestTask.lambda$executeRecursively$9(NodeTestTask.java:139)
	at org.junit.platform.engine.support.hierarchical.ThrowableCollector.execute(ThrowableCollector.java:73)
	at org.junit.platform.engine.support.hierarchical.NodeTestTask.executeRecursively(NodeTestTask.java:138)
	at org.junit.platform.engine.support.hierarchical.NodeTestTask.execute(NodeTestTask.java:95)
	at java.base/java.util.ArrayList.forEach(ArrayList.java:1511)
	at org.junit.platform.engine.support.hierarchical.SameThreadHierarchicalTestExecutorService.invokeAll(SameThreadHierarchicalTestExecutorService.java:41)
	at org.junit.platform.engine.support.hierarchical.NodeTestTask.lambda$executeRecursively$6(NodeTestTask.java:155)
	at org.junit.platform.engine.support.hierarchical.ThrowableCollector.execute(ThrowableCollector.java:73)
	at org.junit.platform.engine.support.hierarchical.NodeTestTask.lambda$executeRecursively$8(NodeTestTask.java:141)
	at org.junit.platform.engine.support.hierarchical.Node.around(Node.java:137)
	at org.junit.platform.engine.support.hierarchical.NodeTestTask.lambda$executeRecursively$9(NodeTestTask.java:139)
	at org.junit.platform.engine.support.hierarchical.ThrowableCollector.execute(ThrowableCollector.java:73)
	at org.junit.platform.engine.support.hierarchical.NodeTestTask.executeRecursively(NodeTestTask.java:138)
	at org.junit.platform.engine.support.hierarchical.NodeTestTask.execute(NodeTestTask.java:95)
	at org.junit.platform.engine.support.hierarchical.SameThreadHierarchicalTestExecutorService.submit(SameThreadHierarchicalTestExecutorService.java:35)
	at org.junit.platform.engine.support.hierarchical.HierarchicalTestExecutor.execute(HierarchicalTestExecutor.java:57)
	at org.junit.platform.engine.support.hierarchical.HierarchicalTestEngine.execute(HierarchicalTestEngine.java:54)
	at org.junit.platform.launcher.core.EngineExecutionOrchestrator.execute(EngineExecutionOrchestrator.java:147)
	at org.junit.platform.launcher.core.EngineExecutionOrchestrator.execute(EngineExecutionOrchestrator.java:127)
	at org.junit.platform.launcher.core.EngineExecutionOrchestrator.execute(EngineExecutionOrchestrator.java:90)
	at org.junit.platform.launcher.core.EngineExecutionOrchestrator.lambda$execute$0(EngineExecutionOrchestrator.java:55)
	at org.junit.platform.launcher.core.EngineExecutionOrchestrator.withInterceptedStreams(EngineExecutionOrchestrator.java:102)
	at org.junit.platform.launcher.core.EngineExecutionOrchestrator.execute(EngineExecutionOrchestrator.java:54)
	at org.junit.platform.launcher.core.DefaultLauncher.execute(DefaultLauncher.java:114)
	at org.junit.platform.launcher.core.DefaultLauncher.execute(DefaultLauncher.java:86)
	at org.junit.platform.launcher.core.DefaultLauncherSession$DelegatingLauncher.execute(DefaultLauncherSession.java:86)
	at org.apache.maven.surefire.junitplatform.LazyLauncher.execute(LazyLauncher.java:55)
	at org.apache.maven.surefire.junitplatform.JUnitPlatformProvider.execute(JUnitPlatformProvider.java:223)
	at org.apache.maven.surefire.junitplatform.JUnitPlatformProvider.invokeAllTests(JUnitPlatformProvider.java:175)
	at org.apache.maven.surefire.junitplatform.JUnitPlatformProvider.invoke(JUnitPlatformProvider.java:139)
	at org.apache.maven.surefire.booter.ForkedBooter.runSuitesInProcess(ForkedBooter.java:456)
	at org.apache.maven.surefire.booter.ForkedBooter.execute(ForkedBooter.java:169)
	at org.apache.maven.surefire.booter.ForkedBooter.run(ForkedBooter.java:595)
	at org.apache.maven.surefire.booter.ForkedBooter.main(ForkedBooter.java:581)
]]></error>
    <system-out><![CDATA[xxxxxxxA B ) AND ( C ORxxxxxxxA B ) AND ( C D ) NAND ( ) OR ( E ) NOR ( F XNOR]]></system-out>
    <system-err><![CDATA[Oct 30, 2024 1:10:44 AM com.lazicode.workflow.expressions.LogicExpression <init>
INFO: Initializing LogicExpression with expression: A AND B OR C | Short-Circuit: true
Oct 30, 2024 1:10:44 AM com.lazicode.workflow.expressions.LogicExpression isValid
INFO: Expression is valid.
Oct 30, 2024 1:10:44 AM com.lazicode.workflow.expressions.LogicExpression <init>
INFO: LogicExpression initialized successfully.
Oct 30, 2024 1:10:44 AM com.lazicode.workflow.expressions.LogicExpression <init>
INFO: Initializing LogicExpression with expression: A AND B OR C NAND D NOR E XNOR F | Short-Circuit: false
Oct 30, 2024 1:10:44 AM com.lazicode.workflow.expressions.LogicExpression isValid
INFO: Expression is valid.
Oct 30, 2024 1:10:44 AM com.lazicode.workflow.expressions.LogicExpression <init>
INFO: LogicExpression initialized successfully.
]]></system-err>
  </testcase>
  <testcase name="testComplexNestedExpression" classname="com.lazicode.workflow.expressions.LogicExpressionShortCircuitEnabledTest" time="0.002">
    <system-out><![CDATA[xxxxxxxA B ) AND ( C ORxxxxxxxA B C D E OR AND OR AND]]></system-out>
    <system-err><![CDATA[Oct 30, 2024 1:10:44 AM com.lazicode.workflow.expressions.LogicExpression <init>
INFO: Initializing LogicExpression with expression: A AND B OR C | Short-Circuit: true
Oct 30, 2024 1:10:44 AM com.lazicode.workflow.expressions.LogicExpression isValid
INFO: Expression is valid.
Oct 30, 2024 1:10:44 AM com.lazicode.workflow.expressions.LogicExpression <init>
INFO: LogicExpression initialized successfully.
Oct 30, 2024 1:10:44 AM com.lazicode.workflow.expressions.LogicExpression <init>
INFO: Initializing LogicExpression with expression: A AND ( B OR ( C AND ( D OR E ) ) ) | Short-Circuit: false
Oct 30, 2024 1:10:44 AM com.lazicode.workflow.expressions.LogicExpression isValid
INFO: Expression is valid.
Oct 30, 2024 1:10:44 AM com.lazicode.workflow.expressions.LogicExpression <init>
INFO: LogicExpression initialized successfully.
]]></system-err>
  </testcase>
  <testcase name="testExpressionWithAllVariablesFalse" classname="com.lazicode.workflow.expressions.LogicExpressionShortCircuitEnabledTest" time="0.002">
    <error message="Mismatched parentheses." type="java.lang.IllegalArgumentException"><![CDATA[java.lang.IllegalArgumentException: Mismatched parentheses.
	at com.lazicode.workflow.expressions.LogicExpression.infixToPostfix(LogicExpression.java:303)
	at com.lazicode.workflow.expressions.LogicExpression.performCalculation(LogicExpression.java:233)
	at com.lazicode.workflow.expressions.Expression.calculate(Expression.java:71)
	at com.lazicode.workflow.expressions.LogicExpressionShortCircuitEnabledTest.testExpressionWithAllVariablesFalse(LogicExpressionShortCircuitEnabledTest.java:295)
	at java.base/jdk.internal.reflect.NativeMethodAccessorImpl.invoke0(Native Method)
	at java.base/jdk.internal.reflect.NativeMethodAccessorImpl.invoke(NativeMethodAccessorImpl.java:77)
	at java.base/jdk.internal.reflect.DelegatingMethodAccessorImpl.invoke(DelegatingMethodAccessorImpl.java:43)
	at java.base/java.lang.reflect.Method.invoke(Method.java:569)
	at org.junit.platform.commons.util.ReflectionUtils.invokeMethod(ReflectionUtils.java:727)
	at org.junit.jupiter.engine.execution.MethodInvocation.proceed(MethodInvocation.java:60)
	at org.junit.jupiter.engine.execution.InvocationInterceptorChain$ValidatingInvocation.proceed(InvocationInterceptorChain.java:131)
	at org.junit.jupiter.engine.extension.TimeoutExtension.intercept(TimeoutExtension.java:156)
	at org.junit.jupiter.engine.extension.TimeoutExtension.interceptTestableMethod(TimeoutExtension.java:147)
	at org.junit.jupiter.engine.extension.TimeoutExtension.interceptTestMethod(TimeoutExtension.java:86)
	at org.junit.jupiter.engine.execution.InterceptingExecutableInvoker$ReflectiveInterceptorCall.lambda$ofVoidMethod$0(InterceptingExecutableInvoker.java:103)
	at org.junit.jupiter.engine.execution.InterceptingExecutableInvoker.lambda$invoke$0(InterceptingExecutableInvoker.java:93)
	at org.junit.jupiter.engine.execution.InvocationInterceptorChain$InterceptedInvocation.proceed(InvocationInterceptorChain.java:106)
	at org.junit.jupiter.engine.execution.InvocationInterceptorChain.proceed(InvocationInterceptorChain.java:64)
	at org.junit.jupiter.engine.execution.InvocationInterceptorChain.chainAndInvoke(InvocationInterceptorChain.java:45)
	at org.junit.jupiter.engine.execution.InvocationInterceptorChain.invoke(InvocationInterceptorChain.java:37)
	at org.junit.jupiter.engine.execution.InterceptingExecutableInvoker.invoke(InterceptingExecutableInvoker.java:92)
	at org.junit.jupiter.engine.execution.InterceptingExecutableInvoker.invoke(InterceptingExecutableInvoker.java:86)
	at org.junit.jupiter.engine.descriptor.TestMethodTestDescriptor.lambda$invokeTestMethod$7(TestMethodTestDescriptor.java:217)
	at org.junit.platform.engine.support.hierarchical.ThrowableCollector.execute(ThrowableCollector.java:73)
	at org.junit.jupiter.engine.descriptor.TestMethodTestDescriptor.invokeTestMethod(TestMethodTestDescriptor.java:213)
	at org.junit.jupiter.engine.descriptor.TestMethodTestDescriptor.execute(TestMethodTestDescriptor.java:138)
	at org.junit.jupiter.engine.descriptor.TestMethodTestDescriptor.execute(TestMethodTestDescriptor.java:68)
	at org.junit.platform.engine.support.hierarchical.NodeTestTask.lambda$executeRecursively$6(NodeTestTask.java:151)
	at org.junit.platform.engine.support.hierarchical.ThrowableCollector.execute(ThrowableCollector.java:73)
	at org.junit.platform.engine.support.hierarchical.NodeTestTask.lambda$executeRecursively$8(NodeTestTask.java:141)
	at org.junit.platform.engine.support.hierarchical.Node.around(Node.java:137)
	at org.junit.platform.engine.support.hierarchical.NodeTestTask.lambda$executeRecursively$9(NodeTestTask.java:139)
	at org.junit.platform.engine.support.hierarchical.ThrowableCollector.execute(ThrowableCollector.java:73)
	at org.junit.platform.engine.support.hierarchical.NodeTestTask.executeRecursively(NodeTestTask.java:138)
	at org.junit.platform.engine.support.hierarchical.NodeTestTask.execute(NodeTestTask.java:95)
	at java.base/java.util.ArrayList.forEach(ArrayList.java:1511)
	at org.junit.platform.engine.support.hierarchical.SameThreadHierarchicalTestExecutorService.invokeAll(SameThreadHierarchicalTestExecutorService.java:41)
	at org.junit.platform.engine.support.hierarchical.NodeTestTask.lambda$executeRecursively$6(NodeTestTask.java:155)
	at org.junit.platform.engine.support.hierarchical.ThrowableCollector.execute(ThrowableCollector.java:73)
	at org.junit.platform.engine.support.hierarchical.NodeTestTask.lambda$executeRecursively$8(NodeTestTask.java:141)
	at org.junit.platform.engine.support.hierarchical.Node.around(Node.java:137)
	at org.junit.platform.engine.support.hierarchical.NodeTestTask.lambda$executeRecursively$9(NodeTestTask.java:139)
	at org.junit.platform.engine.support.hierarchical.ThrowableCollector.execute(ThrowableCollector.java:73)
	at org.junit.platform.engine.support.hierarchical.NodeTestTask.executeRecursively(NodeTestTask.java:138)
	at org.junit.platform.engine.support.hierarchical.NodeTestTask.execute(NodeTestTask.java:95)
	at java.base/java.util.ArrayList.forEach(ArrayList.java:1511)
	at org.junit.platform.engine.support.hierarchical.SameThreadHierarchicalTestExecutorService.invokeAll(SameThreadHierarchicalTestExecutorService.java:41)
	at org.junit.platform.engine.support.hierarchical.NodeTestTask.lambda$executeRecursively$6(NodeTestTask.java:155)
	at org.junit.platform.engine.support.hierarchical.ThrowableCollector.execute(ThrowableCollector.java:73)
	at org.junit.platform.engine.support.hierarchical.NodeTestTask.lambda$executeRecursively$8(NodeTestTask.java:141)
	at org.junit.platform.engine.support.hierarchical.Node.around(Node.java:137)
	at org.junit.platform.engine.support.hierarchical.NodeTestTask.lambda$executeRecursively$9(NodeTestTask.java:139)
	at org.junit.platform.engine.support.hierarchical.ThrowableCollector.execute(ThrowableCollector.java:73)
	at org.junit.platform.engine.support.hierarchical.NodeTestTask.executeRecursively(NodeTestTask.java:138)
	at org.junit.platform.engine.support.hierarchical.NodeTestTask.execute(NodeTestTask.java:95)
	at org.junit.platform.engine.support.hierarchical.SameThreadHierarchicalTestExecutorService.submit(SameThreadHierarchicalTestExecutorService.java:35)
	at org.junit.platform.engine.support.hierarchical.HierarchicalTestExecutor.execute(HierarchicalTestExecutor.java:57)
	at org.junit.platform.engine.support.hierarchical.HierarchicalTestEngine.execute(HierarchicalTestEngine.java:54)
	at org.junit.platform.launcher.core.EngineExecutionOrchestrator.execute(EngineExecutionOrchestrator.java:147)
	at org.junit.platform.launcher.core.EngineExecutionOrchestrator.execute(EngineExecutionOrchestrator.java:127)
	at org.junit.platform.launcher.core.EngineExecutionOrchestrator.execute(EngineExecutionOrchestrator.java:90)
	at org.junit.platform.launcher.core.EngineExecutionOrchestrator.lambda$execute$0(EngineExecutionOrchestrator.java:55)
	at org.junit.platform.launcher.core.EngineExecutionOrchestrator.withInterceptedStreams(EngineExecutionOrchestrator.java:102)
	at org.junit.platform.launcher.core.EngineExecutionOrchestrator.execute(EngineExecutionOrchestrator.java:54)
	at org.junit.platform.launcher.core.DefaultLauncher.execute(DefaultLauncher.java:114)
	at org.junit.platform.launcher.core.DefaultLauncher.execute(DefaultLauncher.java:86)
	at org.junit.platform.launcher.core.DefaultLauncherSession$DelegatingLauncher.execute(DefaultLauncherSession.java:86)
	at org.apache.maven.surefire.junitplatform.LazyLauncher.execute(LazyLauncher.java:55)
	at org.apache.maven.surefire.junitplatform.JUnitPlatformProvider.execute(JUnitPlatformProvider.java:223)
	at org.apache.maven.surefire.junitplatform.JUnitPlatformProvider.invokeAllTests(JUnitPlatformProvider.java:175)
	at org.apache.maven.surefire.junitplatform.JUnitPlatformProvider.invoke(JUnitPlatformProvider.java:139)
	at org.apache.maven.surefire.booter.ForkedBooter.runSuitesInProcess(ForkedBooter.java:456)
	at org.apache.maven.surefire.booter.ForkedBooter.execute(ForkedBooter.java:169)
	at org.apache.maven.surefire.booter.ForkedBooter.run(ForkedBooter.java:595)
	at org.apache.maven.surefire.booter.ForkedBooter.main(ForkedBooter.java:581)
]]></error>
    <system-out><![CDATA[xxxxxxxA B ) AND ( C ORxxxxxxxA B ) AND ( C D ) NAND ( ) OR ( E ) NOR ( F XNOR]]></system-out>
    <system-err><![CDATA[Oct 30, 2024 1:10:44 AM com.lazicode.workflow.expressions.LogicExpression <init>
INFO: Initializing LogicExpression with expression: A AND B OR C | Short-Circuit: true
Oct 30, 2024 1:10:44 AM com.lazicode.workflow.expressions.LogicExpression isValid
INFO: Expression is valid.
Oct 30, 2024 1:10:44 AM com.lazicode.workflow.expressions.LogicExpression <init>
INFO: LogicExpression initialized successfully.
Oct 30, 2024 1:10:44 AM com.lazicode.workflow.expressions.LogicExpression <init>
INFO: Initializing LogicExpression with expression: A AND B OR C NAND D NOR E XNOR F | Short-Circuit: false
Oct 30, 2024 1:10:44 AM com.lazicode.workflow.expressions.LogicExpression isValid
INFO: Expression is valid.
Oct 30, 2024 1:10:44 AM com.lazicode.workflow.expressions.LogicExpression <init>
INFO: LogicExpression initialized successfully.
]]></system-err>
  </testcase>
  <testcase name="testExpressionWithUndefinedVariable" classname="com.lazicode.workflow.expressions.LogicExpressionShortCircuitEnabledTest" time="0.001">
    <system-out><![CDATA[xxxxxxxA B ) AND ( C ORxxxxxxxA B AND]]></system-out>
    <system-err><![CDATA[Oct 30, 2024 1:10:44 AM com.lazicode.workflow.expressions.LogicExpression <init>
INFO: Initializing LogicExpression with expression: A AND B OR C | Short-Circuit: true
Oct 30, 2024 1:10:44 AM com.lazicode.workflow.expressions.LogicExpression isValid
INFO: Expression is valid.
Oct 30, 2024 1:10:44 AM com.lazicode.workflow.expressions.LogicExpression <init>
INFO: LogicExpression initialized successfully.
Oct 30, 2024 1:10:44 AM com.lazicode.workflow.expressions.LogicExpression <init>
INFO: Initializing LogicExpression with expression: A AND B | Short-Circuit: false
Oct 30, 2024 1:10:44 AM com.lazicode.workflow.expressions.LogicExpression isValid
INFO: Expression is valid.
Oct 30, 2024 1:10:44 AM com.lazicode.workflow.expressions.LogicExpression <init>
INFO: LogicExpression initialized successfully.
]]></system-err>
  </testcase>
  <testcase name="testNotOperator" classname="com.lazicode.workflow.expressions.LogicExpressionShortCircuitEnabledTest" time="0.003">
    <system-out><![CDATA[xxxxxxxA B ) AND ( C ORxxxxxxxTRUE NOTxxxxxxxFALSE NOT]]></system-out>
    <system-err><![CDATA[Oct 30, 2024 1:10:44 AM com.lazicode.workflow.expressions.LogicExpression <init>
INFO: Initializing LogicExpression with expression: A AND B OR C | Short-Circuit: true
Oct 30, 2024 1:10:44 AM com.lazicode.workflow.expressions.LogicExpression isValid
INFO: Expression is valid.
Oct 30, 2024 1:10:44 AM com.lazicode.workflow.expressions.LogicExpression <init>
INFO: LogicExpression initialized successfully.
Oct 30, 2024 1:10:44 AM com.lazicode.workflow.expressions.LogicExpression <init>
INFO: Initializing LogicExpression with expression: NOT TRUE | Short-Circuit: false
Oct 30, 2024 1:10:44 AM com.lazicode.workflow.expressions.LogicExpression isValid
INFO: Expression is valid.
Oct 30, 2024 1:10:44 AM com.lazicode.workflow.expressions.LogicExpression <init>
INFO: LogicExpression initialized successfully.
Oct 30, 2024 1:10:44 AM com.lazicode.workflow.expressions.LogicExpression <init>
INFO: Initializing LogicExpression with expression: NOT FALSE | Short-Circuit: false
Oct 30, 2024 1:10:44 AM com.lazicode.workflow.expressions.LogicExpression isValid
INFO: Expression is valid.
Oct 30, 2024 1:10:44 AM com.lazicode.workflow.expressions.LogicExpression <init>
INFO: LogicExpression initialized successfully.
]]></system-err>
  </testcase>
  <testcase name="testCalculateWithVariableValues" classname="com.lazicode.workflow.expressions.LogicExpressionShortCircuitEnabledTest" time="0.001">
    <error message="Mismatched parentheses." type="java.lang.IllegalArgumentException"><![CDATA[java.lang.IllegalArgumentException: Mismatched parentheses.
	at com.lazicode.workflow.expressions.LogicExpression.infixToPostfix(LogicExpression.java:303)
	at com.lazicode.workflow.expressions.LogicExpression.performCalculation(LogicExpression.java:233)
	at com.lazicode.workflow.expressions.Expression.calculate(Expression.java:71)
	at com.lazicode.workflow.expressions.LogicExpressionShortCircuitEnabledTest.testCalculateWithVariableValues(LogicExpressionShortCircuitEnabledTest.java:251)
	at java.base/jdk.internal.reflect.NativeMethodAccessorImpl.invoke0(Native Method)
	at java.base/jdk.internal.reflect.NativeMethodAccessorImpl.invoke(NativeMethodAccessorImpl.java:77)
	at java.base/jdk.internal.reflect.DelegatingMethodAccessorImpl.invoke(DelegatingMethodAccessorImpl.java:43)
	at java.base/java.lang.reflect.Method.invoke(Method.java:569)
	at org.junit.platform.commons.util.ReflectionUtils.invokeMethod(ReflectionUtils.java:727)
	at org.junit.jupiter.engine.execution.MethodInvocation.proceed(MethodInvocation.java:60)
	at org.junit.jupiter.engine.execution.InvocationInterceptorChain$ValidatingInvocation.proceed(InvocationInterceptorChain.java:131)
	at org.junit.jupiter.engine.extension.TimeoutExtension.intercept(TimeoutExtension.java:156)
	at org.junit.jupiter.engine.extension.TimeoutExtension.interceptTestableMethod(TimeoutExtension.java:147)
	at org.junit.jupiter.engine.extension.TimeoutExtension.interceptTestMethod(TimeoutExtension.java:86)
	at org.junit.jupiter.engine.execution.InterceptingExecutableInvoker$ReflectiveInterceptorCall.lambda$ofVoidMethod$0(InterceptingExecutableInvoker.java:103)
	at org.junit.jupiter.engine.execution.InterceptingExecutableInvoker.lambda$invoke$0(InterceptingExecutableInvoker.java:93)
	at org.junit.jupiter.engine.execution.InvocationInterceptorChain$InterceptedInvocation.proceed(InvocationInterceptorChain.java:106)
	at org.junit.jupiter.engine.execution.InvocationInterceptorChain.proceed(InvocationInterceptorChain.java:64)
	at org.junit.jupiter.engine.execution.InvocationInterceptorChain.chainAndInvoke(InvocationInterceptorChain.java:45)
	at org.junit.jupiter.engine.execution.InvocationInterceptorChain.invoke(InvocationInterceptorChain.java:37)
	at org.junit.jupiter.engine.execution.InterceptingExecutableInvoker.invoke(InterceptingExecutableInvoker.java:92)
	at org.junit.jupiter.engine.execution.InterceptingExecutableInvoker.invoke(InterceptingExecutableInvoker.java:86)
	at org.junit.jupiter.engine.descriptor.TestMethodTestDescriptor.lambda$invokeTestMethod$7(TestMethodTestDescriptor.java:217)
	at org.junit.platform.engine.support.hierarchical.ThrowableCollector.execute(ThrowableCollector.java:73)
	at org.junit.jupiter.engine.descriptor.TestMethodTestDescriptor.invokeTestMethod(TestMethodTestDescriptor.java:213)
	at org.junit.jupiter.engine.descriptor.TestMethodTestDescriptor.execute(TestMethodTestDescriptor.java:138)
	at org.junit.jupiter.engine.descriptor.TestMethodTestDescriptor.execute(TestMethodTestDescriptor.java:68)
	at org.junit.platform.engine.support.hierarchical.NodeTestTask.lambda$executeRecursively$6(NodeTestTask.java:151)
	at org.junit.platform.engine.support.hierarchical.ThrowableCollector.execute(ThrowableCollector.java:73)
	at org.junit.platform.engine.support.hierarchical.NodeTestTask.lambda$executeRecursively$8(NodeTestTask.java:141)
	at org.junit.platform.engine.support.hierarchical.Node.around(Node.java:137)
	at org.junit.platform.engine.support.hierarchical.NodeTestTask.lambda$executeRecursively$9(NodeTestTask.java:139)
	at org.junit.platform.engine.support.hierarchical.ThrowableCollector.execute(ThrowableCollector.java:73)
	at org.junit.platform.engine.support.hierarchical.NodeTestTask.executeRecursively(NodeTestTask.java:138)
	at org.junit.platform.engine.support.hierarchical.NodeTestTask.execute(NodeTestTask.java:95)
	at java.base/java.util.ArrayList.forEach(ArrayList.java:1511)
	at org.junit.platform.engine.support.hierarchical.SameThreadHierarchicalTestExecutorService.invokeAll(SameThreadHierarchicalTestExecutorService.java:41)
	at org.junit.platform.engine.support.hierarchical.NodeTestTask.lambda$executeRecursively$6(NodeTestTask.java:155)
	at org.junit.platform.engine.support.hierarchical.ThrowableCollector.execute(ThrowableCollector.java:73)
	at org.junit.platform.engine.support.hierarchical.NodeTestTask.lambda$executeRecursively$8(NodeTestTask.java:141)
	at org.junit.platform.engine.support.hierarchical.Node.around(Node.java:137)
	at org.junit.platform.engine.support.hierarchical.NodeTestTask.lambda$executeRecursively$9(NodeTestTask.java:139)
	at org.junit.platform.engine.support.hierarchical.ThrowableCollector.execute(ThrowableCollector.java:73)
	at org.junit.platform.engine.support.hierarchical.NodeTestTask.executeRecursively(NodeTestTask.java:138)
	at org.junit.platform.engine.support.hierarchical.NodeTestTask.execute(NodeTestTask.java:95)
	at java.base/java.util.ArrayList.forEach(ArrayList.java:1511)
	at org.junit.platform.engine.support.hierarchical.SameThreadHierarchicalTestExecutorService.invokeAll(SameThreadHierarchicalTestExecutorService.java:41)
	at org.junit.platform.engine.support.hierarchical.NodeTestTask.lambda$executeRecursively$6(NodeTestTask.java:155)
	at org.junit.platform.engine.support.hierarchical.ThrowableCollector.execute(ThrowableCollector.java:73)
	at org.junit.platform.engine.support.hierarchical.NodeTestTask.lambda$executeRecursively$8(NodeTestTask.java:141)
	at org.junit.platform.engine.support.hierarchical.Node.around(Node.java:137)
	at org.junit.platform.engine.support.hierarchical.NodeTestTask.lambda$executeRecursively$9(NodeTestTask.java:139)
	at org.junit.platform.engine.support.hierarchical.ThrowableCollector.execute(ThrowableCollector.java:73)
	at org.junit.platform.engine.support.hierarchical.NodeTestTask.executeRecursively(NodeTestTask.java:138)
	at org.junit.platform.engine.support.hierarchical.NodeTestTask.execute(NodeTestTask.java:95)
	at org.junit.platform.engine.support.hierarchical.SameThreadHierarchicalTestExecutorService.submit(SameThreadHierarchicalTestExecutorService.java:35)
	at org.junit.platform.engine.support.hierarchical.HierarchicalTestExecutor.execute(HierarchicalTestExecutor.java:57)
	at org.junit.platform.engine.support.hierarchical.HierarchicalTestEngine.execute(HierarchicalTestEngine.java:54)
	at org.junit.platform.launcher.core.EngineExecutionOrchestrator.execute(EngineExecutionOrchestrator.java:147)
	at org.junit.platform.launcher.core.EngineExecutionOrchestrator.execute(EngineExecutionOrchestrator.java:127)
	at org.junit.platform.launcher.core.EngineExecutionOrchestrator.execute(EngineExecutionOrchestrator.java:90)
	at org.junit.platform.launcher.core.EngineExecutionOrchestrator.lambda$execute$0(EngineExecutionOrchestrator.java:55)
	at org.junit.platform.launcher.core.EngineExecutionOrchestrator.withInterceptedStreams(EngineExecutionOrchestrator.java:102)
	at org.junit.platform.launcher.core.EngineExecutionOrchestrator.execute(EngineExecutionOrchestrator.java:54)
	at org.junit.platform.launcher.core.DefaultLauncher.execute(DefaultLauncher.java:114)
	at org.junit.platform.launcher.core.DefaultLauncher.execute(DefaultLauncher.java:86)
	at org.junit.platform.launcher.core.DefaultLauncherSession$DelegatingLauncher.execute(DefaultLauncherSession.java:86)
	at org.apache.maven.surefire.junitplatform.LazyLauncher.execute(LazyLauncher.java:55)
	at org.apache.maven.surefire.junitplatform.JUnitPlatformProvider.execute(JUnitPlatformProvider.java:223)
	at org.apache.maven.surefire.junitplatform.JUnitPlatformProvider.invokeAllTests(JUnitPlatformProvider.java:175)
	at org.apache.maven.surefire.junitplatform.JUnitPlatformProvider.invoke(JUnitPlatformProvider.java:139)
	at org.apache.maven.surefire.booter.ForkedBooter.runSuitesInProcess(ForkedBooter.java:456)
	at org.apache.maven.surefire.booter.ForkedBooter.execute(ForkedBooter.java:169)
	at org.apache.maven.surefire.booter.ForkedBooter.run(ForkedBooter.java:595)
	at org.apache.maven.surefire.booter.ForkedBooter.main(ForkedBooter.java:581)
]]></error>
    <system-out><![CDATA[xxxxxxxA B ) AND ( C ORxxxxxxxA B ) AND ( C OR]]></system-out>
    <system-err><![CDATA[Oct 30, 2024 1:10:44 AM com.lazicode.workflow.expressions.LogicExpression <init>
INFO: Initializing LogicExpression with expression: A AND B OR C | Short-Circuit: true
Oct 30, 2024 1:10:44 AM com.lazicode.workflow.expressions.LogicExpression isValid
INFO: Expression is valid.
Oct 30, 2024 1:10:44 AM com.lazicode.workflow.expressions.LogicExpression <init>
INFO: LogicExpression initialized successfully.
Oct 30, 2024 1:10:44 AM com.lazicode.workflow.expressions.LogicExpression <init>
INFO: Initializing LogicExpression with expression: A AND B OR C | Short-Circuit: false
Oct 30, 2024 1:10:44 AM com.lazicode.workflow.expressions.LogicExpression isValid
INFO: Expression is valid.
Oct 30, 2024 1:10:44 AM com.lazicode.workflow.expressions.LogicExpression <init>
INFO: LogicExpression initialized successfully.
]]></system-err>
  </testcase>
  <testcase name="testEmptyExpression" classname="com.lazicode.workflow.expressions.LogicExpressionShortCircuitEnabledTest" time="0.001">
    <system-out><![CDATA[xxxxxxxA B ) AND ( C ORxxxxxxx]]></system-out>
    <system-err><![CDATA[Oct 30, 2024 1:10:44 AM com.lazicode.workflow.expressions.LogicExpression <init>
INFO: Initializing LogicExpression with expression: A AND B OR C | Short-Circuit: true
Oct 30, 2024 1:10:44 AM com.lazicode.workflow.expressions.LogicExpression isValid
INFO: Expression is valid.
Oct 30, 2024 1:10:44 AM com.lazicode.workflow.expressions.LogicExpression <init>
INFO: LogicExpression initialized successfully.
Oct 30, 2024 1:10:44 AM com.lazicode.workflow.expressions.LogicExpression <init>
INFO: Initializing LogicExpression with expression:  | Short-Circuit: false
Oct 30, 2024 1:10:44 AM com.lazicode.workflow.expressions.LogicExpression isValid
WARNING: Empty expression provided.
Oct 30, 2024 1:10:44 AM com.lazicode.workflow.expressions.LogicExpression <init>
SEVERE: Invalid logic expression: Invalid expression: Expression cannot be empty.
]]></system-err>
  </testcase>
  <testcase name="testCalculateWithDifferentConfigurations" classname="com.lazicode.workflow.expressions.LogicExpressionShortCircuitEnabledTest" time="0.001">
    <failure message="Expression &apos;A AND ( B OR C )&apos; with C=false should evaluate to FALSE ==&gt; expected: &lt;false&gt; but was: &lt;true&gt;" type="org.opentest4j.AssertionFailedError"><![CDATA[org.opentest4j.AssertionFailedError: Expression 'A AND ( B OR C )' with C=false should evaluate to FALSE ==> expected: <false> but was: <true>
	at org.junit.jupiter.api.AssertionFailureBuilder.build(AssertionFailureBuilder.java:151)
	at org.junit.jupiter.api.AssertionFailureBuilder.buildAndThrow(AssertionFailureBuilder.java:132)
	at org.junit.jupiter.api.AssertFalse.failNotFalse(AssertFalse.java:63)
	at org.junit.jupiter.api.AssertFalse.assertFalse(AssertFalse.java:36)
	at org.junit.jupiter.api.Assertions.assertFalse(Assertions.java:236)
	at com.lazicode.workflow.expressions.LogicExpressionShortCircuitEnabledTest.testCalculateWithDifferentConfigurations(LogicExpressionShortCircuitEnabledTest.java:265)
	at java.base/jdk.internal.reflect.NativeMethodAccessorImpl.invoke0(Native Method)
	at java.base/jdk.internal.reflect.NativeMethodAccessorImpl.invoke(NativeMethodAccessorImpl.java:77)
	at java.base/jdk.internal.reflect.DelegatingMethodAccessorImpl.invoke(DelegatingMethodAccessorImpl.java:43)
	at java.base/java.lang.reflect.Method.invoke(Method.java:569)
	at org.junit.platform.commons.util.ReflectionUtils.invokeMethod(ReflectionUtils.java:727)
	at org.junit.jupiter.engine.execution.MethodInvocation.proceed(MethodInvocation.java:60)
	at org.junit.jupiter.engine.execution.InvocationInterceptorChain$ValidatingInvocation.proceed(InvocationInterceptorChain.java:131)
	at org.junit.jupiter.engine.extension.TimeoutExtension.intercept(TimeoutExtension.java:156)
	at org.junit.jupiter.engine.extension.TimeoutExtension.interceptTestableMethod(TimeoutExtension.java:147)
	at org.junit.jupiter.engine.extension.TimeoutExtension.interceptTestMethod(TimeoutExtension.java:86)
	at org.junit.jupiter.engine.execution.InterceptingExecutableInvoker$ReflectiveInterceptorCall.lambda$ofVoidMethod$0(InterceptingExecutableInvoker.java:103)
	at org.junit.jupiter.engine.execution.InterceptingExecutableInvoker.lambda$invoke$0(InterceptingExecutableInvoker.java:93)
	at org.junit.jupiter.engine.execution.InvocationInterceptorChain$InterceptedInvocation.proceed(InvocationInterceptorChain.java:106)
	at org.junit.jupiter.engine.execution.InvocationInterceptorChain.proceed(InvocationInterceptorChain.java:64)
	at org.junit.jupiter.engine.execution.InvocationInterceptorChain.chainAndInvoke(InvocationInterceptorChain.java:45)
	at org.junit.jupiter.engine.execution.InvocationInterceptorChain.invoke(InvocationInterceptorChain.java:37)
	at org.junit.jupiter.engine.execution.InterceptingExecutableInvoker.invoke(InterceptingExecutableInvoker.java:92)
	at org.junit.jupiter.engine.execution.InterceptingExecutableInvoker.invoke(InterceptingExecutableInvoker.java:86)
	at org.junit.jupiter.engine.descriptor.TestMethodTestDescriptor.lambda$invokeTestMethod$7(TestMethodTestDescriptor.java:217)
	at org.junit.platform.engine.support.hierarchical.ThrowableCollector.execute(ThrowableCollector.java:73)
	at org.junit.jupiter.engine.descriptor.TestMethodTestDescriptor.invokeTestMethod(TestMethodTestDescriptor.java:213)
	at org.junit.jupiter.engine.descriptor.TestMethodTestDescriptor.execute(TestMethodTestDescriptor.java:138)
	at org.junit.jupiter.engine.descriptor.TestMethodTestDescriptor.execute(TestMethodTestDescriptor.java:68)
	at org.junit.platform.engine.support.hierarchical.NodeTestTask.lambda$executeRecursively$6(NodeTestTask.java:151)
	at org.junit.platform.engine.support.hierarchical.ThrowableCollector.execute(ThrowableCollector.java:73)
	at org.junit.platform.engine.support.hierarchical.NodeTestTask.lambda$executeRecursively$8(NodeTestTask.java:141)
	at org.junit.platform.engine.support.hierarchical.Node.around(Node.java:137)
	at org.junit.platform.engine.support.hierarchical.NodeTestTask.lambda$executeRecursively$9(NodeTestTask.java:139)
	at org.junit.platform.engine.support.hierarchical.ThrowableCollector.execute(ThrowableCollector.java:73)
	at org.junit.platform.engine.support.hierarchical.NodeTestTask.executeRecursively(NodeTestTask.java:138)
	at org.junit.platform.engine.support.hierarchical.NodeTestTask.execute(NodeTestTask.java:95)
	at java.base/java.util.ArrayList.forEach(ArrayList.java:1511)
	at org.junit.platform.engine.support.hierarchical.SameThreadHierarchicalTestExecutorService.invokeAll(SameThreadHierarchicalTestExecutorService.java:41)
	at org.junit.platform.engine.support.hierarchical.NodeTestTask.lambda$executeRecursively$6(NodeTestTask.java:155)
	at org.junit.platform.engine.support.hierarchical.ThrowableCollector.execute(ThrowableCollector.java:73)
	at org.junit.platform.engine.support.hierarchical.NodeTestTask.lambda$executeRecursively$8(NodeTestTask.java:141)
	at org.junit.platform.engine.support.hierarchical.Node.around(Node.java:137)
	at org.junit.platform.engine.support.hierarchical.NodeTestTask.lambda$executeRecursively$9(NodeTestTask.java:139)
	at org.junit.platform.engine.support.hierarchical.ThrowableCollector.execute(ThrowableCollector.java:73)
	at org.junit.platform.engine.support.hierarchical.NodeTestTask.executeRecursively(NodeTestTask.java:138)
	at org.junit.platform.engine.support.hierarchical.NodeTestTask.execute(NodeTestTask.java:95)
	at java.base/java.util.ArrayList.forEach(ArrayList.java:1511)
	at org.junit.platform.engine.support.hierarchical.SameThreadHierarchicalTestExecutorService.invokeAll(SameThreadHierarchicalTestExecutorService.java:41)
	at org.junit.platform.engine.support.hierarchical.NodeTestTask.lambda$executeRecursively$6(NodeTestTask.java:155)
	at org.junit.platform.engine.support.hierarchical.ThrowableCollector.execute(ThrowableCollector.java:73)
	at org.junit.platform.engine.support.hierarchical.NodeTestTask.lambda$executeRecursively$8(NodeTestTask.java:141)
	at org.junit.platform.engine.support.hierarchical.Node.around(Node.java:137)
	at org.junit.platform.engine.support.hierarchical.NodeTestTask.lambda$executeRecursively$9(NodeTestTask.java:139)
	at org.junit.platform.engine.support.hierarchical.ThrowableCollector.execute(ThrowableCollector.java:73)
	at org.junit.platform.engine.support.hierarchical.NodeTestTask.executeRecursively(NodeTestTask.java:138)
	at org.junit.platform.engine.support.hierarchical.NodeTestTask.execute(NodeTestTask.java:95)
	at org.junit.platform.engine.support.hierarchical.SameThreadHierarchicalTestExecutorService.submit(SameThreadHierarchicalTestExecutorService.java:35)
	at org.junit.platform.engine.support.hierarchical.HierarchicalTestExecutor.execute(HierarchicalTestExecutor.java:57)
	at org.junit.platform.engine.support.hierarchical.HierarchicalTestEngine.execute(HierarchicalTestEngine.java:54)
	at org.junit.platform.launcher.core.EngineExecutionOrchestrator.execute(EngineExecutionOrchestrator.java:147)
	at org.junit.platform.launcher.core.EngineExecutionOrchestrator.execute(EngineExecutionOrchestrator.java:127)
	at org.junit.platform.launcher.core.EngineExecutionOrchestrator.execute(EngineExecutionOrchestrator.java:90)
	at org.junit.platform.launcher.core.EngineExecutionOrchestrator.lambda$execute$0(EngineExecutionOrchestrator.java:55)
	at org.junit.platform.launcher.core.EngineExecutionOrchestrator.withInterceptedStreams(EngineExecutionOrchestrator.java:102)
	at org.junit.platform.launcher.core.EngineExecutionOrchestrator.execute(EngineExecutionOrchestrator.java:54)
	at org.junit.platform.launcher.core.DefaultLauncher.execute(DefaultLauncher.java:114)
	at org.junit.platform.launcher.core.DefaultLauncher.execute(DefaultLauncher.java:86)
	at org.junit.platform.launcher.core.DefaultLauncherSession$DelegatingLauncher.execute(DefaultLauncherSession.java:86)
	at org.apache.maven.surefire.junitplatform.LazyLauncher.execute(LazyLauncher.java:55)
	at org.apache.maven.surefire.junitplatform.JUnitPlatformProvider.execute(JUnitPlatformProvider.java:223)
	at org.apache.maven.surefire.junitplatform.JUnitPlatformProvider.invokeAllTests(JUnitPlatformProvider.java:175)
	at org.apache.maven.surefire.junitplatform.JUnitPlatformProvider.invoke(JUnitPlatformProvider.java:139)
	at org.apache.maven.surefire.booter.ForkedBooter.runSuitesInProcess(ForkedBooter.java:456)
	at org.apache.maven.surefire.booter.ForkedBooter.execute(ForkedBooter.java:169)
	at org.apache.maven.surefire.booter.ForkedBooter.run(ForkedBooter.java:595)
	at org.apache.maven.surefire.booter.ForkedBooter.main(ForkedBooter.java:581)
]]></failure>
    <system-out><![CDATA[xxxxxxxA B ) AND ( C ORxxxxxxxA B C OR AND]]></system-out>
    <system-err><![CDATA[Oct 30, 2024 1:10:44 AM com.lazicode.workflow.expressions.LogicExpression <init>
INFO: Initializing LogicExpression with expression: A AND B OR C | Short-Circuit: true
Oct 30, 2024 1:10:44 AM com.lazicode.workflow.expressions.LogicExpression isValid
INFO: Expression is valid.
Oct 30, 2024 1:10:44 AM com.lazicode.workflow.expressions.LogicExpression <init>
INFO: LogicExpression initialized successfully.
Oct 30, 2024 1:10:44 AM com.lazicode.workflow.expressions.LogicExpression <init>
INFO: Initializing LogicExpression with expression: A AND ( B OR C ) | Short-Circuit: false
Oct 30, 2024 1:10:44 AM com.lazicode.workflow.expressions.LogicExpression isValid
INFO: Expression is valid.
Oct 30, 2024 1:10:44 AM com.lazicode.workflow.expressions.LogicExpression <init>
INFO: LogicExpression initialized successfully.
]]></system-err>
  </testcase>
  <testcase name="testCalculateUsesCachedResult" classname="com.lazicode.workflow.expressions.LogicExpressionShortCircuitEnabledTest" time="0">
    <error message="Mismatched parentheses." type="java.lang.IllegalArgumentException"><![CDATA[java.lang.IllegalArgumentException: Mismatched parentheses.
	at com.lazicode.workflow.expressions.LogicExpression.infixToPostfix(LogicExpression.java:303)
	at com.lazicode.workflow.expressions.LogicExpression.performCalculation(LogicExpression.java:233)
	at com.lazicode.workflow.expressions.Expression.calculate(Expression.java:71)
	at com.lazicode.workflow.expressions.LogicExpressionShortCircuitEnabledTest.testCalculateUsesCachedResult(LogicExpressionShortCircuitEnabledTest.java:430)
	at java.base/jdk.internal.reflect.NativeMethodAccessorImpl.invoke0(Native Method)
	at java.base/jdk.internal.reflect.NativeMethodAccessorImpl.invoke(NativeMethodAccessorImpl.java:77)
	at java.base/jdk.internal.reflect.DelegatingMethodAccessorImpl.invoke(DelegatingMethodAccessorImpl.java:43)
	at java.base/java.lang.reflect.Method.invoke(Method.java:569)
	at org.junit.platform.commons.util.ReflectionUtils.invokeMethod(ReflectionUtils.java:727)
	at org.junit.jupiter.engine.execution.MethodInvocation.proceed(MethodInvocation.java:60)
	at org.junit.jupiter.engine.execution.InvocationInterceptorChain$ValidatingInvocation.proceed(InvocationInterceptorChain.java:131)
	at org.junit.jupiter.engine.extension.TimeoutExtension.intercept(TimeoutExtension.java:156)
	at org.junit.jupiter.engine.extension.TimeoutExtension.interceptTestableMethod(TimeoutExtension.java:147)
	at org.junit.jupiter.engine.extension.TimeoutExtension.interceptTestMethod(TimeoutExtension.java:86)
	at org.junit.jupiter.engine.execution.InterceptingExecutableInvoker$ReflectiveInterceptorCall.lambda$ofVoidMethod$0(InterceptingExecutableInvoker.java:103)
	at org.junit.jupiter.engine.execution.InterceptingExecutableInvoker.lambda$invoke$0(InterceptingExecutableInvoker.java:93)
	at org.junit.jupiter.engine.execution.InvocationInterceptorChain$InterceptedInvocation.proceed(InvocationInterceptorChain.java:106)
	at org.junit.jupiter.engine.execution.InvocationInterceptorChain.proceed(InvocationInterceptorChain.java:64)
	at org.junit.jupiter.engine.execution.InvocationInterceptorChain.chainAndInvoke(InvocationInterceptorChain.java:45)
	at org.junit.jupiter.engine.execution.InvocationInterceptorChain.invoke(InvocationInterceptorChain.java:37)
	at org.junit.jupiter.engine.execution.InterceptingExecutableInvoker.invoke(InterceptingExecutableInvoker.java:92)
	at org.junit.jupiter.engine.execution.InterceptingExecutableInvoker.invoke(InterceptingExecutableInvoker.java:86)
	at org.junit.jupiter.engine.descriptor.TestMethodTestDescriptor.lambda$invokeTestMethod$7(TestMethodTestDescriptor.java:217)
	at org.junit.platform.engine.support.hierarchical.ThrowableCollector.execute(ThrowableCollector.java:73)
	at org.junit.jupiter.engine.descriptor.TestMethodTestDescriptor.invokeTestMethod(TestMethodTestDescriptor.java:213)
	at org.junit.jupiter.engine.descriptor.TestMethodTestDescriptor.execute(TestMethodTestDescriptor.java:138)
	at org.junit.jupiter.engine.descriptor.TestMethodTestDescriptor.execute(TestMethodTestDescriptor.java:68)
	at org.junit.platform.engine.support.hierarchical.NodeTestTask.lambda$executeRecursively$6(NodeTestTask.java:151)
	at org.junit.platform.engine.support.hierarchical.ThrowableCollector.execute(ThrowableCollector.java:73)
	at org.junit.platform.engine.support.hierarchical.NodeTestTask.lambda$executeRecursively$8(NodeTestTask.java:141)
	at org.junit.platform.engine.support.hierarchical.Node.around(Node.java:137)
	at org.junit.platform.engine.support.hierarchical.NodeTestTask.lambda$executeRecursively$9(NodeTestTask.java:139)
	at org.junit.platform.engine.support.hierarchical.ThrowableCollector.execute(ThrowableCollector.java:73)
[...]
	at org.junit.jupiter.engine.descriptor.TestMethodTestDescriptor.execute(TestMethodTestDescriptor.java:68)
	at org.junit.platform.engine.support.hierarchical.NodeTestTask.lambda$executeRecursively$6(NodeTestTask.java:151)
	at org.junit.platform.engine.support.hierarchical.ThrowableCollector.execute(ThrowableCollector.java:73)
	at org.junit.platform.engine.support.hierarchical.NodeTestTask.lambda$executeRecursively$8(NodeTestTask.java:141)
	at org.junit.platform.engine.support.hierarchical.Node.around(Node.java:137)
	at org.junit.platform.engine.support.hierarchical.NodeTestTask.lambda$executeRecursively$9(NodeTestTask.java:139)
	at org.junit.platform.engine.support.hierarchical.ThrowableCollector.execute(ThrowableCollector.java:73)
	at org.junit.platform.engine.support.hierarchical.NodeTestTask.executeRecursively(NodeTestTask.java:138)
	at org.junit.platform.engine.support.hierarchical.NodeTestTask.execute(NodeTestTask.java:95)
	at java.base/java.util.ArrayList.forEach(ArrayList.java:1511)
	at org.junit.platform.engine.support.hierarchical.SameThreadHierarchicalTestExecutorService.invokeAll(SameThreadHierarchicalTestExecutorService.java:41)
	at org.junit.platform.engine.support.hierarchical.NodeTestTask.lambda$executeRecursively$6(NodeTestTask.java:155)
	at org.junit.platform.engine.support.hierarchical.ThrowableCollector.execute(ThrowableCollector.java:73)
	at org.junit.platform.engine.support.hierarchical.NodeTestTask.lambda$executeRecursively$8(NodeTestTask.java:141)
	at org.junit.platform.engine.support.hierarchical.Node.around(Node.java:137)
	at org.junit.platform.engine.support.hierarchical.NodeTestTask.lambda$executeRecursively$9(NodeTestTask.java:139)
	at org.junit.platform.engine.support.hierarchical.ThrowableCollector.execute(ThrowableCollector.java:73)
	at org.junit.platform.engine.support.hierarchical.NodeTestTask.executeRecursively(NodeTestTask.java:138)
	at org.junit.platform.engine.support.hierarchical.NodeTestTask.execute(NodeTestTask.java:95)
	at java.base/java.util.ArrayList.forEach(ArrayList.java:1511)
	at org.junit.platform.engine.support.hierarchical.SameThreadHierarchicalTestExecutorService.invokeAll(SameThreadHierarchicalTestExecutorService.java:41)
	at org.junit.platform.engine.support.hierarchical.NodeTestTask.lambda$executeRecursively$6(NodeTestTask.java:155)
	at org.junit.platform.engine.support.hierarchical.ThrowableCollector.execute(ThrowableCollector.java:73)
	at org.junit.platform.engine.support.hierarchical.NodeTestTask.lambda$executeRecursively$8(NodeTestTask.java:141)
	at org.junit.platform.engine.support.hierarchical.Node.around(Node.java:137)
	at org.junit.platform.engine.support.hierarchical.NodeTestTask.lambda$executeRecursively$9(NodeTestTask.java:139)
	at org.junit.platform.engine.support.hierarchical.ThrowableCollector.execute(ThrowableCollector.java:73)
	at org.junit.platform.engine.support.hierarchical.NodeTestTask.executeRecursively(NodeTestTask.java:138)
	at org.junit.platform.engine.support.hierarchical.NodeTestTask.execute(NodeTestTask.java:95)
	at org.junit.platform.engine.support.hierarchical.SameThreadHierarchicalTestExecutorService.submit(SameThreadHierarchicalTestExecutorService.java:35)
	at org.junit.platform.engine.support.hierarchical.HierarchicalTestExecutor.execute(HierarchicalTestExecutor.java:57)
	at org.junit.platform.engine.support.hierarchical.HierarchicalTestEngine.execute(HierarchicalTestEngine.java:54)
	at org.junit.platform.launcher.core.EngineExecutionOrchestrator.execute(EngineExecutionOrchestrator.java:147)
	at org.junit.platform.launcher.core.EngineExecutionOrchestrator.execute(EngineExecutionOrchestrator.java:127)
	at org.junit.platform.launcher.core.EngineExecutionOrchestrator.execute(EngineExecutionOrchestrator.java:90)
	at org.junit.platform.launcher.core.EngineExecutionOrchestrator.lambda$execute$0(EngineExecutionOrchestrator.java:55)
	at org.junit.platform.launcher.core.EngineExecutionOrchestrator.withInterceptedStreams(EngineExecutionOrchestrator.java:102)
	at org.junit.platform.launcher.core.EngineExecutionOrchestrator.execute(EngineExecutionOrchestrator.java:54)
	at org.junit.platform.launcher.core.DefaultLauncher.execute(DefaultLauncher.java:114)
	at org.junit.platform.launcher.core.DefaultLauncher.execute(DefaultLauncher.java:86)
	at org.junit.platform.launcher.core.DefaultLauncherSession$DelegatingLauncher.execute(DefaultLauncherSession.java:86)
	at org.apache.maven.surefire.junitplatform.LazyLauncher.execute(LazyLauncher.java:55)
	at org.apache.maven.surefire.junitplatform.JUnitPlatformProvider.execute(JUnitPlatformProvider.java:223)
	at org.apache.maven.surefire.junitplatform.JUnitPlatformProvider.invokeAllTests(JUnitPlatformProvider.java:175)
	at org.apache.maven.surefire.junitplatform.JUnitPlatformProvider.invoke(JUnitPlatformProvider.java:139)
	at org.apache.maven.surefire.booter.ForkedBooter.runSuitesInProcess(ForkedBooter.java:456)
	at org.apache.maven.surefire.booter.ForkedBooter.execute(ForkedBooter.java:169)
	at org.apache.maven.surefire.booter.ForkedBooter.run(ForkedBooter.java:595)
	at org.apache.maven.surefire.booter.ForkedBooter.main(ForkedBooter.java:581)
]]></error>
    <system-out><![CDATA[xxxxxxxA B ) AND ( C ORxxxxxxxNOT]]></system-out>
    <system-err><![CDATA[Oct 30, 2024 1:10:44 AM com.lazicode.workflow.expressions.LogicExpression <init>
INFO: Initializing LogicExpression with expression: A AND B OR C | Short-Circuit: true
Oct 30, 2024 1:10:44 AM com.lazicode.workflow.expressions.LogicExpression isValid
INFO: Expression is valid.
Oct 30, 2024 1:10:44 AM com.lazicode.workflow.expressions.LogicExpression <init>
INFO: LogicExpression initialized successfully.
Oct 30, 2024 1:10:44 AM com.lazicode.workflow.expressions.LogicExpression <init>
INFO: Initializing LogicExpression with expression: NOT | Short-Circuit: false
Oct 30, 2024 1:10:44 AM com.lazicode.workflow.expressions.LogicExpression isValid
WARNING: Expression cannot end with an operator.
Oct 30, 2024 1:10:44 AM com.lazicode.workflow.expressions.LogicExpression <init>
SEVERE: Invalid logic expression: Expression cannot end with an operator.
]]></system-err>
  </testcase>
  <testcase name="testMultipleNotOperators" classname="com.lazicode.workflow.expressions.LogicExpressionShortCircuitEnabledTest" time="0.001">
    <error message="Mismatched parentheses." type="java.lang.IllegalArgumentException"><![CDATA[java.lang.IllegalArgumentException: Mismatched parentheses.
	at com.lazicode.workflow.expressions.LogicExpression.infixToPostfix(LogicExpression.java:303)
	at com.lazicode.workflow.expressions.LogicExpression.performCalculation(LogicExpression.java:233)
	at com.lazicode.workflow.expressions.Expression.calculate(Expression.java:71)
	at com.lazicode.workflow.expressions.LogicExpressionShortCircuitEnabledTest.testMultipleNotOperators(LogicExpressionShortCircuitEnabledTest.java:364)
	at java.base/jdk.internal.reflect.NativeMethodAccessorImpl.invoke0(Native Method)
	at java.base/jdk.internal.reflect.NativeMethodAccessorImpl.invoke(NativeMethodAccessorImpl.java:77)
	at java.base/jdk.internal.reflect.DelegatingMethodAccessorImpl.invoke(DelegatingMethodAccessorImpl.java:43)
	at java.base/java.lang.reflect.Method.invoke(Method.java:569)
	at org.junit.platform.commons.util.ReflectionUtils.invokeMethod(ReflectionUtils.java:727)
	at org.junit.jupiter.engine.execution.MethodInvocation.proceed(MethodInvocation.java:60)
	at org.junit.jupiter.engine.execution.InvocationInterceptorChain$ValidatingInvocation.proceed(InvocationInterceptorChain.java:131)
	at org.junit.jupiter.engine.extension.TimeoutExtension.intercept(TimeoutExtension.java:156)
	at org.junit.jupiter.engine.extension.TimeoutExtension.interceptTestableMethod(TimeoutExtension.java:147)
	at org.junit.jupiter.engine.extension.TimeoutExtension.interceptTestMethod(TimeoutExtension.java:86)
	at org.junit.jupiter.engine.execution.InterceptingExecutableInvoker$ReflectiveInterceptorCall.lambda$ofVoidMethod$0(InterceptingExecutableInvoker.java:103)
	at org.junit.jupiter.engine.execution.InterceptingExecutableInvoker.lambda$invoke$0(InterceptingExecutableInvoker.java:93)
	at org.junit.jupiter.engine.execution.InvocationInterceptorChain$InterceptedInvocation.proceed(InvocationInterceptorChain.java:106)
	at org.junit.jupiter.engine.execution.InvocationInterceptorChain.proceed(InvocationInterceptorChain.java:64)
	at org.junit.jupiter.engine.execution.InvocationInterceptorChain.chainAndInvoke(InvocationInterceptorChain.java:45)
	at org.junit.jupiter.engine.execution.InvocationInterceptorChain.invoke(InvocationInterceptorChain.java:37)
	at org.junit.jupiter.engine.execution.InterceptingExecutableInvoker.invoke(InterceptingExecutableInvoker.java:92)
	at org.junit.jupiter.engine.execution.InterceptingExecutableInvoker.invoke(InterceptingExecutableInvoker.java:86)
	at org.junit.jupiter.engine.descriptor.TestMethodTestDescriptor.lambda$invokeTestMethod$7(TestMethodTestDescriptor.java:217)
	at org.junit.platform.engine.support.hierarchical.ThrowableCollector.execute(ThrowableCollector.java:73)
	at org.junit.jupiter.engine.descriptor.TestMethodTestDescriptor.invokeTestMethod(TestMethodTestDescriptor.java:213)
	at org.junit.jupiter.engine.descriptor.TestMethodTestDescriptor.execute(TestMethodTestDescriptor.java:138)
	at org.junit.jupiter.engine.descriptor.TestMethodTestDescriptor.execute(TestMethodTestDescriptor.java:68)
	at org.junit.platform.engine.support.hierarchical.NodeTestTask.lambda$executeRecursively$6(NodeTestTask.java:151)
	at org.junit.platform.engine.support.hierarchical.ThrowableCollector.execute(ThrowableCollector.java:73)
	at org.junit.platform.engine.support.hierarchical.NodeTestTask.lambda$executeRecursively$8(NodeTestTask.java:141)
	at org.junit.platform.engine.support.hierarchical.Node.around(Node.java:137)
	at org.junit.platform.engine.support.hierarchical.NodeTestTask.lambda$executeRecursively$9(NodeTestTask.java:139)
	at org.junit.platform.engine.support.hierarchical.ThrowableCollector.execute(ThrowableCollector.java:73)
	at org.junit.platform.engine.support.hierarchical.NodeTestTask.executeRecursively(NodeTestTask.java:138)
	at org.junit.platform.engine.support.hierarchical.NodeTestTask.execute(NodeTestTask.java:95)
	at java.base/java.util.ArrayList.forEach(ArrayList.java:1511)
	at org.junit.platform.engine.support.hierarchical.SameThreadHierarchicalTestExecutorService.invokeAll(SameThreadHierarchicalTestExecutorService.java:41)
	at org.junit.platform.engine.support.hierarchical.NodeTestTask.lambda$executeRecursively$6(NodeTestTask.java:155)
	at org.junit.platform.engine.support.hierarchical.ThrowableCollector.execute(ThrowableCollector.java:73)
	at org.junit.platform.engine.support.hierarchical.NodeTestTask.lambda$executeRecursively$8(NodeTestTask.java:141)
	at org.junit.platform.engine.support.hierarchical.Node.around(Node.java:137)
	at org.junit.platform.engine.support.hierarchical.NodeTestTask.lambda$executeRecursively$9(NodeTestTask.java:139)
	at org.junit.platform.engine.support.hierarchical.ThrowableCollector.execute(ThrowableCollector.java:73)
	at org.junit.platform.engine.support.hierarchical.NodeTestTask.executeRecursively(NodeTestTask.java:138)
	at org.junit.platform.engine.support.hierarchical.NodeTestTask.execute(NodeTestTask.java:95)
	at java.base/java.util.ArrayList.forEach(ArrayList.java:1511)
	at org.junit.platform.engine.support.hierarchical.SameThreadHierarchicalTestExecutorService.invokeAll(SameThreadHierarchicalTestExecutorService.java:41)
	at org.junit.platform.engine.support.hierarchical.NodeTestTask.lambda$executeRecursively$6(NodeTestTask.java:155)
	at org.junit.platform.engine.support.hierarchical.ThrowableCollector.execute(ThrowableCollector.java:73)
	at org.junit.platform.engine.support.hierarchical.NodeTestTask.lambda$executeRecursively$8(NodeTestTask.java:141)
	at org.junit.platform.engine.support.hierarchical.Node.around(Node.java:137)
	at org.junit.platform.engine.support.hierarchical.NodeTestTask.lambda$executeRecursively$9(NodeTestTask.java:139)
	at org.junit.platform.engine.support.hierarchical.ThrowableCollector.execute(ThrowableCollector.java:73)
	at org.junit.platform.engine.support.hierarchical.NodeTestTask.executeRecursively(NodeTestTask.java:138)
	at org.junit.platform.engine.support.hierarchical.NodeTestTask.execute(NodeTestTask.java:95)
	at org.junit.platform.engine.support.hierarchical.SameThreadHierarchicalTestExecutorService.submit(SameThreadHierarchicalTestExecutorService.java:35)
	at org.junit.platform.engine.support.hierarchical.HierarchicalTestExecutor.execute(HierarchicalTestExecutor.java:57)
	at org.junit.platform.engine.support.hierarchical.HierarchicalTestEngine.execute(HierarchicalTestEngine.java:54)
	at org.junit.platform.launcher.core.EngineExecutionOrchestrator.execute(EngineExecutionOrchestrator.java:147)
	at org.junit.platform.launcher.core.EngineExecutionOrchestrator.execute(EngineExecutionOrchestrator.java:127)
	at org.junit.platform.launcher.core.EngineExecutionOrchestrator.execute(EngineExecutionOrchestrator.java:90)
	at org.junit.platform.launcher.core.EngineExecutionOrchestrator.lambda$execute$0(EngineExecutionOrchestrator.java:55)
	at org.junit.platform.launcher.core.EngineExecutionOrchestrator.withInterceptedStreams(EngineExecutionOrchestrator.java:102)
	at org.junit.platform.launcher.core.EngineExecutionOrchestrator.execute(EngineExecutionOrchestrator.java:54)
	at org.junit.platform.launcher.core.DefaultLauncher.execute(DefaultLauncher.java:114)
	at org.junit.platform.launcher.core.DefaultLauncher.execute(DefaultLauncher.java:86)
	at org.junit.platform.launcher.core.DefaultLauncherSession$DelegatingLauncher.execute(DefaultLauncherSession.java:86)
	at org.apache.maven.surefire.junitplatform.LazyLauncher.execute(LazyLauncher.java:55)
	at org.apache.maven.surefire.junitplatform.JUnitPlatformProvider.execute(JUnitPlatformProvider.java:223)
	at org.apache.maven.surefire.junitplatform.JUnitPlatformProvider.invokeAllTests(JUnitPlatformProvider.java:175)
	at org.apache.maven.surefire.junitplatform.JUnitPlatformProvider.invoke(JUnitPlatformProvider.java:139)
	at org.apache.maven.surefire.booter.ForkedBooter.runSuitesInProcess(ForkedBooter.java:456)
	at org.apache.maven.surefire.booter.ForkedBooter.execute(ForkedBooter.java:169)
	at org.apache.maven.surefire.booter.ForkedBooter.run(ForkedBooter.java:595)
	at org.apache.maven.surefire.booter.ForkedBooter.main(ForkedBooter.java:581)
]]></error>
    <system-out><![CDATA[xxxxxxxA B ) AND ( C ORxxxxxxx) NOT ( A NOT]]></system-out>
    <system-err><![CDATA[Oct 30, 2024 1:10:44 AM com.lazicode.workflow.expressions.LogicExpression <init>
INFO: Initializing LogicExpression with expression: A AND B OR C | Short-Circuit: true
Oct 30, 2024 1:10:44 AM com.lazicode.workflow.expressions.LogicExpression isValid
INFO: Expression is valid.
Oct 30, 2024 1:10:44 AM com.lazicode.workflow.expressions.LogicExpression <init>
INFO: LogicExpression initialized successfully.
Oct 30, 2024 1:10:44 AM com.lazicode.workflow.expressions.LogicExpression <init>
INFO: Initializing LogicExpression with expression: NOT NOT A | Short-Circuit: false
Oct 30, 2024 1:10:44 AM com.lazicode.workflow.expressions.LogicExpression isValid
INFO: Expression is valid.
Oct 30, 2024 1:10:44 AM com.lazicode.workflow.expressions.LogicExpression <init>
INFO: LogicExpression initialized successfully.
]]></system-err>
  </testcase>
  <testcase name="testSetInvalidVariableValue" classname="com.lazicode.workflow.expressions.LogicExpressionShortCircuitEnabledTest" time="0.001">
    <system-out><![CDATA[xxxxxxxA B ) AND ( C OR]]></system-out>
    <system-err><![CDATA[Oct 30, 2024 1:10:44 AM com.lazicode.workflow.expressions.LogicExpression <init>
INFO: Initializing LogicExpression with expression: A AND B OR C | Short-Circuit: true
Oct 30, 2024 1:10:44 AM com.lazicode.workflow.expressions.LogicExpression isValid
INFO: Expression is valid.
Oct 30, 2024 1:10:44 AM com.lazicode.workflow.expressions.LogicExpression <init>
INFO: LogicExpression initialized successfully.
Oct 30, 2024 1:10:44 AM com.lazicode.workflow.expressions.LogicExpression setVariable
WARNING: Invalid variable value type for variable 'A'. Expected Boolean.
]]></system-err>
  </testcase>
  <testcase name="testXorOperator" classname="com.lazicode.workflow.expressions.LogicExpressionShortCircuitEnabledTest" time="0.001">
    <system-out><![CDATA[xxxxxxxA B ) AND ( C ORxxxxxxxTRUE FALSE XORxxxxxxxTRUE TRUE XOR]]></system-out>
    <system-err><![CDATA[Oct 30, 2024 1:10:44 AM com.lazicode.workflow.expressions.LogicExpression <init>
INFO: Initializing LogicExpression with expression: A AND B OR C | Short-Circuit: true
Oct 30, 2024 1:10:44 AM com.lazicode.workflow.expressions.LogicExpression isValid
INFO: Expression is valid.
Oct 30, 2024 1:10:44 AM com.lazicode.workflow.expressions.LogicExpression <init>
INFO: LogicExpression initialized successfully.
Oct 30, 2024 1:10:44 AM com.lazicode.workflow.expressions.LogicExpression <init>
INFO: Initializing LogicExpression with expression: TRUE XOR FALSE | Short-Circuit: false
Oct 30, 2024 1:10:44 AM com.lazicode.workflow.expressions.LogicExpression isValid
INFO: Expression is valid.
Oct 30, 2024 1:10:44 AM com.lazicode.workflow.expressions.LogicExpression <init>
INFO: LogicExpression initialized successfully.
Oct 30, 2024 1:10:44 AM com.lazicode.workflow.expressions.LogicExpression <init>
INFO: Initializing LogicExpression with expression: TRUE XOR TRUE | Short-Circuit: false
Oct 30, 2024 1:10:44 AM com.lazicode.workflow.expressions.LogicExpression isValid
INFO: Expression is valid.
Oct 30, 2024 1:10:44 AM com.lazicode.workflow.expressions.LogicExpression <init>
INFO: LogicExpression initialized successfully.
]]></system-err>
  </testcase>
  <testcase name="testExpressionWithRedundantParentheses" classname="com.lazicode.workflow.expressions.LogicExpressionShortCircuitEnabledTest" time="0.001">
    <system-out><![CDATA[xxxxxxxA B ) AND ( C ORxxxxxxxA B AND C OR]]></system-out>
    <system-err><![CDATA[Oct 30, 2024 1:10:44 AM com.lazicode.workflow.expressions.LogicExpression <init>
INFO: Initializing LogicExpression with expression: A AND B OR C | Short-Circuit: true
Oct 30, 2024 1:10:44 AM com.lazicode.workflow.expressions.LogicExpression isValid
INFO: Expression is valid.
Oct 30, 2024 1:10:44 AM com.lazicode.workflow.expressions.LogicExpression <init>
INFO: LogicExpression initialized successfully.
Oct 30, 2024 1:10:44 AM com.lazicode.workflow.expressions.LogicExpression <init>
INFO: Initializing LogicExpression with expression: ((A AND B)) OR ((C)) | Short-Circuit: false
Oct 30, 2024 1:10:44 AM com.lazicode.workflow.expressions.LogicExpression isValid
INFO: Expression is valid.
Oct 30, 2024 1:10:44 AM com.lazicode.workflow.expressions.LogicExpression <init>
INFO: LogicExpression initialized successfully.
]]></system-err>
  </testcase>
  <testcase name="testInvalidTokenInExpression" classname="com.lazicode.workflow.expressions.LogicExpressionShortCircuitEnabledTest" time="0.001">
    <system-out><![CDATA[xxxxxxxA B ) AND ( C ORxxxxxxxA B ) AND ( C OR]]></system-out>
    <system-err><![CDATA[Oct 30, 2024 1:10:44 AM com.lazicode.workflow.expressions.LogicExpression <init>
INFO: Initializing LogicExpression with expression: A AND B OR C | Short-Circuit: true
Oct 30, 2024 1:10:44 AM com.lazicode.workflow.expressions.LogicExpression isValid
INFO: Expression is valid.
Oct 30, 2024 1:10:44 AM com.lazicode.workflow.expressions.LogicExpression <init>
INFO: LogicExpression initialized successfully.
Oct 30, 2024 1:10:44 AM com.lazicode.workflow.expressions.LogicExpression <init>
INFO: Initializing LogicExpression with expression: A AND B OR XORR C | Short-Circuit: true
Oct 30, 2024 1:10:44 AM com.lazicode.workflow.expressions.LogicExpression isValid
WARNING: Invalid token detected: XORR
Oct 30, 2024 1:10:44 AM com.lazicode.workflow.expressions.LogicExpression <init>
SEVERE: Invalid logic expression: Invalid token detected: XORR
]]></system-err>
  </testcase>
</testsuite>