<?xml version="1.0" encoding="UTF-8"?>
<testsuite xmlns:xsi="http://www.w3.org/2001/XMLSchema-instance" xsi:noNamespaceSchemaLocation="https://maven.apache.org/surefire/maven-surefire-plugin/xsd/surefire-test-report-3.0.xsd" version="3.0" name="com.lazicode.workflow.expressions.LogicExpressionShortCircuitEnabledTest" time="0.193" tests="17" errors="0" skipped="0" failures="1">
  <properties>
[...]
</properties>
  <testcase name="testShortCircuitAnd" classname="com.lazicode.workflow.expressions.LogicExpressionShortCircuitEnabledTest" time="0.04">
    <system-err><![CDATA[Oct 29, 2024 8:42:13 PM com.lazicode.workflow.expressions.LogicExpression <init>
INFO: Initializing LogicExpression with expression: A AND B OR C and shortCircuit: true
Oct 29, 2024 8:42:13 PM com.lazicode.workflow.expressions.LogicExpression isValid
INFO: Expression is valid.
Oct 29, 2024 8:42:13 PM com.lazicode.workflow.expressions.LogicExpression <init>
INFO: LogicExpression initialized successfully.
Oct 29, 2024 8:42:13 PM com.lazicode.workflow.expressions.LogicExpression setVariable
INFO: Setting variable 'A' to value: true
Oct 29, 2024 8:42:13 PM com.lazicode.workflow.expressions.LogicExpression setVariable
INFO: Setting variable 'B' to value: false
Oct 29, 2024 8:42:13 PM com.lazicode.workflow.expressions.LogicExpression setVariable
INFO: Setting variable 'C' to value: true
Oct 29, 2024 8:42:13 PM com.lazicode.workflow.expressions.LogicExpression <init>
INFO: Initializing LogicExpression with expression: FALSE AND TRUE and shortCircuit: true
Oct 29, 2024 8:42:13 PM com.lazicode.workflow.expressions.LogicExpression isValid
INFO: Expression is valid.
Oct 29, 2024 8:42:13 PM com.lazicode.workflow.expressions.LogicExpression <init>
INFO: LogicExpression initialized successfully.
Oct 29, 2024 8:42:13 PM com.lazicode.workflow.expressions.LogicExpression calculate
INFO: Performing calculation for expression: FALSE AND TRUE
Oct 29, 2024 8:42:13 PM com.lazicode.workflow.expressions.LogicExpression evaluatePostfix
INFO: Final evaluation result: false
Oct 29, 2024 8:42:13 PM com.lazicode.workflow.expressions.LogicExpression calculate
INFO: Calculation successful. Result: false
Oct 29, 2024 8:42:13 PM com.lazicode.workflow.expressions.LogicExpression <init>
INFO: Initializing LogicExpression with expression: A AND B and shortCircuit: true
Oct 29, 2024 8:42:13 PM com.lazicode.workflow.expressions.LogicExpression isValid
INFO: Expression is valid.
Oct 29, 2024 8:42:13 PM com.lazicode.workflow.expressions.LogicExpression <init>
INFO: LogicExpression initialized successfully.
Oct 29, 2024 8:42:13 PM com.lazicode.workflow.expressions.LogicExpression setVariable
INFO: Setting variable 'A' to value: true
Oct 29, 2024 8:42:13 PM com.lazicode.workflow.expressions.LogicExpression setVariable
INFO: Setting variable 'B' to value: false
Oct 29, 2024 8:42:13 PM com.lazicode.workflow.expressions.LogicExpression calculate
INFO: Performing calculation for expression: A AND B
Oct 29, 2024 8:42:13 PM com.lazicode.workflow.expressions.LogicExpression evaluatePostfix
INFO: Final evaluation result: false
Oct 29, 2024 8:42:13 PM com.lazicode.workflow.expressions.LogicExpression calculate
INFO: Calculation successful. Result: false
]]></system-err>
  </testcase>
  <testcase name="testNorOperator" classname="com.lazicode.workflow.expressions.LogicExpressionShortCircuitEnabledTest" time="0.005">
    <system-err><![CDATA[Oct 29, 2024 8:42:13 PM com.lazicode.workflow.expressions.LogicExpression <init>
INFO: Initializing LogicExpression with expression: A AND B OR C and shortCircuit: true
Oct 29, 2024 8:42:13 PM com.lazicode.workflow.expressions.LogicExpression isValid
INFO: Expression is valid.
Oct 29, 2024 8:42:13 PM com.lazicode.workflow.expressions.LogicExpression <init>
INFO: LogicExpression initialized successfully.
Oct 29, 2024 8:42:13 PM com.lazicode.workflow.expressions.LogicExpression setVariable
INFO: Setting variable 'A' to value: true
Oct 29, 2024 8:42:13 PM com.lazicode.workflow.expressions.LogicExpression setVariable
INFO: Setting variable 'B' to value: false
Oct 29, 2024 8:42:13 PM com.lazicode.workflow.expressions.LogicExpression setVariable
INFO: Setting variable 'C' to value: true
Oct 29, 2024 8:42:13 PM com.lazicode.workflow.expressions.LogicExpression <init>
INFO: Initializing LogicExpression with expression: FALSE NOR FALSE and shortCircuit: false
Oct 29, 2024 8:42:13 PM com.lazicode.workflow.expressions.LogicExpression isValid
INFO: Expression is valid.
Oct 29, 2024 8:42:13 PM com.lazicode.workflow.expressions.LogicExpression <init>
INFO: LogicExpression initialized successfully.
Oct 29, 2024 8:42:13 PM com.lazicode.workflow.expressions.LogicExpression calculate
INFO: Performing calculation for expression: FALSE NOR FALSE
Oct 29, 2024 8:42:13 PM com.lazicode.workflow.expressions.LogicExpression evaluatePostfix
INFO: Final evaluation result: true
Oct 29, 2024 8:42:13 PM com.lazicode.workflow.expressions.LogicExpression calculate
INFO: Calculation successful. Result: true
Oct 29, 2024 8:42:13 PM com.lazicode.workflow.expressions.LogicExpression <init>
INFO: Initializing LogicExpression with expression: TRUE NOR FALSE and shortCircuit: false
Oct 29, 2024 8:42:13 PM com.lazicode.workflow.expressions.LogicExpression isValid
INFO: Expression is valid.
Oct 29, 2024 8:42:13 PM com.lazicode.workflow.expressions.LogicExpression <init>
INFO: LogicExpression initialized successfully.
Oct 29, 2024 8:42:13 PM com.lazicode.workflow.expressions.LogicExpression calculate
INFO: Performing calculation for expression: TRUE NOR FALSE
Oct 29, 2024 8:42:13 PM com.lazicode.workflow.expressions.LogicExpression evaluatePostfix
INFO: Final evaluation result: false
Oct 29, 2024 8:42:13 PM com.lazicode.workflow.expressions.LogicExpression calculate
INFO: Calculation successful. Result: false
]]></system-err>
  </testcase>
  <testcase name="testXnorOperator" classname="com.lazicode.workflow.expressions.LogicExpressionShortCircuitEnabledTest" time="0.005">
    <system-err><![CDATA[Oct 29, 2024 8:42:13 PM com.lazicode.workflow.expressions.LogicExpression <init>
INFO: Initializing LogicExpression with expression: A AND B OR C and shortCircuit: true
Oct 29, 2024 8:42:13 PM com.lazicode.workflow.expressions.LogicExpression isValid
INFO: Expression is valid.
Oct 29, 2024 8:42:13 PM com.lazicode.workflow.expressions.LogicExpression <init>
INFO: LogicExpression initialized successfully.
Oct 29, 2024 8:42:13 PM com.lazicode.workflow.expressions.LogicExpression setVariable
INFO: Setting variable 'A' to value: true
Oct 29, 2024 8:42:13 PM com.lazicode.workflow.expressions.LogicExpression setVariable
INFO: Setting variable 'B' to value: false
Oct 29, 2024 8:42:13 PM com.lazicode.workflow.expressions.LogicExpression setVariable
INFO: Setting variable 'C' to value: true
Oct 29, 2024 8:42:13 PM com.lazicode.workflow.expressions.LogicExpression <init>
INFO: Initializing LogicExpression with expression: TRUE XNOR FALSE and shortCircuit: false
Oct 29, 2024 8:42:13 PM com.lazicode.workflow.expressions.LogicExpression isValid
INFO: Expression is valid.
Oct 29, 2024 8:42:13 PM com.lazicode.workflow.expressions.LogicExpression <init>
INFO: LogicExpression initialized successfully.
Oct 29, 2024 8:42:13 PM com.lazicode.workflow.expressions.LogicExpression calculate
INFO: Performing calculation for expression: TRUE XNOR FALSE
Oct 29, 2024 8:42:13 PM com.lazicode.workflow.expressions.LogicExpression evaluatePostfix
INFO: Final evaluation result: false
Oct 29, 2024 8:42:13 PM com.lazicode.workflow.expressions.LogicExpression calculate
INFO: Calculation successful. Result: false
Oct 29, 2024 8:42:13 PM com.lazicode.workflow.expressions.LogicExpression <init>
INFO: Initializing LogicExpression with expression: TRUE XNOR TRUE and shortCircuit: false
Oct 29, 2024 8:42:13 PM com.lazicode.workflow.expressions.LogicExpression isValid
INFO: Expression is valid.
Oct 29, 2024 8:42:13 PM com.lazicode.workflow.expressions.LogicExpression <init>
INFO: LogicExpression initialized successfully.
Oct 29, 2024 8:42:13 PM com.lazicode.workflow.expressions.LogicExpression calculate
INFO: Performing calculation for expression: TRUE XNOR TRUE
Oct 29, 2024 8:42:13 PM com.lazicode.workflow.expressions.LogicExpression evaluatePostfix
INFO: Final evaluation result: true
Oct 29, 2024 8:42:13 PM com.lazicode.workflow.expressions.LogicExpression calculate
INFO: Calculation successful. Result: true
]]></system-err>
  </testcase>
  <testcase name="testNestedExpressionWithParentheses" classname="com.lazicode.workflow.expressions.LogicExpressionShortCircuitEnabledTest" time="0.005">
    <system-err><![CDATA[Oct 29, 2024 8:42:13 PM com.lazicode.workflow.expressions.LogicExpression <init>
INFO: Initializing LogicExpression with expression: A AND B OR C and shortCircuit: true
Oct 29, 2024 8:42:13 PM com.lazicode.workflow.expressions.LogicExpression isValid
INFO: Expression is valid.
Oct 29, 2024 8:42:13 PM com.lazicode.workflow.expressions.LogicExpression <init>
INFO: LogicExpression initialized successfully.
Oct 29, 2024 8:42:13 PM com.lazicode.workflow.expressions.LogicExpression setVariable
INFO: Setting variable 'A' to value: true
Oct 29, 2024 8:42:13 PM com.lazicode.workflow.expressions.LogicExpression setVariable
INFO: Setting variable 'B' to value: false
Oct 29, 2024 8:42:13 PM com.lazicode.workflow.expressions.LogicExpression setVariable
INFO: Setting variable 'C' to value: true
Oct 29, 2024 8:42:13 PM com.lazicode.workflow.expressions.LogicExpression <init>
INFO: Initializing LogicExpression with expression: ( TRUE OR FALSE ) AND ( TRUE AND ( FALSE OR TRUE ) ) and shortCircuit: false
Oct 29, 2024 8:42:13 PM com.lazicode.workflow.expressions.LogicExpression isValid
INFO: Expression is valid.
Oct 29, 2024 8:42:13 PM com.lazicode.workflow.expressions.LogicExpression <init>
INFO: LogicExpression initialized successfully.
Oct 29, 2024 8:42:13 PM com.lazicode.workflow.expressions.LogicExpression calculate
INFO: Performing calculation for expression: ( TRUE OR FALSE ) AND ( TRUE AND ( FALSE OR TRUE ) )
Oct 29, 2024 8:42:13 PM com.lazicode.workflow.expressions.LogicExpression evaluatePostfix
INFO: Final evaluation result: true
Oct 29, 2024 8:42:13 PM com.lazicode.workflow.expressions.LogicExpression calculate
INFO: Calculation successful. Result: true
]]></system-err>
  </testcase>
  <testcase name="testOrOperator" classname="com.lazicode.workflow.expressions.LogicExpressionShortCircuitEnabledTest" time="0.008">
    <system-err><![CDATA[Oct 29, 2024 8:42:13 PM com.lazicode.workflow.expressions.LogicExpression <init>
INFO: Initializing LogicExpression with expression: A AND B OR C and shortCircuit: true
Oct 29, 2024 8:42:13 PM com.lazicode.workflow.expressions.LogicExpression isValid
INFO: Expression is valid.
Oct 29, 2024 8:42:13 PM com.lazicode.workflow.expressions.LogicExpression <init>
INFO: LogicExpression initialized successfully.
Oct 29, 2024 8:42:13 PM com.lazicode.workflow.expressions.LogicExpression setVariable
INFO: Setting variable 'A' to value: true
Oct 29, 2024 8:42:13 PM com.lazicode.workflow.expressions.LogicExpression setVariable
INFO: Setting variable 'B' to value: false
Oct 29, 2024 8:42:13 PM com.lazicode.workflow.expressions.LogicExpression setVariable
INFO: Setting variable 'C' to value: true
Oct 29, 2024 8:42:13 PM com.lazicode.workflow.expressions.LogicExpression <init>
INFO: Initializing LogicExpression with expression: FALSE OR TRUE and shortCircuit: false
Oct 29, 2024 8:42:13 PM com.lazicode.workflow.expressions.LogicExpression isValid
INFO: Expression is valid.
Oct 29, 2024 8:42:13 PM com.lazicode.workflow.expressions.LogicExpression <init>
INFO: LogicExpression initialized successfully.
Oct 29, 2024 8:42:13 PM com.lazicode.workflow.expressions.LogicExpression calculate
INFO: Performing calculation for expression: FALSE OR TRUE
Oct 29, 2024 8:42:13 PM com.lazicode.workflow.expressions.LogicExpression evaluatePostfix
INFO: Final evaluation result: true
Oct 29, 2024 8:42:13 PM com.lazicode.workflow.expressions.LogicExpression calculate
INFO: Calculation successful. Result: true
Oct 29, 2024 8:42:13 PM com.lazicode.workflow.expressions.LogicExpression <init>
INFO: Initializing LogicExpression with expression: FALSE OR FALSE and shortCircuit: false
Oct 29, 2024 8:42:13 PM com.lazicode.workflow.expressions.LogicExpression isValid
INFO: Expression is valid.
Oct 29, 2024 8:42:13 PM com.lazicode.workflow.expressions.LogicExpression <init>
INFO: LogicExpression initialized successfully.
Oct 29, 2024 8:42:13 PM com.lazicode.workflow.expressions.LogicExpression calculate
INFO: Performing calculation for expression: FALSE OR FALSE
Oct 29, 2024 8:42:13 PM com.lazicode.workflow.expressions.LogicExpression evaluatePostfix
INFO: Final evaluation result: false
Oct 29, 2024 8:42:13 PM com.lazicode.workflow.expressions.LogicExpression calculate
INFO: Calculation successful. Result: false
]]></system-err>
  </testcase>
  <testcase name="testNandOperator" classname="com.lazicode.workflow.expressions.LogicExpressionShortCircuitEnabledTest" time="0.004">
    <system-err><![CDATA[Oct 29, 2024 8:42:13 PM com.lazicode.workflow.expressions.LogicExpression <init>
INFO: Initializing LogicExpression with expression: A AND B OR C and shortCircuit: true
Oct 29, 2024 8:42:13 PM com.lazicode.workflow.expressions.LogicExpression isValid
INFO: Expression is valid.
Oct 29, 2024 8:42:13 PM com.lazicode.workflow.expressions.LogicExpression <init>
INFO: LogicExpression initialized successfully.
Oct 29, 2024 8:42:13 PM com.lazicode.workflow.expressions.LogicExpression setVariable
INFO: Setting variable 'A' to value: true
Oct 29, 2024 8:42:13 PM com.lazicode.workflow.expressions.LogicExpression setVariable
INFO: Setting variable 'B' to value: false
Oct 29, 2024 8:42:13 PM com.lazicode.workflow.expressions.LogicExpression setVariable
INFO: Setting variable 'C' to value: true
Oct 29, 2024 8:42:13 PM com.lazicode.workflow.expressions.LogicExpression <init>
INFO: Initializing LogicExpression with expression: TRUE NAND TRUE and shortCircuit: false
Oct 29, 2024 8:42:13 PM com.lazicode.workflow.expressions.LogicExpression isValid
INFO: Expression is valid.
Oct 29, 2024 8:42:13 PM com.lazicode.workflow.expressions.LogicExpression <init>
INFO: LogicExpression initialized successfully.
Oct 29, 2024 8:42:13 PM com.lazicode.workflow.expressions.LogicExpression calculate
INFO: Performing calculation for expression: TRUE NAND TRUE
Oct 29, 2024 8:42:13 PM com.lazicode.workflow.expressions.LogicExpression evaluatePostfix
INFO: Final evaluation result: false
Oct 29, 2024 8:42:13 PM com.lazicode.workflow.expressions.LogicExpression calculate
INFO: Calculation successful. Result: false
Oct 29, 2024 8:42:13 PM com.lazicode.workflow.expressions.LogicExpression <init>
INFO: Initializing LogicExpression with expression: TRUE NAND FALSE and shortCircuit: false
Oct 29, 2024 8:42:13 PM com.lazicode.workflow.expressions.LogicExpression isValid
INFO: Expression is valid.
Oct 29, 2024 8:42:13 PM com.lazicode.workflow.expressions.LogicExpression <init>
INFO: LogicExpression initialized successfully.
Oct 29, 2024 8:42:13 PM com.lazicode.workflow.expressions.LogicExpression calculate
INFO: Performing calculation for expression: TRUE NAND FALSE
Oct 29, 2024 8:42:13 PM com.lazicode.workflow.expressions.LogicExpression evaluatePostfix
INFO: Final evaluation result: true
Oct 29, 2024 8:42:13 PM com.lazicode.workflow.expressions.LogicExpression calculate
INFO: Calculation successful. Result: true
]]></system-err>
  </testcase>
  <testcase name="testComplexNestedExpression" classname="com.lazicode.workflow.expressions.LogicExpressionShortCircuitEnabledTest" time="0.024">
    <system-err><![CDATA[Oct 29, 2024 8:42:13 PM com.lazicode.workflow.expressions.LogicExpression <init>
INFO: Initializing LogicExpression with expression: A AND B OR C and shortCircuit: true
Oct 29, 2024 8:42:13 PM com.lazicode.workflow.expressions.LogicExpression isValid
INFO: Expression is valid.
Oct 29, 2024 8:42:13 PM com.lazicode.workflow.expressions.LogicExpression <init>
INFO: LogicExpression initialized successfully.
Oct 29, 2024 8:42:13 PM com.lazicode.workflow.expressions.LogicExpression setVariable
INFO: Setting variable 'A' to value: true
Oct 29, 2024 8:42:13 PM com.lazicode.workflow.expressions.LogicExpression setVariable
INFO: Setting variable 'B' to value: false
Oct 29, 2024 8:42:13 PM com.lazicode.workflow.expressions.LogicExpression setVariable
INFO: Setting variable 'C' to value: true
Oct 29, 2024 8:42:13 PM com.lazicode.workflow.expressions.LogicExpression <init>
INFO: Initializing LogicExpression with expression: A AND ( B OR ( C AND ( D OR E ) ) ) and shortCircuit: false
Oct 29, 2024 8:42:13 PM com.lazicode.workflow.expressions.LogicExpression isValid
INFO: Expression is valid.
Oct 29, 2024 8:42:13 PM com.lazicode.workflow.expressions.LogicExpression <init>
INFO: LogicExpression initialized successfully.
Oct 29, 2024 8:42:13 PM com.lazicode.workflow.expressions.LogicExpression setVariable
INFO: Setting variable 'A' to value: true
Oct 29, 2024 8:42:13 PM com.lazicode.workflow.expressions.LogicExpression setVariable
INFO: Setting variable 'B' to value: false
Oct 29, 2024 8:42:13 PM com.lazicode.workflow.expressions.LogicExpression setVariable
INFO: Setting variable 'C' to value: true
Oct 29, 2024 8:42:13 PM com.lazicode.workflow.expressions.LogicExpression setVariable
INFO: Setting variable 'D' to value: false
Oct 29, 2024 8:42:13 PM com.lazicode.workflow.expressions.LogicExpression setVariable
INFO: Setting variable 'E' to value: true
Oct 29, 2024 8:42:13 PM com.lazicode.workflow.expressions.LogicExpression calculate
INFO: Performing calculation for expression: A AND ( B OR ( C AND ( D OR E ) ) )
Oct 29, 2024 8:42:13 PM com.lazicode.workflow.expressions.LogicExpression evaluatePostfix
INFO: Final evaluation result: true
Oct 29, 2024 8:42:13 PM com.lazicode.workflow.expressions.LogicExpression calculate
INFO: Calculation successful. Result: true
]]></system-err>
  </testcase>
  <testcase name="testNotOperator" classname="com.lazicode.workflow.expressions.LogicExpressionShortCircuitEnabledTest" time="0.031">
    <system-err><![CDATA[Oct 29, 2024 8:42:13 PM com.lazicode.workflow.expressions.LogicExpression <init>
INFO: Initializing LogicExpression with expression: A AND B OR C and shortCircuit: true
Oct 29, 2024 8:42:13 PM com.lazicode.workflow.expressions.LogicExpression isValid
INFO: Expression is valid.
Oct 29, 2024 8:42:13 PM com.lazicode.workflow.expressions.LogicExpression <init>
INFO: LogicExpression initialized successfully.
Oct 29, 2024 8:42:13 PM com.lazicode.workflow.expressions.LogicExpression setVariable
INFO: Setting variable 'A' to value: true
Oct 29, 2024 8:42:13 PM com.lazicode.workflow.expressions.LogicExpression setVariable
INFO: Setting variable 'B' to value: false
Oct 29, 2024 8:42:13 PM com.lazicode.workflow.expressions.LogicExpression setVariable
INFO: Setting variable 'C' to value: true
Oct 29, 2024 8:42:13 PM com.lazicode.workflow.expressions.LogicExpression <init>
INFO: Initializing LogicExpression with expression: NOT TRUE and shortCircuit: false
Oct 29, 2024 8:42:13 PM com.lazicode.workflow.expressions.LogicExpression isValid
INFO: Expression is valid.
Oct 29, 2024 8:42:13 PM com.lazicode.workflow.expressions.LogicExpression <init>
INFO: LogicExpression initialized successfully.
Oct 29, 2024 8:42:13 PM com.lazicode.workflow.expressions.LogicExpression calculate
INFO: Performing calculation for expression: NOT TRUE
Oct 29, 2024 8:42:13 PM com.lazicode.workflow.expressions.LogicExpression evaluatePostfix
INFO: Final evaluation result: false
Oct 29, 2024 8:42:13 PM com.lazicode.workflow.expressions.LogicExpression calculate
INFO: Calculation successful. Result: false
Oct 29, 2024 8:42:13 PM com.lazicode.workflow.expressions.LogicExpression <init>
INFO: Initializing LogicExpression with expression: NOT FALSE and shortCircuit: false
Oct 29, 2024 8:42:13 PM com.lazicode.workflow.expressions.LogicExpression isValid
INFO: Expression is valid.
Oct 29, 2024 8:42:13 PM com.lazicode.workflow.expressions.LogicExpression <init>
INFO: LogicExpression initialized successfully.
Oct 29, 2024 8:42:13 PM com.lazicode.workflow.expressions.LogicExpression calculate
INFO: Performing calculation for expression: NOT FALSE
Oct 29, 2024 8:42:13 PM com.lazicode.workflow.expressions.LogicExpression evaluatePostfix
INFO: Final evaluation result: true
Oct 29, 2024 8:42:13 PM com.lazicode.workflow.expressions.LogicExpression calculate
INFO: Calculation successful. Result: true
]]></system-err>
  </testcase>
  <testcase name="testCalculateWithVariableValues" classname="com.lazicode.workflow.expressions.LogicExpressionShortCircuitEnabledTest" time="0.009">
    <system-err><![CDATA[Oct 29, 2024 8:42:13 PM com.lazicode.workflow.expressions.LogicExpression <init>
INFO: Initializing LogicExpression with expression: A AND B OR C and shortCircuit: true
Oct 29, 2024 8:42:13 PM com.lazicode.workflow.expressions.LogicExpression isValid
INFO: Expression is valid.
Oct 29, 2024 8:42:13 PM com.lazicode.workflow.expressions.LogicExpression <init>
INFO: LogicExpression initialized successfully.
Oct 29, 2024 8:42:13 PM com.lazicode.workflow.expressions.LogicExpression setVariable
INFO: Setting variable 'A' to value: true
Oct 29, 2024 8:42:13 PM com.lazicode.workflow.expressions.LogicExpression setVariable
INFO: Setting variable 'B' to value: false
Oct 29, 2024 8:42:13 PM com.lazicode.workflow.expressions.LogicExpression setVariable
INFO: Setting variable 'C' to value: true
Oct 29, 2024 8:42:13 PM com.lazicode.workflow.expressions.LogicExpression <init>
INFO: Initializing LogicExpression with expression: A AND B OR C and shortCircuit: false
Oct 29, 2024 8:42:13 PM com.lazicode.workflow.expressions.LogicExpression isValid
INFO: Expression is valid.
Oct 29, 2024 8:42:13 PM com.lazicode.workflow.expressions.LogicExpression <init>
INFO: LogicExpression initialized successfully.
Oct 29, 2024 8:42:13 PM com.lazicode.workflow.expressions.LogicExpression setVariable
INFO: Setting variable 'A' to value: true
Oct 29, 2024 8:42:13 PM com.lazicode.workflow.expressions.LogicExpression setVariable
INFO: Setting variable 'B' to value: false
Oct 29, 2024 8:42:13 PM com.lazicode.workflow.expressions.LogicExpression setVariable
INFO: Setting variable 'C' to value: true
Oct 29, 2024 8:42:13 PM com.lazicode.workflow.expressions.LogicExpression calculate
INFO: Performing calculation for expression: A AND B OR C
Oct 29, 2024 8:42:13 PM com.lazicode.workflow.expressions.LogicExpression evaluatePostfix
INFO: Final evaluation result: true
Oct 29, 2024 8:42:13 PM com.lazicode.workflow.expressions.LogicExpression calculate
INFO: Calculation successful. Result: true
]]></system-err>
  </testcase>
  <testcase name="testCalculateWithDifferentConfigurations" classname="com.lazicode.workflow.expressions.LogicExpressionShortCircuitEnabledTest" time="0.006">
    <system-err><![CDATA[Oct 29, 2024 8:42:13 PM com.lazicode.workflow.expressions.LogicExpression <init>
INFO: Initializing LogicExpression with expression: A AND B OR C and shortCircuit: true
Oct 29, 2024 8:42:13 PM com.lazicode.workflow.expressions.LogicExpression isValid
INFO: Expression is valid.
Oct 29, 2024 8:42:13 PM com.lazicode.workflow.expressions.LogicExpression <init>
INFO: LogicExpression initialized successfully.
Oct 29, 2024 8:42:13 PM com.lazicode.workflow.expressions.LogicExpression setVariable
INFO: Setting variable 'A' to value: true
Oct 29, 2024 8:42:13 PM com.lazicode.workflow.expressions.LogicExpression setVariable
INFO: Setting variable 'B' to value: false
Oct 29, 2024 8:42:13 PM com.lazicode.workflow.expressions.LogicExpression setVariable
INFO: Setting variable 'C' to value: true
Oct 29, 2024 8:42:13 PM com.lazicode.workflow.expressions.LogicExpression <init>
INFO: Initializing LogicExpression with expression: A AND ( B OR C ) and shortCircuit: false
Oct 29, 2024 8:42:13 PM com.lazicode.workflow.expressions.LogicExpression isValid
INFO: Expression is valid.
Oct 29, 2024 8:42:13 PM com.lazicode.workflow.expressions.LogicExpression <init>
INFO: LogicExpression initialized successfully.
Oct 29, 2024 8:42:13 PM com.lazicode.workflow.expressions.LogicExpression setVariable
INFO: Setting variable 'A' to value: true
Oct 29, 2024 8:42:13 PM com.lazicode.workflow.expressions.LogicExpression setVariable
INFO: Setting variable 'B' to value: false
Oct 29, 2024 8:42:13 PM com.lazicode.workflow.expressions.LogicExpression setVariable
INFO: Setting variable 'C' to value: true
Oct 29, 2024 8:42:13 PM com.lazicode.workflow.expressions.LogicExpression calculate
INFO: Performing calculation for expression: A AND ( B OR C )
Oct 29, 2024 8:42:13 PM com.lazicode.workflow.expressions.LogicExpression evaluatePostfix
INFO: Final evaluation result: true
Oct 29, 2024 8:42:13 PM com.lazicode.workflow.expressions.LogicExpression calculate
INFO: Calculation successful. Result: true
Oct 29, 2024 8:42:13 PM com.lazicode.workflow.expressions.LogicExpression setVariable
INFO: Setting variable 'C' to value: false
Oct 29, 2024 8:42:13 PM com.lazicode.workflow.expressions.LogicExpression calculate
INFO: Performing calculation for expression: A AND ( B OR C )
Oct 29, 2024 8:42:13 PM com.lazicode.workflow.expressions.LogicExpression evaluatePostfix
INFO: Final evaluation result: false
Oct 29, 2024 8:42:13 PM com.lazicode.workflow.expressions.LogicExpression calculate
INFO: Calculation successful. Result: false
]]></system-err>
  </testcase>
  <testcase name="testIsInvalidWithUnbalancedParentheses" classname="com.lazicode.workflow.expressions.LogicExpressionShortCircuitEnabledTest" time="0.004">
    <system-err><![CDATA[Oct 29, 2024 8:42:13 PM com.lazicode.workflow.expressions.LogicExpression <init>
INFO: Initializing LogicExpression with expression: A AND B OR C and shortCircuit: true
Oct 29, 2024 8:42:13 PM com.lazicode.workflow.expressions.LogicExpression isValid
INFO: Expression is valid.
Oct 29, 2024 8:42:13 PM com.lazicode.workflow.expressions.LogicExpression <init>
INFO: LogicExpression initialized successfully.
Oct 29, 2024 8:42:13 PM com.lazicode.workflow.expressions.LogicExpression setVariable
INFO: Setting variable 'A' to value: true
Oct 29, 2024 8:42:13 PM com.lazicode.workflow.expressions.LogicExpression setVariable
INFO: Setting variable 'B' to value: false
Oct 29, 2024 8:42:13 PM com.lazicode.workflow.expressions.LogicExpression setVariable
INFO: Setting variable 'C' to value: true
Oct 29, 2024 8:42:13 PM com.lazicode.workflow.expressions.LogicExpression <init>
INFO: Initializing LogicExpression with expression: ( A AND B OR ( C AND D and shortCircuit: false
Oct 29, 2024 8:42:13 PM com.lazicode.workflow.expressions.LogicExpression isValid
WARNING: Mismatched parentheses. Open parentheses count: 2
Oct 29, 2024 8:42:13 PM com.lazicode.workflow.expressions.LogicExpression <init>
SEVERE: Invalid logic expression: ( A AND B OR ( C AND D
]]></system-err>
  </testcase>
  <testcase name="testAndOperator" classname="com.lazicode.workflow.expressions.LogicExpressionShortCircuitEnabledTest" time="0.005">
    <system-err><![CDATA[Oct 29, 2024 8:42:13 PM com.lazicode.workflow.expressions.LogicExpression <init>
INFO: Initializing LogicExpression with expression: A AND B OR C and shortCircuit: true
Oct 29, 2024 8:42:13 PM com.lazicode.workflow.expressions.LogicExpression isValid
INFO: Expression is valid.
Oct 29, 2024 8:42:13 PM com.lazicode.workflow.expressions.LogicExpression <init>
INFO: LogicExpression initialized successfully.
Oct 29, 2024 8:42:13 PM com.lazicode.workflow.expressions.LogicExpression setVariable
INFO: Setting variable 'A' to value: true
Oct 29, 2024 8:42:13 PM com.lazicode.workflow.expressions.LogicExpression setVariable
INFO: Setting variable 'B' to value: false
Oct 29, 2024 8:42:13 PM com.lazicode.workflow.expressions.LogicExpression setVariable
INFO: Setting variable 'C' to value: true
Oct 29, 2024 8:42:13 PM com.lazicode.workflow.expressions.LogicExpression <init>
INFO: Initializing LogicExpression with expression: TRUE AND TRUE and shortCircuit: false
Oct 29, 2024 8:42:13 PM com.lazicode.workflow.expressions.LogicExpression isValid
INFO: Expression is valid.
Oct 29, 2024 8:42:13 PM com.lazicode.workflow.expressions.LogicExpression <init>
INFO: LogicExpression initialized successfully.
Oct 29, 2024 8:42:13 PM com.lazicode.workflow.expressions.LogicExpression calculate
INFO: Performing calculation for expression: TRUE AND TRUE
Oct 29, 2024 8:42:13 PM com.lazicode.workflow.expressions.LogicExpression evaluatePostfix
INFO: Final evaluation result: true
Oct 29, 2024 8:42:13 PM com.lazicode.workflow.expressions.LogicExpression calculate
INFO: Calculation successful. Result: true
Oct 29, 2024 8:42:13 PM com.lazicode.workflow.expressions.LogicExpression <init>
INFO: Initializing LogicExpression with expression: TRUE AND FALSE and shortCircuit: false
Oct 29, 2024 8:42:13 PM com.lazicode.workflow.expressions.LogicExpression isValid
INFO: Expression is valid.
Oct 29, 2024 8:42:13 PM com.lazicode.workflow.expressions.LogicExpression <init>
INFO: LogicExpression initialized successfully.
Oct 29, 2024 8:42:13 PM com.lazicode.workflow.expressions.LogicExpression calculate
INFO: Performing calculation for expression: TRUE AND FALSE
Oct 29, 2024 8:42:13 PM com.lazicode.workflow.expressions.LogicExpression evaluatePostfix
INFO: Final evaluation result: false
Oct 29, 2024 8:42:13 PM com.lazicode.workflow.expressions.LogicExpression calculate
INFO: Calculation successful. Result: false
]]></system-err>
  </testcase>
  <testcase name="testShortCircuitOr" classname="com.lazicode.workflow.expressions.LogicExpressionShortCircuitEnabledTest" time="0.002">
    <system-err><![CDATA[Oct 29, 2024 8:42:13 PM com.lazicode.workflow.expressions.LogicExpression <init>
INFO: Initializing LogicExpression with expression: A AND B OR C and shortCircuit: true
Oct 29, 2024 8:42:13 PM com.lazicode.workflow.expressions.LogicExpression isValid
INFO: Expression is valid.
Oct 29, 2024 8:42:13 PM com.lazicode.workflow.expressions.LogicExpression <init>
INFO: LogicExpression initialized successfully.
Oct 29, 2024 8:42:13 PM com.lazicode.workflow.expressions.LogicExpression setVariable
INFO: Setting variable 'A' to value: true
Oct 29, 2024 8:42:13 PM com.lazicode.workflow.expressions.LogicExpression setVariable
INFO: Setting variable 'B' to value: false
Oct 29, 2024 8:42:13 PM com.lazicode.workflow.expressions.LogicExpression setVariable
INFO: Setting variable 'C' to value: true
Oct 29, 2024 8:42:13 PM com.lazicode.workflow.expressions.LogicExpression <init>
INFO: Initializing LogicExpression with expression: TRUE OR FALSE and shortCircuit: true
Oct 29, 2024 8:42:13 PM com.lazicode.workflow.expressions.LogicExpression isValid
INFO: Expression is valid.
Oct 29, 2024 8:42:13 PM com.lazicode.workflow.expressions.LogicExpression <init>
INFO: LogicExpression initialized successfully.
Oct 29, 2024 8:42:13 PM com.lazicode.workflow.expressions.LogicExpression calculate
INFO: Performing calculation for expression: TRUE OR FALSE
Oct 29, 2024 8:42:13 PM com.lazicode.workflow.expressions.LogicExpression evaluatePostfix
INFO: Final evaluation result: true
Oct 29, 2024 8:42:13 PM com.lazicode.workflow.expressions.LogicExpression calculate
INFO: Calculation successful. Result: true
Oct 29, 2024 8:42:13 PM com.lazicode.workflow.expressions.LogicExpression <init>
INFO: Initializing LogicExpression with expression: A OR B and shortCircuit: true
Oct 29, 2024 8:42:13 PM com.lazicode.workflow.expressions.LogicExpression isValid
INFO: Expression is valid.
Oct 29, 2024 8:42:13 PM com.lazicode.workflow.expressions.LogicExpression <init>
INFO: LogicExpression initialized successfully.
Oct 29, 2024 8:42:13 PM com.lazicode.workflow.expressions.LogicExpression setVariable
INFO: Setting variable 'A' to value: true
Oct 29, 2024 8:42:13 PM com.lazicode.workflow.expressions.LogicExpression setVariable
INFO: Setting variable 'B' to value: false
Oct 29, 2024 8:42:13 PM com.lazicode.workflow.expressions.LogicExpression calculate
INFO: Performing calculation for expression: A OR B
Oct 29, 2024 8:42:13 PM com.lazicode.workflow.expressions.LogicExpression evaluatePostfix
INFO: Final evaluation result: true
Oct 29, 2024 8:42:13 PM com.lazicode.workflow.expressions.LogicExpression calculate
INFO: Calculation successful. Result: true
]]></system-err>
  </testcase>
  <testcase name="testSimpleTrueFalseEvaluation" classname="com.lazicode.workflow.expressions.LogicExpressionShortCircuitEnabledTest" time="0.004">
    <system-err><![CDATA[Oct 29, 2024 8:42:13 PM com.lazicode.workflow.expressions.LogicExpression <init>
INFO: Initializing LogicExpression with expression: A AND B OR C and shortCircuit: true
Oct 29, 2024 8:42:13 PM com.lazicode.workflow.expressions.LogicExpression isValid
INFO: Expression is valid.
Oct 29, 2024 8:42:13 PM com.lazicode.workflow.expressions.LogicExpression <init>
INFO: LogicExpression initialized successfully.
Oct 29, 2024 8:42:13 PM com.lazicode.workflow.expressions.LogicExpression setVariable
INFO: Setting variable 'A' to value: true
Oct 29, 2024 8:42:13 PM com.lazicode.workflow.expressions.LogicExpression setVariable
INFO: Setting variable 'B' to value: false
Oct 29, 2024 8:42:13 PM com.lazicode.workflow.expressions.LogicExpression setVariable
INFO: Setting variable 'C' to value: true
Oct 29, 2024 8:42:13 PM com.lazicode.workflow.expressions.LogicExpression <init>
INFO: Initializing LogicExpression with expression: TRUE AND FALSE and shortCircuit: false
Oct 29, 2024 8:42:13 PM com.lazicode.workflow.expressions.LogicExpression isValid
INFO: Expression is valid.
Oct 29, 2024 8:42:13 PM com.lazicode.workflow.expressions.LogicExpression <init>
INFO: LogicExpression initialized successfully.
Oct 29, 2024 8:42:13 PM com.lazicode.workflow.expressions.LogicExpression calculate
INFO: Performing calculation for expression: TRUE AND FALSE
Oct 29, 2024 8:42:13 PM com.lazicode.workflow.expressions.LogicExpression evaluatePostfix
INFO: Final evaluation result: false
Oct 29, 2024 8:42:13 PM com.lazicode.workflow.expressions.LogicExpression calculate
INFO: Calculation successful. Result: false
Oct 29, 2024 8:42:13 PM com.lazicode.workflow.expressions.LogicExpression <init>
INFO: Initializing LogicExpression with expression: TRUE OR FALSE and shortCircuit: false
Oct 29, 2024 8:42:13 PM com.lazicode.workflow.expressions.LogicExpression isValid
INFO: Expression is valid.
Oct 29, 2024 8:42:13 PM com.lazicode.workflow.expressions.LogicExpression <init>
INFO: LogicExpression initialized successfully.
Oct 29, 2024 8:42:13 PM com.lazicode.workflow.expressions.LogicExpression calculate
INFO: Performing calculation for expression: TRUE OR FALSE
Oct 29, 2024 8:42:13 PM com.lazicode.workflow.expressions.LogicExpression evaluatePostfix
INFO: Final evaluation result: true
Oct 29, 2024 8:42:13 PM com.lazicode.workflow.expressions.LogicExpression calculate
INFO: Calculation successful. Result: true
]]></system-err>
  </testcase>
  <testcase name="testInvalidExpression" classname="com.lazicode.workflow.expressions.LogicExpressionShortCircuitEnabledTest" time="0.003">
    <system-err><![CDATA[Oct 29, 2024 8:42:13 PM com.lazicode.workflow.expressions.LogicExpression <init>
INFO: Initializing LogicExpression with expression: A AND B OR C and shortCircuit: true
Oct 29, 2024 8:42:13 PM com.lazicode.workflow.expressions.LogicExpression isValid
INFO: Expression is valid.
Oct 29, 2024 8:42:13 PM com.lazicode.workflow.expressions.LogicExpression <init>
INFO: LogicExpression initialized successfully.
Oct 29, 2024 8:42:13 PM com.lazicode.workflow.expressions.LogicExpression setVariable
INFO: Setting variable 'A' to value: true
Oct 29, 2024 8:42:13 PM com.lazicode.workflow.expressions.LogicExpression setVariable
INFO: Setting variable 'B' to value: false
Oct 29, 2024 8:42:13 PM com.lazicode.workflow.expressions.LogicExpression setVariable
INFO: Setting variable 'C' to value: true
Oct 29, 2024 8:42:13 PM com.lazicode.workflow.expressions.LogicExpression <init>
INFO: Initializing LogicExpression with expression: A AND OR and shortCircuit: false
Oct 29, 2024 8:42:13 PM com.lazicode.workflow.expressions.LogicExpression isValid
WARNING: Invalid operator placement: OR after AND
Oct 29, 2024 8:42:13 PM com.lazicode.workflow.expressions.LogicExpression <init>
SEVERE: Invalid logic expression: A AND OR
]]></system-err>
  </testcase>
  <testcase name="testXorOperator" classname="com.lazicode.workflow.expressions.LogicExpressionShortCircuitEnabledTest" time="0.003">
    <system-err><![CDATA[Oct 29, 2024 8:42:13 PM com.lazicode.workflow.expressions.LogicExpression <init>
INFO: Initializing LogicExpression with expression: A AND B OR C and shortCircuit: true
Oct 29, 2024 8:42:13 PM com.lazicode.workflow.expressions.LogicExpression isValid
INFO: Expression is valid.
Oct 29, 2024 8:42:13 PM com.lazicode.workflow.expressions.LogicExpression <init>
INFO: LogicExpression initialized successfully.
Oct 29, 2024 8:42:13 PM com.lazicode.workflow.expressions.LogicExpression setVariable
INFO: Setting variable 'A' to value: true
Oct 29, 2024 8:42:13 PM com.lazicode.workflow.expressions.LogicExpression setVariable
INFO: Setting variable 'B' to value: false
Oct 29, 2024 8:42:13 PM com.lazicode.workflow.expressions.LogicExpression setVariable
INFO: Setting variable 'C' to value: true
Oct 29, 2024 8:42:13 PM com.lazicode.workflow.expressions.LogicExpression <init>
INFO: Initializing LogicExpression with expression: TRUE XOR FALSE and shortCircuit: false
Oct 29, 2024 8:42:13 PM com.lazicode.workflow.expressions.LogicExpression isValid
INFO: Expression is valid.
Oct 29, 2024 8:42:13 PM com.lazicode.workflow.expressions.LogicExpression <init>
INFO: LogicExpression initialized successfully.
Oct 29, 2024 8:42:13 PM com.lazicode.workflow.expressions.LogicExpression calculate
INFO: Performing calculation for expression: TRUE XOR FALSE
Oct 29, 2024 8:42:13 PM com.lazicode.workflow.expressions.LogicExpression evaluatePostfix
INFO: Final evaluation result: true
Oct 29, 2024 8:42:13 PM com.lazicode.workflow.expressions.LogicExpression calculate
INFO: Calculation successful. Result: true
Oct 29, 2024 8:42:13 PM com.lazicode.workflow.expressions.LogicExpression <init>
INFO: Initializing LogicExpression with expression: TRUE XOR TRUE and shortCircuit: false
Oct 29, 2024 8:42:13 PM com.lazicode.workflow.expressions.LogicExpression isValid
INFO: Expression is valid.
Oct 29, 2024 8:42:13 PM com.lazicode.workflow.expressions.LogicExpression <init>
INFO: LogicExpression initialized successfully.
Oct 29, 2024 8:42:13 PM com.lazicode.workflow.expressions.LogicExpression calculate
INFO: Performing calculation for expression: TRUE XOR TRUE
Oct 29, 2024 8:42:13 PM com.lazicode.workflow.expressions.LogicExpression evaluatePostfix
INFO: Final evaluation result: false
Oct 29, 2024 8:42:13 PM com.lazicode.workflow.expressions.LogicExpression calculate
INFO: Calculation successful. Result: false
]]></system-err>
  </testcase>
  <testcase name="testInvalidTokenInExpression" classname="com.lazicode.workflow.expressions.LogicExpressionShortCircuitEnabledTest" time="0.004">
    <failure message="expected: &lt;Invalid token detected: XORR&gt; but was: &lt;Invalid logic expression provided.&gt;" type="org.opentest4j.AssertionFailedError"><![CDATA[org.opentest4j.AssertionFailedError: expected: <Invalid token detected: XORR> but was: <Invalid logic expression provided.>
	at org.junit.jupiter.api.AssertionFailureBuilder.build(AssertionFailureBuilder.java:151)
	at org.junit.jupiter.api.AssertionFailureBuilder.buildAndThrow(AssertionFailureBuilder.java:132)
	at org.junit.jupiter.api.AssertEquals.failNotEqual(AssertEquals.java:197)
	at org.junit.jupiter.api.AssertEquals.assertEquals(AssertEquals.java:182)
	at org.junit.jupiter.api.AssertEquals.assertEquals(AssertEquals.java:177)
	at org.junit.jupiter.api.Assertions.assertEquals(Assertions.java:1142)
	at com.lazicode.workflow.expressions.LogicExpressionShortCircuitEnabledTest.testInvalidTokenInExpression(LogicExpressionShortCircuitEnabledTest.java:145)
	at java.base/jdk.internal.reflect.NativeMethodAccessorImpl.invoke0(Native Method)
	at java.base/jdk.internal.reflect.NativeMethodAccessorImpl.invoke(NativeMethodAccessorImpl.java:77)
	at java.base/jdk.internal.reflect.DelegatingMethodAccessorImpl.invoke(DelegatingMethodAccessorImpl.java:43)
	at java.base/java.lang.reflect.Method.invoke(Method.java:569)
	at org.junit.platform.commons.util.ReflectionUtils.invokeMethod(ReflectionUtils.java:727)
	at org.junit.jupiter.engine.execution.MethodInvocation.proceed(MethodInvocation.java:60)
	at org.junit.jupiter.engine.execution.InvocationInterceptorChain$ValidatingInvocation.proceed(InvocationInterceptorChain.java:131)
	at org.junit.jupiter.engine.extension.TimeoutExtension.intercept(TimeoutExtension.java:156)
	at org.junit.jupiter.engine.extension.TimeoutExtension.interceptTestableMethod(TimeoutExtension.java:147)
	at org.junit.jupiter.engine.extension.TimeoutExtension.interceptTestMethod(TimeoutExtension.java:86)
	at org.junit.jupiter.engine.execution.InterceptingExecutableInvoker$ReflectiveInterceptorCall.lambda$ofVoidMethod$0(InterceptingExecutableInvoker.java:103)
	at org.junit.jupiter.engine.execution.InterceptingExecutableInvoker.lambda$invoke$0(InterceptingExecutableInvoker.java:93)
	at org.junit.jupiter.engine.execution.InvocationInterceptorChain$InterceptedInvocation.proceed(InvocationInterceptorChain.java:106)
	at org.junit.jupiter.engine.execution.InvocationInterceptorChain.proceed(InvocationInterceptorChain.java:64)
	at org.junit.jupiter.engine.execution.InvocationInterceptorChain.chainAndInvoke(InvocationInterceptorChain.java:45)
	at org.junit.jupiter.engine.execution.InvocationInterceptorChain.invoke(InvocationInterceptorChain.java:37)
	at org.junit.jupiter.engine.execution.InterceptingExecutableInvoker.invoke(InterceptingExecutableInvoker.java:92)
	at org.junit.jupiter.engine.execution.InterceptingExecutableInvoker.invoke(InterceptingExecutableInvoker.java:86)
	at org.junit.jupiter.engine.descriptor.TestMethodTestDescriptor.lambda$invokeTestMethod$7(TestMethodTestDescriptor.java:217)
	at org.junit.platform.engine.support.hierarchical.ThrowableCollector.execute(ThrowableCollector.java:73)
	at org.junit.jupiter.engine.descriptor.TestMethodTestDescriptor.invokeTestMethod(TestMethodTestDescriptor.java:213)
	at org.junit.jupiter.engine.descriptor.TestMethodTestDescriptor.execute(TestMethodTestDescriptor.java:138)
	at org.junit.jupiter.engine.descriptor.TestMethodTestDescriptor.execute(TestMethodTestDescriptor.java:68)
	at org.junit.platform.engine.support.hierarchical.NodeTestTask.lambda$executeRecursively$6(NodeTestTask.java:151)
	at org.junit.platform.engine.support.hierarchical.ThrowableCollector.execute(ThrowableCollector.java:73)
	at org.junit.platform.engine.support.hierarchical.NodeTestTask.lambda$executeRecursively$8(NodeTestTask.java:141)
	at org.junit.platform.engine.support.hierarchical.Node.around(Node.java:137)
	at org.junit.platform.engine.support.hierarchical.NodeTestTask.lambda$executeRecursively$9(NodeTestTask.java:139)
	at org.junit.platform.engine.support.hierarchical.ThrowableCollector.execute(ThrowableCollector.java:73)
	at org.junit.platform.engine.support.hierarchical.NodeTestTask.executeRecursively(NodeTestTask.java:138)
	at org.junit.platform.engine.support.hierarchical.NodeTestTask.execute(NodeTestTask.java:95)
	at java.base/java.util.ArrayList.forEach(ArrayList.java:1511)
	at org.junit.platform.engine.support.hierarchical.SameThreadHierarchicalTestExecutorService.invokeAll(SameThreadHierarchicalTestExecutorService.java:41)
	at org.junit.platform.engine.support.hierarchical.NodeTestTask.lambda$executeRecursively$6(NodeTestTask.java:155)
	at org.junit.platform.engine.support.hierarchical.ThrowableCollector.execute(ThrowableCollector.java:73)
	at org.junit.platform.engine.support.hierarchical.NodeTestTask.lambda$executeRecursively$8(NodeTestTask.java:141)
	at org.junit.platform.engine.support.hierarchical.Node.around(Node.java:137)
	at org.junit.platform.engine.support.hierarchical.NodeTestTask.lambda$executeRecursively$9(NodeTestTask.java:139)
	at org.junit.platform.engine.support.hierarchical.ThrowableCollector.execute(ThrowableCollector.java:73)
	at org.junit.platform.engine.support.hierarchical.NodeTestTask.executeRecursively(NodeTestTask.java:138)
	at org.junit.platform.engine.support.hierarchical.NodeTestTask.execute(NodeTestTask.java:95)
	at java.base/java.util.ArrayList.forEach(ArrayList.java:1511)
	at org.junit.platform.engine.support.hierarchical.SameThreadHierarchicalTestExecutorService.invokeAll(SameThreadHierarchicalTestExecutorService.java:41)
	at org.junit.platform.engine.support.hierarchical.NodeTestTask.lambda$executeRecursively$6(NodeTestTask.java:155)
	at org.junit.platform.engine.support.hierarchical.ThrowableCollector.execute(ThrowableCollector.java:73)
	at org.junit.platform.engine.support.hierarchical.NodeTestTask.lambda$executeRecursively$8(NodeTestTask.java:141)
	at org.junit.platform.engine.support.hierarchical.Node.around(Node.java:137)
	at org.junit.platform.engine.support.hierarchical.NodeTestTask.lambda$executeRecursively$9(NodeTestTask.java:139)
	at org.junit.platform.engine.support.hierarchical.ThrowableCollector.execute(ThrowableCollector.java:73)
	at org.junit.platform.engine.support.hierarchical.NodeTestTask.executeRecursively(NodeTestTask.java:138)
	at org.junit.platform.engine.support.hierarchical.NodeTestTask.execute(NodeTestTask.java:95)
	at org.junit.platform.engine.support.hierarchical.SameThreadHierarchicalTestExecutorService.submit(SameThreadHierarchicalTestExecutorService.java:35)
	at org.junit.platform.engine.support.hierarchical.HierarchicalTestExecutor.execute(HierarchicalTestExecutor.java:57)
	at org.junit.platform.engine.support.hierarchical.HierarchicalTestEngine.execute(HierarchicalTestEngine.java:54)
	at org.junit.platform.launcher.core.EngineExecutionOrchestrator.execute(EngineExecutionOrchestrator.java:147)
	at org.junit.platform.launcher.core.EngineExecutionOrchestrator.execute(EngineExecutionOrchestrator.java:127)
	at org.junit.platform.launcher.core.EngineExecutionOrchestrator.execute(EngineExecutionOrchestrator.java:90)
	at org.junit.platform.launcher.core.EngineExecutionOrchestrator.lambda$execute$0(EngineExecutionOrchestrator.java:55)
	at org.junit.platform.launcher.core.EngineExecutionOrchestrator.withInterceptedStreams(EngineExecutionOrchestrator.java:102)
	at org.junit.platform.launcher.core.EngineExecutionOrchestrator.execute(EngineExecutionOrchestrator.java:54)
	at org.junit.platform.launcher.core.DefaultLauncher.execute(DefaultLauncher.java:114)
	at org.junit.platform.launcher.core.DefaultLauncher.execute(DefaultLauncher.java:86)
	at org.junit.platform.launcher.core.DefaultLauncherSession$DelegatingLauncher.execute(DefaultLauncherSession.java:86)
	at org.apache.maven.surefire.junitplatform.LazyLauncher.execute(LazyLauncher.java:55)
	at org.apache.maven.surefire.junitplatform.JUnitPlatformProvider.execute(JUnitPlatformProvider.java:223)
	at org.apache.maven.surefire.junitplatform.JUnitPlatformProvider.invokeAllTests(JUnitPlatformProvider.java:175)
	at org.apache.maven.surefire.junitplatform.JUnitPlatformProvider.invoke(JUnitPlatformProvider.java:139)
	at org.apache.maven.surefire.booter.ForkedBooter.runSuitesInProcess(ForkedBooter.java:456)
	at org.apache.maven.surefire.booter.ForkedBooter.execute(ForkedBooter.java:169)
	at org.apache.maven.surefire.booter.ForkedBooter.run(ForkedBooter.java:595)
	at org.apache.maven.surefire.booter.ForkedBooter.main(ForkedBooter.java:581)
]]></failure>
    <system-err><![CDATA[Oct 29, 2024 8:42:13 PM com.lazicode.workflow.expressions.LogicExpression <init>
INFO: Initializing LogicExpression with expression: A AND B OR C and shortCircuit: true
Oct 29, 2024 8:42:13 PM com.lazicode.workflow.expressions.LogicExpression isValid
INFO: Expression is valid.
Oct 29, 2024 8:42:13 PM com.lazicode.workflow.expressions.LogicExpression <init>
INFO: LogicExpression initialized successfully.
Oct 29, 2024 8:42:13 PM com.lazicode.workflow.expressions.LogicExpression setVariable
INFO: Setting variable 'A' to value: true
Oct 29, 2024 8:42:13 PM com.lazicode.workflow.expressions.LogicExpression setVariable
INFO: Setting variable 'B' to value: false
Oct 29, 2024 8:42:13 PM com.lazicode.workflow.expressions.LogicExpression setVariable
INFO: Setting variable 'C' to value: true
Oct 29, 2024 8:42:13 PM com.lazicode.workflow.expressions.LogicExpression <init>
INFO: Initializing LogicExpression with expression: A AND B OR XORR C and shortCircuit: true
Oct 29, 2024 8:42:13 PM com.lazicode.workflow.expressions.LogicExpression isValid
WARNING: Invalid token detected: XORR
Oct 29, 2024 8:42:13 PM com.lazicode.workflow.expressions.LogicExpression <init>
SEVERE: Invalid logic expression: A AND B OR XORR C
]]></system-err>
  </testcase>
</testsuite>